Dataset information
-- Columns ['image', 'label']
-- Shape (75000, 2)
-- Label ClassLabel(names=['Arborio', 'Basmati', 'Ipsala', 'Jasmine', 'Karacadag'], id=None)
-- Image Image(mode=None, decode=True, id=None)
Train dataset (67500, 2)
Val dataset (7500, 2)
First image
-- image label tensor(4)
-- image shape torch.Size([3, 250, 250])
Running on device: mps
Number of parameters 87054575
EPOCH: 1/1 | BATCH: 1/1054 | BATCH LOSS: 1.6122 | BATCH ACCURACY: 0.1719
EPOCH: 1/1 | BATCH: 2/1054 | BATCH LOSS: 14.2116 | BATCH ACCURACY: 0.2500
EPOCH: 1/1 | BATCH: 3/1054 | BATCH LOSS: 2.4154 | BATCH ACCURACY: 0.2812
EPOCH: 1/1 | BATCH: 4/1054 | BATCH LOSS: 2.1510 | BATCH ACCURACY: 0.4062
EPOCH: 1/1 | BATCH: 5/1054 | BATCH LOSS: 1.8933 | BATCH ACCURACY: 0.3750
EPOCH: 1/1 | BATCH: 6/1054 | BATCH LOSS: 1.6895 | BATCH ACCURACY: 0.2188
EPOCH: 1/1 | BATCH: 7/1054 | BATCH LOSS: 1.5820 | BATCH ACCURACY: 0.3438
EPOCH: 1/1 | BATCH: 8/1054 | BATCH LOSS: 1.3398 | BATCH ACCURACY: 0.6719
EPOCH: 1/1 | BATCH: 9/1054 | BATCH LOSS: 1.3527 | BATCH ACCURACY: 0.5000
EPOCH: 1/1 | BATCH: 10/1054 | BATCH LOSS: 1.1570 | BATCH ACCURACY: 0.6094
EPOCH: 1/1 | BATCH: 11/1054 | BATCH LOSS: 1.1979 | BATCH ACCURACY: 0.5625
EPOCH: 1/1 | BATCH: 12/1054 | BATCH LOSS: 1.1020 | BATCH ACCURACY: 0.4531
EPOCH: 1/1 | BATCH: 13/1054 | BATCH LOSS: 1.0402 | BATCH ACCURACY: 0.5469
EPOCH: 1/1 | BATCH: 14/1054 | BATCH LOSS: 0.8159 | BATCH ACCURACY: 0.7969
EPOCH: 1/1 | BATCH: 15/1054 | BATCH LOSS: 0.7677 | BATCH ACCURACY: 0.8906
EPOCH: 1/1 | BATCH: 16/1054 | BATCH LOSS: 0.6953 | BATCH ACCURACY: 0.7969
EPOCH: 1/1 | BATCH: 17/1054 | BATCH LOSS: 0.6738 | BATCH ACCURACY: 0.8125
EPOCH: 1/1 | BATCH: 18/1054 | BATCH LOSS: 0.6505 | BATCH ACCURACY: 0.8281
EPOCH: 1/1 | BATCH: 19/1054 | BATCH LOSS: 0.6328 | BATCH ACCURACY: 0.7344
EPOCH: 1/1 | BATCH: 20/1054 | BATCH LOSS: 0.6137 | BATCH ACCURACY: 0.8906
EPOCH: 1/1 | BATCH: 21/1054 | BATCH LOSS: 0.6793 | BATCH ACCURACY: 0.7969
EPOCH: 1/1 | BATCH: 22/1054 | BATCH LOSS: 0.5265 | BATCH ACCURACY: 0.7812
EPOCH: 1/1 | BATCH: 23/1054 | BATCH LOSS: 0.6461 | BATCH ACCURACY: 0.7500
EPOCH: 1/1 | BATCH: 24/1054 | BATCH LOSS: 0.2686 | BATCH ACCURACY: 0.9375
EPOCH: 1/1 | BATCH: 25/1054 | BATCH LOSS: 0.3722 | BATCH ACCURACY: 0.8750
EPOCH: 1/1 | BATCH: 26/1054 | BATCH LOSS: 0.4206 | BATCH ACCURACY: 0.8594
EPOCH: 1/1 | BATCH: 27/1054 | BATCH LOSS: 0.2186 | BATCH ACCURACY: 0.9531
EPOCH: 1/1 | BATCH: 28/1054 | BATCH LOSS: 0.5228 | BATCH ACCURACY: 0.8125
EPOCH: 1/1 | BATCH: 29/1054 | BATCH LOSS: 0.3191 | BATCH ACCURACY: 0.8906
EPOCH: 1/1 | BATCH: 30/1054 | BATCH LOSS: 0.2670 | BATCH ACCURACY: 0.9062
EPOCH: 1/1 | BATCH: 31/1054 | BATCH LOSS: 0.2458 | BATCH ACCURACY: 0.9219
EPOCH: 1/1 | BATCH: 32/1054 | BATCH LOSS: 0.2983 | BATCH ACCURACY: 0.8750
EPOCH: 1/1 | BATCH: 33/1054 | BATCH LOSS: 0.2707 | BATCH ACCURACY: 0.9219
EPOCH: 1/1 | BATCH: 34/1054 | BATCH LOSS: 0.1886 | BATCH ACCURACY: 0.9375
EPOCH: 1/1 | BATCH: 35/1054 | BATCH LOSS: 0.1798 | BATCH ACCURACY: 0.9375
EPOCH: 1/1 | BATCH: 36/1054 | BATCH LOSS: 0.4386 | BATCH ACCURACY: 0.8438
EPOCH: 1/1 | BATCH: 37/1054 | BATCH LOSS: 0.1566 | BATCH ACCURACY: 0.9531
EPOCH: 1/1 | BATCH: 38/1054 | BATCH LOSS: 0.2134 | BATCH ACCURACY: 0.9219
EPOCH: 1/1 | BATCH: 39/1054 | BATCH LOSS: 0.3488 | BATCH ACCURACY: 0.8594
EPOCH: 1/1 | BATCH: 40/1054 | BATCH LOSS: 0.2071 | BATCH ACCURACY: 0.9219
EPOCH: 1/1 | BATCH: 41/1054 | BATCH LOSS: 0.3291 | BATCH ACCURACY: 0.8281
EPOCH: 1/1 | BATCH: 42/1054 | BATCH LOSS: 0.4186 | BATCH ACCURACY: 0.8281
EPOCH: 1/1 | BATCH: 43/1054 | BATCH LOSS: 0.1826 | BATCH ACCURACY: 0.9219
EPOCH: 1/1 | BATCH: 44/1054 | BATCH LOSS: 0.3236 | BATCH ACCURACY: 0.8906
EPOCH: 1/1 | BATCH: 45/1054 | BATCH LOSS: 0.4168 | BATCH ACCURACY: 0.8750
EPOCH: 1/1 | BATCH: 46/1054 | BATCH LOSS: 0.3820 | BATCH ACCURACY: 0.8594
EPOCH: 1/1 | BATCH: 47/1054 | BATCH LOSS: 0.3078 | BATCH ACCURACY: 0.8750
EPOCH: 1/1 | BATCH: 48/1054 | BATCH LOSS: 0.4410 | BATCH ACCURACY: 0.8594
EPOCH: 1/1 | BATCH: 49/1054 | BATCH LOSS: 0.1422 | BATCH ACCURACY: 0.9531
EPOCH: 1/1 | BATCH: 50/1054 | BATCH LOSS: 0.2137 | BATCH ACCURACY: 0.9219
EPOCH: 1/1 | BATCH: 51/1054 | BATCH LOSS: 0.3838 | BATCH ACCURACY: 0.8594
EPOCH: 1/1 | BATCH: 52/1054 | BATCH LOSS: 0.2304 | BATCH ACCURACY: 0.8906
EPOCH: 1/1 | BATCH: 53/1054 | BATCH LOSS: 0.1468 | BATCH ACCURACY: 0.9375
EPOCH: 1/1 | BATCH: 54/1054 | BATCH LOSS: 0.4510 | BATCH ACCURACY: 0.7812
EPOCH: 1/1 | BATCH: 55/1054 | BATCH LOSS: 0.2618 | BATCH ACCURACY: 0.8906
EPOCH: 1/1 | BATCH: 56/1054 | BATCH LOSS: 0.2159 | BATCH ACCURACY: 0.9531
EPOCH: 1/1 | BATCH: 57/1054 | BATCH LOSS: 0.1052 | BATCH ACCURACY: 0.9844
EPOCH: 1/1 | BATCH: 58/1054 | BATCH LOSS: 0.1742 | BATCH ACCURACY: 0.9688
EPOCH: 1/1 | BATCH: 59/1054 | BATCH LOSS: 0.1493 | BATCH ACCURACY: 0.9688
EPOCH: 1/1 | BATCH: 60/1054 | BATCH LOSS: 0.1171 | BATCH ACCURACY: 0.9688
EPOCH: 1/1 | BATCH: 61/1054 | BATCH LOSS: 0.2001 | BATCH ACCURACY: 0.9375
EPOCH: 1/1 | BATCH: 62/1054 | BATCH LOSS: 0.0758 | BATCH ACCURACY: 0.9844
EPOCH: 1/1 | BATCH: 63/1054 | BATCH LOSS: 0.1227 | BATCH ACCURACY: 0.9688
EPOCH: 1/1 | BATCH: 64/1054 | BATCH LOSS: 0.1878 | BATCH ACCURACY: 0.9531
EPOCH: 1/1 | BATCH: 65/1054 | BATCH LOSS: 0.1415 | BATCH ACCURACY: 0.9375
EPOCH: 1/1 | BATCH: 66/1054 | BATCH LOSS: 0.0922 | BATCH ACCURACY: 0.9688
EPOCH: 1/1 | BATCH: 67/1054 | BATCH LOSS: 0.2602 | BATCH ACCURACY: 0.9219
EPOCH: 1/1 | BATCH: 68/1054 | BATCH LOSS: 0.1893 | BATCH ACCURACY: 0.9531
EPOCH: 1/1 | BATCH: 69/1054 | BATCH LOSS: 0.1234 | BATCH ACCURACY: 0.9531
EPOCH: 1/1 | BATCH: 70/1054 | BATCH LOSS: 0.0744 | BATCH ACCURACY: 0.9688
EPOCH: 1/1 | BATCH: 71/1054 | BATCH LOSS: 0.1615 | BATCH ACCURACY: 0.9219
EPOCH: 1/1 | BATCH: 72/1054 | BATCH LOSS: 0.1851 | BATCH ACCURACY: 0.9219
EPOCH: 1/1 | BATCH: 73/1054 | BATCH LOSS: 0.1782 | BATCH ACCURACY: 0.9531
EPOCH: 1/1 | BATCH: 74/1054 | BATCH LOSS: 0.1227 | BATCH ACCURACY: 0.9375
EPOCH: 1/1 | BATCH: 75/1054 | BATCH LOSS: 0.0923 | BATCH ACCURACY: 0.9688
EPOCH: 1/1 | BATCH: 76/1054 | BATCH LOSS: 0.1608 | BATCH ACCURACY: 0.9375
EPOCH: 1/1 | BATCH: 77/1054 | BATCH LOSS: 0.0784 | BATCH ACCURACY: 0.9688
EPOCH: 1/1 | BATCH: 78/1054 | BATCH LOSS: 0.1118 | BATCH ACCURACY: 0.9531
EPOCH: 1/1 | BATCH: 79/1054 | BATCH LOSS: 0.1319 | BATCH ACCURACY: 0.9688
EPOCH: 1/1 | BATCH: 80/1054 | BATCH LOSS: 0.1614 | BATCH ACCURACY: 0.9062
EPOCH: 1/1 | BATCH: 81/1054 | BATCH LOSS: 0.1785 | BATCH ACCURACY: 0.9531
EPOCH: 1/1 | BATCH: 82/1054 | BATCH LOSS: 0.2152 | BATCH ACCURACY: 0.9219
EPOCH: 1/1 | BATCH: 83/1054 | BATCH LOSS: 0.1329 | BATCH ACCURACY: 0.9844
EPOCH: 1/1 | BATCH: 84/1054 | BATCH LOSS: 0.1202 | BATCH ACCURACY: 0.9688
EPOCH: 1/1 | BATCH: 85/1054 | BATCH LOSS: 0.1009 | BATCH ACCURACY: 0.9688
EPOCH: 1/1 | BATCH: 86/1054 | BATCH LOSS: 0.2021 | BATCH ACCURACY: 0.9375
EPOCH: 1/1 | BATCH: 87/1054 | BATCH LOSS: 0.0421 | BATCH ACCURACY: 1.0000
EPOCH: 1/1 | BATCH: 88/1054 | BATCH LOSS: 0.0562 | BATCH ACCURACY: 1.0000
EPOCH: 1/1 | BATCH: 89/1054 | BATCH LOSS: 0.0539 | BATCH ACCURACY: 0.9844
EPOCH: 1/1 | BATCH: 90/1054 | BATCH LOSS: 0.0761 | BATCH ACCURACY: 0.9688
EPOCH: 1/1 | BATCH: 91/1054 | BATCH LOSS: 0.0595 | BATCH ACCURACY: 1.0000
EPOCH: 1/1 | BATCH: 92/1054 | BATCH LOSS: 0.1670 | BATCH ACCURACY: 0.9375
EPOCH: 1/1 | BATCH: 93/1054 | BATCH LOSS: 0.1236 | BATCH ACCURACY: 0.9375
EPOCH: 1/1 | BATCH: 94/1054 | BATCH LOSS: 0.1253 | BATCH ACCURACY: 0.9688
EPOCH: 1/1 | BATCH: 95/1054 | BATCH LOSS: 0.0795 | BATCH ACCURACY: 0.9688
EPOCH: 1/1 | BATCH: 96/1054 | BATCH LOSS: 0.1148 | BATCH ACCURACY: 0.9531
EPOCH: 1/1 | BATCH: 97/1054 | BATCH LOSS: 0.1177 | BATCH ACCURACY: 0.9688
EPOCH: 1/1 | BATCH: 98/1054 | BATCH LOSS: 0.1120 | BATCH ACCURACY: 0.9375
EPOCH: 1/1 | BATCH: 99/1054 | BATCH LOSS: 0.0121 | BATCH ACCURACY: 1.0000
EPOCH: 1/1 | BATCH: 100/1054 | BATCH LOSS: 0.0946 | BATCH ACCURACY: 0.9531
EPOCH: 1/1 | BATCH: 101/1054 | BATCH LOSS: 0.3539 | BATCH ACCURACY: 0.8906
EPOCH: 1/1 | BATCH: 102/1054 | BATCH LOSS: 0.0200 | BATCH ACCURACY: 1.0000
EPOCH: 1/1 | BATCH: 103/1054 | BATCH LOSS: 0.1718 | BATCH ACCURACY: 0.9375
EPOCH: 1/1 | BATCH: 104/1054 | BATCH LOSS: 0.0792 | BATCH ACCURACY: 0.9688
EPOCH: 1/1 | BATCH: 105/1054 | BATCH LOSS: 0.1504 | BATCH ACCURACY: 0.9375
EPOCH: 1/1 | BATCH: 106/1054 | BATCH LOSS: 0.1051 | BATCH ACCURACY: 0.9531
EPOCH: 1/1 | BATCH: 107/1054 | BATCH LOSS: 0.1715 | BATCH ACCURACY: 0.9375
EPOCH: 1/1 | BATCH: 108/1054 | BATCH LOSS: 0.0356 | BATCH ACCURACY: 0.9844
EPOCH: 1/1 | BATCH: 109/1054 | BATCH LOSS: 0.0788 | BATCH ACCURACY: 0.9844
EPOCH: 1/1 | BATCH: 110/1054 | BATCH LOSS: 0.1077 | BATCH ACCURACY: 0.9531
EPOCH: 1/1 | BATCH: 111/1054 | BATCH LOSS: 0.0966 | BATCH ACCURACY: 0.9688
EPOCH: 1/1 | BATCH: 112/1054 | BATCH LOSS: 0.1947 | BATCH ACCURACY: 0.9375
EPOCH: 1/1 | BATCH: 113/1054 | BATCH LOSS: 0.0308 | BATCH ACCURACY: 1.0000
EPOCH: 1/1 | BATCH: 114/1054 | BATCH LOSS: 0.2403 | BATCH ACCURACY: 0.9219
EPOCH: 1/1 | BATCH: 115/1054 | BATCH LOSS: 0.0606 | BATCH ACCURACY: 0.9844
EPOCH: 1/1 | BATCH: 116/1054 | BATCH LOSS: 0.0968 | BATCH ACCURACY: 0.9688
EPOCH: 1/1 | BATCH: 117/1054 | BATCH LOSS: 0.0841 | BATCH ACCURACY: 0.9688
EPOCH: 1/1 | BATCH: 118/1054 | BATCH LOSS: 0.1646 | BATCH ACCURACY: 0.9531
EPOCH: 1/1 | BATCH: 119/1054 | BATCH LOSS: 0.1885 | BATCH ACCURACY: 0.9062
EPOCH: 1/1 | BATCH: 120/1054 | BATCH LOSS: 0.1209 | BATCH ACCURACY: 0.9531
EPOCH: 1/1 | BATCH: 121/1054 | BATCH LOSS: 0.0859 | BATCH ACCURACY: 0.9531
EPOCH: 1/1 | BATCH: 122/1054 | BATCH LOSS: 0.0718 | BATCH ACCURACY: 0.9844
EPOCH: 1/1 | BATCH: 123/1054 | BATCH LOSS: 0.0501 | BATCH ACCURACY: 0.9844
EPOCH: 1/1 | BATCH: 124/1054 | BATCH LOSS: 0.1363 | BATCH ACCURACY: 0.9531
EPOCH: 1/1 | BATCH: 125/1054 | BATCH LOSS: 0.1554 | BATCH ACCURACY: 0.9688
EPOCH: 1/1 | BATCH: 126/1054 | BATCH LOSS: 0.1241 | BATCH ACCURACY: 0.9531
EPOCH: 1/1 | BATCH: 127/1054 | BATCH LOSS: 0.1407 | BATCH ACCURACY: 0.9531
EPOCH: 1/1 | BATCH: 128/1054 | BATCH LOSS: 0.1110 | BATCH ACCURACY: 0.9531
EPOCH: 1/1 | BATCH: 129/1054 | BATCH LOSS: 0.0463 | BATCH ACCURACY: 1.0000
EPOCH: 1/1 | BATCH: 130/1054 | BATCH LOSS: 0.0390 | BATCH ACCURACY: 0.9844
EPOCH: 1/1 | BATCH: 131/1054 | BATCH LOSS: 0.2370 | BATCH ACCURACY: 0.9375
EPOCH: 1/1 | BATCH: 132/1054 | BATCH LOSS: 0.0755 | BATCH ACCURACY: 0.9531
EPOCH: 1/1 | BATCH: 133/1054 | BATCH LOSS: 0.1162 | BATCH ACCURACY: 0.9375
EPOCH: 1/1 | BATCH: 134/1054 | BATCH LOSS: 0.1311 | BATCH ACCURACY: 0.9531
EPOCH: 1/1 | BATCH: 135/1054 | BATCH LOSS: 0.2486 | BATCH ACCURACY: 0.9219
EPOCH: 1/1 | BATCH: 136/1054 | BATCH LOSS: 0.0840 | BATCH ACCURACY: 0.9688
EPOCH: 1/1 | BATCH: 137/1054 | BATCH LOSS: 0.2332 | BATCH ACCURACY: 0.8906
EPOCH: 1/1 | BATCH: 138/1054 | BATCH LOSS: 0.0599 | BATCH ACCURACY: 1.0000
EPOCH: 1/1 | BATCH: 139/1054 | BATCH LOSS: 0.2929 | BATCH ACCURACY: 0.9531
EPOCH: 1/1 | BATCH: 140/1054 | BATCH LOSS: 0.1235 | BATCH ACCURACY: 0.9688
EPOCH: 1/1 | BATCH: 141/1054 | BATCH LOSS: 0.0787 | BATCH ACCURACY: 0.9531
EPOCH: 1/1 | BATCH: 142/1054 | BATCH LOSS: 0.1607 | BATCH ACCURACY: 0.9531
EPOCH: 1/1 | BATCH: 143/1054 | BATCH LOSS: 0.3459 | BATCH ACCURACY: 0.9219
EPOCH: 1/1 | BATCH: 144/1054 | BATCH LOSS: 0.1718 | BATCH ACCURACY: 0.9375
EPOCH: 1/1 | BATCH: 145/1054 | BATCH LOSS: 0.1185 | BATCH ACCURACY: 0.9375
EPOCH: 1/1 | BATCH: 146/1054 | BATCH LOSS: 0.0969 | BATCH ACCURACY: 0.9688
EPOCH: 1/1 | BATCH: 147/1054 | BATCH LOSS: 0.0777 | BATCH ACCURACY: 0.9844
EPOCH: 1/1 | BATCH: 148/1054 | BATCH LOSS: 0.0727 | BATCH ACCURACY: 0.9688
EPOCH: 1/1 | BATCH: 149/1054 | BATCH LOSS: 0.1822 | BATCH ACCURACY: 0.9375
EPOCH: 1/1 | BATCH: 150/1054 | BATCH LOSS: 0.0766 | BATCH ACCURACY: 0.9844
EPOCH: 1/1 | BATCH: 151/1054 | BATCH LOSS: 0.0448 | BATCH ACCURACY: 1.0000
EPOCH: 1/1 | BATCH: 152/1054 | BATCH LOSS: 0.1653 | BATCH ACCURACY: 0.9531
EPOCH: 1/1 | BATCH: 153/1054 | BATCH LOSS: 0.1401 | BATCH ACCURACY: 0.9531
EPOCH: 1/1 | BATCH: 154/1054 | BATCH LOSS: 0.2206 | BATCH ACCURACY: 0.9531
EPOCH: 1/1 | BATCH: 155/1054 | BATCH LOSS: 0.0567 | BATCH ACCURACY: 1.0000
EPOCH: 1/1 | BATCH: 156/1054 | BATCH LOSS: 0.0882 | BATCH ACCURACY: 0.9688
EPOCH: 1/1 | BATCH: 157/1054 | BATCH LOSS: 0.1065 | BATCH ACCURACY: 0.9375
EPOCH: 1/1 | BATCH: 158/1054 | BATCH LOSS: 0.1486 | BATCH ACCURACY: 0.9531
EPOCH: 1/1 | BATCH: 159/1054 | BATCH LOSS: 0.0981 | BATCH ACCURACY: 0.9688
EPOCH: 1/1 | BATCH: 160/1054 | BATCH LOSS: 0.0888 | BATCH ACCURACY: 0.9531
EPOCH: 1/1 | BATCH: 161/1054 | BATCH LOSS: 0.1009 | BATCH ACCURACY: 0.9688
EPOCH: 1/1 | BATCH: 162/1054 | BATCH LOSS: 0.0805 | BATCH ACCURACY: 0.9531
EPOCH: 1/1 | BATCH: 163/1054 | BATCH LOSS: 0.0783 | BATCH ACCURACY: 0.9688
EPOCH: 1/1 | BATCH: 164/1054 | BATCH LOSS: 0.1793 | BATCH ACCURACY: 0.9062
EPOCH: 1/1 | BATCH: 165/1054 | BATCH LOSS: 0.0637 | BATCH ACCURACY: 0.9844
EPOCH: 1/1 | BATCH: 166/1054 | BATCH LOSS: 0.0632 | BATCH ACCURACY: 0.9688
EPOCH: 1/1 | BATCH: 167/1054 | BATCH LOSS: 0.2547 | BATCH ACCURACY: 0.9062
EPOCH: 1/1 | BATCH: 168/1054 | BATCH LOSS: 0.0629 | BATCH ACCURACY: 0.9844
EPOCH: 1/1 | BATCH: 169/1054 | BATCH LOSS: 0.0644 | BATCH ACCURACY: 0.9844
EPOCH: 1/1 | BATCH: 170/1054 | BATCH LOSS: 0.3571 | BATCH ACCURACY: 0.9062
EPOCH: 1/1 | BATCH: 171/1054 | BATCH LOSS: 0.0945 | BATCH ACCURACY: 0.9531
EPOCH: 1/1 | BATCH: 172/1054 | BATCH LOSS: 0.1363 | BATCH ACCURACY: 0.9375
EPOCH: 1/1 | BATCH: 173/1054 | BATCH LOSS: 0.2568 | BATCH ACCURACY: 0.9531
EPOCH: 1/1 | BATCH: 174/1054 | BATCH LOSS: 0.2159 | BATCH ACCURACY: 0.9219
EPOCH: 1/1 | BATCH: 175/1054 | BATCH LOSS: 0.0481 | BATCH ACCURACY: 1.0000
EPOCH: 1/1 | BATCH: 176/1054 | BATCH LOSS: 0.0571 | BATCH ACCURACY: 0.9688
EPOCH: 1/1 | BATCH: 177/1054 | BATCH LOSS: 0.0734 | BATCH ACCURACY: 0.9844
EPOCH: 1/1 | BATCH: 178/1054 | BATCH LOSS: 0.1586 | BATCH ACCURACY: 0.9219
EPOCH: 1/1 | BATCH: 179/1054 | BATCH LOSS: 0.1116 | BATCH ACCURACY: 0.9375
EPOCH: 1/1 | BATCH: 180/1054 | BATCH LOSS: 0.0350 | BATCH ACCURACY: 1.0000
EPOCH: 1/1 | BATCH: 181/1054 | BATCH LOSS: 0.1446 | BATCH ACCURACY: 0.9688
EPOCH: 1/1 | BATCH: 182/1054 | BATCH LOSS: 0.1404 | BATCH ACCURACY: 0.9531
EPOCH: 1/1 | BATCH: 183/1054 | BATCH LOSS: 0.0421 | BATCH ACCURACY: 0.9844
EPOCH: 1/1 | BATCH: 184/1054 | BATCH LOSS: 0.0422 | BATCH ACCURACY: 0.9844
EPOCH: 1/1 | BATCH: 185/1054 | BATCH LOSS: 0.0603 | BATCH ACCURACY: 0.9844
EPOCH: 1/1 | BATCH: 186/1054 | BATCH LOSS: 0.0780 | BATCH ACCURACY: 0.9688
EPOCH: 1/1 | BATCH: 187/1054 | BATCH LOSS: 0.0511 | BATCH ACCURACY: 0.9844
EPOCH: 1/1 | BATCH: 188/1054 | BATCH LOSS: 0.1143 | BATCH ACCURACY: 0.9844
EPOCH: 1/1 | BATCH: 189/1054 | BATCH LOSS: 0.0839 | BATCH ACCURACY: 0.9531
EPOCH: 1/1 | BATCH: 190/1054 | BATCH LOSS: 0.1060 | BATCH ACCURACY: 0.9688
EPOCH: 1/1 | BATCH: 191/1054 | BATCH LOSS: 0.0599 | BATCH ACCURACY: 1.0000
EPOCH: 1/1 | BATCH: 192/1054 | BATCH LOSS: 0.1007 | BATCH ACCURACY: 0.9844
EPOCH: 1/1 | BATCH: 193/1054 | BATCH LOSS: 0.0808 | BATCH ACCURACY: 0.9688
EPOCH: 1/1 | BATCH: 194/1054 | BATCH LOSS: 0.1779 | BATCH ACCURACY: 0.9531
EPOCH: 1/1 | BATCH: 195/1054 | BATCH LOSS: 0.0807 | BATCH ACCURACY: 0.9531
EPOCH: 1/1 | BATCH: 196/1054 | BATCH LOSS: 0.0466 | BATCH ACCURACY: 1.0000
EPOCH: 1/1 | BATCH: 197/1054 | BATCH LOSS: 0.0673 | BATCH ACCURACY: 0.9688
EPOCH: 1/1 | BATCH: 198/1054 | BATCH LOSS: 0.0505 | BATCH ACCURACY: 0.9531
EPOCH: 1/1 | BATCH: 199/1054 | BATCH LOSS: 0.1018 | BATCH ACCURACY: 0.9531
EPOCH: 1/1 | BATCH: 200/1054 | BATCH LOSS: 0.0196 | BATCH ACCURACY: 1.0000
EPOCH: 1/1 | BATCH: 201/1054 | BATCH LOSS: 0.1082 | BATCH ACCURACY: 0.9531
EPOCH: 1/1 | BATCH: 202/1054 | BATCH LOSS: 0.1751 | BATCH ACCURACY: 0.9375
EPOCH: 1/1 | BATCH: 203/1054 | BATCH LOSS: 0.2492 | BATCH ACCURACY: 0.8594
EPOCH: 1/1 | BATCH: 204/1054 | BATCH LOSS: 0.0301 | BATCH ACCURACY: 0.9844
EPOCH: 1/1 | BATCH: 205/1054 | BATCH LOSS: 0.2813 | BATCH ACCURACY: 0.9375
EPOCH: 1/1 | BATCH: 206/1054 | BATCH LOSS: 0.2777 | BATCH ACCURACY: 0.9375
EPOCH: 1/1 | BATCH: 207/1054 | BATCH LOSS: 0.0459 | BATCH ACCURACY: 0.9688
EPOCH: 1/1 | BATCH: 208/1054 | BATCH LOSS: 0.1245 | BATCH ACCURACY: 0.9531
EPOCH: 1/1 | BATCH: 209/1054 | BATCH LOSS: 0.0895 | BATCH ACCURACY: 0.9531
EPOCH: 1/1 | BATCH: 210/1054 | BATCH LOSS: 0.0512 | BATCH ACCURACY: 0.9844
EPOCH: 1/1 | BATCH: 211/1054 | BATCH LOSS: 0.1479 | BATCH ACCURACY: 0.9375
EPOCH: 1/1 | BATCH: 212/1054 | BATCH LOSS: 0.0899 | BATCH ACCURACY: 0.9531
EPOCH: 1/1 | BATCH: 213/1054 | BATCH LOSS: 0.1805 | BATCH ACCURACY: 0.9375
EPOCH: 1/1 | BATCH: 214/1054 | BATCH LOSS: 0.1108 | BATCH ACCURACY: 0.9688
EPOCH: 1/1 | BATCH: 215/1054 | BATCH LOSS: 0.1977 | BATCH ACCURACY: 0.9531
EPOCH: 1/1 | BATCH: 216/1054 | BATCH LOSS: 0.1307 | BATCH ACCURACY: 0.9375
EPOCH: 1/1 | BATCH: 217/1054 | BATCH LOSS: 0.0968 | BATCH ACCURACY: 0.9531
EPOCH: 1/1 | BATCH: 218/1054 | BATCH LOSS: 0.0796 | BATCH ACCURACY: 0.9688
EPOCH: 1/1 | BATCH: 219/1054 | BATCH LOSS: 0.1744 | BATCH ACCURACY: 0.9531
EPOCH: 1/1 | BATCH: 220/1054 | BATCH LOSS: 0.0581 | BATCH ACCURACY: 1.0000
EPOCH: 1/1 | BATCH: 221/1054 | BATCH LOSS: 0.0321 | BATCH ACCURACY: 1.0000
EPOCH: 1/1 | BATCH: 222/1054 | BATCH LOSS: 0.1122 | BATCH ACCURACY: 0.9375
EPOCH: 1/1 | BATCH: 223/1054 | BATCH LOSS: 0.0498 | BATCH ACCURACY: 1.0000
EPOCH: 1/1 | BATCH: 224/1054 | BATCH LOSS: 0.0597 | BATCH ACCURACY: 0.9688
EPOCH: 1/1 | BATCH: 225/1054 | BATCH LOSS: 0.1520 | BATCH ACCURACY: 0.9688
EPOCH: 1/1 | BATCH: 226/1054 | BATCH LOSS: 0.0862 | BATCH ACCURACY: 0.9844
EPOCH: 1/1 | BATCH: 227/1054 | BATCH LOSS: 0.0389 | BATCH ACCURACY: 1.0000
EPOCH: 1/1 | BATCH: 228/1054 | BATCH LOSS: 0.0245 | BATCH ACCURACY: 1.0000
EPOCH: 1/1 | BATCH: 229/1054 | BATCH LOSS: 0.1732 | BATCH ACCURACY: 0.9375
EPOCH: 1/1 | BATCH: 230/1054 | BATCH LOSS: 0.0226 | BATCH ACCURACY: 1.0000
EPOCH: 1/1 | BATCH: 231/1054 | BATCH LOSS: 0.0500 | BATCH ACCURACY: 0.9844
EPOCH: 1/1 | BATCH: 232/1054 | BATCH LOSS: 0.0387 | BATCH ACCURACY: 1.0000
EPOCH: 1/1 | BATCH: 233/1054 | BATCH LOSS: 0.1076 | BATCH ACCURACY: 0.9531
EPOCH: 1/1 | BATCH: 234/1054 | BATCH LOSS: 0.0255 | BATCH ACCURACY: 1.0000
EPOCH: 1/1 | BATCH: 235/1054 | BATCH LOSS: 0.1398 | BATCH ACCURACY: 0.9375
EPOCH: 1/1 | BATCH: 236/1054 | BATCH LOSS: 0.0126 | BATCH ACCURACY: 1.0000
EPOCH: 1/1 | BATCH: 237/1054 | BATCH LOSS: 0.1365 | BATCH ACCURACY: 0.9375
EPOCH: 1/1 | BATCH: 238/1054 | BATCH LOSS: 0.0955 | BATCH ACCURACY: 0.9531
EPOCH: 1/1 | BATCH: 239/1054 | BATCH LOSS: 0.0561 | BATCH ACCURACY: 0.9844
EPOCH: 1/1 | BATCH: 240/1054 | BATCH LOSS: 0.2034 | BATCH ACCURACY: 0.9531
EPOCH: 1/1 | BATCH: 241/1054 | BATCH LOSS: 0.1025 | BATCH ACCURACY: 0.9375
EPOCH: 1/1 | BATCH: 242/1054 | BATCH LOSS: 0.0420 | BATCH ACCURACY: 0.9688
EPOCH: 1/1 | BATCH: 243/1054 | BATCH LOSS: 0.0942 | BATCH ACCURACY: 0.9844
EPOCH: 1/1 | BATCH: 244/1054 | BATCH LOSS: 0.1652 | BATCH ACCURACY: 0.9375
EPOCH: 1/1 | BATCH: 245/1054 | BATCH LOSS: 0.0305 | BATCH ACCURACY: 0.9844
EPOCH: 1/1 | BATCH: 246/1054 | BATCH LOSS: 0.0637 | BATCH ACCURACY: 0.9688
EPOCH: 1/1 | BATCH: 247/1054 | BATCH LOSS: 0.0952 | BATCH ACCURACY: 0.9688
EPOCH: 1/1 | BATCH: 248/1054 | BATCH LOSS: 0.0455 | BATCH ACCURACY: 0.9844
EPOCH: 1/1 | BATCH: 249/1054 | BATCH LOSS: 0.1387 | BATCH ACCURACY: 0.9219
EPOCH: 1/1 | BATCH: 250/1054 | BATCH LOSS: 0.0496 | BATCH ACCURACY: 0.9844
EPOCH: 1/1 | BATCH: 251/1054 | BATCH LOSS: 0.0247 | BATCH ACCURACY: 1.0000
EPOCH: 1/1 | BATCH: 252/1054 | BATCH LOSS: 0.0863 | BATCH ACCURACY: 0.9688
EPOCH: 1/1 | BATCH: 253/1054 | BATCH LOSS: 0.0247 | BATCH ACCURACY: 1.0000
EPOCH: 1/1 | BATCH: 254/1054 | BATCH LOSS: 0.1346 | BATCH ACCURACY: 0.9531
EPOCH: 1/1 | BATCH: 255/1054 | BATCH LOSS: 0.0914 | BATCH ACCURACY: 0.9688
EPOCH: 1/1 | BATCH: 256/1054 | BATCH LOSS: 0.0238 | BATCH ACCURACY: 1.0000
EPOCH: 1/1 | BATCH: 257/1054 | BATCH LOSS: 0.1636 | BATCH ACCURACY: 0.9688
EPOCH: 1/1 | BATCH: 258/1054 | BATCH LOSS: 0.0793 | BATCH ACCURACY: 0.9531
EPOCH: 1/1 | BATCH: 259/1054 | BATCH LOSS: 0.2079 | BATCH ACCURACY: 0.9062
EPOCH: 1/1 | BATCH: 260/1054 | BATCH LOSS: 0.0580 | BATCH ACCURACY: 0.9688
EPOCH: 1/1 | BATCH: 261/1054 | BATCH LOSS: 0.1468 | BATCH ACCURACY: 0.9688
EPOCH: 1/1 | BATCH: 262/1054 | BATCH LOSS: 0.1881 | BATCH ACCURACY: 0.9062
EPOCH: 1/1 | BATCH: 263/1054 | BATCH LOSS: 0.1163 | BATCH ACCURACY: 0.9531
EPOCH: 1/1 | BATCH: 264/1054 | BATCH LOSS: 0.0645 | BATCH ACCURACY: 0.9688
EPOCH: 1/1 | BATCH: 265/1054 | BATCH LOSS: 0.0476 | BATCH ACCURACY: 0.9844
EPOCH: 1/1 | BATCH: 266/1054 | BATCH LOSS: 0.1150 | BATCH ACCURACY: 0.9688
EPOCH: 1/1 | BATCH: 267/1054 | BATCH LOSS: 0.0278 | BATCH ACCURACY: 1.0000
EPOCH: 1/1 | BATCH: 268/1054 | BATCH LOSS: 0.1047 | BATCH ACCURACY: 0.9688
EPOCH: 1/1 | BATCH: 269/1054 | BATCH LOSS: 0.1635 | BATCH ACCURACY: 0.9531
EPOCH: 1/1 | BATCH: 270/1054 | BATCH LOSS: 0.0275 | BATCH ACCURACY: 1.0000
EPOCH: 1/1 | BATCH: 271/1054 | BATCH LOSS: 0.1849 | BATCH ACCURACY: 0.9531
EPOCH: 1/1 | BATCH: 272/1054 | BATCH LOSS: 0.2895 | BATCH ACCURACY: 0.8906
EPOCH: 1/1 | BATCH: 273/1054 | BATCH LOSS: 0.0474 | BATCH ACCURACY: 0.9844
EPOCH: 1/1 | BATCH: 274/1054 | BATCH LOSS: 0.0417 | BATCH ACCURACY: 1.0000
EPOCH: 1/1 | BATCH: 275/1054 | BATCH LOSS: 0.0987 | BATCH ACCURACY: 0.9531
EPOCH: 1/1 | BATCH: 276/1054 | BATCH LOSS: 0.0596 | BATCH ACCURACY: 0.9844
EPOCH: 1/1 | BATCH: 277/1054 | BATCH LOSS: 0.1829 | BATCH ACCURACY: 0.9375
EPOCH: 1/1 | BATCH: 278/1054 | BATCH LOSS: 0.1249 | BATCH ACCURACY: 0.9375
EPOCH: 1/1 | BATCH: 279/1054 | BATCH LOSS: 0.0395 | BATCH ACCURACY: 0.9844
EPOCH: 1/1 | BATCH: 280/1054 | BATCH LOSS: 0.0637 | BATCH ACCURACY: 0.9844
EPOCH: 1/1 | BATCH: 281/1054 | BATCH LOSS: 0.0590 | BATCH ACCURACY: 0.9844
EPOCH: 1/1 | BATCH: 282/1054 | BATCH LOSS: 0.0778 | BATCH ACCURACY: 0.9531
EPOCH: 1/1 | BATCH: 283/1054 | BATCH LOSS: 0.1250 | BATCH ACCURACY: 0.9375
EPOCH: 1/1 | BATCH: 284/1054 | BATCH LOSS: 0.0972 | BATCH ACCURACY: 0.9688
EPOCH: 1/1 | BATCH: 285/1054 | BATCH LOSS: 0.0788 | BATCH ACCURACY: 0.9688
EPOCH: 1/1 | BATCH: 286/1054 | BATCH LOSS: 0.0901 | BATCH ACCURACY: 0.9688
EPOCH: 1/1 | BATCH: 287/1054 | BATCH LOSS: 0.2645 | BATCH ACCURACY: 0.9531
EPOCH: 1/1 | BATCH: 288/1054 | BATCH LOSS: 0.0657 | BATCH ACCURACY: 0.9688
EPOCH: 1/1 | BATCH: 289/1054 | BATCH LOSS: 0.1287 | BATCH ACCURACY: 0.9688
EPOCH: 1/1 | BATCH: 290/1054 | BATCH LOSS: 0.0563 | BATCH ACCURACY: 0.9844
EPOCH: 1/1 | BATCH: 291/1054 | BATCH LOSS: 0.1034 | BATCH ACCURACY: 0.9688
EPOCH: 1/1 | BATCH: 292/1054 | BATCH LOSS: 0.1624 | BATCH ACCURACY: 0.9531
EPOCH: 1/1 | BATCH: 293/1054 | BATCH LOSS: 0.2103 | BATCH ACCURACY: 0.9375
EPOCH: 1/1 | BATCH: 294/1054 | BATCH LOSS: 0.0429 | BATCH ACCURACY: 0.9844
EPOCH: 1/1 | BATCH: 295/1054 | BATCH LOSS: 0.0269 | BATCH ACCURACY: 1.0000
EPOCH: 1/1 | BATCH: 296/1054 | BATCH LOSS: 0.1765 | BATCH ACCURACY: 0.9688
EPOCH: 1/1 | BATCH: 297/1054 | BATCH LOSS: 0.0712 | BATCH ACCURACY: 0.9844
EPOCH: 1/1 | BATCH: 298/1054 | BATCH LOSS: 0.0292 | BATCH ACCURACY: 0.9844
EPOCH: 1/1 | BATCH: 299/1054 | BATCH LOSS: 0.0355 | BATCH ACCURACY: 0.9844
EPOCH: 1/1 | BATCH: 300/1054 | BATCH LOSS: 0.0766 | BATCH ACCURACY: 0.9531
EPOCH: 1/1 | BATCH: 301/1054 | BATCH LOSS: 0.1678 | BATCH ACCURACY: 0.9531
EPOCH: 1/1 | BATCH: 302/1054 | BATCH LOSS: 0.1072 | BATCH ACCURACY: 0.9531
EPOCH: 1/1 | BATCH: 303/1054 | BATCH LOSS: 0.0821 | BATCH ACCURACY: 0.9531
EPOCH: 1/1 | BATCH: 304/1054 | BATCH LOSS: 0.0572 | BATCH ACCURACY: 0.9844
EPOCH: 1/1 | BATCH: 305/1054 | BATCH LOSS: 0.0454 | BATCH ACCURACY: 0.9688
EPOCH: 1/1 | BATCH: 306/1054 | BATCH LOSS: 0.0715 | BATCH ACCURACY: 0.9844
EPOCH: 1/1 | BATCH: 307/1054 | BATCH LOSS: 0.0471 | BATCH ACCURACY: 0.9844
EPOCH: 1/1 | BATCH: 308/1054 | BATCH LOSS: 0.0255 | BATCH ACCURACY: 0.9844
EPOCH: 1/1 | BATCH: 309/1054 | BATCH LOSS: 0.0958 | BATCH ACCURACY: 0.9688
EPOCH: 1/1 | BATCH: 310/1054 | BATCH LOSS: 0.0600 | BATCH ACCURACY: 0.9688
EPOCH: 1/1 | BATCH: 311/1054 | BATCH LOSS: 0.0739 | BATCH ACCURACY: 0.9688
EPOCH: 1/1 | BATCH: 312/1054 | BATCH LOSS: 0.2398 | BATCH ACCURACY: 0.9375
EPOCH: 1/1 | BATCH: 313/1054 | BATCH LOSS: 0.0513 | BATCH ACCURACY: 0.9844
EPOCH: 1/1 | BATCH: 314/1054 | BATCH LOSS: 0.0440 | BATCH ACCURACY: 0.9844
EPOCH: 1/1 | BATCH: 315/1054 | BATCH LOSS: 0.1497 | BATCH ACCURACY: 0.9844
EPOCH: 1/1 | BATCH: 316/1054 | BATCH LOSS: 0.0556 | BATCH ACCURACY: 0.9844
EPOCH: 1/1 | BATCH: 317/1054 | BATCH LOSS: 0.0596 | BATCH ACCURACY: 0.9844
EPOCH: 1/1 | BATCH: 318/1054 | BATCH LOSS: 0.0644 | BATCH ACCURACY: 0.9844
EPOCH: 1/1 | BATCH: 319/1054 | BATCH LOSS: 0.0586 | BATCH ACCURACY: 0.9844
EPOCH: 1/1 | BATCH: 320/1054 | BATCH LOSS: 0.1063 | BATCH ACCURACY: 0.9531
EPOCH: 1/1 | BATCH: 321/1054 | BATCH LOSS: 0.0515 | BATCH ACCURACY: 0.9688
EPOCH: 1/1 | BATCH: 322/1054 | BATCH LOSS: 0.0775 | BATCH ACCURACY: 0.9688
EPOCH: 1/1 | BATCH: 323/1054 | BATCH LOSS: 0.0538 | BATCH ACCURACY: 0.9688
EPOCH: 1/1 | BATCH: 324/1054 | BATCH LOSS: 0.1056 | BATCH ACCURACY: 0.9688
EPOCH: 1/1 | BATCH: 325/1054 | BATCH LOSS: 0.0979 | BATCH ACCURACY: 0.9844
EPOCH: 1/1 | BATCH: 326/1054 | BATCH LOSS: 0.0723 | BATCH ACCURACY: 0.9844
EPOCH: 1/1 | BATCH: 327/1054 | BATCH LOSS: 0.0766 | BATCH ACCURACY: 0.9688
EPOCH: 1/1 | BATCH: 328/1054 | BATCH LOSS: 0.0884 | BATCH ACCURACY: 0.9531
EPOCH: 1/1 | BATCH: 329/1054 | BATCH LOSS: 0.0211 | BATCH ACCURACY: 1.0000
EPOCH: 1/1 | BATCH: 330/1054 | BATCH LOSS: 0.0358 | BATCH ACCURACY: 0.9844
EPOCH: 1/1 | BATCH: 331/1054 | BATCH LOSS: 0.2269 | BATCH ACCURACY: 0.9219
EPOCH: 1/1 | BATCH: 332/1054 | BATCH LOSS: 0.0123 | BATCH ACCURACY: 1.0000
EPOCH: 1/1 | BATCH: 333/1054 | BATCH LOSS: 0.1539 | BATCH ACCURACY: 0.9531
EPOCH: 1/1 | BATCH: 334/1054 | BATCH LOSS: 0.0434 | BATCH ACCURACY: 0.9844
EPOCH: 1/1 | BATCH: 335/1054 | BATCH LOSS: 0.1196 | BATCH ACCURACY: 0.9688
EPOCH: 1/1 | BATCH: 336/1054 | BATCH LOSS: 0.0925 | BATCH ACCURACY: 0.9688
EPOCH: 1/1 | BATCH: 337/1054 | BATCH LOSS: 0.0881 | BATCH ACCURACY: 0.9531
EPOCH: 1/1 | BATCH: 338/1054 | BATCH LOSS: 0.2905 | BATCH ACCURACY: 0.9219
EPOCH: 1/1 | BATCH: 339/1054 | BATCH LOSS: 0.0776 | BATCH ACCURACY: 0.9688
EPOCH: 1/1 | BATCH: 340/1054 | BATCH LOSS: 0.0343 | BATCH ACCURACY: 0.9844
EPOCH: 1/1 | BATCH: 341/1054 | BATCH LOSS: 0.0414 | BATCH ACCURACY: 0.9844
EPOCH: 1/1 | BATCH: 342/1054 | BATCH LOSS: 0.0438 | BATCH ACCURACY: 0.9844
EPOCH: 1/1 | BATCH: 343/1054 | BATCH LOSS: 0.0319 | BATCH ACCURACY: 0.9844
EPOCH: 1/1 | BATCH: 344/1054 | BATCH LOSS: 0.0853 | BATCH ACCURACY: 0.9531
EPOCH: 1/1 | BATCH: 345/1054 | BATCH LOSS: 0.0891 | BATCH ACCURACY: 0.9531
EPOCH: 1/1 | BATCH: 346/1054 | BATCH LOSS: 0.0390 | BATCH ACCURACY: 0.9844
EPOCH: 1/1 | BATCH: 347/1054 | BATCH LOSS: 0.0526 | BATCH ACCURACY: 0.9531
EPOCH: 1/1 | BATCH: 348/1054 | BATCH LOSS: 0.0855 | BATCH ACCURACY: 0.9375
EPOCH: 1/1 | BATCH: 349/1054 | BATCH LOSS: 0.0939 | BATCH ACCURACY: 0.9531
EPOCH: 1/1 | BATCH: 350/1054 | BATCH LOSS: 0.0470 | BATCH ACCURACY: 0.9844
EPOCH: 1/1 | BATCH: 351/1054 | BATCH LOSS: 0.0618 | BATCH ACCURACY: 0.9688
EPOCH: 1/1 | BATCH: 352/1054 | BATCH LOSS: 0.0925 | BATCH ACCURACY: 0.9531
EPOCH: 1/1 | BATCH: 353/1054 | BATCH LOSS: 0.1008 | BATCH ACCURACY: 0.9844
EPOCH: 1/1 | BATCH: 354/1054 | BATCH LOSS: 0.2280 | BATCH ACCURACY: 0.9219
EPOCH: 1/1 | BATCH: 355/1054 | BATCH LOSS: 0.0489 | BATCH ACCURACY: 0.9844
EPOCH: 1/1 | BATCH: 356/1054 | BATCH LOSS: 0.0760 | BATCH ACCURACY: 0.9688
EPOCH: 1/1 | BATCH: 357/1054 | BATCH LOSS: 0.0664 | BATCH ACCURACY: 0.9688
EPOCH: 1/1 | BATCH: 358/1054 | BATCH LOSS: 0.0804 | BATCH ACCURACY: 0.9531
EPOCH: 1/1 | BATCH: 359/1054 | BATCH LOSS: 0.0474 | BATCH ACCURACY: 0.9688
EPOCH: 1/1 | BATCH: 360/1054 | BATCH LOSS: 0.1405 | BATCH ACCURACY: 0.9688
EPOCH: 1/1 | BATCH: 361/1054 | BATCH LOSS: 0.1638 | BATCH ACCURACY: 0.9375
EPOCH: 1/1 | BATCH: 362/1054 | BATCH LOSS: 0.0398 | BATCH ACCURACY: 0.9844
EPOCH: 1/1 | BATCH: 363/1054 | BATCH LOSS: 0.1397 | BATCH ACCURACY: 0.9219
EPOCH: 1/1 | BATCH: 364/1054 | BATCH LOSS: 0.1652 | BATCH ACCURACY: 0.9688
EPOCH: 1/1 | BATCH: 365/1054 | BATCH LOSS: 0.0196 | BATCH ACCURACY: 0.9844
EPOCH: 1/1 | BATCH: 366/1054 | BATCH LOSS: 0.0692 | BATCH ACCURACY: 0.9688
EPOCH: 1/1 | BATCH: 367/1054 | BATCH LOSS: 0.1233 | BATCH ACCURACY: 0.9531
EPOCH: 1/1 | BATCH: 368/1054 | BATCH LOSS: 0.2384 | BATCH ACCURACY: 0.9062
EPOCH: 1/1 | BATCH: 369/1054 | BATCH LOSS: 0.0238 | BATCH ACCURACY: 1.0000
EPOCH: 1/1 | BATCH: 370/1054 | BATCH LOSS: 0.0561 | BATCH ACCURACY: 0.9844
EPOCH: 1/1 | BATCH: 371/1054 | BATCH LOSS: 0.1248 | BATCH ACCURACY: 0.9688
EPOCH: 1/1 | BATCH: 372/1054 | BATCH LOSS: 0.2694 | BATCH ACCURACY: 0.9375
EPOCH: 1/1 | BATCH: 373/1054 | BATCH LOSS: 0.0495 | BATCH ACCURACY: 1.0000
EPOCH: 1/1 | BATCH: 374/1054 | BATCH LOSS: 0.1123 | BATCH ACCURACY: 0.9844
EPOCH: 1/1 | BATCH: 375/1054 | BATCH LOSS: 0.0402 | BATCH ACCURACY: 0.9844
EPOCH: 1/1 | BATCH: 376/1054 | BATCH LOSS: 0.0276 | BATCH ACCURACY: 1.0000
EPOCH: 1/1 | BATCH: 377/1054 | BATCH LOSS: 0.0561 | BATCH ACCURACY: 0.9844
EPOCH: 1/1 | BATCH: 378/1054 | BATCH LOSS: 0.2089 | BATCH ACCURACY: 0.9062
EPOCH: 1/1 | BATCH: 379/1054 | BATCH LOSS: 0.0780 | BATCH ACCURACY: 0.9844
EPOCH: 1/1 | BATCH: 380/1054 | BATCH LOSS: 0.1838 | BATCH ACCURACY: 0.9375
EPOCH: 1/1 | BATCH: 381/1054 | BATCH LOSS: 0.0606 | BATCH ACCURACY: 0.9844
EPOCH: 1/1 | BATCH: 382/1054 | BATCH LOSS: 0.0551 | BATCH ACCURACY: 0.9844
EPOCH: 1/1 | BATCH: 383/1054 | BATCH LOSS: 0.1063 | BATCH ACCURACY: 0.9531
EPOCH: 1/1 | BATCH: 384/1054 | BATCH LOSS: 0.1494 | BATCH ACCURACY: 0.9688
EPOCH: 1/1 | BATCH: 385/1054 | BATCH LOSS: 0.0353 | BATCH ACCURACY: 0.9844
EPOCH: 1/1 | BATCH: 386/1054 | BATCH LOSS: 0.1165 | BATCH ACCURACY: 0.9688
EPOCH: 1/1 | BATCH: 387/1054 | BATCH LOSS: 0.0354 | BATCH ACCURACY: 1.0000
EPOCH: 1/1 | BATCH: 388/1054 | BATCH LOSS: 0.0855 | BATCH ACCURACY: 0.9688
EPOCH: 1/1 | BATCH: 389/1054 | BATCH LOSS: 0.1262 | BATCH ACCURACY: 0.9688
EPOCH: 1/1 | BATCH: 390/1054 | BATCH LOSS: 0.0223 | BATCH ACCURACY: 1.0000
EPOCH: 1/1 | BATCH: 391/1054 | BATCH LOSS: 0.1697 | BATCH ACCURACY: 0.9531
EPOCH: 1/1 | BATCH: 392/1054 | BATCH LOSS: 0.0600 | BATCH ACCURACY: 0.9844
EPOCH: 1/1 | BATCH: 393/1054 | BATCH LOSS: 0.0719 | BATCH ACCURACY: 0.9688
EPOCH: 1/1 | BATCH: 394/1054 | BATCH LOSS: 0.1313 | BATCH ACCURACY: 0.9531
EPOCH: 1/1 | BATCH: 395/1054 | BATCH LOSS: 0.1531 | BATCH ACCURACY: 0.9688
EPOCH: 1/1 | BATCH: 396/1054 | BATCH LOSS: 0.0456 | BATCH ACCURACY: 0.9844
EPOCH: 1/1 | BATCH: 397/1054 | BATCH LOSS: 0.0904 | BATCH ACCURACY: 0.9844
EPOCH: 1/1 | BATCH: 398/1054 | BATCH LOSS: 0.1410 | BATCH ACCURACY: 0.9531
EPOCH: 1/1 | BATCH: 399/1054 | BATCH LOSS: 0.0513 | BATCH ACCURACY: 0.9844
EPOCH: 1/1 | BATCH: 400/1054 | BATCH LOSS: 0.0833 | BATCH ACCURACY: 0.9531
EPOCH: 1/1 | BATCH: 401/1054 | BATCH LOSS: 0.2088 | BATCH ACCURACY: 0.9219
EPOCH: 1/1 | BATCH: 402/1054 | BATCH LOSS: 0.1164 | BATCH ACCURACY: 0.9844
EPOCH: 1/1 | BATCH: 403/1054 | BATCH LOSS: 0.0735 | BATCH ACCURACY: 0.9844
EPOCH: 1/1 | BATCH: 404/1054 | BATCH LOSS: 0.2246 | BATCH ACCURACY: 0.8906
EPOCH: 1/1 | BATCH: 405/1054 | BATCH LOSS: 0.0329 | BATCH ACCURACY: 0.9844
EPOCH: 1/1 | BATCH: 406/1054 | BATCH LOSS: 0.0557 | BATCH ACCURACY: 1.0000
EPOCH: 1/1 | BATCH: 407/1054 | BATCH LOSS: 0.0495 | BATCH ACCURACY: 0.9844
EPOCH: 1/1 | BATCH: 408/1054 | BATCH LOSS: 0.1045 | BATCH ACCURACY: 0.9531
EPOCH: 1/1 | BATCH: 409/1054 | BATCH LOSS: 0.0333 | BATCH ACCURACY: 1.0000
EPOCH: 1/1 | BATCH: 410/1054 | BATCH LOSS: 0.0659 | BATCH ACCURACY: 0.9844
EPOCH: 1/1 | BATCH: 411/1054 | BATCH LOSS: 0.1084 | BATCH ACCURACY: 0.9531
EPOCH: 1/1 | BATCH: 412/1054 | BATCH LOSS: 0.1593 | BATCH ACCURACY: 0.9219
EPOCH: 1/1 | BATCH: 413/1054 | BATCH LOSS: 0.0900 | BATCH ACCURACY: 0.9844
EPOCH: 1/1 | BATCH: 414/1054 | BATCH LOSS: 0.0813 | BATCH ACCURACY: 0.9531
EPOCH: 1/1 | BATCH: 415/1054 | BATCH LOSS: 0.1902 | BATCH ACCURACY: 0.9844
EPOCH: 1/1 | BATCH: 416/1054 | BATCH LOSS: 0.1003 | BATCH ACCURACY: 0.9531
EPOCH: 1/1 | BATCH: 417/1054 | BATCH LOSS: 0.0383 | BATCH ACCURACY: 0.9844
EPOCH: 1/1 | BATCH: 418/1054 | BATCH LOSS: 0.0654 | BATCH ACCURACY: 0.9844
EPOCH: 1/1 | BATCH: 419/1054 | BATCH LOSS: 0.0246 | BATCH ACCURACY: 1.0000
EPOCH: 1/1 | BATCH: 420/1054 | BATCH LOSS: 0.0676 | BATCH ACCURACY: 0.9688
EPOCH: 1/1 | BATCH: 421/1054 | BATCH LOSS: 0.1620 | BATCH ACCURACY: 0.9375
EPOCH: 1/1 | BATCH: 422/1054 | BATCH LOSS: 0.0755 | BATCH ACCURACY: 0.9844
EPOCH: 1/1 | BATCH: 423/1054 | BATCH LOSS: 0.1405 | BATCH ACCURACY: 0.9531
EPOCH: 1/1 | BATCH: 424/1054 | BATCH LOSS: 0.1054 | BATCH ACCURACY: 0.9375
EPOCH: 1/1 | BATCH: 425/1054 | BATCH LOSS: 0.0340 | BATCH ACCURACY: 0.9844
EPOCH: 1/1 | BATCH: 426/1054 | BATCH LOSS: 0.2116 | BATCH ACCURACY: 0.9531
EPOCH: 1/1 | BATCH: 427/1054 | BATCH LOSS: 0.0728 | BATCH ACCURACY: 0.9688
EPOCH: 1/1 | BATCH: 428/1054 | BATCH LOSS: 0.0408 | BATCH ACCURACY: 1.0000
EPOCH: 1/1 | BATCH: 429/1054 | BATCH LOSS: 0.0886 | BATCH ACCURACY: 0.9844
EPOCH: 1/1 | BATCH: 430/1054 | BATCH LOSS: 0.1762 | BATCH ACCURACY: 0.9375
EPOCH: 1/1 | BATCH: 431/1054 | BATCH LOSS: 0.0688 | BATCH ACCURACY: 0.9688
EPOCH: 1/1 | BATCH: 432/1054 | BATCH LOSS: 0.0849 | BATCH ACCURACY: 0.9688
EPOCH: 1/1 | BATCH: 433/1054 | BATCH LOSS: 0.1760 | BATCH ACCURACY: 0.9531
EPOCH: 1/1 | BATCH: 434/1054 | BATCH LOSS: 0.0643 | BATCH ACCURACY: 0.9688
EPOCH: 1/1 | BATCH: 435/1054 | BATCH LOSS: 0.0497 | BATCH ACCURACY: 0.9844
EPOCH: 1/1 | BATCH: 436/1054 | BATCH LOSS: 0.0654 | BATCH ACCURACY: 0.9688
EPOCH: 1/1 | BATCH: 437/1054 | BATCH LOSS: 0.0273 | BATCH ACCURACY: 1.0000
EPOCH: 1/1 | BATCH: 438/1054 | BATCH LOSS: 0.0217 | BATCH ACCURACY: 1.0000
EPOCH: 1/1 | BATCH: 439/1054 | BATCH LOSS: 0.0986 | BATCH ACCURACY: 0.9844
EPOCH: 1/1 | BATCH: 440/1054 | BATCH LOSS: 0.1243 | BATCH ACCURACY: 0.9844
EPOCH: 1/1 | BATCH: 441/1054 | BATCH LOSS: 0.0222 | BATCH ACCURACY: 1.0000
EPOCH: 1/1 | BATCH: 442/1054 | BATCH LOSS: 0.0766 | BATCH ACCURACY: 0.9531
EPOCH: 1/1 | BATCH: 443/1054 | BATCH LOSS: 0.0340 | BATCH ACCURACY: 1.0000
EPOCH: 1/1 | BATCH: 444/1054 | BATCH LOSS: 0.1666 | BATCH ACCURACY: 0.9688
EPOCH: 1/1 | BATCH: 445/1054 | BATCH LOSS: 0.0765 | BATCH ACCURACY: 0.9688
EPOCH: 1/1 | BATCH: 446/1054 | BATCH LOSS: 0.0288 | BATCH ACCURACY: 1.0000
EPOCH: 1/1 | BATCH: 447/1054 | BATCH LOSS: 0.1542 | BATCH ACCURACY: 0.9375
EPOCH: 1/1 | BATCH: 448/1054 | BATCH LOSS: 0.1467 | BATCH ACCURACY: 0.9219
EPOCH: 1/1 | BATCH: 449/1054 | BATCH LOSS: 0.0905 | BATCH ACCURACY: 0.9688
EPOCH: 1/1 | BATCH: 450/1054 | BATCH LOSS: 0.1225 | BATCH ACCURACY: 0.9375
EPOCH: 1/1 | BATCH: 451/1054 | BATCH LOSS: 0.1149 | BATCH ACCURACY: 0.9844
EPOCH: 1/1 | BATCH: 452/1054 | BATCH LOSS: 0.0326 | BATCH ACCURACY: 1.0000
EPOCH: 1/1 | BATCH: 453/1054 | BATCH LOSS: 0.1192 | BATCH ACCURACY: 0.9688
EPOCH: 1/1 | BATCH: 454/1054 | BATCH LOSS: 0.0122 | BATCH ACCURACY: 1.0000
EPOCH: 1/1 | BATCH: 455/1054 | BATCH LOSS: 0.1193 | BATCH ACCURACY: 0.9688
EPOCH: 1/1 | BATCH: 456/1054 | BATCH LOSS: 0.0124 | BATCH ACCURACY: 1.0000
EPOCH: 1/1 | BATCH: 457/1054 | BATCH LOSS: 0.0572 | BATCH ACCURACY: 0.9844
EPOCH: 1/1 | BATCH: 458/1054 | BATCH LOSS: 0.1875 | BATCH ACCURACY: 0.9375
EPOCH: 1/1 | BATCH: 459/1054 | BATCH LOSS: 0.0281 | BATCH ACCURACY: 1.0000
EPOCH: 1/1 | BATCH: 460/1054 | BATCH LOSS: 0.0384 | BATCH ACCURACY: 0.9844
EPOCH: 1/1 | BATCH: 461/1054 | BATCH LOSS: 0.0411 | BATCH ACCURACY: 0.9844
EPOCH: 1/1 | BATCH: 462/1054 | BATCH LOSS: 0.0507 | BATCH ACCURACY: 0.9688
EPOCH: 1/1 | BATCH: 463/1054 | BATCH LOSS: 0.0378 | BATCH ACCURACY: 1.0000
EPOCH: 1/1 | BATCH: 464/1054 | BATCH LOSS: 0.1464 | BATCH ACCURACY: 0.9688
EPOCH: 1/1 | BATCH: 465/1054 | BATCH LOSS: 0.0678 | BATCH ACCURACY: 0.9844
EPOCH: 1/1 | BATCH: 466/1054 | BATCH LOSS: 0.0224 | BATCH ACCURACY: 1.0000
EPOCH: 1/1 | BATCH: 467/1054 | BATCH LOSS: 0.1177 | BATCH ACCURACY: 0.9375
EPOCH: 1/1 | BATCH: 468/1054 | BATCH LOSS: 0.0177 | BATCH ACCURACY: 1.0000
EPOCH: 1/1 | BATCH: 469/1054 | BATCH LOSS: 0.0366 | BATCH ACCURACY: 0.9844
EPOCH: 1/1 | BATCH: 470/1054 | BATCH LOSS: 0.0371 | BATCH ACCURACY: 1.0000
EPOCH: 1/1 | BATCH: 471/1054 | BATCH LOSS: 0.0441 | BATCH ACCURACY: 0.9844
EPOCH: 1/1 | BATCH: 472/1054 | BATCH LOSS: 0.0991 | BATCH ACCURACY: 0.9531
EPOCH: 1/1 | BATCH: 473/1054 | BATCH LOSS: 0.0527 | BATCH ACCURACY: 0.9844
EPOCH: 1/1 | BATCH: 474/1054 | BATCH LOSS: 0.0518 | BATCH ACCURACY: 0.9688
EPOCH: 1/1 | BATCH: 475/1054 | BATCH LOSS: 0.1092 | BATCH ACCURACY: 0.9688
EPOCH: 1/1 | BATCH: 476/1054 | BATCH LOSS: 0.0261 | BATCH ACCURACY: 0.9844
EPOCH: 1/1 | BATCH: 477/1054 | BATCH LOSS: 0.0604 | BATCH ACCURACY: 0.9844
EPOCH: 1/1 | BATCH: 478/1054 | BATCH LOSS: 0.1253 | BATCH ACCURACY: 0.9688
EPOCH: 1/1 | BATCH: 479/1054 | BATCH LOSS: 0.0549 | BATCH ACCURACY: 0.9688
EPOCH: 1/1 | BATCH: 480/1054 | BATCH LOSS: 0.0990 | BATCH ACCURACY: 0.9844
EPOCH: 1/1 | BATCH: 481/1054 | BATCH LOSS: 0.1056 | BATCH ACCURACY: 0.9688
EPOCH: 1/1 | BATCH: 482/1054 | BATCH LOSS: 0.0886 | BATCH ACCURACY: 0.9531
EPOCH: 1/1 | BATCH: 483/1054 | BATCH LOSS: 0.0267 | BATCH ACCURACY: 1.0000
EPOCH: 1/1 | BATCH: 484/1054 | BATCH LOSS: 0.3835 | BATCH ACCURACY: 0.8438
EPOCH: 1/1 | BATCH: 485/1054 | BATCH LOSS: 0.0628 | BATCH ACCURACY: 0.9844
EPOCH: 1/1 | BATCH: 486/1054 | BATCH LOSS: 0.1907 | BATCH ACCURACY: 0.9375
EPOCH: 1/1 | BATCH: 487/1054 | BATCH LOSS: 0.2510 | BATCH ACCURACY: 0.8906
EPOCH: 1/1 | BATCH: 488/1054 | BATCH LOSS: 0.0329 | BATCH ACCURACY: 0.9844
EPOCH: 1/1 | BATCH: 489/1054 | BATCH LOSS: 0.0302 | BATCH ACCURACY: 1.0000
EPOCH: 1/1 | BATCH: 490/1054 | BATCH LOSS: 0.1343 | BATCH ACCURACY: 0.9531
EPOCH: 1/1 | BATCH: 491/1054 | BATCH LOSS: 0.1611 | BATCH ACCURACY: 0.9531
EPOCH: 1/1 | BATCH: 492/1054 | BATCH LOSS: 0.1032 | BATCH ACCURACY: 0.9375
EPOCH: 1/1 | BATCH: 493/1054 | BATCH LOSS: 0.1362 | BATCH ACCURACY: 0.9375
EPOCH: 1/1 | BATCH: 494/1054 | BATCH LOSS: 0.0736 | BATCH ACCURACY: 0.9688
EPOCH: 1/1 | BATCH: 495/1054 | BATCH LOSS: 0.1587 | BATCH ACCURACY: 0.9375
EPOCH: 1/1 | BATCH: 496/1054 | BATCH LOSS: 0.1347 | BATCH ACCURACY: 0.9688
EPOCH: 1/1 | BATCH: 497/1054 | BATCH LOSS: 0.1099 | BATCH ACCURACY: 0.9688
EPOCH: 1/1 | BATCH: 498/1054 | BATCH LOSS: 0.0727 | BATCH ACCURACY: 0.9844
EPOCH: 1/1 | BATCH: 499/1054 | BATCH LOSS: 0.0435 | BATCH ACCURACY: 1.0000
EPOCH: 1/1 | BATCH: 500/1054 | BATCH LOSS: 0.1300 | BATCH ACCURACY: 0.9375
EPOCH: 1/1 | BATCH: 501/1054 | BATCH LOSS: 0.1253 | BATCH ACCURACY: 0.9688
EPOCH: 1/1 | BATCH: 502/1054 | BATCH LOSS: 0.0702 | BATCH ACCURACY: 0.9688
EPOCH: 1/1 | BATCH: 503/1054 | BATCH LOSS: 0.0719 | BATCH ACCURACY: 0.9688
EPOCH: 1/1 | BATCH: 504/1054 | BATCH LOSS: 0.1544 | BATCH ACCURACY: 0.9531
EPOCH: 1/1 | BATCH: 505/1054 | BATCH LOSS: 0.0301 | BATCH ACCURACY: 0.9844
EPOCH: 1/1 | BATCH: 506/1054 | BATCH LOSS: 0.1711 | BATCH ACCURACY: 0.9688
EPOCH: 1/1 | BATCH: 507/1054 | BATCH LOSS: 0.1543 | BATCH ACCURACY: 0.9375
EPOCH: 1/1 | BATCH: 508/1054 | BATCH LOSS: 0.0738 | BATCH ACCURACY: 0.9688
EPOCH: 1/1 | BATCH: 509/1054 | BATCH LOSS: 0.1357 | BATCH ACCURACY: 0.9219
EPOCH: 1/1 | BATCH: 510/1054 | BATCH LOSS: 0.0382 | BATCH ACCURACY: 0.9844
EPOCH: 1/1 | BATCH: 511/1054 | BATCH LOSS: 0.1624 | BATCH ACCURACY: 0.9375
EPOCH: 1/1 | BATCH: 512/1054 | BATCH LOSS: 0.1521 | BATCH ACCURACY: 0.9219
EPOCH: 1/1 | BATCH: 513/1054 | BATCH LOSS: 0.0523 | BATCH ACCURACY: 0.9688
EPOCH: 1/1 | BATCH: 514/1054 | BATCH LOSS: 0.0863 | BATCH ACCURACY: 0.9531
EPOCH: 1/1 | BATCH: 515/1054 | BATCH LOSS: 0.0292 | BATCH ACCURACY: 1.0000
EPOCH: 1/1 | BATCH: 516/1054 | BATCH LOSS: 0.1405 | BATCH ACCURACY: 0.9375
EPOCH: 1/1 | BATCH: 517/1054 | BATCH LOSS: 0.1892 | BATCH ACCURACY: 0.9375
EPOCH: 1/1 | BATCH: 518/1054 | BATCH LOSS: 0.0752 | BATCH ACCURACY: 0.9531
EPOCH: 1/1 | BATCH: 519/1054 | BATCH LOSS: 0.0550 | BATCH ACCURACY: 0.9688
EPOCH: 1/1 | BATCH: 520/1054 | BATCH LOSS: 0.1061 | BATCH ACCURACY: 0.9844
EPOCH: 1/1 | BATCH: 521/1054 | BATCH LOSS: 0.0458 | BATCH ACCURACY: 0.9844
EPOCH: 1/1 | BATCH: 522/1054 | BATCH LOSS: 0.0597 | BATCH ACCURACY: 0.9844
EPOCH: 1/1 | BATCH: 523/1054 | BATCH LOSS: 0.0209 | BATCH ACCURACY: 1.0000
EPOCH: 1/1 | BATCH: 524/1054 | BATCH LOSS: 0.0837 | BATCH ACCURACY: 0.9688
EPOCH: 1/1 | BATCH: 525/1054 | BATCH LOSS: 0.0239 | BATCH ACCURACY: 1.0000
EPOCH: 1/1 | BATCH: 526/1054 | BATCH LOSS: 0.1497 | BATCH ACCURACY: 0.9688
EPOCH: 1/1 | BATCH: 527/1054 | BATCH LOSS: 0.0514 | BATCH ACCURACY: 0.9844
EPOCH: 1/1 | BATCH: 528/1054 | BATCH LOSS: 0.1121 | BATCH ACCURACY: 0.9531
EPOCH: 1/1 | BATCH: 529/1054 | BATCH LOSS: 0.0420 | BATCH ACCURACY: 0.9844
EPOCH: 1/1 | BATCH: 530/1054 | BATCH LOSS: 0.1241 | BATCH ACCURACY: 0.9531
EPOCH: 1/1 | BATCH: 531/1054 | BATCH LOSS: 0.0338 | BATCH ACCURACY: 1.0000
EPOCH: 1/1 | BATCH: 532/1054 | BATCH LOSS: 0.0218 | BATCH ACCURACY: 1.0000
EPOCH: 1/1 | BATCH: 533/1054 | BATCH LOSS: 0.0734 | BATCH ACCURACY: 0.9688
EPOCH: 1/1 | BATCH: 534/1054 | BATCH LOSS: 0.0194 | BATCH ACCURACY: 1.0000
EPOCH: 1/1 | BATCH: 535/1054 | BATCH LOSS: 0.0644 | BATCH ACCURACY: 0.9531
EPOCH: 1/1 | BATCH: 536/1054 | BATCH LOSS: 0.0709 | BATCH ACCURACY: 0.9688
EPOCH: 1/1 | BATCH: 537/1054 | BATCH LOSS: 0.0233 | BATCH ACCURACY: 0.9844
EPOCH: 1/1 | BATCH: 538/1054 | BATCH LOSS: 0.1092 | BATCH ACCURACY: 0.9531
EPOCH: 1/1 | BATCH: 539/1054 | BATCH LOSS: 0.0633 | BATCH ACCURACY: 0.9844
EPOCH: 1/1 | BATCH: 540/1054 | BATCH LOSS: 0.1125 | BATCH ACCURACY: 0.9531
EPOCH: 1/1 | BATCH: 541/1054 | BATCH LOSS: 0.0375 | BATCH ACCURACY: 0.9844
EPOCH: 1/1 | BATCH: 542/1054 | BATCH LOSS: 0.0923 | BATCH ACCURACY: 0.9688
EPOCH: 1/1 | BATCH: 543/1054 | BATCH LOSS: 0.0273 | BATCH ACCURACY: 0.9844
EPOCH: 1/1 | BATCH: 544/1054 | BATCH LOSS: 0.0313 | BATCH ACCURACY: 0.9844
EPOCH: 1/1 | BATCH: 545/1054 | BATCH LOSS: 0.0059 | BATCH ACCURACY: 1.0000
EPOCH: 1/1 | BATCH: 546/1054 | BATCH LOSS: 0.0056 | BATCH ACCURACY: 1.0000
EPOCH: 1/1 | BATCH: 547/1054 | BATCH LOSS: 0.0792 | BATCH ACCURACY: 0.9688
EPOCH: 1/1 | BATCH: 548/1054 | BATCH LOSS: 0.0224 | BATCH ACCURACY: 0.9844
EPOCH: 1/1 | BATCH: 549/1054 | BATCH LOSS: 0.1063 | BATCH ACCURACY: 0.9688
EPOCH: 1/1 | BATCH: 550/1054 | BATCH LOSS: 0.0490 | BATCH ACCURACY: 0.9688
EPOCH: 1/1 | BATCH: 551/1054 | BATCH LOSS: 0.1022 | BATCH ACCURACY: 0.9688
EPOCH: 1/1 | BATCH: 552/1054 | BATCH LOSS: 0.1438 | BATCH ACCURACY: 0.9688
EPOCH: 1/1 | BATCH: 553/1054 | BATCH LOSS: 0.0804 | BATCH ACCURACY: 0.9844
EPOCH: 1/1 | BATCH: 554/1054 | BATCH LOSS: 0.0752 | BATCH ACCURACY: 0.9531
EPOCH: 1/1 | BATCH: 555/1054 | BATCH LOSS: 0.0998 | BATCH ACCURACY: 0.9531
EPOCH: 1/1 | BATCH: 556/1054 | BATCH LOSS: 0.1110 | BATCH ACCURACY: 0.9375
EPOCH: 1/1 | BATCH: 557/1054 | BATCH LOSS: 0.0431 | BATCH ACCURACY: 0.9844
EPOCH: 1/1 | BATCH: 558/1054 | BATCH LOSS: 0.0263 | BATCH ACCURACY: 1.0000
EPOCH: 1/1 | BATCH: 559/1054 | BATCH LOSS: 0.1525 | BATCH ACCURACY: 0.9531
EPOCH: 1/1 | BATCH: 560/1054 | BATCH LOSS: 0.2278 | BATCH ACCURACY: 0.9531
EPOCH: 1/1 | BATCH: 561/1054 | BATCH LOSS: 0.0775 | BATCH ACCURACY: 0.9688
EPOCH: 1/1 | BATCH: 562/1054 | BATCH LOSS: 0.0912 | BATCH ACCURACY: 0.9531
EPOCH: 1/1 | BATCH: 563/1054 | BATCH LOSS: 0.0905 | BATCH ACCURACY: 0.9688
EPOCH: 1/1 | BATCH: 564/1054 | BATCH LOSS: 0.1065 | BATCH ACCURACY: 0.9688
EPOCH: 1/1 | BATCH: 565/1054 | BATCH LOSS: 0.2118 | BATCH ACCURACY: 0.9219
EPOCH: 1/1 | BATCH: 566/1054 | BATCH LOSS: 0.0465 | BATCH ACCURACY: 0.9844
EPOCH: 1/1 | BATCH: 567/1054 | BATCH LOSS: 0.0863 | BATCH ACCURACY: 0.9531
EPOCH: 1/1 | BATCH: 568/1054 | BATCH LOSS: 0.0581 | BATCH ACCURACY: 0.9844
EPOCH: 1/1 | BATCH: 569/1054 | BATCH LOSS: 0.0920 | BATCH ACCURACY: 0.9844
EPOCH: 1/1 | BATCH: 570/1054 | BATCH LOSS: 0.1516 | BATCH ACCURACY: 0.9531
EPOCH: 1/1 | BATCH: 571/1054 | BATCH LOSS: 0.0750 | BATCH ACCURACY: 0.9844
EPOCH: 1/1 | BATCH: 572/1054 | BATCH LOSS: 0.1527 | BATCH ACCURACY: 0.9531
EPOCH: 1/1 | BATCH: 573/1054 | BATCH LOSS: 0.0816 | BATCH ACCURACY: 0.9844
EPOCH: 1/1 | BATCH: 574/1054 | BATCH LOSS: 0.0697 | BATCH ACCURACY: 0.9844
EPOCH: 1/1 | BATCH: 575/1054 | BATCH LOSS: 0.0409 | BATCH ACCURACY: 1.0000
EPOCH: 1/1 | BATCH: 576/1054 | BATCH LOSS: 0.1932 | BATCH ACCURACY: 0.9375
EPOCH: 1/1 | BATCH: 577/1054 | BATCH LOSS: 0.0754 | BATCH ACCURACY: 0.9688
EPOCH: 1/1 | BATCH: 578/1054 | BATCH LOSS: 0.0626 | BATCH ACCURACY: 0.9531
EPOCH: 1/1 | BATCH: 579/1054 | BATCH LOSS: 0.1274 | BATCH ACCURACY: 0.9531
EPOCH: 1/1 | BATCH: 580/1054 | BATCH LOSS: 0.0516 | BATCH ACCURACY: 0.9531
EPOCH: 1/1 | BATCH: 581/1054 | BATCH LOSS: 0.1455 | BATCH ACCURACY: 0.9375
EPOCH: 1/1 | BATCH: 582/1054 | BATCH LOSS: 0.0325 | BATCH ACCURACY: 0.9844
EPOCH: 1/1 | BATCH: 583/1054 | BATCH LOSS: 0.0258 | BATCH ACCURACY: 1.0000
EPOCH: 1/1 | BATCH: 584/1054 | BATCH LOSS: 0.1460 | BATCH ACCURACY: 0.9688
EPOCH: 1/1 | BATCH: 585/1054 | BATCH LOSS: 0.2321 | BATCH ACCURACY: 0.9375
EPOCH: 1/1 | BATCH: 586/1054 | BATCH LOSS: 0.0718 | BATCH ACCURACY: 0.9844
EPOCH: 1/1 | BATCH: 587/1054 | BATCH LOSS: 0.0209 | BATCH ACCURACY: 1.0000
EPOCH: 1/1 | BATCH: 588/1054 | BATCH LOSS: 0.1104 | BATCH ACCURACY: 0.9531
EPOCH: 1/1 | BATCH: 589/1054 | BATCH LOSS: 0.1272 | BATCH ACCURACY: 0.9688
EPOCH: 1/1 | BATCH: 590/1054 | BATCH LOSS: 0.1272 | BATCH ACCURACY: 0.9531
EPOCH: 1/1 | BATCH: 591/1054 | BATCH LOSS: 0.0546 | BATCH ACCURACY: 0.9688
EPOCH: 1/1 | BATCH: 592/1054 | BATCH LOSS: 0.0342 | BATCH ACCURACY: 0.9844
EPOCH: 1/1 | BATCH: 593/1054 | BATCH LOSS: 0.0650 | BATCH ACCURACY: 0.9688
EPOCH: 1/1 | BATCH: 594/1054 | BATCH LOSS: 0.0491 | BATCH ACCURACY: 0.9688
EPOCH: 1/1 | BATCH: 595/1054 | BATCH LOSS: 0.1706 | BATCH ACCURACY: 0.9531
EPOCH: 1/1 | BATCH: 596/1054 | BATCH LOSS: 0.0671 | BATCH ACCURACY: 0.9688
EPOCH: 1/1 | BATCH: 597/1054 | BATCH LOSS: 0.0400 | BATCH ACCURACY: 0.9844
EPOCH: 1/1 | BATCH: 598/1054 | BATCH LOSS: 0.0179 | BATCH ACCURACY: 1.0000
EPOCH: 1/1 | BATCH: 599/1054 | BATCH LOSS: 0.0329 | BATCH ACCURACY: 0.9844
EPOCH: 1/1 | BATCH: 600/1054 | BATCH LOSS: 0.0321 | BATCH ACCURACY: 1.0000
EPOCH: 1/1 | BATCH: 601/1054 | BATCH LOSS: 0.0335 | BATCH ACCURACY: 0.9844
EPOCH: 1/1 | BATCH: 602/1054 | BATCH LOSS: 0.2336 | BATCH ACCURACY: 0.9688
EPOCH: 1/1 | BATCH: 603/1054 | BATCH LOSS: 0.0411 | BATCH ACCURACY: 0.9844
EPOCH: 1/1 | BATCH: 604/1054 | BATCH LOSS: 0.1243 | BATCH ACCURACY: 0.9531
EPOCH: 1/1 | BATCH: 605/1054 | BATCH LOSS: 0.0154 | BATCH ACCURACY: 1.0000
EPOCH: 1/1 | BATCH: 606/1054 | BATCH LOSS: 0.0660 | BATCH ACCURACY: 0.9844
EPOCH: 1/1 | BATCH: 607/1054 | BATCH LOSS: 0.0223 | BATCH ACCURACY: 1.0000
EPOCH: 1/1 | BATCH: 608/1054 | BATCH LOSS: 0.0213 | BATCH ACCURACY: 0.9844
EPOCH: 1/1 | BATCH: 609/1054 | BATCH LOSS: 0.0182 | BATCH ACCURACY: 1.0000
EPOCH: 1/1 | BATCH: 610/1054 | BATCH LOSS: 0.0388 | BATCH ACCURACY: 0.9844
EPOCH: 1/1 | BATCH: 611/1054 | BATCH LOSS: 0.0216 | BATCH ACCURACY: 1.0000
EPOCH: 1/1 | BATCH: 612/1054 | BATCH LOSS: 0.0377 | BATCH ACCURACY: 0.9844
EPOCH: 1/1 | BATCH: 613/1054 | BATCH LOSS: 0.0743 | BATCH ACCURACY: 0.9688
EPOCH: 1/1 | BATCH: 614/1054 | BATCH LOSS: 0.0931 | BATCH ACCURACY: 0.9688
EPOCH: 1/1 | BATCH: 615/1054 | BATCH LOSS: 0.0186 | BATCH ACCURACY: 1.0000
EPOCH: 1/1 | BATCH: 616/1054 | BATCH LOSS: 0.1212 | BATCH ACCURACY: 0.9531
EPOCH: 1/1 | BATCH: 617/1054 | BATCH LOSS: 0.0230 | BATCH ACCURACY: 1.0000
EPOCH: 1/1 | BATCH: 618/1054 | BATCH LOSS: 0.0595 | BATCH ACCURACY: 0.9688
EPOCH: 1/1 | BATCH: 619/1054 | BATCH LOSS: 0.0448 | BATCH ACCURACY: 0.9844
EPOCH: 1/1 | BATCH: 620/1054 | BATCH LOSS: 0.0221 | BATCH ACCURACY: 0.9844
EPOCH: 1/1 | BATCH: 621/1054 | BATCH LOSS: 0.0664 | BATCH ACCURACY: 0.9688
EPOCH: 1/1 | BATCH: 622/1054 | BATCH LOSS: 0.1031 | BATCH ACCURACY: 0.9844
EPOCH: 1/1 | BATCH: 623/1054 | BATCH LOSS: 0.1460 | BATCH ACCURACY: 0.9688
EPOCH: 1/1 | BATCH: 624/1054 | BATCH LOSS: 0.0663 | BATCH ACCURACY: 0.9688
EPOCH: 1/1 | BATCH: 625/1054 | BATCH LOSS: 0.0633 | BATCH ACCURACY: 0.9688
EPOCH: 1/1 | BATCH: 626/1054 | BATCH LOSS: 0.1601 | BATCH ACCURACY: 0.9375
EPOCH: 1/1 | BATCH: 627/1054 | BATCH LOSS: 0.2064 | BATCH ACCURACY: 0.9531
EPOCH: 1/1 | BATCH: 628/1054 | BATCH LOSS: 0.0411 | BATCH ACCURACY: 0.9844
EPOCH: 1/1 | BATCH: 629/1054 | BATCH LOSS: 0.0543 | BATCH ACCURACY: 0.9844
EPOCH: 1/1 | BATCH: 630/1054 | BATCH LOSS: 0.0874 | BATCH ACCURACY: 0.9688
EPOCH: 1/1 | BATCH: 631/1054 | BATCH LOSS: 0.0362 | BATCH ACCURACY: 0.9844
EPOCH: 1/1 | BATCH: 632/1054 | BATCH LOSS: 0.0780 | BATCH ACCURACY: 0.9375
EPOCH: 1/1 | BATCH: 633/1054 | BATCH LOSS: 0.0557 | BATCH ACCURACY: 0.9844
EPOCH: 1/1 | BATCH: 634/1054 | BATCH LOSS: 0.1916 | BATCH ACCURACY: 0.9375
EPOCH: 1/1 | BATCH: 635/1054 | BATCH LOSS: 0.0148 | BATCH ACCURACY: 1.0000
EPOCH: 1/1 | BATCH: 636/1054 | BATCH LOSS: 0.0282 | BATCH ACCURACY: 1.0000
EPOCH: 1/1 | BATCH: 637/1054 | BATCH LOSS: 0.0438 | BATCH ACCURACY: 0.9844
EPOCH: 1/1 | BATCH: 638/1054 | BATCH LOSS: 0.0491 | BATCH ACCURACY: 0.9688
EPOCH: 1/1 | BATCH: 639/1054 | BATCH LOSS: 0.0499 | BATCH ACCURACY: 0.9844
EPOCH: 1/1 | BATCH: 640/1054 | BATCH LOSS: 0.0778 | BATCH ACCURACY: 0.9844
EPOCH: 1/1 | BATCH: 641/1054 | BATCH LOSS: 0.1046 | BATCH ACCURACY: 0.9531
EPOCH: 1/1 | BATCH: 642/1054 | BATCH LOSS: 0.0539 | BATCH ACCURACY: 0.9688
EPOCH: 1/1 | BATCH: 643/1054 | BATCH LOSS: 0.1192 | BATCH ACCURACY: 0.9531
EPOCH: 1/1 | BATCH: 644/1054 | BATCH LOSS: 0.0798 | BATCH ACCURACY: 0.9688
EPOCH: 1/1 | BATCH: 645/1054 | BATCH LOSS: 0.0823 | BATCH ACCURACY: 0.9688
EPOCH: 1/1 | BATCH: 646/1054 | BATCH LOSS: 0.0302 | BATCH ACCURACY: 0.9844
EPOCH: 1/1 | BATCH: 647/1054 | BATCH LOSS: 0.1640 | BATCH ACCURACY: 0.9531
EPOCH: 1/1 | BATCH: 648/1054 | BATCH LOSS: 0.0586 | BATCH ACCURACY: 0.9844
EPOCH: 1/1 | BATCH: 649/1054 | BATCH LOSS: 0.0382 | BATCH ACCURACY: 0.9844
EPOCH: 1/1 | BATCH: 650/1054 | BATCH LOSS: 0.0312 | BATCH ACCURACY: 0.9844
EPOCH: 1/1 | BATCH: 651/1054 | BATCH LOSS: 0.0535 | BATCH ACCURACY: 0.9844
EPOCH: 1/1 | BATCH: 652/1054 | BATCH LOSS: 0.1182 | BATCH ACCURACY: 0.9531
EPOCH: 1/1 | BATCH: 653/1054 | BATCH LOSS: 0.0817 | BATCH ACCURACY: 0.9531
EPOCH: 1/1 | BATCH: 654/1054 | BATCH LOSS: 0.0267 | BATCH ACCURACY: 1.0000
EPOCH: 1/1 | BATCH: 655/1054 | BATCH LOSS: 0.0215 | BATCH ACCURACY: 1.0000
EPOCH: 1/1 | BATCH: 656/1054 | BATCH LOSS: 0.2396 | BATCH ACCURACY: 0.9531
EPOCH: 1/1 | BATCH: 657/1054 | BATCH LOSS: 0.0652 | BATCH ACCURACY: 0.9688
EPOCH: 1/1 | BATCH: 658/1054 | BATCH LOSS: 0.0908 | BATCH ACCURACY: 0.9688
EPOCH: 1/1 | BATCH: 659/1054 | BATCH LOSS: 0.0558 | BATCH ACCURACY: 0.9688
EPOCH: 1/1 | BATCH: 660/1054 | BATCH LOSS: 0.0178 | BATCH ACCURACY: 1.0000
EPOCH: 1/1 | BATCH: 661/1054 | BATCH LOSS: 0.0174 | BATCH ACCURACY: 1.0000
EPOCH: 1/1 | BATCH: 662/1054 | BATCH LOSS: 0.1236 | BATCH ACCURACY: 0.9219
EPOCH: 1/1 | BATCH: 663/1054 | BATCH LOSS: 0.1913 | BATCH ACCURACY: 0.9375
EPOCH: 1/1 | BATCH: 664/1054 | BATCH LOSS: 0.0213 | BATCH ACCURACY: 1.0000
EPOCH: 1/1 | BATCH: 665/1054 | BATCH LOSS: 0.0241 | BATCH ACCURACY: 1.0000
EPOCH: 1/1 | BATCH: 666/1054 | BATCH LOSS: 0.0657 | BATCH ACCURACY: 0.9688
EPOCH: 1/1 | BATCH: 667/1054 | BATCH LOSS: 0.0665 | BATCH ACCURACY: 0.9688
EPOCH: 1/1 | BATCH: 668/1054 | BATCH LOSS: 0.0203 | BATCH ACCURACY: 1.0000
EPOCH: 1/1 | BATCH: 669/1054 | BATCH LOSS: 0.0819 | BATCH ACCURACY: 0.9688
EPOCH: 1/1 | BATCH: 670/1054 | BATCH LOSS: 0.1034 | BATCH ACCURACY: 0.9531
EPOCH: 1/1 | BATCH: 671/1054 | BATCH LOSS: 0.1519 | BATCH ACCURACY: 0.9531
EPOCH: 1/1 | BATCH: 672/1054 | BATCH LOSS: 0.0495 | BATCH ACCURACY: 0.9688
EPOCH: 1/1 | BATCH: 673/1054 | BATCH LOSS: 0.1808 | BATCH ACCURACY: 0.9375
EPOCH: 1/1 | BATCH: 674/1054 | BATCH LOSS: 0.0459 | BATCH ACCURACY: 1.0000
EPOCH: 1/1 | BATCH: 675/1054 | BATCH LOSS: 0.1352 | BATCH ACCURACY: 0.9531
EPOCH: 1/1 | BATCH: 676/1054 | BATCH LOSS: 0.1651 | BATCH ACCURACY: 0.9219
EPOCH: 1/1 | BATCH: 677/1054 | BATCH LOSS: 0.2149 | BATCH ACCURACY: 0.9219
EPOCH: 1/1 | BATCH: 678/1054 | BATCH LOSS: 0.0978 | BATCH ACCURACY: 0.9531
EPOCH: 1/1 | BATCH: 679/1054 | BATCH LOSS: 0.0805 | BATCH ACCURACY: 0.9531
EPOCH: 1/1 | BATCH: 680/1054 | BATCH LOSS: 0.1398 | BATCH ACCURACY: 0.9531
EPOCH: 1/1 | BATCH: 681/1054 | BATCH LOSS: 0.0837 | BATCH ACCURACY: 0.9531
EPOCH: 1/1 | BATCH: 682/1054 | BATCH LOSS: 0.0435 | BATCH ACCURACY: 0.9844
EPOCH: 1/1 | BATCH: 683/1054 | BATCH LOSS: 0.0450 | BATCH ACCURACY: 0.9844
EPOCH: 1/1 | BATCH: 684/1054 | BATCH LOSS: 0.0733 | BATCH ACCURACY: 0.9688
EPOCH: 1/1 | BATCH: 685/1054 | BATCH LOSS: 0.0159 | BATCH ACCURACY: 1.0000
EPOCH: 1/1 | BATCH: 686/1054 | BATCH LOSS: 0.0281 | BATCH ACCURACY: 0.9844
EPOCH: 1/1 | BATCH: 687/1054 | BATCH LOSS: 0.1315 | BATCH ACCURACY: 0.9531
EPOCH: 1/1 | BATCH: 688/1054 | BATCH LOSS: 0.0669 | BATCH ACCURACY: 0.9844
EPOCH: 1/1 | BATCH: 689/1054 | BATCH LOSS: 0.0591 | BATCH ACCURACY: 0.9844
EPOCH: 1/1 | BATCH: 690/1054 | BATCH LOSS: 0.1515 | BATCH ACCURACY: 0.9531
EPOCH: 1/1 | BATCH: 691/1054 | BATCH LOSS: 0.0615 | BATCH ACCURACY: 0.9688
EPOCH: 1/1 | BATCH: 692/1054 | BATCH LOSS: 0.1202 | BATCH ACCURACY: 0.9531
EPOCH: 1/1 | BATCH: 693/1054 | BATCH LOSS: 0.0939 | BATCH ACCURACY: 0.9688
EPOCH: 1/1 | BATCH: 694/1054 | BATCH LOSS: 0.0905 | BATCH ACCURACY: 0.9844
EPOCH: 1/1 | BATCH: 695/1054 | BATCH LOSS: 0.1735 | BATCH ACCURACY: 0.9531
EPOCH: 1/1 | BATCH: 696/1054 | BATCH LOSS: 0.0905 | BATCH ACCURACY: 0.9844
EPOCH: 1/1 | BATCH: 697/1054 | BATCH LOSS: 0.0077 | BATCH ACCURACY: 1.0000
EPOCH: 1/1 | BATCH: 698/1054 | BATCH LOSS: 0.2035 | BATCH ACCURACY: 0.9531
EPOCH: 1/1 | BATCH: 699/1054 | BATCH LOSS: 0.0327 | BATCH ACCURACY: 1.0000
EPOCH: 1/1 | BATCH: 700/1054 | BATCH LOSS: 0.0824 | BATCH ACCURACY: 0.9688
EPOCH: 1/1 | BATCH: 701/1054 | BATCH LOSS: 0.0829 | BATCH ACCURACY: 0.9688
EPOCH: 1/1 | BATCH: 702/1054 | BATCH LOSS: 0.0688 | BATCH ACCURACY: 0.9688
EPOCH: 1/1 | BATCH: 703/1054 | BATCH LOSS: 0.0341 | BATCH ACCURACY: 0.9844
EPOCH: 1/1 | BATCH: 704/1054 | BATCH LOSS: 0.0495 | BATCH ACCURACY: 0.9844
EPOCH: 1/1 | BATCH: 705/1054 | BATCH LOSS: 0.0435 | BATCH ACCURACY: 0.9844
EPOCH: 1/1 | BATCH: 706/1054 | BATCH LOSS: 0.1400 | BATCH ACCURACY: 0.9531
EPOCH: 1/1 | BATCH: 707/1054 | BATCH LOSS: 0.1296 | BATCH ACCURACY: 0.9531
EPOCH: 1/1 | BATCH: 708/1054 | BATCH LOSS: 0.1840 | BATCH ACCURACY: 0.9219
EPOCH: 1/1 | BATCH: 709/1054 | BATCH LOSS: 0.0583 | BATCH ACCURACY: 0.9688
EPOCH: 1/1 | BATCH: 710/1054 | BATCH LOSS: 0.1376 | BATCH ACCURACY: 0.9375
EPOCH: 1/1 | BATCH: 711/1054 | BATCH LOSS: 0.0644 | BATCH ACCURACY: 0.9844
EPOCH: 1/1 | BATCH: 712/1054 | BATCH LOSS: 0.0348 | BATCH ACCURACY: 1.0000
EPOCH: 1/1 | BATCH: 713/1054 | BATCH LOSS: 0.0226 | BATCH ACCURACY: 1.0000
EPOCH: 1/1 | BATCH: 714/1054 | BATCH LOSS: 0.1157 | BATCH ACCURACY: 0.9531
EPOCH: 1/1 | BATCH: 715/1054 | BATCH LOSS: 0.0926 | BATCH ACCURACY: 0.9531
EPOCH: 1/1 | BATCH: 716/1054 | BATCH LOSS: 0.0364 | BATCH ACCURACY: 0.9844
EPOCH: 1/1 | BATCH: 717/1054 | BATCH LOSS: 0.0269 | BATCH ACCURACY: 1.0000
EPOCH: 1/1 | BATCH: 718/1054 | BATCH LOSS: 0.0967 | BATCH ACCURACY: 0.9688
EPOCH: 1/1 | BATCH: 719/1054 | BATCH LOSS: 0.0503 | BATCH ACCURACY: 0.9844
EPOCH: 1/1 | BATCH: 720/1054 | BATCH LOSS: 0.0308 | BATCH ACCURACY: 0.9844
EPOCH: 1/1 | BATCH: 721/1054 | BATCH LOSS: 0.0151 | BATCH ACCURACY: 1.0000
EPOCH: 1/1 | BATCH: 722/1054 | BATCH LOSS: 0.1315 | BATCH ACCURACY: 0.9688
EPOCH: 1/1 | BATCH: 723/1054 | BATCH LOSS: 0.1613 | BATCH ACCURACY: 0.9531
EPOCH: 1/1 | BATCH: 724/1054 | BATCH LOSS: 0.1026 | BATCH ACCURACY: 0.9688
EPOCH: 1/1 | BATCH: 725/1054 | BATCH LOSS: 0.1360 | BATCH ACCURACY: 0.9531
EPOCH: 1/1 | BATCH: 726/1054 | BATCH LOSS: 0.0958 | BATCH ACCURACY: 0.9688
EPOCH: 1/1 | BATCH: 727/1054 | BATCH LOSS: 0.0343 | BATCH ACCURACY: 0.9844
EPOCH: 1/1 | BATCH: 728/1054 | BATCH LOSS: 0.1598 | BATCH ACCURACY: 0.9531
EPOCH: 1/1 | BATCH: 729/1054 | BATCH LOSS: 0.0919 | BATCH ACCURACY: 0.9688
EPOCH: 1/1 | BATCH: 730/1054 | BATCH LOSS: 0.0976 | BATCH ACCURACY: 0.9688
EPOCH: 1/1 | BATCH: 731/1054 | BATCH LOSS: 0.1102 | BATCH ACCURACY: 0.9688
EPOCH: 1/1 | BATCH: 732/1054 | BATCH LOSS: 0.1542 | BATCH ACCURACY: 0.9531
EPOCH: 1/1 | BATCH: 733/1054 | BATCH LOSS: 0.0698 | BATCH ACCURACY: 0.9688
EPOCH: 1/1 | BATCH: 734/1054 | BATCH LOSS: 0.0454 | BATCH ACCURACY: 0.9844
EPOCH: 1/1 | BATCH: 735/1054 | BATCH LOSS: 0.1286 | BATCH ACCURACY: 0.9375
EPOCH: 1/1 | BATCH: 736/1054 | BATCH LOSS: 0.1303 | BATCH ACCURACY: 0.9688
EPOCH: 1/1 | BATCH: 737/1054 | BATCH LOSS: 0.1135 | BATCH ACCURACY: 0.9688
EPOCH: 1/1 | BATCH: 738/1054 | BATCH LOSS: 0.1439 | BATCH ACCURACY: 0.9531
EPOCH: 1/1 | BATCH: 739/1054 | BATCH LOSS: 0.0264 | BATCH ACCURACY: 1.0000
EPOCH: 1/1 | BATCH: 740/1054 | BATCH LOSS: 0.0767 | BATCH ACCURACY: 0.9688
EPOCH: 1/1 | BATCH: 741/1054 | BATCH LOSS: 0.0915 | BATCH ACCURACY: 0.9531
EPOCH: 1/1 | BATCH: 742/1054 | BATCH LOSS: 0.0477 | BATCH ACCURACY: 0.9844
EPOCH: 1/1 | BATCH: 743/1054 | BATCH LOSS: 0.1189 | BATCH ACCURACY: 0.9375
EPOCH: 1/1 | BATCH: 744/1054 | BATCH LOSS: 0.1140 | BATCH ACCURACY: 0.9531
EPOCH: 1/1 | BATCH: 745/1054 | BATCH LOSS: 0.0668 | BATCH ACCURACY: 0.9688
EPOCH: 1/1 | BATCH: 746/1054 | BATCH LOSS: 0.0767 | BATCH ACCURACY: 0.9844
EPOCH: 1/1 | BATCH: 747/1054 | BATCH LOSS: 0.0287 | BATCH ACCURACY: 0.9844
EPOCH: 1/1 | BATCH: 748/1054 | BATCH LOSS: 0.0558 | BATCH ACCURACY: 0.9844
EPOCH: 1/1 | BATCH: 749/1054 | BATCH LOSS: 0.0359 | BATCH ACCURACY: 0.9844
EPOCH: 1/1 | BATCH: 750/1054 | BATCH LOSS: 0.0181 | BATCH ACCURACY: 1.0000
EPOCH: 1/1 | BATCH: 751/1054 | BATCH LOSS: 0.0982 | BATCH ACCURACY: 0.9375
EPOCH: 1/1 | BATCH: 752/1054 | BATCH LOSS: 0.1087 | BATCH ACCURACY: 0.9531
EPOCH: 1/1 | BATCH: 753/1054 | BATCH LOSS: 0.0394 | BATCH ACCURACY: 0.9844
EPOCH: 1/1 | BATCH: 754/1054 | BATCH LOSS: 0.0839 | BATCH ACCURACY: 0.9375
EPOCH: 1/1 | BATCH: 755/1054 | BATCH LOSS: 0.0198 | BATCH ACCURACY: 0.9844
EPOCH: 1/1 | BATCH: 756/1054 | BATCH LOSS: 0.0188 | BATCH ACCURACY: 1.0000
EPOCH: 1/1 | BATCH: 757/1054 | BATCH LOSS: 0.0339 | BATCH ACCURACY: 0.9844
EPOCH: 1/1 | BATCH: 758/1054 | BATCH LOSS: 0.0214 | BATCH ACCURACY: 1.0000
EPOCH: 1/1 | BATCH: 759/1054 | BATCH LOSS: 0.1674 | BATCH ACCURACY: 0.9375
EPOCH: 1/1 | BATCH: 760/1054 | BATCH LOSS: 0.0135 | BATCH ACCURACY: 1.0000
EPOCH: 1/1 | BATCH: 761/1054 | BATCH LOSS: 0.0252 | BATCH ACCURACY: 0.9844
EPOCH: 1/1 | BATCH: 762/1054 | BATCH LOSS: 0.1530 | BATCH ACCURACY: 0.9531
EPOCH: 1/1 | BATCH: 763/1054 | BATCH LOSS: 0.1254 | BATCH ACCURACY: 0.9531
EPOCH: 1/1 | BATCH: 764/1054 | BATCH LOSS: 0.0820 | BATCH ACCURACY: 0.9688
EPOCH: 1/1 | BATCH: 765/1054 | BATCH LOSS: 0.0225 | BATCH ACCURACY: 0.9844
EPOCH: 1/1 | BATCH: 766/1054 | BATCH LOSS: 0.0812 | BATCH ACCURACY: 0.9531
EPOCH: 1/1 | BATCH: 767/1054 | BATCH LOSS: 0.0253 | BATCH ACCURACY: 0.9844
EPOCH: 1/1 | BATCH: 768/1054 | BATCH LOSS: 0.0603 | BATCH ACCURACY: 0.9844
EPOCH: 1/1 | BATCH: 769/1054 | BATCH LOSS: 0.0698 | BATCH ACCURACY: 0.9688
EPOCH: 1/1 | BATCH: 770/1054 | BATCH LOSS: 0.0319 | BATCH ACCURACY: 0.9844
EPOCH: 1/1 | BATCH: 771/1054 | BATCH LOSS: 0.0156 | BATCH ACCURACY: 1.0000
EPOCH: 1/1 | BATCH: 772/1054 | BATCH LOSS: 0.0639 | BATCH ACCURACY: 0.9844
EPOCH: 1/1 | BATCH: 773/1054 | BATCH LOSS: 0.0490 | BATCH ACCURACY: 0.9844
EPOCH: 1/1 | BATCH: 774/1054 | BATCH LOSS: 0.0054 | BATCH ACCURACY: 1.0000
EPOCH: 1/1 | BATCH: 775/1054 | BATCH LOSS: 0.0517 | BATCH ACCURACY: 0.9688
EPOCH: 1/1 | BATCH: 776/1054 | BATCH LOSS: 0.0157 | BATCH ACCURACY: 1.0000
EPOCH: 1/1 | BATCH: 777/1054 | BATCH LOSS: 0.1569 | BATCH ACCURACY: 0.9688
EPOCH: 1/1 | BATCH: 778/1054 | BATCH LOSS: 0.0348 | BATCH ACCURACY: 1.0000
EPOCH: 1/1 | BATCH: 779/1054 | BATCH LOSS: 0.0978 | BATCH ACCURACY: 0.9375
EPOCH: 1/1 | BATCH: 780/1054 | BATCH LOSS: 0.0531 | BATCH ACCURACY: 0.9844
EPOCH: 1/1 | BATCH: 781/1054 | BATCH LOSS: 0.0731 | BATCH ACCURACY: 0.9844
EPOCH: 1/1 | BATCH: 782/1054 | BATCH LOSS: 0.0394 | BATCH ACCURACY: 0.9844
EPOCH: 1/1 | BATCH: 783/1054 | BATCH LOSS: 0.0264 | BATCH ACCURACY: 0.9844
EPOCH: 1/1 | BATCH: 784/1054 | BATCH LOSS: 0.1219 | BATCH ACCURACY: 0.9375
EPOCH: 1/1 | BATCH: 785/1054 | BATCH LOSS: 0.1462 | BATCH ACCURACY: 0.9688
EPOCH: 1/1 | BATCH: 786/1054 | BATCH LOSS: 0.0308 | BATCH ACCURACY: 0.9844
EPOCH: 1/1 | BATCH: 787/1054 | BATCH LOSS: 0.0941 | BATCH ACCURACY: 0.9688
EPOCH: 1/1 | BATCH: 788/1054 | BATCH LOSS: 0.0457 | BATCH ACCURACY: 0.9844
EPOCH: 1/1 | BATCH: 789/1054 | BATCH LOSS: 0.0420 | BATCH ACCURACY: 0.9844
EPOCH: 1/1 | BATCH: 790/1054 | BATCH LOSS: 0.0568 | BATCH ACCURACY: 0.9844
EPOCH: 1/1 | BATCH: 791/1054 | BATCH LOSS: 0.0488 | BATCH ACCURACY: 0.9688
EPOCH: 1/1 | BATCH: 792/1054 | BATCH LOSS: 0.0438 | BATCH ACCURACY: 0.9844
EPOCH: 1/1 | BATCH: 793/1054 | BATCH LOSS: 0.0268 | BATCH ACCURACY: 1.0000
EPOCH: 1/1 | BATCH: 794/1054 | BATCH LOSS: 0.1111 | BATCH ACCURACY: 0.9531
EPOCH: 1/1 | BATCH: 795/1054 | BATCH LOSS: 0.0259 | BATCH ACCURACY: 1.0000
EPOCH: 1/1 | BATCH: 796/1054 | BATCH LOSS: 0.0948 | BATCH ACCURACY: 0.9688
EPOCH: 1/1 | BATCH: 797/1054 | BATCH LOSS: 0.1225 | BATCH ACCURACY: 0.9531
EPOCH: 1/1 | BATCH: 798/1054 | BATCH LOSS: 0.0858 | BATCH ACCURACY: 0.9688
EPOCH: 1/1 | BATCH: 799/1054 | BATCH LOSS: 0.0062 | BATCH ACCURACY: 1.0000
EPOCH: 1/1 | BATCH: 800/1054 | BATCH LOSS: 0.0996 | BATCH ACCURACY: 0.9531
EPOCH: 1/1 | BATCH: 801/1054 | BATCH LOSS: 0.0698 | BATCH ACCURACY: 0.9844
EPOCH: 1/1 | BATCH: 802/1054 | BATCH LOSS: 0.1498 | BATCH ACCURACY: 0.9844
EPOCH: 1/1 | BATCH: 803/1054 | BATCH LOSS: 0.0082 | BATCH ACCURACY: 1.0000
EPOCH: 1/1 | BATCH: 804/1054 | BATCH LOSS: 0.1476 | BATCH ACCURACY: 0.9219
EPOCH: 1/1 | BATCH: 805/1054 | BATCH LOSS: 0.1843 | BATCH ACCURACY: 0.9688
EPOCH: 1/1 | BATCH: 806/1054 | BATCH LOSS: 0.0230 | BATCH ACCURACY: 0.9844
EPOCH: 1/1 | BATCH: 807/1054 | BATCH LOSS: 0.0753 | BATCH ACCURACY: 0.9531
EPOCH: 1/1 | BATCH: 808/1054 | BATCH LOSS: 0.1059 | BATCH ACCURACY: 0.9688
EPOCH: 1/1 | BATCH: 809/1054 | BATCH LOSS: 0.0415 | BATCH ACCURACY: 0.9844
EPOCH: 1/1 | BATCH: 810/1054 | BATCH LOSS: 0.0097 | BATCH ACCURACY: 1.0000
EPOCH: 1/1 | BATCH: 811/1054 | BATCH LOSS: 0.0245 | BATCH ACCURACY: 1.0000
EPOCH: 1/1 | BATCH: 812/1054 | BATCH LOSS: 0.0214 | BATCH ACCURACY: 1.0000
EPOCH: 1/1 | BATCH: 813/1054 | BATCH LOSS: 0.0392 | BATCH ACCURACY: 0.9844
EPOCH: 1/1 | BATCH: 814/1054 | BATCH LOSS: 0.1084 | BATCH ACCURACY: 0.9688
EPOCH: 1/1 | BATCH: 815/1054 | BATCH LOSS: 0.0507 | BATCH ACCURACY: 0.9844
EPOCH: 1/1 | BATCH: 816/1054 | BATCH LOSS: 0.0694 | BATCH ACCURACY: 0.9844
EPOCH: 1/1 | BATCH: 817/1054 | BATCH LOSS: 0.0573 | BATCH ACCURACY: 0.9688
EPOCH: 1/1 | BATCH: 818/1054 | BATCH LOSS: 0.0147 | BATCH ACCURACY: 1.0000
EPOCH: 1/1 | BATCH: 819/1054 | BATCH LOSS: 0.1659 | BATCH ACCURACY: 0.9375
EPOCH: 1/1 | BATCH: 820/1054 | BATCH LOSS: 0.0378 | BATCH ACCURACY: 0.9844
EPOCH: 1/1 | BATCH: 821/1054 | BATCH LOSS: 0.0664 | BATCH ACCURACY: 0.9844
EPOCH: 1/1 | BATCH: 822/1054 | BATCH LOSS: 0.0797 | BATCH ACCURACY: 0.9688
EPOCH: 1/1 | BATCH: 823/1054 | BATCH LOSS: 0.0902 | BATCH ACCURACY: 0.9844
EPOCH: 1/1 | BATCH: 824/1054 | BATCH LOSS: 0.0214 | BATCH ACCURACY: 1.0000
EPOCH: 1/1 | BATCH: 825/1054 | BATCH LOSS: 0.0633 | BATCH ACCURACY: 0.9688
EPOCH: 1/1 | BATCH: 826/1054 | BATCH LOSS: 0.0296 | BATCH ACCURACY: 0.9844
EPOCH: 1/1 | BATCH: 827/1054 | BATCH LOSS: 0.1134 | BATCH ACCURACY: 0.9688
EPOCH: 1/1 | BATCH: 828/1054 | BATCH LOSS: 0.0239 | BATCH ACCURACY: 0.9844
EPOCH: 1/1 | BATCH: 829/1054 | BATCH LOSS: 0.0371 | BATCH ACCURACY: 0.9844
EPOCH: 1/1 | BATCH: 830/1054 | BATCH LOSS: 0.1297 | BATCH ACCURACY: 0.9688
EPOCH: 1/1 | BATCH: 831/1054 | BATCH LOSS: 0.1019 | BATCH ACCURACY: 0.9688
EPOCH: 1/1 | BATCH: 832/1054 | BATCH LOSS: 0.0484 | BATCH ACCURACY: 0.9688
EPOCH: 1/1 | BATCH: 833/1054 | BATCH LOSS: 0.1188 | BATCH ACCURACY: 0.9531
EPOCH: 1/1 | BATCH: 834/1054 | BATCH LOSS: 0.1661 | BATCH ACCURACY: 0.9375
EPOCH: 1/1 | BATCH: 835/1054 | BATCH LOSS: 0.0251 | BATCH ACCURACY: 1.0000
EPOCH: 1/1 | BATCH: 836/1054 | BATCH LOSS: 0.1381 | BATCH ACCURACY: 0.9375
EPOCH: 1/1 | BATCH: 837/1054 | BATCH LOSS: 0.0211 | BATCH ACCURACY: 1.0000
EPOCH: 1/1 | BATCH: 838/1054 | BATCH LOSS: 0.1207 | BATCH ACCURACY: 0.9688
EPOCH: 1/1 | BATCH: 839/1054 | BATCH LOSS: 0.0439 | BATCH ACCURACY: 0.9688
EPOCH: 1/1 | BATCH: 840/1054 | BATCH LOSS: 0.0417 | BATCH ACCURACY: 0.9688
EPOCH: 1/1 | BATCH: 841/1054 | BATCH LOSS: 0.0658 | BATCH ACCURACY: 0.9688
EPOCH: 1/1 | BATCH: 842/1054 | BATCH LOSS: 0.0986 | BATCH ACCURACY: 0.9688
EPOCH: 1/1 | BATCH: 843/1054 | BATCH LOSS: 0.0673 | BATCH ACCURACY: 0.9688
EPOCH: 1/1 | BATCH: 844/1054 | BATCH LOSS: 0.0516 | BATCH ACCURACY: 0.9688
EPOCH: 1/1 | BATCH: 845/1054 | BATCH LOSS: 0.0140 | BATCH ACCURACY: 1.0000
EPOCH: 1/1 | BATCH: 846/1054 | BATCH LOSS: 0.1241 | BATCH ACCURACY: 0.9219
EPOCH: 1/1 | BATCH: 847/1054 | BATCH LOSS: 0.0136 | BATCH ACCURACY: 1.0000
EPOCH: 1/1 | BATCH: 848/1054 | BATCH LOSS: 0.0403 | BATCH ACCURACY: 0.9844
EPOCH: 1/1 | BATCH: 849/1054 | BATCH LOSS: 0.0926 | BATCH ACCURACY: 0.9688
EPOCH: 1/1 | BATCH: 850/1054 | BATCH LOSS: 0.0063 | BATCH ACCURACY: 1.0000
EPOCH: 1/1 | BATCH: 851/1054 | BATCH LOSS: 0.0598 | BATCH ACCURACY: 0.9844
EPOCH: 1/1 | BATCH: 852/1054 | BATCH LOSS: 0.0859 | BATCH ACCURACY: 0.9688
EPOCH: 1/1 | BATCH: 853/1054 | BATCH LOSS: 0.0260 | BATCH ACCURACY: 0.9844
EPOCH: 1/1 | BATCH: 854/1054 | BATCH LOSS: 0.0479 | BATCH ACCURACY: 0.9844
EPOCH: 1/1 | BATCH: 855/1054 | BATCH LOSS: 0.1630 | BATCH ACCURACY: 0.9531
EPOCH: 1/1 | BATCH: 856/1054 | BATCH LOSS: 0.1117 | BATCH ACCURACY: 0.9844
EPOCH: 1/1 | BATCH: 857/1054 | BATCH LOSS: 0.1290 | BATCH ACCURACY: 0.9844
EPOCH: 1/1 | BATCH: 858/1054 | BATCH LOSS: 0.0435 | BATCH ACCURACY: 0.9844
EPOCH: 1/1 | BATCH: 859/1054 | BATCH LOSS: 0.0155 | BATCH ACCURACY: 1.0000
EPOCH: 1/1 | BATCH: 860/1054 | BATCH LOSS: 0.0301 | BATCH ACCURACY: 0.9844
EPOCH: 1/1 | BATCH: 861/1054 | BATCH LOSS: 0.0884 | BATCH ACCURACY: 0.9688
EPOCH: 1/1 | BATCH: 862/1054 | BATCH LOSS: 0.0804 | BATCH ACCURACY: 0.9688
EPOCH: 1/1 | BATCH: 863/1054 | BATCH LOSS: 0.1213 | BATCH ACCURACY: 0.9688
EPOCH: 1/1 | BATCH: 864/1054 | BATCH LOSS: 0.0096 | BATCH ACCURACY: 1.0000
EPOCH: 1/1 | BATCH: 865/1054 | BATCH LOSS: 0.0341 | BATCH ACCURACY: 0.9844
EPOCH: 1/1 | BATCH: 866/1054 | BATCH LOSS: 0.0202 | BATCH ACCURACY: 1.0000
EPOCH: 1/1 | BATCH: 867/1054 | BATCH LOSS: 0.0532 | BATCH ACCURACY: 0.9844
EPOCH: 1/1 | BATCH: 868/1054 | BATCH LOSS: 0.0239 | BATCH ACCURACY: 0.9844
EPOCH: 1/1 | BATCH: 869/1054 | BATCH LOSS: 0.0091 | BATCH ACCURACY: 1.0000
EPOCH: 1/1 | BATCH: 870/1054 | BATCH LOSS: 0.0207 | BATCH ACCURACY: 1.0000
EPOCH: 1/1 | BATCH: 871/1054 | BATCH LOSS: 0.0369 | BATCH ACCURACY: 0.9844
EPOCH: 1/1 | BATCH: 872/1054 | BATCH LOSS: 0.0584 | BATCH ACCURACY: 0.9844
EPOCH: 1/1 | BATCH: 873/1054 | BATCH LOSS: 0.0044 | BATCH ACCURACY: 1.0000
EPOCH: 1/1 | BATCH: 874/1054 | BATCH LOSS: 0.0453 | BATCH ACCURACY: 0.9844
EPOCH: 1/1 | BATCH: 875/1054 | BATCH LOSS: 0.0301 | BATCH ACCURACY: 1.0000
EPOCH: 1/1 | BATCH: 876/1054 | BATCH LOSS: 0.0658 | BATCH ACCURACY: 0.9688
EPOCH: 1/1 | BATCH: 877/1054 | BATCH LOSS: 0.0106 | BATCH ACCURACY: 1.0000
EPOCH: 1/1 | BATCH: 878/1054 | BATCH LOSS: 0.0251 | BATCH ACCURACY: 0.9844
EPOCH: 1/1 | BATCH: 879/1054 | BATCH LOSS: 0.0954 | BATCH ACCURACY: 0.9375
EPOCH: 1/1 | BATCH: 880/1054 | BATCH LOSS: 0.0201 | BATCH ACCURACY: 1.0000
EPOCH: 1/1 | BATCH: 881/1054 | BATCH LOSS: 0.0303 | BATCH ACCURACY: 0.9844
EPOCH: 1/1 | BATCH: 882/1054 | BATCH LOSS: 0.0272 | BATCH ACCURACY: 0.9844
EPOCH: 1/1 | BATCH: 883/1054 | BATCH LOSS: 0.0629 | BATCH ACCURACY: 0.9844
EPOCH: 1/1 | BATCH: 884/1054 | BATCH LOSS: 0.0315 | BATCH ACCURACY: 0.9688
EPOCH: 1/1 | BATCH: 885/1054 | BATCH LOSS: 0.0132 | BATCH ACCURACY: 1.0000
EPOCH: 1/1 | BATCH: 886/1054 | BATCH LOSS: 0.2127 | BATCH ACCURACY: 0.9688
EPOCH: 1/1 | BATCH: 887/1054 | BATCH LOSS: 0.0193 | BATCH ACCURACY: 1.0000
EPOCH: 1/1 | BATCH: 888/1054 | BATCH LOSS: 0.0549 | BATCH ACCURACY: 0.9688
EPOCH: 1/1 | BATCH: 889/1054 | BATCH LOSS: 0.0499 | BATCH ACCURACY: 0.9844
EPOCH: 1/1 | BATCH: 890/1054 | BATCH LOSS: 0.1447 | BATCH ACCURACY: 0.9844
EPOCH: 1/1 | BATCH: 891/1054 | BATCH LOSS: 0.0138 | BATCH ACCURACY: 1.0000
EPOCH: 1/1 | BATCH: 892/1054 | BATCH LOSS: 0.0968 | BATCH ACCURACY: 0.9531
EPOCH: 1/1 | BATCH: 893/1054 | BATCH LOSS: 0.1124 | BATCH ACCURACY: 0.9688
EPOCH: 1/1 | BATCH: 894/1054 | BATCH LOSS: 0.0501 | BATCH ACCURACY: 0.9531
EPOCH: 1/1 | BATCH: 895/1054 | BATCH LOSS: 0.2216 | BATCH ACCURACY: 0.9375
EPOCH: 1/1 | BATCH: 896/1054 | BATCH LOSS: 0.2522 | BATCH ACCURACY: 0.9375
EPOCH: 1/1 | BATCH: 897/1054 | BATCH LOSS: 0.0871 | BATCH ACCURACY: 0.9844
EPOCH: 1/1 | BATCH: 898/1054 | BATCH LOSS: 0.1227 | BATCH ACCURACY: 0.9844
EPOCH: 1/1 | BATCH: 899/1054 | BATCH LOSS: 0.0276 | BATCH ACCURACY: 1.0000
EPOCH: 1/1 | BATCH: 900/1054 | BATCH LOSS: 0.1210 | BATCH ACCURACY: 0.9531
EPOCH: 1/1 | BATCH: 901/1054 | BATCH LOSS: 0.0706 | BATCH ACCURACY: 0.9531
EPOCH: 1/1 | BATCH: 902/1054 | BATCH LOSS: 0.0852 | BATCH ACCURACY: 0.9688
EPOCH: 1/1 | BATCH: 903/1054 | BATCH LOSS: 0.1843 | BATCH ACCURACY: 0.9688
EPOCH: 1/1 | BATCH: 904/1054 | BATCH LOSS: 0.1662 | BATCH ACCURACY: 0.9688
EPOCH: 1/1 | BATCH: 905/1054 | BATCH LOSS: 0.1036 | BATCH ACCURACY: 0.9531
EPOCH: 1/1 | BATCH: 906/1054 | BATCH LOSS: 0.0448 | BATCH ACCURACY: 0.9688
EPOCH: 1/1 | BATCH: 907/1054 | BATCH LOSS: 0.0561 | BATCH ACCURACY: 0.9844
EPOCH: 1/1 | BATCH: 908/1054 | BATCH LOSS: 0.1654 | BATCH ACCURACY: 0.9375
EPOCH: 1/1 | BATCH: 909/1054 | BATCH LOSS: 0.1494 | BATCH ACCURACY: 0.9531
EPOCH: 1/1 | BATCH: 910/1054 | BATCH LOSS: 0.0314 | BATCH ACCURACY: 1.0000
EPOCH: 1/1 | BATCH: 911/1054 | BATCH LOSS: 0.0610 | BATCH ACCURACY: 0.9844
EPOCH: 1/1 | BATCH: 912/1054 | BATCH LOSS: 0.0114 | BATCH ACCURACY: 1.0000
EPOCH: 1/1 | BATCH: 913/1054 | BATCH LOSS: 0.0218 | BATCH ACCURACY: 1.0000
EPOCH: 1/1 | BATCH: 914/1054 | BATCH LOSS: 0.0822 | BATCH ACCURACY: 0.9688
EPOCH: 1/1 | BATCH: 915/1054 | BATCH LOSS: 0.0347 | BATCH ACCURACY: 0.9844
EPOCH: 1/1 | BATCH: 916/1054 | BATCH LOSS: 0.0296 | BATCH ACCURACY: 0.9844
EPOCH: 1/1 | BATCH: 917/1054 | BATCH LOSS: 0.0402 | BATCH ACCURACY: 0.9844
EPOCH: 1/1 | BATCH: 918/1054 | BATCH LOSS: 0.1462 | BATCH ACCURACY: 0.9688
EPOCH: 1/1 | BATCH: 919/1054 | BATCH LOSS: 0.1410 | BATCH ACCURACY: 0.9531
EPOCH: 1/1 | BATCH: 920/1054 | BATCH LOSS: 0.1634 | BATCH ACCURACY: 0.9531
EPOCH: 1/1 | BATCH: 921/1054 | BATCH LOSS: 0.0552 | BATCH ACCURACY: 1.0000
EPOCH: 1/1 | BATCH: 922/1054 | BATCH LOSS: 0.0723 | BATCH ACCURACY: 0.9688
EPOCH: 1/1 | BATCH: 923/1054 | BATCH LOSS: 0.0571 | BATCH ACCURACY: 0.9844
EPOCH: 1/1 | BATCH: 924/1054 | BATCH LOSS: 0.0607 | BATCH ACCURACY: 0.9844
EPOCH: 1/1 | BATCH: 925/1054 | BATCH LOSS: 0.0413 | BATCH ACCURACY: 0.9844
EPOCH: 1/1 | BATCH: 926/1054 | BATCH LOSS: 0.0280 | BATCH ACCURACY: 1.0000
EPOCH: 1/1 | BATCH: 927/1054 | BATCH LOSS: 0.0680 | BATCH ACCURACY: 0.9844
EPOCH: 1/1 | BATCH: 928/1054 | BATCH LOSS: 0.0479 | BATCH ACCURACY: 0.9844
EPOCH: 1/1 | BATCH: 929/1054 | BATCH LOSS: 0.0887 | BATCH ACCURACY: 0.9844
EPOCH: 1/1 | BATCH: 930/1054 | BATCH LOSS: 0.0311 | BATCH ACCURACY: 1.0000
EPOCH: 1/1 | BATCH: 931/1054 | BATCH LOSS: 0.0211 | BATCH ACCURACY: 0.9844
EPOCH: 1/1 | BATCH: 932/1054 | BATCH LOSS: 0.1657 | BATCH ACCURACY: 0.9531
EPOCH: 1/1 | BATCH: 933/1054 | BATCH LOSS: 0.1350 | BATCH ACCURACY: 0.9688
EPOCH: 1/1 | BATCH: 934/1054 | BATCH LOSS: 0.1375 | BATCH ACCURACY: 0.9688
EPOCH: 1/1 | BATCH: 935/1054 | BATCH LOSS: 0.0237 | BATCH ACCURACY: 1.0000
EPOCH: 1/1 | BATCH: 936/1054 | BATCH LOSS: 0.0869 | BATCH ACCURACY: 0.9688
EPOCH: 1/1 | BATCH: 937/1054 | BATCH LOSS: 0.0557 | BATCH ACCURACY: 0.9844
EPOCH: 1/1 | BATCH: 938/1054 | BATCH LOSS: 0.1463 | BATCH ACCURACY: 0.9688
EPOCH: 1/1 | BATCH: 939/1054 | BATCH LOSS: 0.0934 | BATCH ACCURACY: 0.9531
EPOCH: 1/1 | BATCH: 940/1054 | BATCH LOSS: 0.0206 | BATCH ACCURACY: 1.0000
EPOCH: 1/1 | BATCH: 941/1054 | BATCH LOSS: 0.0711 | BATCH ACCURACY: 0.9375
EPOCH: 1/1 | BATCH: 942/1054 | BATCH LOSS: 0.1026 | BATCH ACCURACY: 0.9531
EPOCH: 1/1 | BATCH: 943/1054 | BATCH LOSS: 0.1567 | BATCH ACCURACY: 0.9219
EPOCH: 1/1 | BATCH: 944/1054 | BATCH LOSS: 0.0257 | BATCH ACCURACY: 1.0000
EPOCH: 1/1 | BATCH: 945/1054 | BATCH LOSS: 0.0381 | BATCH ACCURACY: 0.9844
EPOCH: 1/1 | BATCH: 946/1054 | BATCH LOSS: 0.1722 | BATCH ACCURACY: 0.9531
EPOCH: 1/1 | BATCH: 947/1054 | BATCH LOSS: 0.0612 | BATCH ACCURACY: 0.9844
EPOCH: 1/1 | BATCH: 948/1054 | BATCH LOSS: 0.0173 | BATCH ACCURACY: 1.0000
EPOCH: 1/1 | BATCH: 949/1054 | BATCH LOSS: 0.0092 | BATCH ACCURACY: 1.0000
EPOCH: 1/1 | BATCH: 950/1054 | BATCH LOSS: 0.0573 | BATCH ACCURACY: 0.9844
EPOCH: 1/1 | BATCH: 951/1054 | BATCH LOSS: 0.0328 | BATCH ACCURACY: 0.9688
EPOCH: 1/1 | BATCH: 952/1054 | BATCH LOSS: 0.0527 | BATCH ACCURACY: 0.9844
EPOCH: 1/1 | BATCH: 953/1054 | BATCH LOSS: 0.0100 | BATCH ACCURACY: 1.0000
EPOCH: 1/1 | BATCH: 954/1054 | BATCH LOSS: 0.0062 | BATCH ACCURACY: 1.0000
EPOCH: 1/1 | BATCH: 955/1054 | BATCH LOSS: 0.0514 | BATCH ACCURACY: 0.9844
EPOCH: 1/1 | BATCH: 956/1054 | BATCH LOSS: 0.1894 | BATCH ACCURACY: 0.9688
EPOCH: 1/1 | BATCH: 957/1054 | BATCH LOSS: 0.0431 | BATCH ACCURACY: 0.9844
EPOCH: 1/1 | BATCH: 958/1054 | BATCH LOSS: 0.0213 | BATCH ACCURACY: 1.0000
EPOCH: 1/1 | BATCH: 959/1054 | BATCH LOSS: 0.0154 | BATCH ACCURACY: 1.0000
EPOCH: 1/1 | BATCH: 960/1054 | BATCH LOSS: 0.0854 | BATCH ACCURACY: 0.9688
EPOCH: 1/1 | BATCH: 961/1054 | BATCH LOSS: 0.0158 | BATCH ACCURACY: 1.0000
EPOCH: 1/1 | BATCH: 962/1054 | BATCH LOSS: 0.0433 | BATCH ACCURACY: 0.9844
EPOCH: 1/1 | BATCH: 963/1054 | BATCH LOSS: 0.0435 | BATCH ACCURACY: 0.9688
EPOCH: 1/1 | BATCH: 964/1054 | BATCH LOSS: 0.0061 | BATCH ACCURACY: 1.0000
EPOCH: 1/1 | BATCH: 965/1054 | BATCH LOSS: 0.0843 | BATCH ACCURACY: 0.9688
EPOCH: 1/1 | BATCH: 966/1054 | BATCH LOSS: 0.0256 | BATCH ACCURACY: 1.0000
EPOCH: 1/1 | BATCH: 967/1054 | BATCH LOSS: 0.1451 | BATCH ACCURACY: 0.9844
EPOCH: 1/1 | BATCH: 968/1054 | BATCH LOSS: 0.0941 | BATCH ACCURACY: 0.9688
EPOCH: 1/1 | BATCH: 969/1054 | BATCH LOSS: 0.0374 | BATCH ACCURACY: 0.9844
EPOCH: 1/1 | BATCH: 970/1054 | BATCH LOSS: 0.0659 | BATCH ACCURACY: 0.9688
EPOCH: 1/1 | BATCH: 971/1054 | BATCH LOSS: 0.0094 | BATCH ACCURACY: 1.0000
EPOCH: 1/1 | BATCH: 972/1054 | BATCH LOSS: 0.0115 | BATCH ACCURACY: 1.0000
EPOCH: 1/1 | BATCH: 973/1054 | BATCH LOSS: 0.0165 | BATCH ACCURACY: 1.0000
EPOCH: 1/1 | BATCH: 974/1054 | BATCH LOSS: 0.0093 | BATCH ACCURACY: 1.0000
EPOCH: 1/1 | BATCH: 975/1054 | BATCH LOSS: 0.0862 | BATCH ACCURACY: 0.9531
EPOCH: 1/1 | BATCH: 976/1054 | BATCH LOSS: 0.0459 | BATCH ACCURACY: 0.9844
EPOCH: 1/1 | BATCH: 977/1054 | BATCH LOSS: 0.0213 | BATCH ACCURACY: 1.0000
EPOCH: 1/1 | BATCH: 978/1054 | BATCH LOSS: 0.0619 | BATCH ACCURACY: 0.9844
EPOCH: 1/1 | BATCH: 979/1054 | BATCH LOSS: 0.0458 | BATCH ACCURACY: 0.9688
EPOCH: 1/1 | BATCH: 980/1054 | BATCH LOSS: 0.1178 | BATCH ACCURACY: 0.9844
EPOCH: 1/1 | BATCH: 981/1054 | BATCH LOSS: 0.0316 | BATCH ACCURACY: 0.9844
EPOCH: 1/1 | BATCH: 982/1054 | BATCH LOSS: 0.1109 | BATCH ACCURACY: 0.9844
EPOCH: 1/1 | BATCH: 983/1054 | BATCH LOSS: 0.0299 | BATCH ACCURACY: 1.0000
EPOCH: 1/1 | BATCH: 984/1054 | BATCH LOSS: 0.0820 | BATCH ACCURACY: 0.9531
EPOCH: 1/1 | BATCH: 985/1054 | BATCH LOSS: 0.0237 | BATCH ACCURACY: 0.9844
EPOCH: 1/1 | BATCH: 986/1054 | BATCH LOSS: 0.0841 | BATCH ACCURACY: 0.9844
EPOCH: 1/1 | BATCH: 987/1054 | BATCH LOSS: 0.0767 | BATCH ACCURACY: 0.9531
EPOCH: 1/1 | BATCH: 988/1054 | BATCH LOSS: 0.0844 | BATCH ACCURACY: 0.9688
EPOCH: 1/1 | BATCH: 989/1054 | BATCH LOSS: 0.0131 | BATCH ACCURACY: 1.0000
EPOCH: 1/1 | BATCH: 990/1054 | BATCH LOSS: 0.0313 | BATCH ACCURACY: 0.9844
EPOCH: 1/1 | BATCH: 991/1054 | BATCH LOSS: 0.0117 | BATCH ACCURACY: 1.0000
EPOCH: 1/1 | BATCH: 992/1054 | BATCH LOSS: 0.0366 | BATCH ACCURACY: 0.9844
EPOCH: 1/1 | BATCH: 993/1054 | BATCH LOSS: 0.0558 | BATCH ACCURACY: 0.9844
EPOCH: 1/1 | BATCH: 994/1054 | BATCH LOSS: 0.2090 | BATCH ACCURACY: 0.9375
EPOCH: 1/1 | BATCH: 995/1054 | BATCH LOSS: 0.1013 | BATCH ACCURACY: 0.9531
EPOCH: 1/1 | BATCH: 996/1054 | BATCH LOSS: 0.0383 | BATCH ACCURACY: 0.9844
EPOCH: 1/1 | BATCH: 997/1054 | BATCH LOSS: 0.0689 | BATCH ACCURACY: 0.9688
EPOCH: 1/1 | BATCH: 998/1054 | BATCH LOSS: 0.0319 | BATCH ACCURACY: 0.9844
EPOCH: 1/1 | BATCH: 999/1054 | BATCH LOSS: 0.0149 | BATCH ACCURACY: 1.0000
EPOCH: 1/1 | BATCH: 1000/1054 | BATCH LOSS: 0.0372 | BATCH ACCURACY: 0.9844
EPOCH: 1/1 | BATCH: 1001/1054 | BATCH LOSS: 0.0758 | BATCH ACCURACY: 0.9531
EPOCH: 1/1 | BATCH: 1002/1054 | BATCH LOSS: 0.0181 | BATCH ACCURACY: 1.0000
EPOCH: 1/1 | BATCH: 1003/1054 | BATCH LOSS: 0.0284 | BATCH ACCURACY: 0.9844
EPOCH: 1/1 | BATCH: 1004/1054 | BATCH LOSS: 0.0200 | BATCH ACCURACY: 1.0000
EPOCH: 1/1 | BATCH: 1005/1054 | BATCH LOSS: 0.0525 | BATCH ACCURACY: 0.9844
EPOCH: 1/1 | BATCH: 1006/1054 | BATCH LOSS: 0.0249 | BATCH ACCURACY: 0.9844
EPOCH: 1/1 | BATCH: 1007/1054 | BATCH LOSS: 0.0053 | BATCH ACCURACY: 1.0000
EPOCH: 1/1 | BATCH: 1008/1054 | BATCH LOSS: 0.0318 | BATCH ACCURACY: 0.9844
EPOCH: 1/1 | BATCH: 1009/1054 | BATCH LOSS: 0.0190 | BATCH ACCURACY: 0.9844
EPOCH: 1/1 | BATCH: 1010/1054 | BATCH LOSS: 0.0535 | BATCH ACCURACY: 0.9844
EPOCH: 1/1 | BATCH: 1011/1054 | BATCH LOSS: 0.0184 | BATCH ACCURACY: 1.0000
EPOCH: 1/1 | BATCH: 1012/1054 | BATCH LOSS: 0.0372 | BATCH ACCURACY: 0.9844
EPOCH: 1/1 | BATCH: 1013/1054 | BATCH LOSS: 0.0272 | BATCH ACCURACY: 1.0000
EPOCH: 1/1 | BATCH: 1014/1054 | BATCH LOSS: 0.0714 | BATCH ACCURACY: 0.9688
EPOCH: 1/1 | BATCH: 1015/1054 | BATCH LOSS: 0.0131 | BATCH ACCURACY: 1.0000
EPOCH: 1/1 | BATCH: 1016/1054 | BATCH LOSS: 0.0144 | BATCH ACCURACY: 1.0000
EPOCH: 1/1 | BATCH: 1017/1054 | BATCH LOSS: 0.0714 | BATCH ACCURACY: 0.9531
EPOCH: 1/1 | BATCH: 1018/1054 | BATCH LOSS: 0.0245 | BATCH ACCURACY: 0.9844
EPOCH: 1/1 | BATCH: 1019/1054 | BATCH LOSS: 0.0364 | BATCH ACCURACY: 0.9688
EPOCH: 1/1 | BATCH: 1020/1054 | BATCH LOSS: 0.0193 | BATCH ACCURACY: 0.9844
EPOCH: 1/1 | BATCH: 1021/1054 | BATCH LOSS: 0.0009 | BATCH ACCURACY: 1.0000
EPOCH: 1/1 | BATCH: 1022/1054 | BATCH LOSS: 0.0298 | BATCH ACCURACY: 0.9844
EPOCH: 1/1 | BATCH: 1023/1054 | BATCH LOSS: 0.0863 | BATCH ACCURACY: 0.9375
EPOCH: 1/1 | BATCH: 1024/1054 | BATCH LOSS: 0.0078 | BATCH ACCURACY: 1.0000
EPOCH: 1/1 | BATCH: 1025/1054 | BATCH LOSS: 0.0094 | BATCH ACCURACY: 1.0000
EPOCH: 1/1 | BATCH: 1026/1054 | BATCH LOSS: 0.0716 | BATCH ACCURACY: 0.9844
EPOCH: 1/1 | BATCH: 1027/1054 | BATCH LOSS: 0.0486 | BATCH ACCURACY: 0.9688
EPOCH: 1/1 | BATCH: 1028/1054 | BATCH LOSS: 0.0168 | BATCH ACCURACY: 1.0000
EPOCH: 1/1 | BATCH: 1029/1054 | BATCH LOSS: 0.0366 | BATCH ACCURACY: 0.9844
EPOCH: 1/1 | BATCH: 1030/1054 | BATCH LOSS: 0.0814 | BATCH ACCURACY: 0.9844
EPOCH: 1/1 | BATCH: 1031/1054 | BATCH LOSS: 0.0524 | BATCH ACCURACY: 0.9844
EPOCH: 1/1 | BATCH: 1032/1054 | BATCH LOSS: 0.0866 | BATCH ACCURACY: 0.9531
EPOCH: 1/1 | BATCH: 1033/1054 | BATCH LOSS: 0.0470 | BATCH ACCURACY: 0.9844
EPOCH: 1/1 | BATCH: 1034/1054 | BATCH LOSS: 0.0072 | BATCH ACCURACY: 1.0000
EPOCH: 1/1 | BATCH: 1035/1054 | BATCH LOSS: 0.0859 | BATCH ACCURACY: 0.9688
EPOCH: 1/1 | BATCH: 1036/1054 | BATCH LOSS: 0.1162 | BATCH ACCURACY: 0.9531
EPOCH: 1/1 | BATCH: 1037/1054 | BATCH LOSS: 0.0047 | BATCH ACCURACY: 1.0000
EPOCH: 1/1 | BATCH: 1038/1054 | BATCH LOSS: 0.0100 | BATCH ACCURACY: 1.0000
EPOCH: 1/1 | BATCH: 1039/1054 | BATCH LOSS: 0.0468 | BATCH ACCURACY: 0.9844
EPOCH: 1/1 | BATCH: 1040/1054 | BATCH LOSS: 0.0576 | BATCH ACCURACY: 0.9844
EPOCH: 1/1 | BATCH: 1041/1054 | BATCH LOSS: 0.0467 | BATCH ACCURACY: 0.9844
EPOCH: 1/1 | BATCH: 1042/1054 | BATCH LOSS: 0.0778 | BATCH ACCURACY: 0.9844
EPOCH: 1/1 | BATCH: 1043/1054 | BATCH LOSS: 0.0593 | BATCH ACCURACY: 0.9688
EPOCH: 1/1 | BATCH: 1044/1054 | BATCH LOSS: 0.0511 | BATCH ACCURACY: 0.9844
EPOCH: 1/1 | BATCH: 1045/1054 | BATCH LOSS: 0.0455 | BATCH ACCURACY: 0.9844
EPOCH: 1/1 | BATCH: 1046/1054 | BATCH LOSS: 0.0060 | BATCH ACCURACY: 1.0000
EPOCH: 1/1 | BATCH: 1047/1054 | BATCH LOSS: 0.0207 | BATCH ACCURACY: 0.9844
EPOCH: 1/1 | BATCH: 1048/1054 | BATCH LOSS: 0.0797 | BATCH ACCURACY: 0.9844
EPOCH: 1/1 | BATCH: 1049/1054 | BATCH LOSS: 0.0323 | BATCH ACCURACY: 0.9844
EPOCH: 1/1 | BATCH: 1050/1054 | BATCH LOSS: 0.0118 | BATCH ACCURACY: 1.0000
EPOCH: 1/1 | BATCH: 1051/1054 | BATCH LOSS: 0.0099 | BATCH ACCURACY: 1.0000
EPOCH: 1/1 | BATCH: 1052/1054 | BATCH LOSS: 0.0106 | BATCH ACCURACY: 1.0000
EPOCH: 1/1 | BATCH: 1053/1054 | BATCH LOSS: 0.0043 | BATCH ACCURACY: 1.0000
EPOCH: 1/1 | BATCH: 1054/1054 | BATCH LOSS: 0.0307 | BATCH ACCURACY: 0.9844
EPOCH: 1/1 | BATCH: 1055/1054 | BATCH LOSS: 0.0320 | BATCH ACCURACY: 0.6719
BATCH: 1/117
BATCH: 2/117
BATCH: 3/117
BATCH: 4/117
BATCH: 5/117
BATCH: 6/117
BATCH: 7/117
BATCH: 8/117
BATCH: 9/117
BATCH: 10/117
BATCH: 11/117
BATCH: 12/117
BATCH: 13/117
BATCH: 14/117
BATCH: 15/117
BATCH: 16/117
BATCH: 17/117
BATCH: 18/117
BATCH: 19/117
BATCH: 20/117
BATCH: 21/117
BATCH: 22/117
BATCH: 23/117
BATCH: 24/117
BATCH: 25/117
BATCH: 26/117
BATCH: 27/117
BATCH: 28/117
BATCH: 29/117
BATCH: 30/117
BATCH: 31/117
BATCH: 32/117
BATCH: 33/117
BATCH: 34/117
BATCH: 35/117
BATCH: 36/117
BATCH: 37/117
BATCH: 38/117
BATCH: 39/117
BATCH: 40/117
BATCH: 41/117
BATCH: 42/117
BATCH: 43/117
BATCH: 44/117
BATCH: 45/117
BATCH: 46/117
BATCH: 47/117
BATCH: 48/117
BATCH: 49/117
BATCH: 50/117
BATCH: 51/117
BATCH: 52/117
BATCH: 53/117
BATCH: 54/117
BATCH: 55/117
BATCH: 56/117
BATCH: 57/117
BATCH: 58/117
BATCH: 59/117
BATCH: 60/117
BATCH: 61/117
BATCH: 62/117
BATCH: 63/117
BATCH: 64/117
BATCH: 65/117
BATCH: 66/117
BATCH: 67/117
BATCH: 68/117
BATCH: 69/117
BATCH: 70/117
BATCH: 71/117
BATCH: 72/117
BATCH: 73/117
BATCH: 74/117
BATCH: 75/117
BATCH: 76/117
BATCH: 77/117
BATCH: 78/117
BATCH: 79/117
BATCH: 80/117
BATCH: 81/117
BATCH: 82/117
BATCH: 83/117
BATCH: 84/117
BATCH: 85/117
BATCH: 86/117
BATCH: 87/117
BATCH: 88/117
BATCH: 89/117
BATCH: 90/117
BATCH: 91/117
BATCH: 92/117
BATCH: 93/117
BATCH: 94/117
BATCH: 95/117
BATCH: 96/117
BATCH: 97/117
BATCH: 98/117
BATCH: 99/117
BATCH: 100/117
BATCH: 101/117
BATCH: 102/117
BATCH: 103/117
BATCH: 104/117
BATCH: 105/117
BATCH: 106/117
BATCH: 107/117
BATCH: 108/117
BATCH: 109/117
BATCH: 110/117
BATCH: 111/117
BATCH: 112/117
BATCH: 113/117
BATCH: 114/117
BATCH: 115/117
BATCH: 116/117
BATCH: 117/117
BATCH: 118/117
EPOCH: 1/1 | TRAIN LOSS: 0.0020 | TRAIN ACCURACY: 0.9602 | VALIDATION LOSS: 0.0009 | VALIDATION ACCURACY: 0.9815