joaopedroschmitt@Joaos-MBP rice-image-classification (wa-us-shared) % python image_classification_predict.py
Val dataset (7500, 2)
Running on device: mps
Input dimension torch.Size([3, 250, 250])
Number of classes 5
Number of parameters 134281029
BATCH: 1/117
BATCH: 2/117
BATCH: 3/117
BATCH: 4/117
BATCH: 5/117
BATCH: 6/117
BATCH: 7/117
BATCH: 8/117
BATCH: 9/117
BATCH: 10/117
BATCH: 11/117
BATCH: 12/117
BATCH: 13/117
BATCH: 14/117
BATCH: 15/117
BATCH: 16/117
BATCH: 17/117
BATCH: 18/117
BATCH: 19/117
BATCH: 20/117
BATCH: 21/117
BATCH: 22/117
BATCH: 23/117
BATCH: 24/117
BATCH: 25/117
BATCH: 26/117
BATCH: 27/117
BATCH: 28/117
BATCH: 29/117
BATCH: 30/117
BATCH: 31/117
BATCH: 32/117
BATCH: 33/117
BATCH: 34/117
BATCH: 35/117
BATCH: 36/117
BATCH: 37/117
BATCH: 38/117
BATCH: 39/117
BATCH: 40/117
BATCH: 41/117
BATCH: 42/117
BATCH: 43/117
BATCH: 44/117
BATCH: 45/117
BATCH: 46/117
BATCH: 47/117
BATCH: 48/117
BATCH: 49/117
BATCH: 50/117
BATCH: 51/117
BATCH: 52/117
BATCH: 53/117
BATCH: 54/117
BATCH: 55/117
BATCH: 56/117
BATCH: 57/117
BATCH: 58/117
BATCH: 59/117
BATCH: 60/117
BATCH: 61/117
BATCH: 62/117
BATCH: 63/117
BATCH: 64/117
BATCH: 65/117
BATCH: 66/117
BATCH: 67/117
BATCH: 68/117
BATCH: 69/117
BATCH: 70/117
BATCH: 71/117
BATCH: 72/117
BATCH: 73/117
BATCH: 74/117
BATCH: 75/117
BATCH: 76/117
BATCH: 77/117
BATCH: 78/117
BATCH: 79/117
BATCH: 80/117
BATCH: 81/117
BATCH: 82/117
BATCH: 83/117
BATCH: 84/117
BATCH: 85/117
BATCH: 86/117
BATCH: 87/117
BATCH: 88/117
BATCH: 89/117
BATCH: 90/117
BATCH: 91/117
BATCH: 92/117
BATCH: 93/117
BATCH: 94/117
BATCH: 95/117
BATCH: 96/117
BATCH: 97/117
BATCH: 98/117
BATCH: 99/117
BATCH: 100/117
BATCH: 101/117
BATCH: 102/117
BATCH: 103/117
BATCH: 104/117
BATCH: 105/117
BATCH: 106/117
BATCH: 107/117
BATCH: 108/117
BATCH: 109/117
BATCH: 110/117
BATCH: 111/117
BATCH: 112/117
BATCH: 113/117
BATCH: 114/117
BATCH: 115/117
BATCH: 116/117
BATCH: 117/117
BATCH: 118/117
VALIDATION LOSS: 0.0013 | VALIDATION ACCURACY: 0.9720
joaopedroschmitt@Joaos-MBP rice-image-classification (wa-us-shared) % python image_classification_train.py
Dataset information
-- Columns ['image', 'label']
-- Shape (75000, 2)
-- Label ClassLabel(names=['Arborio', 'Basmati', 'Ipsala', 'Jasmine', 'Karacadag'], id=None)
-- Image Image(mode=None, decode=True, id=None)
Train dataset (67500, 2)
Val dataset (7500, 2)
First image
-- image label tensor(0)
-- image shape torch.Size([3, 250, 250])
Running on device: mps
Number of parameters 134281029
Loading model weights from output/VGG16_epoch_1.pth
EPOCH: 2/2 | BATCH: 1/1054 | BATCH LOSS: 0.1037 | BATCH ACCURACY: 0.9688
EPOCH: 2/2 | BATCH: 2/1054 | BATCH LOSS: 0.0642 | BATCH ACCURACY: 0.9844
EPOCH: 2/2 | BATCH: 3/1054 | BATCH LOSS: 0.1799 | BATCH ACCURACY: 0.9219
EPOCH: 2/2 | BATCH: 4/1054 | BATCH LOSS: 0.1112 | BATCH ACCURACY: 0.9688
EPOCH: 2/2 | BATCH: 5/1054 | BATCH LOSS: 0.1328 | BATCH ACCURACY: 0.9531
EPOCH: 2/2 | BATCH: 6/1054 | BATCH LOSS: 0.1102 | BATCH ACCURACY: 0.9531
EPOCH: 2/2 | BATCH: 7/1054 | BATCH LOSS: 0.0873 | BATCH ACCURACY: 0.9844
EPOCH: 2/2 | BATCH: 8/1054 | BATCH LOSS: 0.0705 | BATCH ACCURACY: 0.9688
EPOCH: 2/2 | BATCH: 9/1054 | BATCH LOSS: 0.1006 | BATCH ACCURACY: 0.9531
EPOCH: 2/2 | BATCH: 10/1054 | BATCH LOSS: 0.1534 | BATCH ACCURACY: 0.9844
EPOCH: 2/2 | BATCH: 11/1054 | BATCH LOSS: 0.1412 | BATCH ACCURACY: 0.9688
EPOCH: 2/2 | BATCH: 12/1054 | BATCH LOSS: 0.0422 | BATCH ACCURACY: 1.0000
EPOCH: 2/2 | BATCH: 13/1054 | BATCH LOSS: 0.1049 | BATCH ACCURACY: 0.9844
EPOCH: 2/2 | BATCH: 14/1054 | BATCH LOSS: 0.1042 | BATCH ACCURACY: 0.9688
EPOCH: 2/2 | BATCH: 15/1054 | BATCH LOSS: 0.0453 | BATCH ACCURACY: 0.9844
EPOCH: 2/2 | BATCH: 16/1054 | BATCH LOSS: 0.0993 | BATCH ACCURACY: 0.9688
EPOCH: 2/2 | BATCH: 17/1054 | BATCH LOSS: 0.0437 | BATCH ACCURACY: 0.9844
EPOCH: 2/2 | BATCH: 18/1054 | BATCH LOSS: 0.1438 | BATCH ACCURACY: 0.9688
EPOCH: 2/2 | BATCH: 19/1054 | BATCH LOSS: 0.0799 | BATCH ACCURACY: 0.9375
EPOCH: 2/2 | BATCH: 20/1054 | BATCH LOSS: 0.0805 | BATCH ACCURACY: 0.9531
EPOCH: 2/2 | BATCH: 21/1054 | BATCH LOSS: 0.0636 | BATCH ACCURACY: 0.9844
EPOCH: 2/2 | BATCH: 22/1054 | BATCH LOSS: 0.1027 | BATCH ACCURACY: 0.9844
EPOCH: 2/2 | BATCH: 23/1054 | BATCH LOSS: 0.1531 | BATCH ACCURACY: 0.9375
EPOCH: 2/2 | BATCH: 24/1054 | BATCH LOSS: 0.0845 | BATCH ACCURACY: 0.9531
EPOCH: 2/2 | BATCH: 25/1054 | BATCH LOSS: 0.0516 | BATCH ACCURACY: 0.9844
EPOCH: 2/2 | BATCH: 26/1054 | BATCH LOSS: 0.0265 | BATCH ACCURACY: 1.0000
EPOCH: 2/2 | BATCH: 27/1054 | BATCH LOSS: 0.1493 | BATCH ACCURACY: 0.9375
EPOCH: 2/2 | BATCH: 28/1054 | BATCH LOSS: 0.1089 | BATCH ACCURACY: 0.9219
EPOCH: 2/2 | BATCH: 29/1054 | BATCH LOSS: 0.0183 | BATCH ACCURACY: 1.0000
EPOCH: 2/2 | BATCH: 30/1054 | BATCH LOSS: 0.0666 | BATCH ACCURACY: 0.9844
EPOCH: 2/2 | BATCH: 31/1054 | BATCH LOSS: 0.2524 | BATCH ACCURACY: 0.9062
EPOCH: 2/2 | BATCH: 32/1054 | BATCH LOSS: 0.0767 | BATCH ACCURACY: 0.9531
EPOCH: 2/2 | BATCH: 33/1054 | BATCH LOSS: 0.1107 | BATCH ACCURACY: 0.9844
EPOCH: 2/2 | BATCH: 34/1054 | BATCH LOSS: 0.0758 | BATCH ACCURACY: 0.9844
EPOCH: 2/2 | BATCH: 35/1054 | BATCH LOSS: 0.1477 | BATCH ACCURACY: 0.9531
EPOCH: 2/2 | BATCH: 36/1054 | BATCH LOSS: 0.1376 | BATCH ACCURACY: 0.9219
EPOCH: 2/2 | BATCH: 37/1054 | BATCH LOSS: 0.0548 | BATCH ACCURACY: 0.9844
EPOCH: 2/2 | BATCH: 38/1054 | BATCH LOSS: 0.0349 | BATCH ACCURACY: 1.0000
EPOCH: 2/2 | BATCH: 39/1054 | BATCH LOSS: 0.1097 | BATCH ACCURACY: 0.9688
EPOCH: 2/2 | BATCH: 40/1054 | BATCH LOSS: 0.0611 | BATCH ACCURACY: 0.9688
EPOCH: 2/2 | BATCH: 41/1054 | BATCH LOSS: 0.0176 | BATCH ACCURACY: 1.0000
EPOCH: 2/2 | BATCH: 42/1054 | BATCH LOSS: 0.0904 | BATCH ACCURACY: 0.9531
EPOCH: 2/2 | BATCH: 43/1054 | BATCH LOSS: 0.1334 | BATCH ACCURACY: 0.9531
EPOCH: 2/2 | BATCH: 44/1054 | BATCH LOSS: 0.0285 | BATCH ACCURACY: 0.9844
EPOCH: 2/2 | BATCH: 45/1054 | BATCH LOSS: 0.0970 | BATCH ACCURACY: 0.9844
EPOCH: 2/2 | BATCH: 46/1054 | BATCH LOSS: 0.0434 | BATCH ACCURACY: 0.9688
EPOCH: 2/2 | BATCH: 47/1054 | BATCH LOSS: 0.1488 | BATCH ACCURACY: 0.9688
EPOCH: 2/2 | BATCH: 48/1054 | BATCH LOSS: 0.0274 | BATCH ACCURACY: 0.9844
EPOCH: 2/2 | BATCH: 49/1054 | BATCH LOSS: 0.0804 | BATCH ACCURACY: 0.9688
EPOCH: 2/2 | BATCH: 50/1054 | BATCH LOSS: 0.1644 | BATCH ACCURACY: 0.9688
EPOCH: 2/2 | BATCH: 51/1054 | BATCH LOSS: 0.1504 | BATCH ACCURACY: 0.9688
EPOCH: 2/2 | BATCH: 52/1054 | BATCH LOSS: 0.0387 | BATCH ACCURACY: 0.9844
EPOCH: 2/2 | BATCH: 53/1054 | BATCH LOSS: 0.1230 | BATCH ACCURACY: 0.9688
EPOCH: 2/2 | BATCH: 54/1054 | BATCH LOSS: 0.0432 | BATCH ACCURACY: 0.9844
EPOCH: 2/2 | BATCH: 55/1054 | BATCH LOSS: 0.0850 | BATCH ACCURACY: 0.9844
EPOCH: 2/2 | BATCH: 56/1054 | BATCH LOSS: 0.0843 | BATCH ACCURACY: 0.9844
EPOCH: 2/2 | BATCH: 57/1054 | BATCH LOSS: 0.0771 | BATCH ACCURACY: 0.9844
EPOCH: 2/2 | BATCH: 58/1054 | BATCH LOSS: 0.0548 | BATCH ACCURACY: 0.9844
EPOCH: 2/2 | BATCH: 59/1054 | BATCH LOSS: 0.0673 | BATCH ACCURACY: 0.9844
EPOCH: 2/2 | BATCH: 60/1054 | BATCH LOSS: 0.0388 | BATCH ACCURACY: 1.0000
EPOCH: 2/2 | BATCH: 61/1054 | BATCH LOSS: 0.1763 | BATCH ACCURACY: 0.9531
EPOCH: 2/2 | BATCH: 62/1054 | BATCH LOSS: 0.1383 | BATCH ACCURACY: 0.9531
EPOCH: 2/2 | BATCH: 63/1054 | BATCH LOSS: 0.0271 | BATCH ACCURACY: 1.0000
EPOCH: 2/2 | BATCH: 64/1054 | BATCH LOSS: 0.2404 | BATCH ACCURACY: 0.9375
EPOCH: 2/2 | BATCH: 65/1054 | BATCH LOSS: 0.0459 | BATCH ACCURACY: 0.9688
EPOCH: 2/2 | BATCH: 66/1054 | BATCH LOSS: 0.1588 | BATCH ACCURACY: 0.9219
EPOCH: 2/2 | BATCH: 67/1054 | BATCH LOSS: 0.0482 | BATCH ACCURACY: 1.0000
EPOCH: 2/2 | BATCH: 68/1054 | BATCH LOSS: 0.0623 | BATCH ACCURACY: 0.9844
EPOCH: 2/2 | BATCH: 69/1054 | BATCH LOSS: 0.0489 | BATCH ACCURACY: 1.0000
EPOCH: 2/2 | BATCH: 70/1054 | BATCH LOSS: 0.0541 | BATCH ACCURACY: 0.9844
EPOCH: 2/2 | BATCH: 71/1054 | BATCH LOSS: 0.2005 | BATCH ACCURACY: 0.9375
EPOCH: 2/2 | BATCH: 72/1054 | BATCH LOSS: 0.0486 | BATCH ACCURACY: 0.9844
EPOCH: 2/2 | BATCH: 73/1054 | BATCH LOSS: 0.1114 | BATCH ACCURACY: 0.9688
EPOCH: 2/2 | BATCH: 74/1054 | BATCH LOSS: 0.0248 | BATCH ACCURACY: 1.0000
EPOCH: 2/2 | BATCH: 75/1054 | BATCH LOSS: 0.0459 | BATCH ACCURACY: 1.0000
EPOCH: 2/2 | BATCH: 76/1054 | BATCH LOSS: 0.0467 | BATCH ACCURACY: 0.9844
EPOCH: 2/2 | BATCH: 77/1054 | BATCH LOSS: 0.0505 | BATCH ACCURACY: 0.9844
EPOCH: 2/2 | BATCH: 78/1054 | BATCH LOSS: 0.2515 | BATCH ACCURACY: 0.9688
EPOCH: 2/2 | BATCH: 79/1054 | BATCH LOSS: 0.3010 | BATCH ACCURACY: 0.9219
EPOCH: 2/2 | BATCH: 80/1054 | BATCH LOSS: 0.1334 | BATCH ACCURACY: 0.9688
EPOCH: 2/2 | BATCH: 81/1054 | BATCH LOSS: 0.0955 | BATCH ACCURACY: 0.9531
EPOCH: 2/2 | BATCH: 82/1054 | BATCH LOSS: 0.1042 | BATCH ACCURACY: 0.9844
EPOCH: 2/2 | BATCH: 83/1054 | BATCH LOSS: 0.0667 | BATCH ACCURACY: 0.9844
EPOCH: 2/2 | BATCH: 84/1054 | BATCH LOSS: 0.0506 | BATCH ACCURACY: 1.0000
EPOCH: 2/2 | BATCH: 85/1054 | BATCH LOSS: 0.1067 | BATCH ACCURACY: 0.9688
EPOCH: 2/2 | BATCH: 86/1054 | BATCH LOSS: 0.0264 | BATCH ACCURACY: 1.0000
EPOCH: 2/2 | BATCH: 87/1054 | BATCH LOSS: 0.0698 | BATCH ACCURACY: 0.9531
EPOCH: 2/2 | BATCH: 88/1054 | BATCH LOSS: 0.0302 | BATCH ACCURACY: 0.9844
EPOCH: 2/2 | BATCH: 89/1054 | BATCH LOSS: 0.0703 | BATCH ACCURACY: 0.9844
EPOCH: 2/2 | BATCH: 90/1054 | BATCH LOSS: 0.1947 | BATCH ACCURACY: 0.9531
EPOCH: 2/2 | BATCH: 91/1054 | BATCH LOSS: 0.1315 | BATCH ACCURACY: 0.8906
EPOCH: 2/2 | BATCH: 92/1054 | BATCH LOSS: 0.0122 | BATCH ACCURACY: 1.0000
EPOCH: 2/2 | BATCH: 93/1054 | BATCH LOSS: 0.0264 | BATCH ACCURACY: 0.9844
EPOCH: 2/2 | BATCH: 94/1054 | BATCH LOSS: 0.0091 | BATCH ACCURACY: 1.0000
EPOCH: 2/2 | BATCH: 95/1054 | BATCH LOSS: 0.2223 | BATCH ACCURACY: 0.9375
EPOCH: 2/2 | BATCH: 96/1054 | BATCH LOSS: 0.2458 | BATCH ACCURACY: 0.9531
EPOCH: 2/2 | BATCH: 97/1054 | BATCH LOSS: 0.0612 | BATCH ACCURACY: 0.9844
EPOCH: 2/2 | BATCH: 98/1054 | BATCH LOSS: 0.0716 | BATCH ACCURACY: 0.9688
EPOCH: 2/2 | BATCH: 99/1054 | BATCH LOSS: 0.0922 | BATCH ACCURACY: 0.9375
EPOCH: 2/2 | BATCH: 100/1054 | BATCH LOSS: 0.0832 | BATCH ACCURACY: 0.9844
EPOCH: 2/2 | BATCH: 101/1054 | BATCH LOSS: 0.1339 | BATCH ACCURACY: 0.9844
EPOCH: 2/2 | BATCH: 102/1054 | BATCH LOSS: 0.1337 | BATCH ACCURACY: 0.9688
EPOCH: 2/2 | BATCH: 103/1054 | BATCH LOSS: 0.1863 | BATCH ACCURACY: 0.9531
EPOCH: 2/2 | BATCH: 104/1054 | BATCH LOSS: 0.0869 | BATCH ACCURACY: 0.9688
EPOCH: 2/2 | BATCH: 105/1054 | BATCH LOSS: 0.1446 | BATCH ACCURACY: 0.9531
EPOCH: 2/2 | BATCH: 106/1054 | BATCH LOSS: 0.0706 | BATCH ACCURACY: 0.9844
EPOCH: 2/2 | BATCH: 107/1054 | BATCH LOSS: 0.0436 | BATCH ACCURACY: 1.0000
EPOCH: 2/2 | BATCH: 108/1054 | BATCH LOSS: 0.1072 | BATCH ACCURACY: 0.9531
EPOCH: 2/2 | BATCH: 109/1054 | BATCH LOSS: 0.0478 | BATCH ACCURACY: 0.9844
EPOCH: 2/2 | BATCH: 110/1054 | BATCH LOSS: 0.0497 | BATCH ACCURACY: 0.9688
EPOCH: 2/2 | BATCH: 111/1054 | BATCH LOSS: 0.1358 | BATCH ACCURACY: 0.9688
EPOCH: 2/2 | BATCH: 112/1054 | BATCH LOSS: 0.0989 | BATCH ACCURACY: 0.9688
EPOCH: 2/2 | BATCH: 113/1054 | BATCH LOSS: 0.0351 | BATCH ACCURACY: 1.0000
EPOCH: 2/2 | BATCH: 114/1054 | BATCH LOSS: 0.0895 | BATCH ACCURACY: 0.9219
EPOCH: 2/2 | BATCH: 115/1054 | BATCH LOSS: 0.0889 | BATCH ACCURACY: 0.9375
EPOCH: 2/2 | BATCH: 116/1054 | BATCH LOSS: 0.0716 | BATCH ACCURACY: 0.9688
EPOCH: 2/2 | BATCH: 117/1054 | BATCH LOSS: 0.0256 | BATCH ACCURACY: 1.0000
EPOCH: 2/2 | BATCH: 118/1054 | BATCH LOSS: 0.0686 | BATCH ACCURACY: 0.9531
EPOCH: 2/2 | BATCH: 119/1054 | BATCH LOSS: 0.1531 | BATCH ACCURACY: 0.9531
EPOCH: 2/2 | BATCH: 120/1054 | BATCH LOSS: 0.2144 | BATCH ACCURACY: 0.9531
EPOCH: 2/2 | BATCH: 121/1054 | BATCH LOSS: 0.1948 | BATCH ACCURACY: 0.9531
EPOCH: 2/2 | BATCH: 122/1054 | BATCH LOSS: 0.1733 | BATCH ACCURACY: 0.9531
EPOCH: 2/2 | BATCH: 123/1054 | BATCH LOSS: 0.0719 | BATCH ACCURACY: 0.9844
EPOCH: 2/2 | BATCH: 124/1054 | BATCH LOSS: 0.1322 | BATCH ACCURACY: 0.9531
EPOCH: 2/2 | BATCH: 125/1054 | BATCH LOSS: 0.0521 | BATCH ACCURACY: 1.0000
EPOCH: 2/2 | BATCH: 126/1054 | BATCH LOSS: 0.0511 | BATCH ACCURACY: 1.0000
EPOCH: 2/2 | BATCH: 127/1054 | BATCH LOSS: 0.0423 | BATCH ACCURACY: 1.0000
EPOCH: 2/2 | BATCH: 128/1054 | BATCH LOSS: 0.1805 | BATCH ACCURACY: 0.9844
EPOCH: 2/2 | BATCH: 129/1054 | BATCH LOSS: 0.0380 | BATCH ACCURACY: 1.0000
EPOCH: 2/2 | BATCH: 130/1054 | BATCH LOSS: 0.0157 | BATCH ACCURACY: 1.0000
EPOCH: 2/2 | BATCH: 131/1054 | BATCH LOSS: 0.1720 | BATCH ACCURACY: 0.9531
EPOCH: 2/2 | BATCH: 132/1054 | BATCH LOSS: 0.1103 | BATCH ACCURACY: 0.9531
EPOCH: 2/2 | BATCH: 133/1054 | BATCH LOSS: 0.0327 | BATCH ACCURACY: 1.0000
EPOCH: 2/2 | BATCH: 134/1054 | BATCH LOSS: 0.1122 | BATCH ACCURACY: 0.9688
EPOCH: 2/2 | BATCH: 135/1054 | BATCH LOSS: 0.1424 | BATCH ACCURACY: 0.9375
EPOCH: 2/2 | BATCH: 136/1054 | BATCH LOSS: 0.0792 | BATCH ACCURACY: 0.9688
EPOCH: 2/2 | BATCH: 137/1054 | BATCH LOSS: 0.0284 | BATCH ACCURACY: 1.0000
EPOCH: 2/2 | BATCH: 138/1054 | BATCH LOSS: 0.1829 | BATCH ACCURACY: 0.9375
EPOCH: 2/2 | BATCH: 139/1054 | BATCH LOSS: 0.1042 | BATCH ACCURACY: 0.9688
EPOCH: 2/2 | BATCH: 140/1054 | BATCH LOSS: 0.1525 | BATCH ACCURACY: 0.9688
EPOCH: 2/2 | BATCH: 141/1054 | BATCH LOSS: 0.1105 | BATCH ACCURACY: 0.9531
EPOCH: 2/2 | BATCH: 142/1054 | BATCH LOSS: 0.1289 | BATCH ACCURACY: 0.9531
EPOCH: 2/2 | BATCH: 143/1054 | BATCH LOSS: 0.0644 | BATCH ACCURACY: 0.9844
EPOCH: 2/2 | BATCH: 144/1054 | BATCH LOSS: 0.0608 | BATCH ACCURACY: 0.9844
EPOCH: 2/2 | BATCH: 145/1054 | BATCH LOSS: 0.0315 | BATCH ACCURACY: 0.9844
EPOCH: 2/2 | BATCH: 146/1054 | BATCH LOSS: 0.0918 | BATCH ACCURACY: 0.9688
EPOCH: 2/2 | BATCH: 147/1054 | BATCH LOSS: 0.0707 | BATCH ACCURACY: 0.9844
EPOCH: 2/2 | BATCH: 148/1054 | BATCH LOSS: 0.0749 | BATCH ACCURACY: 0.9688
EPOCH: 2/2 | BATCH: 149/1054 | BATCH LOSS: 0.0467 | BATCH ACCURACY: 0.9688
EPOCH: 2/2 | BATCH: 150/1054 | BATCH LOSS: 0.0414 | BATCH ACCURACY: 0.9688
EPOCH: 2/2 | BATCH: 151/1054 | BATCH LOSS: 0.0869 | BATCH ACCURACY: 0.9688
EPOCH: 2/2 | BATCH: 152/1054 | BATCH LOSS: 0.0541 | BATCH ACCURACY: 0.9844
EPOCH: 2/2 | BATCH: 153/1054 | BATCH LOSS: 0.2576 | BATCH ACCURACY: 0.9531
EPOCH: 2/2 | BATCH: 154/1054 | BATCH LOSS: 0.0625 | BATCH ACCURACY: 0.9688
EPOCH: 2/2 | BATCH: 155/1054 | BATCH LOSS: 0.0811 | BATCH ACCURACY: 0.9688
EPOCH: 2/2 | BATCH: 156/1054 | BATCH LOSS: 0.0550 | BATCH ACCURACY: 0.9844
EPOCH: 2/2 | BATCH: 157/1054 | BATCH LOSS: 0.1188 | BATCH ACCURACY: 0.9375
EPOCH: 2/2 | BATCH: 158/1054 | BATCH LOSS: 0.0428 | BATCH ACCURACY: 0.9844
EPOCH: 2/2 | BATCH: 159/1054 | BATCH LOSS: 0.0466 | BATCH ACCURACY: 0.9844
EPOCH: 2/2 | BATCH: 160/1054 | BATCH LOSS: 0.1806 | BATCH ACCURACY: 0.9375
EPOCH: 2/2 | BATCH: 161/1054 | BATCH LOSS: 0.0303 | BATCH ACCURACY: 0.9844
EPOCH: 2/2 | BATCH: 162/1054 | BATCH LOSS: 0.0594 | BATCH ACCURACY: 0.9844
EPOCH: 2/2 | BATCH: 163/1054 | BATCH LOSS: 0.0170 | BATCH ACCURACY: 1.0000
EPOCH: 2/2 | BATCH: 164/1054 | BATCH LOSS: 0.3559 | BATCH ACCURACY: 0.9219
EPOCH: 2/2 | BATCH: 165/1054 | BATCH LOSS: 0.1959 | BATCH ACCURACY: 0.9219
EPOCH: 2/2 | BATCH: 166/1054 | BATCH LOSS: 0.0532 | BATCH ACCURACY: 0.9844
EPOCH: 2/2 | BATCH: 167/1054 | BATCH LOSS: 0.0658 | BATCH ACCURACY: 0.9844
EPOCH: 2/2 | BATCH: 168/1054 | BATCH LOSS: 0.1070 | BATCH ACCURACY: 0.9531
EPOCH: 2/2 | BATCH: 169/1054 | BATCH LOSS: 0.0556 | BATCH ACCURACY: 0.9844
EPOCH: 2/2 | BATCH: 170/1054 | BATCH LOSS: 0.1814 | BATCH ACCURACY: 0.9531
EPOCH: 2/2 | BATCH: 171/1054 | BATCH LOSS: 0.0910 | BATCH ACCURACY: 0.9688
EPOCH: 2/2 | BATCH: 172/1054 | BATCH LOSS: 0.0951 | BATCH ACCURACY: 0.9688
EPOCH: 2/2 | BATCH: 173/1054 | BATCH LOSS: 0.1350 | BATCH ACCURACY: 0.9531
EPOCH: 2/2 | BATCH: 174/1054 | BATCH LOSS: 0.0769 | BATCH ACCURACY: 0.9688
EPOCH: 2/2 | BATCH: 175/1054 | BATCH LOSS: 0.0926 | BATCH ACCURACY: 0.9688
EPOCH: 2/2 | BATCH: 176/1054 | BATCH LOSS: 0.0663 | BATCH ACCURACY: 0.9688
EPOCH: 2/2 | BATCH: 177/1054 | BATCH LOSS: 0.0599 | BATCH ACCURACY: 0.9531
EPOCH: 2/2 | BATCH: 178/1054 | BATCH LOSS: 0.0357 | BATCH ACCURACY: 0.9844
EPOCH: 2/2 | BATCH: 179/1054 | BATCH LOSS: 0.1381 | BATCH ACCURACY: 0.9688
EPOCH: 2/2 | BATCH: 180/1054 | BATCH LOSS: 0.0693 | BATCH ACCURACY: 0.9844
EPOCH: 2/2 | BATCH: 181/1054 | BATCH LOSS: 0.0604 | BATCH ACCURACY: 0.9688
EPOCH: 2/2 | BATCH: 182/1054 | BATCH LOSS: 0.0658 | BATCH ACCURACY: 0.9531
EPOCH: 2/2 | BATCH: 183/1054 | BATCH LOSS: 0.0592 | BATCH ACCURACY: 0.9844
EPOCH: 2/2 | BATCH: 184/1054 | BATCH LOSS: 0.1652 | BATCH ACCURACY: 0.9688
EPOCH: 2/2 | BATCH: 185/1054 | BATCH LOSS: 0.0766 | BATCH ACCURACY: 0.9688
EPOCH: 2/2 | BATCH: 186/1054 | BATCH LOSS: 0.0446 | BATCH ACCURACY: 0.9688
EPOCH: 2/2 | BATCH: 187/1054 | BATCH LOSS: 0.0958 | BATCH ACCURACY: 0.9531
EPOCH: 2/2 | BATCH: 188/1054 | BATCH LOSS: 0.1484 | BATCH ACCURACY: 0.9531
EPOCH: 2/2 | BATCH: 189/1054 | BATCH LOSS: 0.0477 | BATCH ACCURACY: 0.9844
EPOCH: 2/2 | BATCH: 190/1054 | BATCH LOSS: 0.2456 | BATCH ACCURACY: 0.9688
EPOCH: 2/2 | BATCH: 191/1054 | BATCH LOSS: 0.1029 | BATCH ACCURACY: 0.9688
EPOCH: 2/2 | BATCH: 192/1054 | BATCH LOSS: 0.1505 | BATCH ACCURACY: 0.9688
EPOCH: 2/2 | BATCH: 193/1054 | BATCH LOSS: 0.0647 | BATCH ACCURACY: 0.9688
EPOCH: 2/2 | BATCH: 194/1054 | BATCH LOSS: 0.0778 | BATCH ACCURACY: 0.9688
EPOCH: 2/2 | BATCH: 195/1054 | BATCH LOSS: 0.0383 | BATCH ACCURACY: 1.0000
EPOCH: 2/2 | BATCH: 196/1054 | BATCH LOSS: 0.0699 | BATCH ACCURACY: 0.9688
EPOCH: 2/2 | BATCH: 197/1054 | BATCH LOSS: 0.0503 | BATCH ACCURACY: 0.9844
EPOCH: 2/2 | BATCH: 198/1054 | BATCH LOSS: 0.1202 | BATCH ACCURACY: 0.9375
EPOCH: 2/2 | BATCH: 199/1054 | BATCH LOSS: 0.0759 | BATCH ACCURACY: 0.9844
EPOCH: 2/2 | BATCH: 200/1054 | BATCH LOSS: 0.0739 | BATCH ACCURACY: 0.9844
EPOCH: 2/2 | BATCH: 201/1054 | BATCH LOSS: 0.1247 | BATCH ACCURACY: 0.9688
EPOCH: 2/2 | BATCH: 202/1054 | BATCH LOSS: 0.1376 | BATCH ACCURACY: 0.9688
EPOCH: 2/2 | BATCH: 203/1054 | BATCH LOSS: 0.0915 | BATCH ACCURACY: 0.9531
EPOCH: 2/2 | BATCH: 204/1054 | BATCH LOSS: 0.0490 | BATCH ACCURACY: 1.0000
EPOCH: 2/2 | BATCH: 205/1054 | BATCH LOSS: 0.0132 | BATCH ACCURACY: 1.0000
EPOCH: 2/2 | BATCH: 206/1054 | BATCH LOSS: 0.0879 | BATCH ACCURACY: 0.9688
EPOCH: 2/2 | BATCH: 207/1054 | BATCH LOSS: 0.0414 | BATCH ACCURACY: 0.9844
EPOCH: 2/2 | BATCH: 208/1054 | BATCH LOSS: 0.2401 | BATCH ACCURACY: 0.9375
EPOCH: 2/2 | BATCH: 209/1054 | BATCH LOSS: 0.1490 | BATCH ACCURACY: 0.9531
EPOCH: 2/2 | BATCH: 210/1054 | BATCH LOSS: 0.1587 | BATCH ACCURACY: 0.9531
EPOCH: 2/2 | BATCH: 211/1054 | BATCH LOSS: 0.0482 | BATCH ACCURACY: 0.9844
EPOCH: 2/2 | BATCH: 212/1054 | BATCH LOSS: 0.0518 | BATCH ACCURACY: 0.9844
EPOCH: 2/2 | BATCH: 213/1054 | BATCH LOSS: 0.2270 | BATCH ACCURACY: 0.9375
EPOCH: 2/2 | BATCH: 214/1054 | BATCH LOSS: 0.0984 | BATCH ACCURACY: 0.9531
EPOCH: 2/2 | BATCH: 215/1054 | BATCH LOSS: 0.0745 | BATCH ACCURACY: 0.9844
EPOCH: 2/2 | BATCH: 216/1054 | BATCH LOSS: 0.0726 | BATCH ACCURACY: 0.9688
EPOCH: 2/2 | BATCH: 217/1054 | BATCH LOSS: 0.0340 | BATCH ACCURACY: 1.0000
EPOCH: 2/2 | BATCH: 218/1054 | BATCH LOSS: 0.0681 | BATCH ACCURACY: 0.9688
EPOCH: 2/2 | BATCH: 219/1054 | BATCH LOSS: 0.1532 | BATCH ACCURACY: 0.9219
EPOCH: 2/2 | BATCH: 220/1054 | BATCH LOSS: 0.1059 | BATCH ACCURACY: 0.9688
EPOCH: 2/2 | BATCH: 221/1054 | BATCH LOSS: 0.1237 | BATCH ACCURACY: 0.9688
EPOCH: 2/2 | BATCH: 222/1054 | BATCH LOSS: 0.0763 | BATCH ACCURACY: 0.9531
EPOCH: 2/2 | BATCH: 223/1054 | BATCH LOSS: 0.0574 | BATCH ACCURACY: 0.9844
EPOCH: 2/2 | BATCH: 224/1054 | BATCH LOSS: 0.0762 | BATCH ACCURACY: 0.9844
EPOCH: 2/2 | BATCH: 225/1054 | BATCH LOSS: 0.0749 | BATCH ACCURACY: 0.9688
EPOCH: 2/2 | BATCH: 226/1054 | BATCH LOSS: 0.1344 | BATCH ACCURACY: 0.9688
EPOCH: 2/2 | BATCH: 227/1054 | BATCH LOSS: 0.1384 | BATCH ACCURACY: 0.9375
EPOCH: 2/2 | BATCH: 228/1054 | BATCH LOSS: 0.0602 | BATCH ACCURACY: 0.9844
EPOCH: 2/2 | BATCH: 229/1054 | BATCH LOSS: 0.1622 | BATCH ACCURACY: 0.9688
EPOCH: 2/2 | BATCH: 230/1054 | BATCH LOSS: 0.0865 | BATCH ACCURACY: 0.9688
EPOCH: 2/2 | BATCH: 231/1054 | BATCH LOSS: 0.1362 | BATCH ACCURACY: 0.9375
EPOCH: 2/2 | BATCH: 232/1054 | BATCH LOSS: 0.0593 | BATCH ACCURACY: 0.9688
EPOCH: 2/2 | BATCH: 233/1054 | BATCH LOSS: 0.0981 | BATCH ACCURACY: 0.9688
EPOCH: 2/2 | BATCH: 234/1054 | BATCH LOSS: 0.0610 | BATCH ACCURACY: 0.9844
EPOCH: 2/2 | BATCH: 235/1054 | BATCH LOSS: 0.0801 | BATCH ACCURACY: 0.9531
EPOCH: 2/2 | BATCH: 236/1054 | BATCH LOSS: 0.1755 | BATCH ACCURACY: 0.9219
EPOCH: 2/2 | BATCH: 237/1054 | BATCH LOSS: 0.0653 | BATCH ACCURACY: 0.9688
EPOCH: 2/2 | BATCH: 238/1054 | BATCH LOSS: 0.1260 | BATCH ACCURACY: 0.9531
EPOCH: 2/2 | BATCH: 239/1054 | BATCH LOSS: 0.1601 | BATCH ACCURACY: 0.9531
EPOCH: 2/2 | BATCH: 240/1054 | BATCH LOSS: 0.0273 | BATCH ACCURACY: 1.0000
EPOCH: 2/2 | BATCH: 241/1054 | BATCH LOSS: 0.0513 | BATCH ACCURACY: 1.0000
EPOCH: 2/2 | BATCH: 242/1054 | BATCH LOSS: 0.1242 | BATCH ACCURACY: 0.9531
EPOCH: 2/2 | BATCH: 243/1054 | BATCH LOSS: 0.2377 | BATCH ACCURACY: 0.9375
EPOCH: 2/2 | BATCH: 244/1054 | BATCH LOSS: 0.1992 | BATCH ACCURACY: 0.9219
EPOCH: 2/2 | BATCH: 245/1054 | BATCH LOSS: 0.0792 | BATCH ACCURACY: 0.9688
EPOCH: 2/2 | BATCH: 246/1054 | BATCH LOSS: 0.1473 | BATCH ACCURACY: 0.9531
EPOCH: 2/2 | BATCH: 247/1054 | BATCH LOSS: 0.1303 | BATCH ACCURACY: 0.9531
EPOCH: 2/2 | BATCH: 248/1054 | BATCH LOSS: 0.0987 | BATCH ACCURACY: 0.9844
EPOCH: 2/2 | BATCH: 249/1054 | BATCH LOSS: 0.0674 | BATCH ACCURACY: 0.9844
EPOCH: 2/2 | BATCH: 250/1054 | BATCH LOSS: 0.1400 | BATCH ACCURACY: 0.9688
EPOCH: 2/2 | BATCH: 251/1054 | BATCH LOSS: 0.0569 | BATCH ACCURACY: 0.9688
EPOCH: 2/2 | BATCH: 252/1054 | BATCH LOSS: 0.4294 | BATCH ACCURACY: 0.9062
EPOCH: 2/2 | BATCH: 253/1054 | BATCH LOSS: 0.0094 | BATCH ACCURACY: 1.0000
EPOCH: 2/2 | BATCH: 254/1054 | BATCH LOSS: 0.0728 | BATCH ACCURACY: 0.9688
EPOCH: 2/2 | BATCH: 255/1054 | BATCH LOSS: 0.0157 | BATCH ACCURACY: 1.0000
EPOCH: 2/2 | BATCH: 256/1054 | BATCH LOSS: 0.1225 | BATCH ACCURACY: 0.9375
EPOCH: 2/2 | BATCH: 257/1054 | BATCH LOSS: 0.1288 | BATCH ACCURACY: 0.9531
EPOCH: 2/2 | BATCH: 258/1054 | BATCH LOSS: 0.0377 | BATCH ACCURACY: 1.0000
EPOCH: 2/2 | BATCH: 259/1054 | BATCH LOSS: 0.1423 | BATCH ACCURACY: 0.9531
EPOCH: 2/2 | BATCH: 260/1054 | BATCH LOSS: 0.0687 | BATCH ACCURACY: 0.9688
EPOCH: 2/2 | BATCH: 261/1054 | BATCH LOSS: 0.1274 | BATCH ACCURACY: 0.9688
EPOCH: 2/2 | BATCH: 262/1054 | BATCH LOSS: 0.1133 | BATCH ACCURACY: 0.9688
EPOCH: 2/2 | BATCH: 263/1054 | BATCH LOSS: 0.1938 | BATCH ACCURACY: 0.9531
EPOCH: 2/2 | BATCH: 264/1054 | BATCH LOSS: 0.1087 | BATCH ACCURACY: 0.9531
EPOCH: 2/2 | BATCH: 265/1054 | BATCH LOSS: 0.1465 | BATCH ACCURACY: 0.9375
EPOCH: 2/2 | BATCH: 266/1054 | BATCH LOSS: 0.1475 | BATCH ACCURACY: 0.9688
EPOCH: 2/2 | BATCH: 267/1054 | BATCH LOSS: 0.1565 | BATCH ACCURACY: 0.9375
EPOCH: 2/2 | BATCH: 268/1054 | BATCH LOSS: 0.1513 | BATCH ACCURACY: 0.9375
EPOCH: 2/2 | BATCH: 269/1054 | BATCH LOSS: 0.0706 | BATCH ACCURACY: 0.9844
EPOCH: 2/2 | BATCH: 270/1054 | BATCH LOSS: 0.1302 | BATCH ACCURACY: 0.9688
EPOCH: 2/2 | BATCH: 271/1054 | BATCH LOSS: 0.0853 | BATCH ACCURACY: 0.9844
EPOCH: 2/2 | BATCH: 272/1054 | BATCH LOSS: 0.0554 | BATCH ACCURACY: 0.9688
EPOCH: 2/2 | BATCH: 273/1054 | BATCH LOSS: 0.0496 | BATCH ACCURACY: 1.0000
EPOCH: 2/2 | BATCH: 274/1054 | BATCH LOSS: 0.0184 | BATCH ACCURACY: 1.0000
EPOCH: 2/2 | BATCH: 275/1054 | BATCH LOSS: 0.0386 | BATCH ACCURACY: 0.9844
EPOCH: 2/2 | BATCH: 276/1054 | BATCH LOSS: 0.0453 | BATCH ACCURACY: 0.9688
EPOCH: 2/2 | BATCH: 277/1054 | BATCH LOSS: 0.0018 | BATCH ACCURACY: 1.0000
EPOCH: 2/2 | BATCH: 278/1054 | BATCH LOSS: 0.0088 | BATCH ACCURACY: 1.0000
EPOCH: 2/2 | BATCH: 279/1054 | BATCH LOSS: 0.0104 | BATCH ACCURACY: 1.0000
EPOCH: 2/2 | BATCH: 280/1054 | BATCH LOSS: 0.3163 | BATCH ACCURACY: 0.9531
EPOCH: 2/2 | BATCH: 281/1054 | BATCH LOSS: 0.0989 | BATCH ACCURACY: 0.9844
EPOCH: 2/2 | BATCH: 282/1054 | BATCH LOSS: 0.0903 | BATCH ACCURACY: 0.9688
EPOCH: 2/2 | BATCH: 283/1054 | BATCH LOSS: 0.2736 | BATCH ACCURACY: 0.9375
EPOCH: 2/2 | BATCH: 284/1054 | BATCH LOSS: 0.0505 | BATCH ACCURACY: 0.9688
EPOCH: 2/2 | BATCH: 285/1054 | BATCH LOSS: 0.1000 | BATCH ACCURACY: 0.9531
EPOCH: 2/2 | BATCH: 286/1054 | BATCH LOSS: 0.1091 | BATCH ACCURACY: 0.9688
EPOCH: 2/2 | BATCH: 287/1054 | BATCH LOSS: 0.1833 | BATCH ACCURACY: 0.9375
EPOCH: 2/2 | BATCH: 288/1054 | BATCH LOSS: 0.1163 | BATCH ACCURACY: 0.9688
EPOCH: 2/2 | BATCH: 289/1054 | BATCH LOSS: 0.1826 | BATCH ACCURACY: 0.9375
EPOCH: 2/2 | BATCH: 290/1054 | BATCH LOSS: 0.0572 | BATCH ACCURACY: 1.0000
EPOCH: 2/2 | BATCH: 291/1054 | BATCH LOSS: 0.0725 | BATCH ACCURACY: 0.9844
EPOCH: 2/2 | BATCH: 292/1054 | BATCH LOSS: 0.1142 | BATCH ACCURACY: 0.9844
EPOCH: 2/2 | BATCH: 293/1054 | BATCH LOSS: 0.0915 | BATCH ACCURACY: 0.9844
EPOCH: 2/2 | BATCH: 294/1054 | BATCH LOSS: 0.0750 | BATCH ACCURACY: 0.9688
EPOCH: 2/2 | BATCH: 295/1054 | BATCH LOSS: 0.3219 | BATCH ACCURACY: 0.8750
EPOCH: 2/2 | BATCH: 296/1054 | BATCH LOSS: 0.0546 | BATCH ACCURACY: 0.9844
EPOCH: 2/2 | BATCH: 297/1054 | BATCH LOSS: 0.0436 | BATCH ACCURACY: 0.9844
EPOCH: 2/2 | BATCH: 298/1054 | BATCH LOSS: 0.0972 | BATCH ACCURACY: 0.9531
EPOCH: 2/2 | BATCH: 299/1054 | BATCH LOSS: 0.0668 | BATCH ACCURACY: 0.9688
EPOCH: 2/2 | BATCH: 300/1054 | BATCH LOSS: 0.1267 | BATCH ACCURACY: 0.9531
EPOCH: 2/2 | BATCH: 301/1054 | BATCH LOSS: 0.0342 | BATCH ACCURACY: 0.9844
EPOCH: 2/2 | BATCH: 302/1054 | BATCH LOSS: 0.0738 | BATCH ACCURACY: 0.9844
EPOCH: 2/2 | BATCH: 303/1054 | BATCH LOSS: 0.0416 | BATCH ACCURACY: 0.9688
EPOCH: 2/2 | BATCH: 304/1054 | BATCH LOSS: 0.0753 | BATCH ACCURACY: 0.9531
EPOCH: 2/2 | BATCH: 305/1054 | BATCH LOSS: 0.1493 | BATCH ACCURACY: 0.9531
EPOCH: 2/2 | BATCH: 306/1054 | BATCH LOSS: 0.0646 | BATCH ACCURACY: 0.9688
EPOCH: 2/2 | BATCH: 307/1054 | BATCH LOSS: 0.0494 | BATCH ACCURACY: 0.9688
EPOCH: 2/2 | BATCH: 308/1054 | BATCH LOSS: 0.2136 | BATCH ACCURACY: 0.9688
EPOCH: 2/2 | BATCH: 309/1054 | BATCH LOSS: 0.0171 | BATCH ACCURACY: 1.0000
EPOCH: 2/2 | BATCH: 310/1054 | BATCH LOSS: 0.3664 | BATCH ACCURACY: 0.8906
EPOCH: 2/2 | BATCH: 311/1054 | BATCH LOSS: 0.0617 | BATCH ACCURACY: 0.9688
EPOCH: 2/2 | BATCH: 312/1054 | BATCH LOSS: 0.0415 | BATCH ACCURACY: 0.9844
EPOCH: 2/2 | BATCH: 313/1054 | BATCH LOSS: 0.0370 | BATCH ACCURACY: 0.9844
EPOCH: 2/2 | BATCH: 314/1054 | BATCH LOSS: 0.0197 | BATCH ACCURACY: 1.0000
EPOCH: 2/2 | BATCH: 315/1054 | BATCH LOSS: 0.0709 | BATCH ACCURACY: 0.9844
EPOCH: 2/2 | BATCH: 316/1054 | BATCH LOSS: 0.0904 | BATCH ACCURACY: 0.9844
EPOCH: 2/2 | BATCH: 317/1054 | BATCH LOSS: 0.0960 | BATCH ACCURACY: 0.9375
EPOCH: 2/2 | BATCH: 318/1054 | BATCH LOSS: 0.1227 | BATCH ACCURACY: 0.9531
EPOCH: 2/2 | BATCH: 319/1054 | BATCH LOSS: 0.0655 | BATCH ACCURACY: 0.9844
EPOCH: 2/2 | BATCH: 320/1054 | BATCH LOSS: 0.0198 | BATCH ACCURACY: 1.0000
EPOCH: 2/2 | BATCH: 321/1054 | BATCH LOSS: 0.1530 | BATCH ACCURACY: 0.9688
EPOCH: 2/2 | BATCH: 322/1054 | BATCH LOSS: 0.0586 | BATCH ACCURACY: 0.9844
EPOCH: 2/2 | BATCH: 323/1054 | BATCH LOSS: 0.1263 | BATCH ACCURACY: 0.9688
EPOCH: 2/2 | BATCH: 324/1054 | BATCH LOSS: 0.0198 | BATCH ACCURACY: 1.0000
EPOCH: 2/2 | BATCH: 325/1054 | BATCH LOSS: 0.1121 | BATCH ACCURACY: 0.9688
EPOCH: 2/2 | BATCH: 326/1054 | BATCH LOSS: 0.0599 | BATCH ACCURACY: 0.9688
EPOCH: 2/2 | BATCH: 327/1054 | BATCH LOSS: 0.0831 | BATCH ACCURACY: 0.9531
EPOCH: 2/2 | BATCH: 328/1054 | BATCH LOSS: 0.0483 | BATCH ACCURACY: 0.9844
EPOCH: 2/2 | BATCH: 329/1054 | BATCH LOSS: 0.1399 | BATCH ACCURACY: 0.9531
EPOCH: 2/2 | BATCH: 330/1054 | BATCH LOSS: 0.1194 | BATCH ACCURACY: 0.9844
EPOCH: 2/2 | BATCH: 331/1054 | BATCH LOSS: 0.1272 | BATCH ACCURACY: 0.9375
EPOCH: 2/2 | BATCH: 332/1054 | BATCH LOSS: 0.1100 | BATCH ACCURACY: 0.9531
EPOCH: 2/2 | BATCH: 333/1054 | BATCH LOSS: 0.1719 | BATCH ACCURACY: 0.9688
EPOCH: 2/2 | BATCH: 334/1054 | BATCH LOSS: 0.0492 | BATCH ACCURACY: 0.9844
EPOCH: 2/2 | BATCH: 335/1054 | BATCH LOSS: 0.2677 | BATCH ACCURACY: 0.9531
EPOCH: 2/2 | BATCH: 336/1054 | BATCH LOSS: 0.1093 | BATCH ACCURACY: 0.9531
EPOCH: 2/2 | BATCH: 337/1054 | BATCH LOSS: 0.0730 | BATCH ACCURACY: 0.9844
EPOCH: 2/2 | BATCH: 338/1054 | BATCH LOSS: 0.1439 | BATCH ACCURACY: 0.9375
EPOCH: 2/2 | BATCH: 339/1054 | BATCH LOSS: 0.1404 | BATCH ACCURACY: 0.9375
EPOCH: 2/2 | BATCH: 340/1054 | BATCH LOSS: 0.1850 | BATCH ACCURACY: 0.9219
EPOCH: 2/2 | BATCH: 341/1054 | BATCH LOSS: 0.1599 | BATCH ACCURACY: 0.9531
EPOCH: 2/2 | BATCH: 342/1054 | BATCH LOSS: 0.1833 | BATCH ACCURACY: 0.9375
EPOCH: 2/2 | BATCH: 343/1054 | BATCH LOSS: 0.0686 | BATCH ACCURACY: 0.9688
EPOCH: 2/2 | BATCH: 344/1054 | BATCH LOSS: 0.2271 | BATCH ACCURACY: 0.9375
EPOCH: 2/2 | BATCH: 345/1054 | BATCH LOSS: 0.0350 | BATCH ACCURACY: 1.0000
EPOCH: 2/2 | BATCH: 346/1054 | BATCH LOSS: 0.1262 | BATCH ACCURACY: 0.9375
EPOCH: 2/2 | BATCH: 347/1054 | BATCH LOSS: 0.0512 | BATCH ACCURACY: 1.0000
EPOCH: 2/2 | BATCH: 348/1054 | BATCH LOSS: 0.0924 | BATCH ACCURACY: 0.9531
EPOCH: 2/2 | BATCH: 349/1054 | BATCH LOSS: 0.0452 | BATCH ACCURACY: 0.9844
EPOCH: 2/2 | BATCH: 350/1054 | BATCH LOSS: 0.1755 | BATCH ACCURACY: 0.9531
EPOCH: 2/2 | BATCH: 351/1054 | BATCH LOSS: 0.0830 | BATCH ACCURACY: 0.9844
EPOCH: 2/2 | BATCH: 352/1054 | BATCH LOSS: 0.0410 | BATCH ACCURACY: 0.9844
EPOCH: 2/2 | BATCH: 353/1054 | BATCH LOSS: 0.0249 | BATCH ACCURACY: 1.0000
EPOCH: 2/2 | BATCH: 354/1054 | BATCH LOSS: 0.1118 | BATCH ACCURACY: 0.9688
EPOCH: 2/2 | BATCH: 355/1054 | BATCH LOSS: 0.2157 | BATCH ACCURACY: 0.9375
EPOCH: 2/2 | BATCH: 356/1054 | BATCH LOSS: 0.0483 | BATCH ACCURACY: 0.9688
EPOCH: 2/2 | BATCH: 357/1054 | BATCH LOSS: 0.0436 | BATCH ACCURACY: 0.9844
EPOCH: 2/2 | BATCH: 358/1054 | BATCH LOSS: 0.0264 | BATCH ACCURACY: 1.0000
EPOCH: 2/2 | BATCH: 359/1054 | BATCH LOSS: 0.0513 | BATCH ACCURACY: 0.9844
EPOCH: 2/2 | BATCH: 360/1054 | BATCH LOSS: 0.0569 | BATCH ACCURACY: 0.9688
EPOCH: 2/2 | BATCH: 361/1054 | BATCH LOSS: 0.1027 | BATCH ACCURACY: 0.9688
EPOCH: 2/2 | BATCH: 362/1054 | BATCH LOSS: 0.0490 | BATCH ACCURACY: 0.9688
EPOCH: 2/2 | BATCH: 363/1054 | BATCH LOSS: 0.0580 | BATCH ACCURACY: 0.9688
EPOCH: 2/2 | BATCH: 364/1054 | BATCH LOSS: 0.0278 | BATCH ACCURACY: 0.9844
EPOCH: 2/2 | BATCH: 365/1054 | BATCH LOSS: 0.0436 | BATCH ACCURACY: 0.9688
EPOCH: 2/2 | BATCH: 366/1054 | BATCH LOSS: 0.0594 | BATCH ACCURACY: 0.9844
EPOCH: 2/2 | BATCH: 367/1054 | BATCH LOSS: 0.2049 | BATCH ACCURACY: 0.9375
EPOCH: 2/2 | BATCH: 368/1054 | BATCH LOSS: 0.0561 | BATCH ACCURACY: 0.9844
EPOCH: 2/2 | BATCH: 369/1054 | BATCH LOSS: 0.0233 | BATCH ACCURACY: 0.9844
EPOCH: 2/2 | BATCH: 370/1054 | BATCH LOSS: 0.1022 | BATCH ACCURACY: 0.9531
EPOCH: 2/2 | BATCH: 371/1054 | BATCH LOSS: 0.0080 | BATCH ACCURACY: 1.0000
EPOCH: 2/2 | BATCH: 372/1054 | BATCH LOSS: 0.0550 | BATCH ACCURACY: 0.9844
EPOCH: 2/2 | BATCH: 373/1054 | BATCH LOSS: 0.0219 | BATCH ACCURACY: 1.0000
EPOCH: 2/2 | BATCH: 374/1054 | BATCH LOSS: 0.1689 | BATCH ACCURACY: 0.9688
EPOCH: 2/2 | BATCH: 375/1054 | BATCH LOSS: 0.0232 | BATCH ACCURACY: 1.0000
EPOCH: 2/2 | BATCH: 376/1054 | BATCH LOSS: 0.0644 | BATCH ACCURACY: 0.9688
EPOCH: 2/2 | BATCH: 377/1054 | BATCH LOSS: 0.0450 | BATCH ACCURACY: 0.9844
EPOCH: 2/2 | BATCH: 378/1054 | BATCH LOSS: 0.0404 | BATCH ACCURACY: 0.9844
EPOCH: 2/2 | BATCH: 379/1054 | BATCH LOSS: 0.0832 | BATCH ACCURACY: 0.9531
EPOCH: 2/2 | BATCH: 380/1054 | BATCH LOSS: 0.1784 | BATCH ACCURACY: 0.9688
EPOCH: 2/2 | BATCH: 381/1054 | BATCH LOSS: 0.0186 | BATCH ACCURACY: 1.0000
EPOCH: 2/2 | BATCH: 382/1054 | BATCH LOSS: 0.1239 | BATCH ACCURACY: 0.9688
EPOCH: 2/2 | BATCH: 383/1054 | BATCH LOSS: 0.1681 | BATCH ACCURACY: 0.9531
EPOCH: 2/2 | BATCH: 384/1054 | BATCH LOSS: 0.3639 | BATCH ACCURACY: 0.9375
EPOCH: 2/2 | BATCH: 385/1054 | BATCH LOSS: 0.1051 | BATCH ACCURACY: 0.9688
EPOCH: 2/2 | BATCH: 386/1054 | BATCH LOSS: 0.1094 | BATCH ACCURACY: 0.9688
EPOCH: 2/2 | BATCH: 387/1054 | BATCH LOSS: 0.0665 | BATCH ACCURACY: 1.0000
EPOCH: 2/2 | BATCH: 388/1054 | BATCH LOSS: 0.1277 | BATCH ACCURACY: 0.9688
EPOCH: 2/2 | BATCH: 389/1054 | BATCH LOSS: 0.1037 | BATCH ACCURACY: 0.9531
EPOCH: 2/2 | BATCH: 390/1054 | BATCH LOSS: 0.1020 | BATCH ACCURACY: 0.9844
EPOCH: 2/2 | BATCH: 391/1054 | BATCH LOSS: 0.0747 | BATCH ACCURACY: 0.9688
EPOCH: 2/2 | BATCH: 392/1054 | BATCH LOSS: 0.1061 | BATCH ACCURACY: 0.9531
EPOCH: 2/2 | BATCH: 393/1054 | BATCH LOSS: 0.2554 | BATCH ACCURACY: 0.9062
EPOCH: 2/2 | BATCH: 394/1054 | BATCH LOSS: 0.0271 | BATCH ACCURACY: 0.9844
EPOCH: 2/2 | BATCH: 395/1054 | BATCH LOSS: 0.2719 | BATCH ACCURACY: 0.9531
EPOCH: 2/2 | BATCH: 396/1054 | BATCH LOSS: 0.0725 | BATCH ACCURACY: 0.9688
EPOCH: 2/2 | BATCH: 397/1054 | BATCH LOSS: 0.0746 | BATCH ACCURACY: 0.9688
EPOCH: 2/2 | BATCH: 398/1054 | BATCH LOSS: 0.0174 | BATCH ACCURACY: 1.0000
EPOCH: 2/2 | BATCH: 399/1054 | BATCH LOSS: 0.0209 | BATCH ACCURACY: 1.0000
EPOCH: 2/2 | BATCH: 400/1054 | BATCH LOSS: 0.0430 | BATCH ACCURACY: 0.9844
EPOCH: 2/2 | BATCH: 401/1054 | BATCH LOSS: 0.2864 | BATCH ACCURACY: 0.9375
EPOCH: 2/2 | BATCH: 402/1054 | BATCH LOSS: 0.1101 | BATCH ACCURACY: 0.9688
EPOCH: 2/2 | BATCH: 403/1054 | BATCH LOSS: 0.1408 | BATCH ACCURACY: 0.9531
EPOCH: 2/2 | BATCH: 404/1054 | BATCH LOSS: 0.0543 | BATCH ACCURACY: 0.9844
EPOCH: 2/2 | BATCH: 405/1054 | BATCH LOSS: 0.1676 | BATCH ACCURACY: 0.9531
EPOCH: 2/2 | BATCH: 406/1054 | BATCH LOSS: 0.1216 | BATCH ACCURACY: 0.9688
EPOCH: 2/2 | BATCH: 407/1054 | BATCH LOSS: 0.0491 | BATCH ACCURACY: 0.9688
EPOCH: 2/2 | BATCH: 408/1054 | BATCH LOSS: 0.1367 | BATCH ACCURACY: 0.9375
EPOCH: 2/2 | BATCH: 409/1054 | BATCH LOSS: 0.0145 | BATCH ACCURACY: 1.0000
EPOCH: 2/2 | BATCH: 410/1054 | BATCH LOSS: 0.0961 | BATCH ACCURACY: 0.9844
EPOCH: 2/2 | BATCH: 411/1054 | BATCH LOSS: 0.0229 | BATCH ACCURACY: 1.0000
EPOCH: 2/2 | BATCH: 412/1054 | BATCH LOSS: 0.0961 | BATCH ACCURACY: 0.9688
EPOCH: 2/2 | BATCH: 413/1054 | BATCH LOSS: 0.1546 | BATCH ACCURACY: 0.9688
EPOCH: 2/2 | BATCH: 414/1054 | BATCH LOSS: 0.0035 | BATCH ACCURACY: 1.0000
EPOCH: 2/2 | BATCH: 415/1054 | BATCH LOSS: 0.0129 | BATCH ACCURACY: 1.0000
EPOCH: 2/2 | BATCH: 416/1054 | BATCH LOSS: 0.0790 | BATCH ACCURACY: 0.9688
EPOCH: 2/2 | BATCH: 417/1054 | BATCH LOSS: 0.0741 | BATCH ACCURACY: 0.9844
EPOCH: 2/2 | BATCH: 418/1054 | BATCH LOSS: 0.1708 | BATCH ACCURACY: 0.9531
EPOCH: 2/2 | BATCH: 419/1054 | BATCH LOSS: 0.1836 | BATCH ACCURACY: 0.9688
EPOCH: 2/2 | BATCH: 420/1054 | BATCH LOSS: 0.2841 | BATCH ACCURACY: 0.9219
EPOCH: 2/2 | BATCH: 421/1054 | BATCH LOSS: 0.0469 | BATCH ACCURACY: 0.9844
EPOCH: 2/2 | BATCH: 422/1054 | BATCH LOSS: 0.1019 | BATCH ACCURACY: 0.9531
EPOCH: 2/2 | BATCH: 423/1054 | BATCH LOSS: 0.1096 | BATCH ACCURACY: 0.9844
EPOCH: 2/2 | BATCH: 424/1054 | BATCH LOSS: 0.1661 | BATCH ACCURACY: 0.9688
EPOCH: 2/2 | BATCH: 425/1054 | BATCH LOSS: 0.1917 | BATCH ACCURACY: 0.9375
EPOCH: 2/2 | BATCH: 426/1054 | BATCH LOSS: 0.1312 | BATCH ACCURACY: 0.9531
EPOCH: 2/2 | BATCH: 427/1054 | BATCH LOSS: 0.0677 | BATCH ACCURACY: 1.0000
EPOCH: 2/2 | BATCH: 428/1054 | BATCH LOSS: 0.0760 | BATCH ACCURACY: 0.9688
EPOCH: 2/2 | BATCH: 429/1054 | BATCH LOSS: 0.0948 | BATCH ACCURACY: 0.9375
EPOCH: 2/2 | BATCH: 430/1054 | BATCH LOSS: 0.0848 | BATCH ACCURACY: 0.9531
EPOCH: 2/2 | BATCH: 431/1054 | BATCH LOSS: 0.1204 | BATCH ACCURACY: 0.9688
EPOCH: 2/2 | BATCH: 432/1054 | BATCH LOSS: 0.0586 | BATCH ACCURACY: 0.9844
EPOCH: 2/2 | BATCH: 433/1054 | BATCH LOSS: 0.2339 | BATCH ACCURACY: 0.9375
EPOCH: 2/2 | BATCH: 434/1054 | BATCH LOSS: 0.1317 | BATCH ACCURACY: 0.9688
EPOCH: 2/2 | BATCH: 435/1054 | BATCH LOSS: 0.1026 | BATCH ACCURACY: 0.9688
EPOCH: 2/2 | BATCH: 436/1054 | BATCH LOSS: 0.0244 | BATCH ACCURACY: 1.0000
EPOCH: 2/2 | BATCH: 437/1054 | BATCH LOSS: 0.0790 | BATCH ACCURACY: 0.9688
EPOCH: 2/2 | BATCH: 438/1054 | BATCH LOSS: 0.1033 | BATCH ACCURACY: 0.9688
EPOCH: 2/2 | BATCH: 439/1054 | BATCH LOSS: 0.0833 | BATCH ACCURACY: 0.9844
EPOCH: 2/2 | BATCH: 440/1054 | BATCH LOSS: 0.1033 | BATCH ACCURACY: 0.9688
EPOCH: 2/2 | BATCH: 441/1054 | BATCH LOSS: 0.1722 | BATCH ACCURACY: 0.9375
EPOCH: 2/2 | BATCH: 442/1054 | BATCH LOSS: 0.0764 | BATCH ACCURACY: 0.9844
EPOCH: 2/2 | BATCH: 443/1054 | BATCH LOSS: 0.2072 | BATCH ACCURACY: 0.9531
EPOCH: 2/2 | BATCH: 444/1054 | BATCH LOSS: 0.0571 | BATCH ACCURACY: 0.9688
EPOCH: 2/2 | BATCH: 445/1054 | BATCH LOSS: 0.0530 | BATCH ACCURACY: 0.9844
EPOCH: 2/2 | BATCH: 446/1054 | BATCH LOSS: 0.0808 | BATCH ACCURACY: 0.9375
EPOCH: 2/2 | BATCH: 447/1054 | BATCH LOSS: 0.1109 | BATCH ACCURACY: 0.9688
EPOCH: 2/2 | BATCH: 448/1054 | BATCH LOSS: 0.0660 | BATCH ACCURACY: 0.9688
EPOCH: 2/2 | BATCH: 449/1054 | BATCH LOSS: 0.0846 | BATCH ACCURACY: 0.9688
EPOCH: 2/2 | BATCH: 450/1054 | BATCH LOSS: 0.1361 | BATCH ACCURACY: 0.9688
EPOCH: 2/2 | BATCH: 451/1054 | BATCH LOSS: 0.0919 | BATCH ACCURACY: 0.9844
EPOCH: 2/2 | BATCH: 452/1054 | BATCH LOSS: 0.0639 | BATCH ACCURACY: 0.9844
EPOCH: 2/2 | BATCH: 453/1054 | BATCH LOSS: 0.0593 | BATCH ACCURACY: 0.9844
EPOCH: 2/2 | BATCH: 454/1054 | BATCH LOSS: 0.0451 | BATCH ACCURACY: 0.9844
EPOCH: 2/2 | BATCH: 455/1054 | BATCH LOSS: 0.0919 | BATCH ACCURACY: 0.9531
EPOCH: 2/2 | BATCH: 456/1054 | BATCH LOSS: 0.0795 | BATCH ACCURACY: 0.9688
EPOCH: 2/2 | BATCH: 457/1054 | BATCH LOSS: 0.0994 | BATCH ACCURACY: 0.9375
EPOCH: 2/2 | BATCH: 458/1054 | BATCH LOSS: 0.1218 | BATCH ACCURACY: 0.9688
EPOCH: 2/2 | BATCH: 459/1054 | BATCH LOSS: 0.1134 | BATCH ACCURACY: 0.9531
EPOCH: 2/2 | BATCH: 460/1054 | BATCH LOSS: 0.1648 | BATCH ACCURACY: 0.9688
EPOCH: 2/2 | BATCH: 461/1054 | BATCH LOSS: 0.0777 | BATCH ACCURACY: 0.9688
EPOCH: 2/2 | BATCH: 462/1054 | BATCH LOSS: 0.0313 | BATCH ACCURACY: 0.9844
EPOCH: 2/2 | BATCH: 463/1054 | BATCH LOSS: 0.1286 | BATCH ACCURACY: 0.9844
EPOCH: 2/2 | BATCH: 464/1054 | BATCH LOSS: 0.1053 | BATCH ACCURACY: 0.9531
EPOCH: 2/2 | BATCH: 465/1054 | BATCH LOSS: 0.1128 | BATCH ACCURACY: 0.9531
EPOCH: 2/2 | BATCH: 466/1054 | BATCH LOSS: 0.0919 | BATCH ACCURACY: 0.9844
EPOCH: 2/2 | BATCH: 467/1054 | BATCH LOSS: 0.0922 | BATCH ACCURACY: 0.9688
EPOCH: 2/2 | BATCH: 468/1054 | BATCH LOSS: 0.0735 | BATCH ACCURACY: 0.9688
EPOCH: 2/2 | BATCH: 469/1054 | BATCH LOSS: 0.1420 | BATCH ACCURACY: 0.9531
EPOCH: 2/2 | BATCH: 470/1054 | BATCH LOSS: 0.0682 | BATCH ACCURACY: 0.9688
EPOCH: 2/2 | BATCH: 471/1054 | BATCH LOSS: 0.0704 | BATCH ACCURACY: 0.9688
EPOCH: 2/2 | BATCH: 472/1054 | BATCH LOSS: 0.0830 | BATCH ACCURACY: 0.9531
EPOCH: 2/2 | BATCH: 473/1054 | BATCH LOSS: 0.1199 | BATCH ACCURACY: 0.9531
EPOCH: 2/2 | BATCH: 474/1054 | BATCH LOSS: 0.1636 | BATCH ACCURACY: 0.9062
EPOCH: 2/2 | BATCH: 475/1054 | BATCH LOSS: 0.0673 | BATCH ACCURACY: 1.0000
EPOCH: 2/2 | BATCH: 476/1054 | BATCH LOSS: 0.0451 | BATCH ACCURACY: 0.9844
EPOCH: 2/2 | BATCH: 477/1054 | BATCH LOSS: 0.0457 | BATCH ACCURACY: 0.9844
EPOCH: 2/2 | BATCH: 478/1054 | BATCH LOSS: 0.1315 | BATCH ACCURACY: 0.9844
EPOCH: 2/2 | BATCH: 479/1054 | BATCH LOSS: 0.1549 | BATCH ACCURACY: 0.9688
EPOCH: 2/2 | BATCH: 480/1054 | BATCH LOSS: 0.0269 | BATCH ACCURACY: 0.9844
EPOCH: 2/2 | BATCH: 481/1054 | BATCH LOSS: 0.0464 | BATCH ACCURACY: 0.9844
EPOCH: 2/2 | BATCH: 482/1054 | BATCH LOSS: 0.0345 | BATCH ACCURACY: 0.9844
EPOCH: 2/2 | BATCH: 483/1054 | BATCH LOSS: 0.0622 | BATCH ACCURACY: 0.9844
EPOCH: 2/2 | BATCH: 484/1054 | BATCH LOSS: 0.0443 | BATCH ACCURACY: 0.9844
EPOCH: 2/2 | BATCH: 485/1054 | BATCH LOSS: 0.0995 | BATCH ACCURACY: 0.9844
EPOCH: 2/2 | BATCH: 486/1054 | BATCH LOSS: 0.1307 | BATCH ACCURACY: 0.9688
EPOCH: 2/2 | BATCH: 487/1054 | BATCH LOSS: 0.0348 | BATCH ACCURACY: 0.9844
EPOCH: 2/2 | BATCH: 488/1054 | BATCH LOSS: 0.0378 | BATCH ACCURACY: 0.9844
EPOCH: 2/2 | BATCH: 489/1054 | BATCH LOSS: 0.1893 | BATCH ACCURACY: 0.9375
EPOCH: 2/2 | BATCH: 490/1054 | BATCH LOSS: 0.0449 | BATCH ACCURACY: 0.9688
EPOCH: 2/2 | BATCH: 491/1054 | BATCH LOSS: 0.1667 | BATCH ACCURACY: 0.9531
EPOCH: 2/2 | BATCH: 492/1054 | BATCH LOSS: 0.1911 | BATCH ACCURACY: 0.9375
EPOCH: 2/2 | BATCH: 493/1054 | BATCH LOSS: 0.0115 | BATCH ACCURACY: 1.0000
EPOCH: 2/2 | BATCH: 494/1054 | BATCH LOSS: 0.0865 | BATCH ACCURACY: 0.9531
EPOCH: 2/2 | BATCH: 495/1054 | BATCH LOSS: 0.0887 | BATCH ACCURACY: 0.9688
EPOCH: 2/2 | BATCH: 496/1054 | BATCH LOSS: 0.0342 | BATCH ACCURACY: 1.0000
EPOCH: 2/2 | BATCH: 497/1054 | BATCH LOSS: 0.0573 | BATCH ACCURACY: 0.9688
EPOCH: 2/2 | BATCH: 498/1054 | BATCH LOSS: 0.1450 | BATCH ACCURACY: 0.9219
EPOCH: 2/2 | BATCH: 499/1054 | BATCH LOSS: 0.0436 | BATCH ACCURACY: 0.9844
EPOCH: 2/2 | BATCH: 500/1054 | BATCH LOSS: 0.0627 | BATCH ACCURACY: 0.9688
EPOCH: 2/2 | BATCH: 501/1054 | BATCH LOSS: 0.0635 | BATCH ACCURACY: 0.9844
EPOCH: 2/2 | BATCH: 502/1054 | BATCH LOSS: 0.1190 | BATCH ACCURACY: 0.9531
EPOCH: 2/2 | BATCH: 503/1054 | BATCH LOSS: 0.0676 | BATCH ACCURACY: 0.9844
EPOCH: 2/2 | BATCH: 504/1054 | BATCH LOSS: 0.0525 | BATCH ACCURACY: 0.9844
EPOCH: 2/2 | BATCH: 505/1054 | BATCH LOSS: 0.0975 | BATCH ACCURACY: 0.9531
EPOCH: 2/2 | BATCH: 506/1054 | BATCH LOSS: 0.0668 | BATCH ACCURACY: 0.9688
EPOCH: 2/2 | BATCH: 507/1054 | BATCH LOSS: 0.0517 | BATCH ACCURACY: 0.9688
EPOCH: 2/2 | BATCH: 508/1054 | BATCH LOSS: 0.0306 | BATCH ACCURACY: 0.9844
EPOCH: 2/2 | BATCH: 509/1054 | BATCH LOSS: 0.0427 | BATCH ACCURACY: 0.9844
EPOCH: 2/2 | BATCH: 510/1054 | BATCH LOSS: 0.0900 | BATCH ACCURACY: 0.9844
EPOCH: 2/2 | BATCH: 511/1054 | BATCH LOSS: 0.1971 | BATCH ACCURACY: 0.9531
EPOCH: 2/2 | BATCH: 512/1054 | BATCH LOSS: 0.0370 | BATCH ACCURACY: 1.0000
EPOCH: 2/2 | BATCH: 513/1054 | BATCH LOSS: 0.0568 | BATCH ACCURACY: 0.9844
EPOCH: 2/2 | BATCH: 514/1054 | BATCH LOSS: 0.0868 | BATCH ACCURACY: 0.9688
EPOCH: 2/2 | BATCH: 515/1054 | BATCH LOSS: 0.0657 | BATCH ACCURACY: 0.9844
EPOCH: 2/2 | BATCH: 516/1054 | BATCH LOSS: 0.0506 | BATCH ACCURACY: 0.9844
EPOCH: 2/2 | BATCH: 517/1054 | BATCH LOSS: 0.0552 | BATCH ACCURACY: 0.9688
EPOCH: 2/2 | BATCH: 518/1054 | BATCH LOSS: 0.0725 | BATCH ACCURACY: 0.9531
EPOCH: 2/2 | BATCH: 519/1054 | BATCH LOSS: 0.1349 | BATCH ACCURACY: 0.9844
EPOCH: 2/2 | BATCH: 520/1054 | BATCH LOSS: 0.0109 | BATCH ACCURACY: 1.0000
EPOCH: 2/2 | BATCH: 521/1054 | BATCH LOSS: 0.0965 | BATCH ACCURACY: 0.9688
EPOCH: 2/2 | BATCH: 522/1054 | BATCH LOSS: 0.0343 | BATCH ACCURACY: 0.9844
EPOCH: 2/2 | BATCH: 523/1054 | BATCH LOSS: 0.0667 | BATCH ACCURACY: 0.9688
EPOCH: 2/2 | BATCH: 524/1054 | BATCH LOSS: 0.1037 | BATCH ACCURACY: 0.9688
EPOCH: 2/2 | BATCH: 525/1054 | BATCH LOSS: 0.0373 | BATCH ACCURACY: 0.9844
EPOCH: 2/2 | BATCH: 526/1054 | BATCH LOSS: 0.1373 | BATCH ACCURACY: 0.9531
EPOCH: 2/2 | BATCH: 527/1054 | BATCH LOSS: 0.1987 | BATCH ACCURACY: 0.9531
EPOCH: 2/2 | BATCH: 528/1054 | BATCH LOSS: 0.2076 | BATCH ACCURACY: 0.9375
EPOCH: 2/2 | BATCH: 529/1054 | BATCH LOSS: 0.0936 | BATCH ACCURACY: 1.0000
EPOCH: 2/2 | BATCH: 530/1054 | BATCH LOSS: 0.1404 | BATCH ACCURACY: 0.9375
EPOCH: 2/2 | BATCH: 531/1054 | BATCH LOSS: 0.1444 | BATCH ACCURACY: 0.9688
EPOCH: 2/2 | BATCH: 532/1054 | BATCH LOSS: 0.1561 | BATCH ACCURACY: 0.9688
EPOCH: 2/2 | BATCH: 533/1054 | BATCH LOSS: 0.0547 | BATCH ACCURACY: 0.9844
EPOCH: 2/2 | BATCH: 534/1054 | BATCH LOSS: 0.0803 | BATCH ACCURACY: 0.9688
EPOCH: 2/2 | BATCH: 535/1054 | BATCH LOSS: 0.2440 | BATCH ACCURACY: 0.9375
EPOCH: 2/2 | BATCH: 536/1054 | BATCH LOSS: 0.0134 | BATCH ACCURACY: 1.0000
EPOCH: 2/2 | BATCH: 537/1054 | BATCH LOSS: 0.0952 | BATCH ACCURACY: 0.9844
EPOCH: 2/2 | BATCH: 538/1054 | BATCH LOSS: 0.1342 | BATCH ACCURACY: 0.9688
EPOCH: 2/2 | BATCH: 539/1054 | BATCH LOSS: 0.0941 | BATCH ACCURACY: 0.9688
EPOCH: 2/2 | BATCH: 540/1054 | BATCH LOSS: 0.0300 | BATCH ACCURACY: 0.9844
EPOCH: 2/2 | BATCH: 541/1054 | BATCH LOSS: 0.1064 | BATCH ACCURACY: 0.9688
EPOCH: 2/2 | BATCH: 542/1054 | BATCH LOSS: 0.0917 | BATCH ACCURACY: 0.9688
EPOCH: 2/2 | BATCH: 543/1054 | BATCH LOSS: 0.0276 | BATCH ACCURACY: 1.0000
EPOCH: 2/2 | BATCH: 544/1054 | BATCH LOSS: 0.0967 | BATCH ACCURACY: 0.9688
EPOCH: 2/2 | BATCH: 545/1054 | BATCH LOSS: 0.0379 | BATCH ACCURACY: 1.0000
EPOCH: 2/2 | BATCH: 546/1054 | BATCH LOSS: 0.0543 | BATCH ACCURACY: 0.9844
EPOCH: 2/2 | BATCH: 547/1054 | BATCH LOSS: 0.0801 | BATCH ACCURACY: 0.9844
EPOCH: 2/2 | BATCH: 548/1054 | BATCH LOSS: 0.1282 | BATCH ACCURACY: 0.9688
EPOCH: 2/2 | BATCH: 549/1054 | BATCH LOSS: 0.0239 | BATCH ACCURACY: 1.0000
EPOCH: 2/2 | BATCH: 550/1054 | BATCH LOSS: 0.0818 | BATCH ACCURACY: 0.9531
EPOCH: 2/2 | BATCH: 551/1054 | BATCH LOSS: 0.0141 | BATCH ACCURACY: 1.0000
EPOCH: 2/2 | BATCH: 552/1054 | BATCH LOSS: 0.0564 | BATCH ACCURACY: 0.9688
EPOCH: 2/2 | BATCH: 553/1054 | BATCH LOSS: 0.0338 | BATCH ACCURACY: 1.0000
EPOCH: 2/2 | BATCH: 554/1054 | BATCH LOSS: 0.0352 | BATCH ACCURACY: 1.0000
EPOCH: 2/2 | BATCH: 555/1054 | BATCH LOSS: 0.0714 | BATCH ACCURACY: 0.9688
EPOCH: 2/2 | BATCH: 556/1054 | BATCH LOSS: 0.1615 | BATCH ACCURACY: 0.9531
EPOCH: 2/2 | BATCH: 557/1054 | BATCH LOSS: 0.0401 | BATCH ACCURACY: 0.9844
EPOCH: 2/2 | BATCH: 558/1054 | BATCH LOSS: 0.1253 | BATCH ACCURACY: 0.9531
EPOCH: 2/2 | BATCH: 559/1054 | BATCH LOSS: 0.2331 | BATCH ACCURACY: 0.9375
EPOCH: 2/2 | BATCH: 560/1054 | BATCH LOSS: 0.0776 | BATCH ACCURACY: 0.9844
EPOCH: 2/2 | BATCH: 561/1054 | BATCH LOSS: 0.0448 | BATCH ACCURACY: 1.0000
EPOCH: 2/2 | BATCH: 562/1054 | BATCH LOSS: 0.0371 | BATCH ACCURACY: 0.9844
EPOCH: 2/2 | BATCH: 563/1054 | BATCH LOSS: 0.0975 | BATCH ACCURACY: 0.9531
EPOCH: 2/2 | BATCH: 564/1054 | BATCH LOSS: 0.0765 | BATCH ACCURACY: 0.9688
EPOCH: 2/2 | BATCH: 565/1054 | BATCH LOSS: 0.0312 | BATCH ACCURACY: 1.0000
EPOCH: 2/2 | BATCH: 566/1054 | BATCH LOSS: 0.0753 | BATCH ACCURACY: 0.9688
EPOCH: 2/2 | BATCH: 567/1054 | BATCH LOSS: 0.2040 | BATCH ACCURACY: 0.9375
EPOCH: 2/2 | BATCH: 568/1054 | BATCH LOSS: 0.0177 | BATCH ACCURACY: 1.0000
EPOCH: 2/2 | BATCH: 569/1054 | BATCH LOSS: 0.0837 | BATCH ACCURACY: 0.9688
EPOCH: 2/2 | BATCH: 570/1054 | BATCH LOSS: 0.0971 | BATCH ACCURACY: 0.9688
EPOCH: 2/2 | BATCH: 571/1054 | BATCH LOSS: 0.1805 | BATCH ACCURACY: 0.9219
EPOCH: 2/2 | BATCH: 572/1054 | BATCH LOSS: 0.0519 | BATCH ACCURACY: 0.9844
EPOCH: 2/2 | BATCH: 573/1054 | BATCH LOSS: 0.2449 | BATCH ACCURACY: 0.9531
EPOCH: 2/2 | BATCH: 574/1054 | BATCH LOSS: 0.1220 | BATCH ACCURACY: 0.9531
EPOCH: 2/2 | BATCH: 575/1054 | BATCH LOSS: 0.0719 | BATCH ACCURACY: 0.9844
EPOCH: 2/2 | BATCH: 576/1054 | BATCH LOSS: 0.0593 | BATCH ACCURACY: 0.9844
EPOCH: 2/2 | BATCH: 577/1054 | BATCH LOSS: 0.0839 | BATCH ACCURACY: 0.9688
EPOCH: 2/2 | BATCH: 578/1054 | BATCH LOSS: 0.0688 | BATCH ACCURACY: 0.9844
EPOCH: 2/2 | BATCH: 579/1054 | BATCH LOSS: 0.0769 | BATCH ACCURACY: 0.9688
EPOCH: 2/2 | BATCH: 580/1054 | BATCH LOSS: 0.0487 | BATCH ACCURACY: 0.9844
EPOCH: 2/2 | BATCH: 581/1054 | BATCH LOSS: 0.0354 | BATCH ACCURACY: 0.9844
EPOCH: 2/2 | BATCH: 582/1054 | BATCH LOSS: 0.2892 | BATCH ACCURACY: 0.9062
EPOCH: 2/2 | BATCH: 583/1054 | BATCH LOSS: 0.2055 | BATCH ACCURACY: 0.9219
EPOCH: 2/2 | BATCH: 584/1054 | BATCH LOSS: 0.1536 | BATCH ACCURACY: 0.9531
EPOCH: 2/2 | BATCH: 585/1054 | BATCH LOSS: 0.1004 | BATCH ACCURACY: 0.9844
EPOCH: 2/2 | BATCH: 586/1054 | BATCH LOSS: 0.0817 | BATCH ACCURACY: 0.9688
EPOCH: 2/2 | BATCH: 587/1054 | BATCH LOSS: 0.0514 | BATCH ACCURACY: 1.0000
EPOCH: 2/2 | BATCH: 588/1054 | BATCH LOSS: 0.1095 | BATCH ACCURACY: 0.9688
EPOCH: 2/2 | BATCH: 589/1054 | BATCH LOSS: 0.1273 | BATCH ACCURACY: 0.9844
EPOCH: 2/2 | BATCH: 590/1054 | BATCH LOSS: 0.0442 | BATCH ACCURACY: 0.9844
EPOCH: 2/2 | BATCH: 591/1054 | BATCH LOSS: 0.0445 | BATCH ACCURACY: 1.0000
EPOCH: 2/2 | BATCH: 592/1054 | BATCH LOSS: 0.0387 | BATCH ACCURACY: 1.0000
EPOCH: 2/2 | BATCH: 593/1054 | BATCH LOSS: 0.0611 | BATCH ACCURACY: 0.9688
EPOCH: 2/2 | BATCH: 594/1054 | BATCH LOSS: 0.1363 | BATCH ACCURACY: 0.9531
EPOCH: 2/2 | BATCH: 595/1054 | BATCH LOSS: 0.0267 | BATCH ACCURACY: 1.0000
EPOCH: 2/2 | BATCH: 596/1054 | BATCH LOSS: 0.0335 | BATCH ACCURACY: 1.0000
EPOCH: 2/2 | BATCH: 597/1054 | BATCH LOSS: 0.0550 | BATCH ACCURACY: 0.9688
EPOCH: 2/2 | BATCH: 598/1054 | BATCH LOSS: 0.0773 | BATCH ACCURACY: 0.9844
EPOCH: 2/2 | BATCH: 599/1054 | BATCH LOSS: 0.2120 | BATCH ACCURACY: 0.9531
EPOCH: 2/2 | BATCH: 600/1054 | BATCH LOSS: 0.2296 | BATCH ACCURACY: 0.9688
EPOCH: 2/2 | BATCH: 601/1054 | BATCH LOSS: 0.0231 | BATCH ACCURACY: 0.9844
EPOCH: 2/2 | BATCH: 602/1054 | BATCH LOSS: 0.0254 | BATCH ACCURACY: 0.9844
EPOCH: 2/2 | BATCH: 603/1054 | BATCH LOSS: 0.0359 | BATCH ACCURACY: 0.9844
EPOCH: 2/2 | BATCH: 604/1054 | BATCH LOSS: 0.0471 | BATCH ACCURACY: 0.9844
EPOCH: 2/2 | BATCH: 605/1054 | BATCH LOSS: 0.1536 | BATCH ACCURACY: 0.9375
EPOCH: 2/2 | BATCH: 606/1054 | BATCH LOSS: 0.1960 | BATCH ACCURACY: 0.9375
EPOCH: 2/2 | BATCH: 607/1054 | BATCH LOSS: 0.0901 | BATCH ACCURACY: 0.9688
EPOCH: 2/2 | BATCH: 608/1054 | BATCH LOSS: 0.0792 | BATCH ACCURACY: 0.9531
EPOCH: 2/2 | BATCH: 609/1054 | BATCH LOSS: 0.0386 | BATCH ACCURACY: 1.0000
EPOCH: 2/2 | BATCH: 610/1054 | BATCH LOSS: 0.0730 | BATCH ACCURACY: 0.9844
EPOCH: 2/2 | BATCH: 611/1054 | BATCH LOSS: 0.1103 | BATCH ACCURACY: 0.9688
EPOCH: 2/2 | BATCH: 612/1054 | BATCH LOSS: 0.1394 | BATCH ACCURACY: 0.9531
EPOCH: 2/2 | BATCH: 613/1054 | BATCH LOSS: 0.0320 | BATCH ACCURACY: 0.9844
EPOCH: 2/2 | BATCH: 614/1054 | BATCH LOSS: 0.1793 | BATCH ACCURACY: 0.9219
EPOCH: 2/2 | BATCH: 615/1054 | BATCH LOSS: 0.0568 | BATCH ACCURACY: 0.9844
EPOCH: 2/2 | BATCH: 616/1054 | BATCH LOSS: 0.0628 | BATCH ACCURACY: 0.9688
EPOCH: 2/2 | BATCH: 617/1054 | BATCH LOSS: 0.0573 | BATCH ACCURACY: 0.9844
EPOCH: 2/2 | BATCH: 618/1054 | BATCH LOSS: 0.0936 | BATCH ACCURACY: 0.9688
EPOCH: 2/2 | BATCH: 619/1054 | BATCH LOSS: 0.1801 | BATCH ACCURACY: 0.9219
EPOCH: 2/2 | BATCH: 620/1054 | BATCH LOSS: 0.1891 | BATCH ACCURACY: 0.9375
EPOCH: 2/2 | BATCH: 621/1054 | BATCH LOSS: 0.0555 | BATCH ACCURACY: 0.9844
EPOCH: 2/2 | BATCH: 622/1054 | BATCH LOSS: 0.0564 | BATCH ACCURACY: 0.9844
EPOCH: 2/2 | BATCH: 623/1054 | BATCH LOSS: 0.0420 | BATCH ACCURACY: 1.0000
EPOCH: 2/2 | BATCH: 624/1054 | BATCH LOSS: 0.1566 | BATCH ACCURACY: 0.9844
EPOCH: 2/2 | BATCH: 625/1054 | BATCH LOSS: 0.0976 | BATCH ACCURACY: 0.9844
EPOCH: 2/2 | BATCH: 626/1054 | BATCH LOSS: 0.1238 | BATCH ACCURACY: 0.9688
EPOCH: 2/2 | BATCH: 627/1054 | BATCH LOSS: 0.0952 | BATCH ACCURACY: 0.9844
EPOCH: 2/2 | BATCH: 628/1054 | BATCH LOSS: 0.0852 | BATCH ACCURACY: 0.9531
EPOCH: 2/2 | BATCH: 629/1054 | BATCH LOSS: 0.0622 | BATCH ACCURACY: 0.9688
EPOCH: 2/2 | BATCH: 630/1054 | BATCH LOSS: 0.0546 | BATCH ACCURACY: 0.9844
EPOCH: 2/2 | BATCH: 631/1054 | BATCH LOSS: 0.0295 | BATCH ACCURACY: 0.9844
EPOCH: 2/2 | BATCH: 632/1054 | BATCH LOSS: 0.0248 | BATCH ACCURACY: 0.9844
EPOCH: 2/2 | BATCH: 633/1054 | BATCH LOSS: 0.0134 | BATCH ACCURACY: 1.0000
EPOCH: 2/2 | BATCH: 634/1054 | BATCH LOSS: 0.1438 | BATCH ACCURACY: 0.9531
EPOCH: 2/2 | BATCH: 635/1054 | BATCH LOSS: 0.0464 | BATCH ACCURACY: 0.9688
EPOCH: 2/2 | BATCH: 636/1054 | BATCH LOSS: 0.1536 | BATCH ACCURACY: 0.9844
EPOCH: 2/2 | BATCH: 637/1054 | BATCH LOSS: 0.0585 | BATCH ACCURACY: 0.9844
EPOCH: 2/2 | BATCH: 638/1054 | BATCH LOSS: 0.0466 | BATCH ACCURACY: 0.9688
EPOCH: 2/2 | BATCH: 639/1054 | BATCH LOSS: 0.1252 | BATCH ACCURACY: 0.9688
EPOCH: 2/2 | BATCH: 640/1054 | BATCH LOSS: 0.1819 | BATCH ACCURACY: 0.9219
EPOCH: 2/2 | BATCH: 641/1054 | BATCH LOSS: 0.0415 | BATCH ACCURACY: 0.9688
EPOCH: 2/2 | BATCH: 642/1054 | BATCH LOSS: 0.0552 | BATCH ACCURACY: 0.9844
EPOCH: 2/2 | BATCH: 643/1054 | BATCH LOSS: 0.0149 | BATCH ACCURACY: 1.0000
EPOCH: 2/2 | BATCH: 644/1054 | BATCH LOSS: 0.0658 | BATCH ACCURACY: 0.9688
EPOCH: 2/2 | BATCH: 645/1054 | BATCH LOSS: 0.2054 | BATCH ACCURACY: 0.9375
EPOCH: 2/2 | BATCH: 646/1054 | BATCH LOSS: 0.1303 | BATCH ACCURACY: 0.9688
EPOCH: 2/2 | BATCH: 647/1054 | BATCH LOSS: 0.1156 | BATCH ACCURACY: 0.9688
EPOCH: 2/2 | BATCH: 648/1054 | BATCH LOSS: 0.0677 | BATCH ACCURACY: 0.9688
EPOCH: 2/2 | BATCH: 649/1054 | BATCH LOSS: 0.0978 | BATCH ACCURACY: 0.9531
EPOCH: 2/2 | BATCH: 650/1054 | BATCH LOSS: 0.1008 | BATCH ACCURACY: 0.9531
EPOCH: 2/2 | BATCH: 651/1054 | BATCH LOSS: 0.0687 | BATCH ACCURACY: 0.9688
EPOCH: 2/2 | BATCH: 652/1054 | BATCH LOSS: 0.1255 | BATCH ACCURACY: 0.9688
EPOCH: 2/2 | BATCH: 653/1054 | BATCH LOSS: 0.1064 | BATCH ACCURACY: 0.9688
EPOCH: 2/2 | BATCH: 654/1054 | BATCH LOSS: 0.0507 | BATCH ACCURACY: 0.9844
EPOCH: 2/2 | BATCH: 655/1054 | BATCH LOSS: 0.0702 | BATCH ACCURACY: 0.9844
EPOCH: 2/2 | BATCH: 656/1054 | BATCH LOSS: 0.0369 | BATCH ACCURACY: 0.9844
EPOCH: 2/2 | BATCH: 657/1054 | BATCH LOSS: 0.1541 | BATCH ACCURACY: 0.9688
EPOCH: 2/2 | BATCH: 658/1054 | BATCH LOSS: 0.0494 | BATCH ACCURACY: 0.9844
EPOCH: 2/2 | BATCH: 659/1054 | BATCH LOSS: 0.0663 | BATCH ACCURACY: 0.9844
EPOCH: 2/2 | BATCH: 660/1054 | BATCH LOSS: 0.2143 | BATCH ACCURACY: 0.9219
EPOCH: 2/2 | BATCH: 661/1054 | BATCH LOSS: 0.0811 | BATCH ACCURACY: 0.9688
EPOCH: 2/2 | BATCH: 662/1054 | BATCH LOSS: 0.1419 | BATCH ACCURACY: 0.9531
EPOCH: 2/2 | BATCH: 663/1054 | BATCH LOSS: 0.0775 | BATCH ACCURACY: 0.9688
EPOCH: 2/2 | BATCH: 664/1054 | BATCH LOSS: 0.0540 | BATCH ACCURACY: 1.0000
EPOCH: 2/2 | BATCH: 665/1054 | BATCH LOSS: 0.1081 | BATCH ACCURACY: 0.9531
EPOCH: 2/2 | BATCH: 666/1054 | BATCH LOSS: 0.0685 | BATCH ACCURACY: 0.9375
EPOCH: 2/2 | BATCH: 667/1054 | BATCH LOSS: 0.1113 | BATCH ACCURACY: 0.9531
EPOCH: 2/2 | BATCH: 668/1054 | BATCH LOSS: 0.0537 | BATCH ACCURACY: 0.9844
EPOCH: 2/2 | BATCH: 669/1054 | BATCH LOSS: 0.0930 | BATCH ACCURACY: 0.9844
EPOCH: 2/2 | BATCH: 670/1054 | BATCH LOSS: 0.1564 | BATCH ACCURACY: 0.9688
EPOCH: 2/2 | BATCH: 671/1054 | BATCH LOSS: 0.1518 | BATCH ACCURACY: 0.9688
EPOCH: 2/2 | BATCH: 672/1054 | BATCH LOSS: 0.2018 | BATCH ACCURACY: 0.9688
EPOCH: 2/2 | BATCH: 673/1054 | BATCH LOSS: 0.0582 | BATCH ACCURACY: 0.9844
EPOCH: 2/2 | BATCH: 674/1054 | BATCH LOSS: 0.0496 | BATCH ACCURACY: 0.9844
EPOCH: 2/2 | BATCH: 675/1054 | BATCH LOSS: 0.0885 | BATCH ACCURACY: 0.9688
EPOCH: 2/2 | BATCH: 676/1054 | BATCH LOSS: 0.0481 | BATCH ACCURACY: 1.0000
EPOCH: 2/2 | BATCH: 677/1054 | BATCH LOSS: 0.1756 | BATCH ACCURACY: 0.9219
EPOCH: 2/2 | BATCH: 678/1054 | BATCH LOSS: 0.0439 | BATCH ACCURACY: 0.9844
EPOCH: 2/2 | BATCH: 679/1054 | BATCH LOSS: 0.0922 | BATCH ACCURACY: 0.9531
EPOCH: 2/2 | BATCH: 680/1054 | BATCH LOSS: 0.0381 | BATCH ACCURACY: 1.0000
EPOCH: 2/2 | BATCH: 681/1054 | BATCH LOSS: 0.0264 | BATCH ACCURACY: 1.0000
EPOCH: 2/2 | BATCH: 682/1054 | BATCH LOSS: 0.0975 | BATCH ACCURACY: 0.9531
EPOCH: 2/2 | BATCH: 683/1054 | BATCH LOSS: 0.1040 | BATCH ACCURACY: 0.9531
EPOCH: 2/2 | BATCH: 684/1054 | BATCH LOSS: 0.1524 | BATCH ACCURACY: 0.9531
EPOCH: 2/2 | BATCH: 685/1054 | BATCH LOSS: 0.0257 | BATCH ACCURACY: 1.0000
EPOCH: 2/2 | BATCH: 686/1054 | BATCH LOSS: 0.0877 | BATCH ACCURACY: 0.9531
EPOCH: 2/2 | BATCH: 687/1054 | BATCH LOSS: 0.1298 | BATCH ACCURACY: 0.9688
EPOCH: 2/2 | BATCH: 688/1054 | BATCH LOSS: 0.1119 | BATCH ACCURACY: 0.9688
EPOCH: 2/2 | BATCH: 689/1054 | BATCH LOSS: 0.0467 | BATCH ACCURACY: 0.9844
EPOCH: 2/2 | BATCH: 690/1054 | BATCH LOSS: 0.0498 | BATCH ACCURACY: 0.9844
EPOCH: 2/2 | BATCH: 691/1054 | BATCH LOSS: 0.0894 | BATCH ACCURACY: 0.9688
EPOCH: 2/2 | BATCH: 692/1054 | BATCH LOSS: 0.0358 | BATCH ACCURACY: 1.0000
EPOCH: 2/2 | BATCH: 693/1054 | BATCH LOSS: 0.1113 | BATCH ACCURACY: 0.9688
EPOCH: 2/2 | BATCH: 694/1054 | BATCH LOSS: 0.0702 | BATCH ACCURACY: 0.9844
EPOCH: 2/2 | BATCH: 695/1054 | BATCH LOSS: 0.0265 | BATCH ACCURACY: 1.0000
EPOCH: 2/2 | BATCH: 696/1054 | BATCH LOSS: 0.0500 | BATCH ACCURACY: 0.9844
EPOCH: 2/2 | BATCH: 697/1054 | BATCH LOSS: 0.1779 | BATCH ACCURACY: 0.9375
EPOCH: 2/2 | BATCH: 698/1054 | BATCH LOSS: 0.0141 | BATCH ACCURACY: 1.0000
EPOCH: 2/2 | BATCH: 699/1054 | BATCH LOSS: 0.0206 | BATCH ACCURACY: 1.0000
EPOCH: 2/2 | BATCH: 700/1054 | BATCH LOSS: 0.1687 | BATCH ACCURACY: 0.9375
EPOCH: 2/2 | BATCH: 701/1054 | BATCH LOSS: 0.0376 | BATCH ACCURACY: 0.9688
EPOCH: 2/2 | BATCH: 702/1054 | BATCH LOSS: 0.1489 | BATCH ACCURACY: 0.9531
EPOCH: 2/2 | BATCH: 703/1054 | BATCH LOSS: 0.0548 | BATCH ACCURACY: 0.9688
EPOCH: 2/2 | BATCH: 704/1054 | BATCH LOSS: 0.1190 | BATCH ACCURACY: 0.9688
EPOCH: 2/2 | BATCH: 705/1054 | BATCH LOSS: 0.0213 | BATCH ACCURACY: 0.9844
EPOCH: 2/2 | BATCH: 706/1054 | BATCH LOSS: 0.1867 | BATCH ACCURACY: 0.9219
EPOCH: 2/2 | BATCH: 707/1054 | BATCH LOSS: 0.1004 | BATCH ACCURACY: 0.9688
EPOCH: 2/2 | BATCH: 708/1054 | BATCH LOSS: 0.0443 | BATCH ACCURACY: 0.9844
EPOCH: 2/2 | BATCH: 709/1054 | BATCH LOSS: 0.0484 | BATCH ACCURACY: 0.9844
EPOCH: 2/2 | BATCH: 710/1054 | BATCH LOSS: 0.0808 | BATCH ACCURACY: 0.9844
EPOCH: 2/2 | BATCH: 711/1054 | BATCH LOSS: 0.1509 | BATCH ACCURACY: 0.9688
EPOCH: 2/2 | BATCH: 712/1054 | BATCH LOSS: 0.0527 | BATCH ACCURACY: 0.9688
EPOCH: 2/2 | BATCH: 713/1054 | BATCH LOSS: 0.0669 | BATCH ACCURACY: 0.9844
EPOCH: 2/2 | BATCH: 714/1054 | BATCH LOSS: 0.1264 | BATCH ACCURACY: 0.9688
EPOCH: 2/2 | BATCH: 715/1054 | BATCH LOSS: 0.0422 | BATCH ACCURACY: 1.0000
EPOCH: 2/2 | BATCH: 716/1054 | BATCH LOSS: 0.0973 | BATCH ACCURACY: 0.9844
EPOCH: 2/2 | BATCH: 717/1054 | BATCH LOSS: 0.0599 | BATCH ACCURACY: 1.0000
EPOCH: 2/2 | BATCH: 718/1054 | BATCH LOSS: 0.0546 | BATCH ACCURACY: 0.9844
EPOCH: 2/2 | BATCH: 719/1054 | BATCH LOSS: 0.0504 | BATCH ACCURACY: 0.9844
EPOCH: 2/2 | BATCH: 720/1054 | BATCH LOSS: 0.1335 | BATCH ACCURACY: 0.9688
EPOCH: 2/2 | BATCH: 721/1054 | BATCH LOSS: 0.1972 | BATCH ACCURACY: 0.9531
EPOCH: 2/2 | BATCH: 722/1054 | BATCH LOSS: 0.1610 | BATCH ACCURACY: 0.9688
EPOCH: 2/2 | BATCH: 723/1054 | BATCH LOSS: 0.0427 | BATCH ACCURACY: 1.0000
EPOCH: 2/2 | BATCH: 724/1054 | BATCH LOSS: 0.1343 | BATCH ACCURACY: 0.9688
EPOCH: 2/2 | BATCH: 725/1054 | BATCH LOSS: 0.0822 | BATCH ACCURACY: 0.9688
EPOCH: 2/2 | BATCH: 726/1054 | BATCH LOSS: 0.2158 | BATCH ACCURACY: 0.9375
EPOCH: 2/2 | BATCH: 727/1054 | BATCH LOSS: 0.0593 | BATCH ACCURACY: 0.9844
EPOCH: 2/2 | BATCH: 728/1054 | BATCH LOSS: 0.1144 | BATCH ACCURACY: 0.9688
EPOCH: 2/2 | BATCH: 729/1054 | BATCH LOSS: 0.0388 | BATCH ACCURACY: 0.9688
EPOCH: 2/2 | BATCH: 730/1054 | BATCH LOSS: 0.0896 | BATCH ACCURACY: 0.9688
EPOCH: 2/2 | BATCH: 731/1054 | BATCH LOSS: 0.0025 | BATCH ACCURACY: 1.0000
EPOCH: 2/2 | BATCH: 732/1054 | BATCH LOSS: 0.0981 | BATCH ACCURACY: 0.9844
EPOCH: 2/2 | BATCH: 733/1054 | BATCH LOSS: 0.0038 | BATCH ACCURACY: 1.0000
EPOCH: 2/2 | BATCH: 734/1054 | BATCH LOSS: 0.0430 | BATCH ACCURACY: 0.9844
EPOCH: 2/2 | BATCH: 735/1054 | BATCH LOSS: 0.0660 | BATCH ACCURACY: 0.9688
EPOCH: 2/2 | BATCH: 736/1054 | BATCH LOSS: 0.1813 | BATCH ACCURACY: 0.9688
EPOCH: 2/2 | BATCH: 737/1054 | BATCH LOSS: 0.1046 | BATCH ACCURACY: 0.9844
EPOCH: 2/2 | BATCH: 738/1054 | BATCH LOSS: 0.1788 | BATCH ACCURACY: 0.9844
EPOCH: 2/2 | BATCH: 739/1054 | BATCH LOSS: 0.0789 | BATCH ACCURACY: 0.9688
EPOCH: 2/2 | BATCH: 740/1054 | BATCH LOSS: 0.1113 | BATCH ACCURACY: 0.9688
EPOCH: 2/2 | BATCH: 741/1054 | BATCH LOSS: 0.0889 | BATCH ACCURACY: 0.9844
EPOCH: 2/2 | BATCH: 742/1054 | BATCH LOSS: 0.1041 | BATCH ACCURACY: 0.9531
EPOCH: 2/2 | BATCH: 743/1054 | BATCH LOSS: 0.0822 | BATCH ACCURACY: 0.9688
EPOCH: 2/2 | BATCH: 744/1054 | BATCH LOSS: 0.1370 | BATCH ACCURACY: 0.9688
EPOCH: 2/2 | BATCH: 745/1054 | BATCH LOSS: 0.0327 | BATCH ACCURACY: 0.9844
EPOCH: 2/2 | BATCH: 746/1054 | BATCH LOSS: 0.1928 | BATCH ACCURACY: 0.9375
EPOCH: 2/2 | BATCH: 747/1054 | BATCH LOSS: 0.2625 | BATCH ACCURACY: 0.9375
EPOCH: 2/2 | BATCH: 748/1054 | BATCH LOSS: 0.0339 | BATCH ACCURACY: 0.9844
EPOCH: 2/2 | BATCH: 749/1054 | BATCH LOSS: 0.0149 | BATCH ACCURACY: 1.0000
EPOCH: 2/2 | BATCH: 750/1054 | BATCH LOSS: 0.0499 | BATCH ACCURACY: 0.9844
EPOCH: 2/2 | BATCH: 751/1054 | BATCH LOSS: 0.1216 | BATCH ACCURACY: 0.9688
EPOCH: 2/2 | BATCH: 752/1054 | BATCH LOSS: 0.0618 | BATCH ACCURACY: 0.9531
EPOCH: 2/2 | BATCH: 753/1054 | BATCH LOSS: 0.0797 | BATCH ACCURACY: 0.9688
EPOCH: 2/2 | BATCH: 754/1054 | BATCH LOSS: 0.0227 | BATCH ACCURACY: 1.0000
EPOCH: 2/2 | BATCH: 755/1054 | BATCH LOSS: 0.1041 | BATCH ACCURACY: 0.9375
EPOCH: 2/2 | BATCH: 756/1054 | BATCH LOSS: 0.0968 | BATCH ACCURACY: 0.9531
EPOCH: 2/2 | BATCH: 757/1054 | BATCH LOSS: 0.0788 | BATCH ACCURACY: 0.9844
EPOCH: 2/2 | BATCH: 758/1054 | BATCH LOSS: 0.0635 | BATCH ACCURACY: 0.9844
EPOCH: 2/2 | BATCH: 759/1054 | BATCH LOSS: 0.0812 | BATCH ACCURACY: 0.9688
EPOCH: 2/2 | BATCH: 760/1054 | BATCH LOSS: 0.0106 | BATCH ACCURACY: 1.0000
EPOCH: 2/2 | BATCH: 761/1054 | BATCH LOSS: 0.0702 | BATCH ACCURACY: 0.9688
EPOCH: 2/2 | BATCH: 762/1054 | BATCH LOSS: 0.2910 | BATCH ACCURACY: 0.9375
EPOCH: 2/2 | BATCH: 763/1054 | BATCH LOSS: 0.0926 | BATCH ACCURACY: 0.9531
EPOCH: 2/2 | BATCH: 764/1054 | BATCH LOSS: 0.0930 | BATCH ACCURACY: 0.9531
EPOCH: 2/2 | BATCH: 765/1054 | BATCH LOSS: 0.1151 | BATCH ACCURACY: 0.9688
EPOCH: 2/2 | BATCH: 766/1054 | BATCH LOSS: 0.0709 | BATCH ACCURACY: 1.0000
EPOCH: 2/2 | BATCH: 767/1054 | BATCH LOSS: 0.0665 | BATCH ACCURACY: 1.0000
EPOCH: 2/2 | BATCH: 768/1054 | BATCH LOSS: 0.0652 | BATCH ACCURACY: 0.9844
EPOCH: 2/2 | BATCH: 769/1054 | BATCH LOSS: 0.0283 | BATCH ACCURACY: 0.9844
EPOCH: 2/2 | BATCH: 770/1054 | BATCH LOSS: 0.1908 | BATCH ACCURACY: 0.9688
EPOCH: 2/2 | BATCH: 771/1054 | BATCH LOSS: 0.0468 | BATCH ACCURACY: 0.9844
EPOCH: 2/2 | BATCH: 772/1054 | BATCH LOSS: 0.0220 | BATCH ACCURACY: 1.0000
EPOCH: 2/2 | BATCH: 773/1054 | BATCH LOSS: 0.0061 | BATCH ACCURACY: 1.0000
EPOCH: 2/2 | BATCH: 774/1054 | BATCH LOSS: 0.0225 | BATCH ACCURACY: 0.9844
EPOCH: 2/2 | BATCH: 775/1054 | BATCH LOSS: 0.0610 | BATCH ACCURACY: 0.9844
EPOCH: 2/2 | BATCH: 776/1054 | BATCH LOSS: 0.0497 | BATCH ACCURACY: 0.9844
EPOCH: 2/2 | BATCH: 777/1054 | BATCH LOSS: 0.0527 | BATCH ACCURACY: 0.9844
EPOCH: 2/2 | BATCH: 778/1054 | BATCH LOSS: 0.1455 | BATCH ACCURACY: 0.9375
EPOCH: 2/2 | BATCH: 779/1054 | BATCH LOSS: 0.1300 | BATCH ACCURACY: 0.9688
EPOCH: 2/2 | BATCH: 780/1054 | BATCH LOSS: 0.2006 | BATCH ACCURACY: 0.9531
EPOCH: 2/2 | BATCH: 781/1054 | BATCH LOSS: 0.0668 | BATCH ACCURACY: 0.9688
EPOCH: 2/2 | BATCH: 782/1054 | BATCH LOSS: 0.0596 | BATCH ACCURACY: 0.9844
EPOCH: 2/2 | BATCH: 783/1054 | BATCH LOSS: 0.0945 | BATCH ACCURACY: 0.9844
EPOCH: 2/2 | BATCH: 784/1054 | BATCH LOSS: 0.0664 | BATCH ACCURACY: 0.9688
EPOCH: 2/2 | BATCH: 785/1054 | BATCH LOSS: 0.0760 | BATCH ACCURACY: 0.9688
EPOCH: 2/2 | BATCH: 786/1054 | BATCH LOSS: 0.0607 | BATCH ACCURACY: 0.9844
EPOCH: 2/2 | BATCH: 787/1054 | BATCH LOSS: 0.0242 | BATCH ACCURACY: 1.0000
EPOCH: 2/2 | BATCH: 788/1054 | BATCH LOSS: 0.0060 | BATCH ACCURACY: 1.0000
EPOCH: 2/2 | BATCH: 789/1054 | BATCH LOSS: 0.0786 | BATCH ACCURACY: 0.9688
EPOCH: 2/2 | BATCH: 790/1054 | BATCH LOSS: 0.0538 | BATCH ACCURACY: 0.9688
EPOCH: 2/2 | BATCH: 791/1054 | BATCH LOSS: 0.0160 | BATCH ACCURACY: 1.0000
EPOCH: 2/2 | BATCH: 792/1054 | BATCH LOSS: 0.0134 | BATCH ACCURACY: 1.0000
EPOCH: 2/2 | BATCH: 793/1054 | BATCH LOSS: 0.2219 | BATCH ACCURACY: 0.9062
EPOCH: 2/2 | BATCH: 794/1054 | BATCH LOSS: 0.3825 | BATCH ACCURACY: 0.8906
EPOCH: 2/2 | BATCH: 795/1054 | BATCH LOSS: 0.0841 | BATCH ACCURACY: 0.9844
EPOCH: 2/2 | BATCH: 796/1054 | BATCH LOSS: 0.0590 | BATCH ACCURACY: 0.9844
EPOCH: 2/2 | BATCH: 797/1054 | BATCH LOSS: 0.1261 | BATCH ACCURACY: 0.9688
EPOCH: 2/2 | BATCH: 798/1054 | BATCH LOSS: 0.2153 | BATCH ACCURACY: 0.8906
EPOCH: 2/2 | BATCH: 799/1054 | BATCH LOSS: 0.2183 | BATCH ACCURACY: 0.9375
EPOCH: 2/2 | BATCH: 800/1054 | BATCH LOSS: 0.2474 | BATCH ACCURACY: 0.9219
EPOCH: 2/2 | BATCH: 801/1054 | BATCH LOSS: 0.0892 | BATCH ACCURACY: 0.9688
EPOCH: 2/2 | BATCH: 802/1054 | BATCH LOSS: 0.1641 | BATCH ACCURACY: 0.9688
EPOCH: 2/2 | BATCH: 803/1054 | BATCH LOSS: 0.1719 | BATCH ACCURACY: 0.9688
EPOCH: 2/2 | BATCH: 804/1054 | BATCH LOSS: 0.1122 | BATCH ACCURACY: 0.9688
EPOCH: 2/2 | BATCH: 805/1054 | BATCH LOSS: 0.1073 | BATCH ACCURACY: 0.9531
EPOCH: 2/2 | BATCH: 806/1054 | BATCH LOSS: 0.1628 | BATCH ACCURACY: 0.9531
EPOCH: 2/2 | BATCH: 807/1054 | BATCH LOSS: 0.0553 | BATCH ACCURACY: 1.0000
EPOCH: 2/2 | BATCH: 808/1054 | BATCH LOSS: 0.0278 | BATCH ACCURACY: 1.0000
EPOCH: 2/2 | BATCH: 809/1054 | BATCH LOSS: 0.1722 | BATCH ACCURACY: 0.9375
EPOCH: 2/2 | BATCH: 810/1054 | BATCH LOSS: 0.0495 | BATCH ACCURACY: 0.9844
EPOCH: 2/2 | BATCH: 811/1054 | BATCH LOSS: 0.1880 | BATCH ACCURACY: 0.9688
EPOCH: 2/2 | BATCH: 812/1054 | BATCH LOSS: 0.0831 | BATCH ACCURACY: 0.9531
EPOCH: 2/2 | BATCH: 813/1054 | BATCH LOSS: 0.1517 | BATCH ACCURACY: 0.9531
EPOCH: 2/2 | BATCH: 814/1054 | BATCH LOSS: 0.1130 | BATCH ACCURACY: 0.9531
EPOCH: 2/2 | BATCH: 815/1054 | BATCH LOSS: 0.1632 | BATCH ACCURACY: 0.9531
EPOCH: 2/2 | BATCH: 816/1054 | BATCH LOSS: 0.0619 | BATCH ACCURACY: 1.0000
EPOCH: 2/2 | BATCH: 817/1054 | BATCH LOSS: 0.0415 | BATCH ACCURACY: 0.9844
EPOCH: 2/2 | BATCH: 818/1054 | BATCH LOSS: 0.1863 | BATCH ACCURACY: 0.9531
EPOCH: 2/2 | BATCH: 819/1054 | BATCH LOSS: 0.1351 | BATCH ACCURACY: 0.9531
EPOCH: 2/2 | BATCH: 820/1054 | BATCH LOSS: 0.0653 | BATCH ACCURACY: 0.9844
EPOCH: 2/2 | BATCH: 821/1054 | BATCH LOSS: 0.2151 | BATCH ACCURACY: 0.9375
EPOCH: 2/2 | BATCH: 822/1054 | BATCH LOSS: 0.1322 | BATCH ACCURACY: 0.9531
EPOCH: 2/2 | BATCH: 823/1054 | BATCH LOSS: 0.0656 | BATCH ACCURACY: 0.9688
EPOCH: 2/2 | BATCH: 824/1054 | BATCH LOSS: 0.0515 | BATCH ACCURACY: 0.9844
EPOCH: 2/2 | BATCH: 825/1054 | BATCH LOSS: 0.1294 | BATCH ACCURACY: 0.9531
EPOCH: 2/2 | BATCH: 826/1054 | BATCH LOSS: 0.0441 | BATCH ACCURACY: 1.0000
EPOCH: 2/2 | BATCH: 827/1054 | BATCH LOSS: 0.0493 | BATCH ACCURACY: 0.9844
EPOCH: 2/2 | BATCH: 828/1054 | BATCH LOSS: 0.0979 | BATCH ACCURACY: 0.9531
EPOCH: 2/2 | BATCH: 829/1054 | BATCH LOSS: 0.1146 | BATCH ACCURACY: 0.9219
EPOCH: 2/2 | BATCH: 830/1054 | BATCH LOSS: 0.1297 | BATCH ACCURACY: 0.9688
EPOCH: 2/2 | BATCH: 831/1054 | BATCH LOSS: 0.0236 | BATCH ACCURACY: 0.9844
EPOCH: 2/2 | BATCH: 832/1054 | BATCH LOSS: 0.0527 | BATCH ACCURACY: 0.9688
EPOCH: 2/2 | BATCH: 833/1054 | BATCH LOSS: 0.0294 | BATCH ACCURACY: 1.0000
EPOCH: 2/2 | BATCH: 834/1054 | BATCH LOSS: 0.0750 | BATCH ACCURACY: 0.9688
EPOCH: 2/2 | BATCH: 835/1054 | BATCH LOSS: 0.0821 | BATCH ACCURACY: 0.9844
EPOCH: 2/2 | BATCH: 836/1054 | BATCH LOSS: 0.0365 | BATCH ACCURACY: 1.0000
EPOCH: 2/2 | BATCH: 837/1054 | BATCH LOSS: 0.2058 | BATCH ACCURACY: 0.9531
EPOCH: 2/2 | BATCH: 838/1054 | BATCH LOSS: 0.0263 | BATCH ACCURACY: 0.9844
EPOCH: 2/2 | BATCH: 839/1054 | BATCH LOSS: 0.0649 | BATCH ACCURACY: 0.9844
EPOCH: 2/2 | BATCH: 840/1054 | BATCH LOSS: 0.0496 | BATCH ACCURACY: 0.9844
EPOCH: 2/2 | BATCH: 841/1054 | BATCH LOSS: 0.0093 | BATCH ACCURACY: 1.0000
EPOCH: 2/2 | BATCH: 842/1054 | BATCH LOSS: 0.1596 | BATCH ACCURACY: 0.9375
EPOCH: 2/2 | BATCH: 843/1054 | BATCH LOSS: 0.0530 | BATCH ACCURACY: 0.9844
EPOCH: 2/2 | BATCH: 844/1054 | BATCH LOSS: 0.0456 | BATCH ACCURACY: 0.9844
EPOCH: 2/2 | BATCH: 845/1054 | BATCH LOSS: 0.0228 | BATCH ACCURACY: 1.0000
EPOCH: 2/2 | BATCH: 846/1054 | BATCH LOSS: 0.1114 | BATCH ACCURACY: 0.9375
EPOCH: 2/2 | BATCH: 847/1054 | BATCH LOSS: 0.0385 | BATCH ACCURACY: 0.9844
EPOCH: 2/2 | BATCH: 848/1054 | BATCH LOSS: 0.0253 | BATCH ACCURACY: 0.9844
EPOCH: 2/2 | BATCH: 849/1054 | BATCH LOSS: 0.0224 | BATCH ACCURACY: 1.0000
EPOCH: 2/2 | BATCH: 850/1054 | BATCH LOSS: 0.0635 | BATCH ACCURACY: 0.9688
EPOCH: 2/2 | BATCH: 851/1054 | BATCH LOSS: 0.0269 | BATCH ACCURACY: 0.9844
EPOCH: 2/2 | BATCH: 852/1054 | BATCH LOSS: 0.0171 | BATCH ACCURACY: 1.0000
EPOCH: 2/2 | BATCH: 853/1054 | BATCH LOSS: 0.1363 | BATCH ACCURACY: 0.9531
EPOCH: 2/2 | BATCH: 854/1054 | BATCH LOSS: 0.1808 | BATCH ACCURACY: 0.9531
EPOCH: 2/2 | BATCH: 855/1054 | BATCH LOSS: 0.3163 | BATCH ACCURACY: 0.9375
EPOCH: 2/2 | BATCH: 856/1054 | BATCH LOSS: 0.1937 | BATCH ACCURACY: 0.9688
EPOCH: 2/2 | BATCH: 857/1054 | BATCH LOSS: 0.0516 | BATCH ACCURACY: 0.9844
EPOCH: 2/2 | BATCH: 858/1054 | BATCH LOSS: 0.1374 | BATCH ACCURACY: 0.9531
EPOCH: 2/2 | BATCH: 859/1054 | BATCH LOSS: 0.1357 | BATCH ACCURACY: 0.9688
EPOCH: 2/2 | BATCH: 860/1054 | BATCH LOSS: 0.1695 | BATCH ACCURACY: 0.9062
EPOCH: 2/2 | BATCH: 861/1054 | BATCH LOSS: 0.0911 | BATCH ACCURACY: 0.9844
EPOCH: 2/2 | BATCH: 862/1054 | BATCH LOSS: 0.1785 | BATCH ACCURACY: 0.9219
EPOCH: 2/2 | BATCH: 863/1054 | BATCH LOSS: 0.1022 | BATCH ACCURACY: 0.9844
EPOCH: 2/2 | BATCH: 864/1054 | BATCH LOSS: 0.0751 | BATCH ACCURACY: 0.9844
EPOCH: 2/2 | BATCH: 865/1054 | BATCH LOSS: 0.1643 | BATCH ACCURACY: 0.9375
EPOCH: 2/2 | BATCH: 866/1054 | BATCH LOSS: 0.0452 | BATCH ACCURACY: 0.9844
EPOCH: 2/2 | BATCH: 867/1054 | BATCH LOSS: 0.0844 | BATCH ACCURACY: 0.9688
EPOCH: 2/2 | BATCH: 868/1054 | BATCH LOSS: 0.1191 | BATCH ACCURACY: 0.9531
EPOCH: 2/2 | BATCH: 869/1054 | BATCH LOSS: 0.0835 | BATCH ACCURACY: 0.9844
EPOCH: 2/2 | BATCH: 870/1054 | BATCH LOSS: 0.0915 | BATCH ACCURACY: 0.9531
EPOCH: 2/2 | BATCH: 871/1054 | BATCH LOSS: 0.0953 | BATCH ACCURACY: 0.9844
EPOCH: 2/2 | BATCH: 872/1054 | BATCH LOSS: 0.0650 | BATCH ACCURACY: 0.9531
EPOCH: 2/2 | BATCH: 873/1054 | BATCH LOSS: 0.1029 | BATCH ACCURACY: 0.9688
EPOCH: 2/2 | BATCH: 874/1054 | BATCH LOSS: 0.1515 | BATCH ACCURACY: 0.9688
EPOCH: 2/2 | BATCH: 875/1054 | BATCH LOSS: 0.0820 | BATCH ACCURACY: 0.9531
EPOCH: 2/2 | BATCH: 876/1054 | BATCH LOSS: 0.0837 | BATCH ACCURACY: 0.9375
EPOCH: 2/2 | BATCH: 877/1054 | BATCH LOSS: 0.0513 | BATCH ACCURACY: 0.9844
EPOCH: 2/2 | BATCH: 878/1054 | BATCH LOSS: 0.0690 | BATCH ACCURACY: 0.9688
EPOCH: 2/2 | BATCH: 879/1054 | BATCH LOSS: 0.1300 | BATCH ACCURACY: 0.9688
EPOCH: 2/2 | BATCH: 880/1054 | BATCH LOSS: 0.0815 | BATCH ACCURACY: 0.9688
EPOCH: 2/2 | BATCH: 881/1054 | BATCH LOSS: 0.0483 | BATCH ACCURACY: 0.9844
EPOCH: 2/2 | BATCH: 882/1054 | BATCH LOSS: 0.1457 | BATCH ACCURACY: 0.9688
EPOCH: 2/2 | BATCH: 883/1054 | BATCH LOSS: 0.0322 | BATCH ACCURACY: 0.9844
EPOCH: 2/2 | BATCH: 884/1054 | BATCH LOSS: 0.1528 | BATCH ACCURACY: 0.9375
EPOCH: 2/2 | BATCH: 885/1054 | BATCH LOSS: 0.0348 | BATCH ACCURACY: 0.9844
EPOCH: 2/2 | BATCH: 886/1054 | BATCH LOSS: 0.2475 | BATCH ACCURACY: 0.9375
EPOCH: 2/2 | BATCH: 887/1054 | BATCH LOSS: 0.0413 | BATCH ACCURACY: 0.9844
EPOCH: 2/2 | BATCH: 888/1054 | BATCH LOSS: 0.0355 | BATCH ACCURACY: 1.0000
EPOCH: 2/2 | BATCH: 889/1054 | BATCH LOSS: 0.0476 | BATCH ACCURACY: 0.9688
EPOCH: 2/2 | BATCH: 890/1054 | BATCH LOSS: 0.0246 | BATCH ACCURACY: 1.0000
EPOCH: 2/2 | BATCH: 891/1054 | BATCH LOSS: 0.0729 | BATCH ACCURACY: 0.9844
EPOCH: 2/2 | BATCH: 892/1054 | BATCH LOSS: 0.0608 | BATCH ACCURACY: 0.9688
EPOCH: 2/2 | BATCH: 893/1054 | BATCH LOSS: 0.2044 | BATCH ACCURACY: 0.9375
EPOCH: 2/2 | BATCH: 894/1054 | BATCH LOSS: 0.1640 | BATCH ACCURACY: 0.9375
EPOCH: 2/2 | BATCH: 895/1054 | BATCH LOSS: 0.0843 | BATCH ACCURACY: 0.9688
EPOCH: 2/2 | BATCH: 896/1054 | BATCH LOSS: 0.0446 | BATCH ACCURACY: 0.9844
EPOCH: 2/2 | BATCH: 897/1054 | BATCH LOSS: 0.1365 | BATCH ACCURACY: 0.9531
EPOCH: 2/2 | BATCH: 898/1054 | BATCH LOSS: 0.0325 | BATCH ACCURACY: 0.9844
EPOCH: 2/2 | BATCH: 899/1054 | BATCH LOSS: 0.1329 | BATCH ACCURACY: 0.9688
EPOCH: 2/2 | BATCH: 900/1054 | BATCH LOSS: 0.0571 | BATCH ACCURACY: 0.9844
EPOCH: 2/2 | BATCH: 901/1054 | BATCH LOSS: 0.2324 | BATCH ACCURACY: 0.9219
EPOCH: 2/2 | BATCH: 902/1054 | BATCH LOSS: 0.0646 | BATCH ACCURACY: 0.9688
EPOCH: 2/2 | BATCH: 903/1054 | BATCH LOSS: 0.0379 | BATCH ACCURACY: 0.9844
EPOCH: 2/2 | BATCH: 904/1054 | BATCH LOSS: 0.0794 | BATCH ACCURACY: 0.9688
EPOCH: 2/2 | BATCH: 905/1054 | BATCH LOSS: 0.0571 | BATCH ACCURACY: 0.9688
EPOCH: 2/2 | BATCH: 906/1054 | BATCH LOSS: 0.0292 | BATCH ACCURACY: 1.0000
EPOCH: 2/2 | BATCH: 907/1054 | BATCH LOSS: 0.1079 | BATCH ACCURACY: 0.9375
EPOCH: 2/2 | BATCH: 908/1054 | BATCH LOSS: 0.0764 | BATCH ACCURACY: 0.9688
EPOCH: 2/2 | BATCH: 909/1054 | BATCH LOSS: 0.0205 | BATCH ACCURACY: 1.0000
EPOCH: 2/2 | BATCH: 910/1054 | BATCH LOSS: 0.1207 | BATCH ACCURACY: 0.9688
EPOCH: 2/2 | BATCH: 911/1054 | BATCH LOSS: 0.1644 | BATCH ACCURACY: 0.9531
EPOCH: 2/2 | BATCH: 912/1054 | BATCH LOSS: 0.0362 | BATCH ACCURACY: 0.9844
EPOCH: 2/2 | BATCH: 913/1054 | BATCH LOSS: 0.0635 | BATCH ACCURACY: 0.9688
EPOCH: 2/2 | BATCH: 914/1054 | BATCH LOSS: 0.0387 | BATCH ACCURACY: 0.9844
EPOCH: 2/2 | BATCH: 915/1054 | BATCH LOSS: 0.0728 | BATCH ACCURACY: 0.9688
EPOCH: 2/2 | BATCH: 916/1054 | BATCH LOSS: 0.0829 | BATCH ACCURACY: 0.9688
EPOCH: 2/2 | BATCH: 917/1054 | BATCH LOSS: 0.0757 | BATCH ACCURACY: 0.9844
EPOCH: 2/2 | BATCH: 918/1054 | BATCH LOSS: 0.1046 | BATCH ACCURACY: 0.9531
EPOCH: 2/2 | BATCH: 919/1054 | BATCH LOSS: 0.1180 | BATCH ACCURACY: 0.9531
EPOCH: 2/2 | BATCH: 920/1054 | BATCH LOSS: 0.1207 | BATCH ACCURACY: 0.9375
EPOCH: 2/2 | BATCH: 921/1054 | BATCH LOSS: 0.0339 | BATCH ACCURACY: 0.9844
EPOCH: 2/2 | BATCH: 922/1054 | BATCH LOSS: 0.0130 | BATCH ACCURACY: 1.0000
EPOCH: 2/2 | BATCH: 923/1054 | BATCH LOSS: 0.0484 | BATCH ACCURACY: 0.9844
EPOCH: 2/2 | BATCH: 924/1054 | BATCH LOSS: 0.0124 | BATCH ACCURACY: 0.9844
EPOCH: 2/2 | BATCH: 925/1054 | BATCH LOSS: 0.1175 | BATCH ACCURACY: 0.9688
EPOCH: 2/2 | BATCH: 926/1054 | BATCH LOSS: 0.0487 | BATCH ACCURACY: 0.9844
EPOCH: 2/2 | BATCH: 927/1054 | BATCH LOSS: 0.0137 | BATCH ACCURACY: 1.0000
EPOCH: 2/2 | BATCH: 928/1054 | BATCH LOSS: 0.0088 | BATCH ACCURACY: 1.0000
EPOCH: 2/2 | BATCH: 929/1054 | BATCH LOSS: 0.0323 | BATCH ACCURACY: 0.9844
EPOCH: 2/2 | BATCH: 930/1054 | BATCH LOSS: 0.3559 | BATCH ACCURACY: 0.9531
EPOCH: 2/2 | BATCH: 931/1054 | BATCH LOSS: 0.2839 | BATCH ACCURACY: 0.9531
EPOCH: 2/2 | BATCH: 932/1054 | BATCH LOSS: 0.1199 | BATCH ACCURACY: 0.9688
EPOCH: 2/2 | BATCH: 933/1054 | BATCH LOSS: 0.0351 | BATCH ACCURACY: 1.0000
EPOCH: 2/2 | BATCH: 934/1054 | BATCH LOSS: 0.1837 | BATCH ACCURACY: 0.9062
EPOCH: 2/2 | BATCH: 935/1054 | BATCH LOSS: 0.2689 | BATCH ACCURACY: 0.9062
EPOCH: 2/2 | BATCH: 936/1054 | BATCH LOSS: 0.2622 | BATCH ACCURACY: 0.8906
EPOCH: 2/2 | BATCH: 937/1054 | BATCH LOSS: 0.1298 | BATCH ACCURACY: 0.9844
EPOCH: 2/2 | BATCH: 938/1054 | BATCH LOSS: 0.1078 | BATCH ACCURACY: 0.9531
EPOCH: 2/2 | BATCH: 939/1054 | BATCH LOSS: 0.0865 | BATCH ACCURACY: 0.9531
EPOCH: 2/2 | BATCH: 940/1054 | BATCH LOSS: 0.0845 | BATCH ACCURACY: 0.9688
EPOCH: 2/2 | BATCH: 941/1054 | BATCH LOSS: 0.1522 | BATCH ACCURACY: 0.9219
EPOCH: 2/2 | BATCH: 942/1054 | BATCH LOSS: 0.0697 | BATCH ACCURACY: 0.9844
EPOCH: 2/2 | BATCH: 943/1054 | BATCH LOSS: 0.0681 | BATCH ACCURACY: 0.9844
EPOCH: 2/2 | BATCH: 944/1054 | BATCH LOSS: 0.0878 | BATCH ACCURACY: 0.9688
EPOCH: 2/2 | BATCH: 945/1054 | BATCH LOSS: 0.1325 | BATCH ACCURACY: 0.9688
EPOCH: 2/2 | BATCH: 946/1054 | BATCH LOSS: 0.1155 | BATCH ACCURACY: 0.9219
EPOCH: 2/2 | BATCH: 947/1054 | BATCH LOSS: 0.0377 | BATCH ACCURACY: 1.0000
EPOCH: 2/2 | BATCH: 948/1054 | BATCH LOSS: 0.0275 | BATCH ACCURACY: 1.0000
EPOCH: 2/2 | BATCH: 949/1054 | BATCH LOSS: 0.1333 | BATCH ACCURACY: 0.9531
EPOCH: 2/2 | BATCH: 950/1054 | BATCH LOSS: 0.0471 | BATCH ACCURACY: 0.9844
EPOCH: 2/2 | BATCH: 951/1054 | BATCH LOSS: 0.0568 | BATCH ACCURACY: 0.9844
EPOCH: 2/2 | BATCH: 952/1054 | BATCH LOSS: 0.1095 | BATCH ACCURACY: 0.9531
EPOCH: 2/2 | BATCH: 953/1054 | BATCH LOSS: 0.0514 | BATCH ACCURACY: 0.9688
EPOCH: 2/2 | BATCH: 954/1054 | BATCH LOSS: 0.1056 | BATCH ACCURACY: 0.9844
EPOCH: 2/2 | BATCH: 955/1054 | BATCH LOSS: 0.1176 | BATCH ACCURACY: 0.9844
EPOCH: 2/2 | BATCH: 956/1054 | BATCH LOSS: 0.0492 | BATCH ACCURACY: 0.9844
EPOCH: 2/2 | BATCH: 957/1054 | BATCH LOSS: 0.3088 | BATCH ACCURACY: 0.9062
EPOCH: 2/2 | BATCH: 958/1054 | BATCH LOSS: 0.1007 | BATCH ACCURACY: 0.9531
EPOCH: 2/2 | BATCH: 959/1054 | BATCH LOSS: 0.1142 | BATCH ACCURACY: 0.9531
EPOCH: 2/2 | BATCH: 960/1054 | BATCH LOSS: 0.0490 | BATCH ACCURACY: 0.9688
EPOCH: 2/2 | BATCH: 961/1054 | BATCH LOSS: 0.1063 | BATCH ACCURACY: 0.9688
EPOCH: 2/2 | BATCH: 962/1054 | BATCH LOSS: 0.0951 | BATCH ACCURACY: 0.9531
EPOCH: 2/2 | BATCH: 963/1054 | BATCH LOSS: 0.0931 | BATCH ACCURACY: 0.9531
EPOCH: 2/2 | BATCH: 964/1054 | BATCH LOSS: 0.1136 | BATCH ACCURACY: 0.9844
EPOCH: 2/2 | BATCH: 965/1054 | BATCH LOSS: 0.0899 | BATCH ACCURACY: 0.9531
EPOCH: 2/2 | BATCH: 966/1054 | BATCH LOSS: 0.0494 | BATCH ACCURACY: 0.9844
EPOCH: 2/2 | BATCH: 967/1054 | BATCH LOSS: 0.1296 | BATCH ACCURACY: 0.9375
EPOCH: 2/2 | BATCH: 968/1054 | BATCH LOSS: 0.0547 | BATCH ACCURACY: 0.9844
EPOCH: 2/2 | BATCH: 969/1054 | BATCH LOSS: 0.0633 | BATCH ACCURACY: 0.9844
EPOCH: 2/2 | BATCH: 970/1054 | BATCH LOSS: 0.1439 | BATCH ACCURACY: 0.9375
EPOCH: 2/2 | BATCH: 971/1054 | BATCH LOSS: 0.0778 | BATCH ACCURACY: 0.9688
EPOCH: 2/2 | BATCH: 972/1054 | BATCH LOSS: 0.0818 | BATCH ACCURACY: 0.9844
EPOCH: 2/2 | BATCH: 973/1054 | BATCH LOSS: 0.0168 | BATCH ACCURACY: 0.9844
EPOCH: 2/2 | BATCH: 974/1054 | BATCH LOSS: 0.0355 | BATCH ACCURACY: 1.0000
EPOCH: 2/2 | BATCH: 975/1054 | BATCH LOSS: 0.1116 | BATCH ACCURACY: 0.9688
EPOCH: 2/2 | BATCH: 976/1054 | BATCH LOSS: 0.1332 | BATCH ACCURACY: 0.9844
EPOCH: 2/2 | BATCH: 977/1054 | BATCH LOSS: 0.0544 | BATCH ACCURACY: 0.9844
EPOCH: 2/2 | BATCH: 978/1054 | BATCH LOSS: 0.0075 | BATCH ACCURACY: 1.0000
EPOCH: 2/2 | BATCH: 979/1054 | BATCH LOSS: 0.0219 | BATCH ACCURACY: 0.9844
EPOCH: 2/2 | BATCH: 980/1054 | BATCH LOSS: 0.1204 | BATCH ACCURACY: 0.9688
EPOCH: 2/2 | BATCH: 981/1054 | BATCH LOSS: 0.1829 | BATCH ACCURACY: 0.9219
EPOCH: 2/2 | BATCH: 982/1054 | BATCH LOSS: 0.0542 | BATCH ACCURACY: 0.9844
EPOCH: 2/2 | BATCH: 983/1054 | BATCH LOSS: 0.1403 | BATCH ACCURACY: 0.9688
EPOCH: 2/2 | BATCH: 984/1054 | BATCH LOSS: 0.0402 | BATCH ACCURACY: 0.9688
EPOCH: 2/2 | BATCH: 985/1054 | BATCH LOSS: 0.1807 | BATCH ACCURACY: 0.9062
EPOCH: 2/2 | BATCH: 986/1054 | BATCH LOSS: 0.0280 | BATCH ACCURACY: 0.9844
EPOCH: 2/2 | BATCH: 987/1054 | BATCH LOSS: 0.0409 | BATCH ACCURACY: 0.9844
EPOCH: 2/2 | BATCH: 988/1054 | BATCH LOSS: 0.0311 | BATCH ACCURACY: 1.0000
EPOCH: 2/2 | BATCH: 989/1054 | BATCH LOSS: 0.1433 | BATCH ACCURACY: 0.9688
EPOCH: 2/2 | BATCH: 990/1054 | BATCH LOSS: 0.0460 | BATCH ACCURACY: 0.9688
EPOCH: 2/2 | BATCH: 991/1054 | BATCH LOSS: 0.1551 | BATCH ACCURACY: 0.9375
EPOCH: 2/2 | BATCH: 992/1054 | BATCH LOSS: 0.0668 | BATCH ACCURACY: 0.9531
EPOCH: 2/2 | BATCH: 993/1054 | BATCH LOSS: 0.1584 | BATCH ACCURACY: 0.9375
EPOCH: 2/2 | BATCH: 994/1054 | BATCH LOSS: 0.1546 | BATCH ACCURACY: 0.9375
EPOCH: 2/2 | BATCH: 995/1054 | BATCH LOSS: 0.0691 | BATCH ACCURACY: 0.9688
EPOCH: 2/2 | BATCH: 996/1054 | BATCH LOSS: 0.1492 | BATCH ACCURACY: 0.9219
EPOCH: 2/2 | BATCH: 997/1054 | BATCH LOSS: 0.1152 | BATCH ACCURACY: 0.9688
EPOCH: 2/2 | BATCH: 998/1054 | BATCH LOSS: 0.0661 | BATCH ACCURACY: 0.9844
EPOCH: 2/2 | BATCH: 999/1054 | BATCH LOSS: 0.1484 | BATCH ACCURACY: 0.9688
EPOCH: 2/2 | BATCH: 1000/1054 | BATCH LOSS: 0.0844 | BATCH ACCURACY: 0.9688
EPOCH: 2/2 | BATCH: 1001/1054 | BATCH LOSS: 0.0389 | BATCH ACCURACY: 0.9844
EPOCH: 2/2 | BATCH: 1002/1054 | BATCH LOSS: 0.0982 | BATCH ACCURACY: 0.9688
EPOCH: 2/2 | BATCH: 1003/1054 | BATCH LOSS: 0.0645 | BATCH ACCURACY: 0.9688
EPOCH: 2/2 | BATCH: 1004/1054 | BATCH LOSS: 0.1140 | BATCH ACCURACY: 0.9688
EPOCH: 2/2 | BATCH: 1005/1054 | BATCH LOSS: 0.0552 | BATCH ACCURACY: 0.9844
EPOCH: 2/2 | BATCH: 1006/1054 | BATCH LOSS: 0.1871 | BATCH ACCURACY: 0.9375
EPOCH: 2/2 | BATCH: 1007/1054 | BATCH LOSS: 0.0240 | BATCH ACCURACY: 1.0000
EPOCH: 2/2 | BATCH: 1008/1054 | BATCH LOSS: 0.0309 | BATCH ACCURACY: 1.0000
EPOCH: 2/2 | BATCH: 1009/1054 | BATCH LOSS: 0.0888 | BATCH ACCURACY: 0.9531
EPOCH: 2/2 | BATCH: 1010/1054 | BATCH LOSS: 0.1071 | BATCH ACCURACY: 0.9531
EPOCH: 2/2 | BATCH: 1011/1054 | BATCH LOSS: 0.1466 | BATCH ACCURACY: 0.9688
EPOCH: 2/2 | BATCH: 1012/1054 | BATCH LOSS: 0.1568 | BATCH ACCURACY: 0.9531
EPOCH: 2/2 | BATCH: 1013/1054 | BATCH LOSS: 0.1477 | BATCH ACCURACY: 0.9062
EPOCH: 2/2 | BATCH: 1014/1054 | BATCH LOSS: 0.0431 | BATCH ACCURACY: 1.0000
EPOCH: 2/2 | BATCH: 1015/1054 | BATCH LOSS: 0.0219 | BATCH ACCURACY: 1.0000
EPOCH: 2/2 | BATCH: 1016/1054 | BATCH LOSS: 0.1399 | BATCH ACCURACY: 0.9062
EPOCH: 2/2 | BATCH: 1017/1054 | BATCH LOSS: 0.1001 | BATCH ACCURACY: 0.9688
EPOCH: 2/2 | BATCH: 1018/1054 | BATCH LOSS: 0.1497 | BATCH ACCURACY: 0.9688
EPOCH: 2/2 | BATCH: 1019/1054 | BATCH LOSS: 0.1057 | BATCH ACCURACY: 0.9688
EPOCH: 2/2 | BATCH: 1020/1054 | BATCH LOSS: 0.0829 | BATCH ACCURACY: 0.9688
EPOCH: 2/2 | BATCH: 1021/1054 | BATCH LOSS: 0.0357 | BATCH ACCURACY: 1.0000
EPOCH: 2/2 | BATCH: 1022/1054 | BATCH LOSS: 0.0996 | BATCH ACCURACY: 0.9688
EPOCH: 2/2 | BATCH: 1023/1054 | BATCH LOSS: 0.0420 | BATCH ACCURACY: 0.9844
EPOCH: 2/2 | BATCH: 1024/1054 | BATCH LOSS: 0.0318 | BATCH ACCURACY: 0.9844
EPOCH: 2/2 | BATCH: 1025/1054 | BATCH LOSS: 0.1529 | BATCH ACCURACY: 0.9531
EPOCH: 2/2 | BATCH: 1026/1054 | BATCH LOSS: 0.0494 | BATCH ACCURACY: 0.9844
EPOCH: 2/2 | BATCH: 1027/1054 | BATCH LOSS: 0.2147 | BATCH ACCURACY: 0.9062
EPOCH: 2/2 | BATCH: 1028/1054 | BATCH LOSS: 0.0792 | BATCH ACCURACY: 0.9531
EPOCH: 2/2 | BATCH: 1029/1054 | BATCH LOSS: 0.0580 | BATCH ACCURACY: 0.9688
EPOCH: 2/2 | BATCH: 1030/1054 | BATCH LOSS: 0.0424 | BATCH ACCURACY: 1.0000
EPOCH: 2/2 | BATCH: 1031/1054 | BATCH LOSS: 0.0339 | BATCH ACCURACY: 0.9844
EPOCH: 2/2 | BATCH: 1032/1054 | BATCH LOSS: 0.1061 | BATCH ACCURACY: 0.9688
EPOCH: 2/2 | BATCH: 1033/1054 | BATCH LOSS: 0.0605 | BATCH ACCURACY: 0.9844
EPOCH: 2/2 | BATCH: 1034/1054 | BATCH LOSS: 0.0665 | BATCH ACCURACY: 0.9844
EPOCH: 2/2 | BATCH: 1035/1054 | BATCH LOSS: 0.0327 | BATCH ACCURACY: 1.0000
EPOCH: 2/2 | BATCH: 1036/1054 | BATCH LOSS: 0.1532 | BATCH ACCURACY: 0.9531
EPOCH: 2/2 | BATCH: 1037/1054 | BATCH LOSS: 0.1689 | BATCH ACCURACY: 0.9531
EPOCH: 2/2 | BATCH: 1038/1054 | BATCH LOSS: 0.0999 | BATCH ACCURACY: 0.9375
EPOCH: 2/2 | BATCH: 1039/1054 | BATCH LOSS: 0.0459 | BATCH ACCURACY: 0.9844
EPOCH: 2/2 | BATCH: 1040/1054 | BATCH LOSS: 0.0956 | BATCH ACCURACY: 0.9375
EPOCH: 2/2 | BATCH: 1041/1054 | BATCH LOSS: 0.0801 | BATCH ACCURACY: 0.9688
EPOCH: 2/2 | BATCH: 1042/1054 | BATCH LOSS: 0.1753 | BATCH ACCURACY: 0.9531
EPOCH: 2/2 | BATCH: 1043/1054 | BATCH LOSS: 0.1007 | BATCH ACCURACY: 0.9688
EPOCH: 2/2 | BATCH: 1044/1054 | BATCH LOSS: 0.0794 | BATCH ACCURACY: 0.9688
EPOCH: 2/2 | BATCH: 1045/1054 | BATCH LOSS: 0.0292 | BATCH ACCURACY: 1.0000
EPOCH: 2/2 | BATCH: 1046/1054 | BATCH LOSS: 0.0567 | BATCH ACCURACY: 0.9844
EPOCH: 2/2 | BATCH: 1047/1054 | BATCH LOSS: 0.2072 | BATCH ACCURACY: 0.9219
EPOCH: 2/2 | BATCH: 1048/1054 | BATCH LOSS: 0.0216 | BATCH ACCURACY: 1.0000
EPOCH: 2/2 | BATCH: 1049/1054 | BATCH LOSS: 0.0981 | BATCH ACCURACY: 0.9219
EPOCH: 2/2 | BATCH: 1050/1054 | BATCH LOSS: 0.0838 | BATCH ACCURACY: 0.9844
EPOCH: 2/2 | BATCH: 1051/1054 | BATCH LOSS: 0.0246 | BATCH ACCURACY: 1.0000
EPOCH: 2/2 | BATCH: 1052/1054 | BATCH LOSS: 0.0878 | BATCH ACCURACY: 0.9531
EPOCH: 2/2 | BATCH: 1053/1054 | BATCH LOSS: 0.1441 | BATCH ACCURACY: 0.9688
EPOCH: 2/2 | BATCH: 1054/1054 | BATCH LOSS: 0.0544 | BATCH ACCURACY: 0.9844
EPOCH: 2/2 | BATCH: 1055/1054 | BATCH LOSS: 0.0866 | BATCH ACCURACY: 0.6562
BATCH: 1/117
BATCH: 2/117
BATCH: 3/117
BATCH: 4/117
BATCH: 5/117
BATCH: 6/117
BATCH: 7/117
BATCH: 8/117
BATCH: 9/117
BATCH: 10/117
BATCH: 11/117
BATCH: 12/117
BATCH: 13/117
BATCH: 14/117
BATCH: 15/117
BATCH: 16/117
BATCH: 17/117
BATCH: 18/117
BATCH: 19/117
BATCH: 20/117
BATCH: 21/117
BATCH: 22/117
BATCH: 23/117
BATCH: 24/117
BATCH: 25/117
BATCH: 26/117
BATCH: 27/117
BATCH: 28/117
BATCH: 29/117
BATCH: 30/117
BATCH: 31/117
BATCH: 32/117
BATCH: 33/117
BATCH: 34/117
BATCH: 35/117
BATCH: 36/117
BATCH: 37/117
BATCH: 38/117
BATCH: 39/117
BATCH: 40/117
BATCH: 41/117
BATCH: 42/117
BATCH: 43/117
BATCH: 44/117
BATCH: 45/117
BATCH: 46/117
BATCH: 47/117
BATCH: 48/117
BATCH: 49/117
BATCH: 50/117
BATCH: 51/117
BATCH: 52/117
BATCH: 53/117
BATCH: 54/117
BATCH: 55/117
BATCH: 56/117
BATCH: 57/117
BATCH: 58/117
BATCH: 59/117
BATCH: 60/117
BATCH: 61/117
BATCH: 62/117
BATCH: 63/117
BATCH: 64/117
BATCH: 65/117
BATCH: 66/117
BATCH: 67/117
BATCH: 68/117
BATCH: 69/117
BATCH: 70/117
BATCH: 71/117
BATCH: 72/117
BATCH: 73/117
BATCH: 74/117
BATCH: 75/117
BATCH: 76/117
BATCH: 77/117
BATCH: 78/117
BATCH: 79/117
BATCH: 80/117
BATCH: 81/117
BATCH: 82/117
BATCH: 83/117
BATCH: 84/117
BATCH: 85/117
BATCH: 86/117
BATCH: 87/117
BATCH: 88/117
BATCH: 89/117
BATCH: 90/117
BATCH: 91/117
BATCH: 92/117
BATCH: 93/117
BATCH: 94/117
BATCH: 95/117
BATCH: 96/117
BATCH: 97/117
BATCH: 98/117
BATCH: 99/117
BATCH: 100/117
BATCH: 101/117
BATCH: 102/117
BATCH: 103/117
BATCH: 104/117
BATCH: 105/117
BATCH: 106/117
BATCH: 107/117
BATCH: 108/117
BATCH: 109/117
BATCH: 110/117
BATCH: 111/117
BATCH: 112/117
BATCH: 113/117
BATCH: 114/117
BATCH: 115/117
BATCH: 116/117
BATCH: 117/117
BATCH: 118/117
EPOCH: 2/2 | TRAIN LOSS: 0.0015 | TRAIN ACCURACY: 0.9698 | VALIDATION LOSS: 0.0011 | VALIDATION ACCURACY: 0.9775
joaopedroschmitt@Joaos-MBP rice-image-classification (wa-us-shared) %
