Dataset information
-- Columns ['image', 'label']
-- Shape (75000, 2)
-- Label ClassLabel(names=['Arborio', 'Basmati', 'Ipsala', 'Jasmine', 'Karacadag'], id=None)
-- Image Image(mode=None, decode=True, id=None)
Train dataset (67500, 2)
Val dataset (7500, 2)
First image
-- image label tensor(3)
-- image shape torch.Size([3, 250, 250])
Running on device: mps
Number of parameters 134281029
EPOCH: 1/1 | BATCH: 1/1054 | BATCH LOSS: 1.6143 | BATCH ACCURACY: 0.2500
EPOCH: 1/1 | BATCH: 2/1054 | BATCH LOSS: 1.6033 | BATCH ACCURACY: 0.2812
EPOCH: 1/1 | BATCH: 3/1054 | BATCH LOSS: 1.5986 | BATCH ACCURACY: 0.2812
EPOCH: 1/1 | BATCH: 4/1054 | BATCH LOSS: 1.6049 | BATCH ACCURACY: 0.2031
EPOCH: 1/1 | BATCH: 5/1054 | BATCH LOSS: 1.6096 | BATCH ACCURACY: 0.2344
EPOCH: 1/1 | BATCH: 6/1054 | BATCH LOSS: 1.5669 | BATCH ACCURACY: 0.3281
EPOCH: 1/1 | BATCH: 7/1054 | BATCH LOSS: 1.6008 | BATCH ACCURACY: 0.2812
EPOCH: 1/1 | BATCH: 8/1054 | BATCH LOSS: 1.5922 | BATCH ACCURACY: 0.2344
EPOCH: 1/1 | BATCH: 9/1054 | BATCH LOSS: 1.5470 | BATCH ACCURACY: 0.3125
EPOCH: 1/1 | BATCH: 10/1054 | BATCH LOSS: 1.5743 | BATCH ACCURACY: 0.2656
EPOCH: 1/1 | BATCH: 11/1054 | BATCH LOSS: 1.5368 | BATCH ACCURACY: 0.2812
EPOCH: 1/1 | BATCH: 12/1054 | BATCH LOSS: 1.4912 | BATCH ACCURACY: 0.2656
EPOCH: 1/1 | BATCH: 13/1054 | BATCH LOSS: 1.5032 | BATCH ACCURACY: 0.2188
EPOCH: 1/1 | BATCH: 14/1054 | BATCH LOSS: 1.4028 | BATCH ACCURACY: 0.3906
EPOCH: 1/1 | BATCH: 15/1054 | BATCH LOSS: 1.4644 | BATCH ACCURACY: 0.4219
EPOCH: 1/1 | BATCH: 16/1054 | BATCH LOSS: 1.2826 | BATCH ACCURACY: 0.5312
EPOCH: 1/1 | BATCH: 17/1054 | BATCH LOSS: 1.4708 | BATCH ACCURACY: 0.4062
EPOCH: 1/1 | BATCH: 18/1054 | BATCH LOSS: 1.3201 | BATCH ACCURACY: 0.3750
EPOCH: 1/1 | BATCH: 19/1054 | BATCH LOSS: 1.6425 | BATCH ACCURACY: 0.2188
EPOCH: 1/1 | BATCH: 20/1054 | BATCH LOSS: 1.2180 | BATCH ACCURACY: 0.4531
EPOCH: 1/1 | BATCH: 21/1054 | BATCH LOSS: 1.4055 | BATCH ACCURACY: 0.5000
EPOCH: 1/1 | BATCH: 22/1054 | BATCH LOSS: 1.2879 | BATCH ACCURACY: 0.4844
EPOCH: 1/1 | BATCH: 23/1054 | BATCH LOSS: 1.5244 | BATCH ACCURACY: 0.4375
EPOCH: 1/1 | BATCH: 24/1054 | BATCH LOSS: 1.3648 | BATCH ACCURACY: 0.4531
EPOCH: 1/1 | BATCH: 25/1054 | BATCH LOSS: 1.3372 | BATCH ACCURACY: 0.4688
EPOCH: 1/1 | BATCH: 26/1054 | BATCH LOSS: 1.3116 | BATCH ACCURACY: 0.4219
EPOCH: 1/1 | BATCH: 27/1054 | BATCH LOSS: 1.1915 | BATCH ACCURACY: 0.4531
EPOCH: 1/1 | BATCH: 28/1054 | BATCH LOSS: 0.9224 | BATCH ACCURACY: 0.5469
EPOCH: 1/1 | BATCH: 29/1054 | BATCH LOSS: 0.9599 | BATCH ACCURACY: 0.6406
EPOCH: 1/1 | BATCH: 30/1054 | BATCH LOSS: 1.0836 | BATCH ACCURACY: 0.5156
EPOCH: 1/1 | BATCH: 31/1054 | BATCH LOSS: 1.2561 | BATCH ACCURACY: 0.5781
EPOCH: 1/1 | BATCH: 32/1054 | BATCH LOSS: 1.0751 | BATCH ACCURACY: 0.5312
EPOCH: 1/1 | BATCH: 33/1054 | BATCH LOSS: 1.0023 | BATCH ACCURACY: 0.7969
EPOCH: 1/1 | BATCH: 34/1054 | BATCH LOSS: 1.0656 | BATCH ACCURACY: 0.5938
EPOCH: 1/1 | BATCH: 35/1054 | BATCH LOSS: 1.2022 | BATCH ACCURACY: 0.4062
EPOCH: 1/1 | BATCH: 36/1054 | BATCH LOSS: 1.0332 | BATCH ACCURACY: 0.4844
EPOCH: 1/1 | BATCH: 37/1054 | BATCH LOSS: 0.9911 | BATCH ACCURACY: 0.5000
EPOCH: 1/1 | BATCH: 38/1054 | BATCH LOSS: 0.7422 | BATCH ACCURACY: 0.6875
EPOCH: 1/1 | BATCH: 39/1054 | BATCH LOSS: 0.7103 | BATCH ACCURACY: 0.7344
EPOCH: 1/1 | BATCH: 40/1054 | BATCH LOSS: 0.9858 | BATCH ACCURACY: 0.7344
EPOCH: 1/1 | BATCH: 41/1054 | BATCH LOSS: 0.5917 | BATCH ACCURACY: 0.7969
EPOCH: 1/1 | BATCH: 42/1054 | BATCH LOSS: 0.6159 | BATCH ACCURACY: 0.7969
EPOCH: 1/1 | BATCH: 43/1054 | BATCH LOSS: 0.6503 | BATCH ACCURACY: 0.7656
EPOCH: 1/1 | BATCH: 44/1054 | BATCH LOSS: 0.6553 | BATCH ACCURACY: 0.7344
EPOCH: 1/1 | BATCH: 45/1054 | BATCH LOSS: 0.6370 | BATCH ACCURACY: 0.7344
EPOCH: 1/1 | BATCH: 46/1054 | BATCH LOSS: 0.6140 | BATCH ACCURACY: 0.7812
EPOCH: 1/1 | BATCH: 47/1054 | BATCH LOSS: 0.3978 | BATCH ACCURACY: 0.8281
EPOCH: 1/1 | BATCH: 48/1054 | BATCH LOSS: 0.6745 | BATCH ACCURACY: 0.7656
EPOCH: 1/1 | BATCH: 49/1054 | BATCH LOSS: 0.5600 | BATCH ACCURACY: 0.7812
EPOCH: 1/1 | BATCH: 50/1054 | BATCH LOSS: 0.6739 | BATCH ACCURACY: 0.6875
EPOCH: 1/1 | BATCH: 51/1054 | BATCH LOSS: 0.5759 | BATCH ACCURACY: 0.7344
EPOCH: 1/1 | BATCH: 52/1054 | BATCH LOSS: 0.6584 | BATCH ACCURACY: 0.7188
EPOCH: 1/1 | BATCH: 53/1054 | BATCH LOSS: 0.4263 | BATCH ACCURACY: 0.8125
EPOCH: 1/1 | BATCH: 54/1054 | BATCH LOSS: 0.4440 | BATCH ACCURACY: 0.8125
EPOCH: 1/1 | BATCH: 55/1054 | BATCH LOSS: 0.5848 | BATCH ACCURACY: 0.7656
EPOCH: 1/1 | BATCH: 56/1054 | BATCH LOSS: 0.2316 | BATCH ACCURACY: 0.9375
EPOCH: 1/1 | BATCH: 57/1054 | BATCH LOSS: 0.5045 | BATCH ACCURACY: 0.8438
EPOCH: 1/1 | BATCH: 58/1054 | BATCH LOSS: 0.4690 | BATCH ACCURACY: 0.8281
EPOCH: 1/1 | BATCH: 59/1054 | BATCH LOSS: 0.4386 | BATCH ACCURACY: 0.7969
EPOCH: 1/1 | BATCH: 60/1054 | BATCH LOSS: 0.3681 | BATCH ACCURACY: 0.8594
EPOCH: 1/1 | BATCH: 61/1054 | BATCH LOSS: 0.3395 | BATCH ACCURACY: 0.8125
EPOCH: 1/1 | BATCH: 62/1054 | BATCH LOSS: 0.2919 | BATCH ACCURACY: 0.8438
EPOCH: 1/1 | BATCH: 63/1054 | BATCH LOSS: 0.2916 | BATCH ACCURACY: 0.8906
EPOCH: 1/1 | BATCH: 64/1054 | BATCH LOSS: 0.4220 | BATCH ACCURACY: 0.7969
EPOCH: 1/1 | BATCH: 65/1054 | BATCH LOSS: 0.3648 | BATCH ACCURACY: 0.8594
EPOCH: 1/1 | BATCH: 66/1054 | BATCH LOSS: 0.4669 | BATCH ACCURACY: 0.7969
EPOCH: 1/1 | BATCH: 67/1054 | BATCH LOSS: 0.4184 | BATCH ACCURACY: 0.8438
EPOCH: 1/1 | BATCH: 68/1054 | BATCH LOSS: 0.2471 | BATCH ACCURACY: 0.9219
EPOCH: 1/1 | BATCH: 69/1054 | BATCH LOSS: 0.4784 | BATCH ACCURACY: 0.8438
EPOCH: 1/1 | BATCH: 70/1054 | BATCH LOSS: 0.2545 | BATCH ACCURACY: 0.8906
EPOCH: 1/1 | BATCH: 71/1054 | BATCH LOSS: 0.2710 | BATCH ACCURACY: 0.8906
EPOCH: 1/1 | BATCH: 72/1054 | BATCH LOSS: 0.3588 | BATCH ACCURACY: 0.8906
EPOCH: 1/1 | BATCH: 73/1054 | BATCH LOSS: 0.3019 | BATCH ACCURACY: 0.8906
EPOCH: 1/1 | BATCH: 74/1054 | BATCH LOSS: 0.3117 | BATCH ACCURACY: 0.8750
EPOCH: 1/1 | BATCH: 75/1054 | BATCH LOSS: 0.2450 | BATCH ACCURACY: 0.9219
EPOCH: 1/1 | BATCH: 76/1054 | BATCH LOSS: 0.1838 | BATCH ACCURACY: 0.9219
EPOCH: 1/1 | BATCH: 77/1054 | BATCH LOSS: 0.3798 | BATCH ACCURACY: 0.8281
EPOCH: 1/1 | BATCH: 78/1054 | BATCH LOSS: 0.5320 | BATCH ACCURACY: 0.8125
EPOCH: 1/1 | BATCH: 79/1054 | BATCH LOSS: 0.2889 | BATCH ACCURACY: 0.8594
EPOCH: 1/1 | BATCH: 80/1054 | BATCH LOSS: 0.2709 | BATCH ACCURACY: 0.9219
EPOCH: 1/1 | BATCH: 81/1054 | BATCH LOSS: 0.4284 | BATCH ACCURACY: 0.7969
EPOCH: 1/1 | BATCH: 82/1054 | BATCH LOSS: 0.3192 | BATCH ACCURACY: 0.8906
EPOCH: 1/1 | BATCH: 83/1054 | BATCH LOSS: 0.3049 | BATCH ACCURACY: 0.8594
EPOCH: 1/1 | BATCH: 84/1054 | BATCH LOSS: 0.4753 | BATCH ACCURACY: 0.7969
EPOCH: 1/1 | BATCH: 85/1054 | BATCH LOSS: 0.2992 | BATCH ACCURACY: 0.8594
EPOCH: 1/1 | BATCH: 86/1054 | BATCH LOSS: 0.3258 | BATCH ACCURACY: 0.8594
EPOCH: 1/1 | BATCH: 87/1054 | BATCH LOSS: 0.4149 | BATCH ACCURACY: 0.8281
EPOCH: 1/1 | BATCH: 88/1054 | BATCH LOSS: 0.3200 | BATCH ACCURACY: 0.8438
EPOCH: 1/1 | BATCH: 89/1054 | BATCH LOSS: 0.3478 | BATCH ACCURACY: 0.8750
EPOCH: 1/1 | BATCH: 90/1054 | BATCH LOSS: 0.2511 | BATCH ACCURACY: 0.9219
EPOCH: 1/1 | BATCH: 91/1054 | BATCH LOSS: 0.4022 | BATCH ACCURACY: 0.8281
EPOCH: 1/1 | BATCH: 92/1054 | BATCH LOSS: 0.3523 | BATCH ACCURACY: 0.8281
EPOCH: 1/1 | BATCH: 93/1054 | BATCH LOSS: 0.3378 | BATCH ACCURACY: 0.8750
EPOCH: 1/1 | BATCH: 94/1054 | BATCH LOSS: 0.3892 | BATCH ACCURACY: 0.8906
EPOCH: 1/1 | BATCH: 95/1054 | BATCH LOSS: 0.4248 | BATCH ACCURACY: 0.8594
EPOCH: 1/1 | BATCH: 96/1054 | BATCH LOSS: 0.3218 | BATCH ACCURACY: 0.9219
EPOCH: 1/1 | BATCH: 97/1054 | BATCH LOSS: 0.2681 | BATCH ACCURACY: 0.9219
EPOCH: 1/1 | BATCH: 98/1054 | BATCH LOSS: 0.4550 | BATCH ACCURACY: 0.8125
EPOCH: 1/1 | BATCH: 99/1054 | BATCH LOSS: 0.3579 | BATCH ACCURACY: 0.8281
EPOCH: 1/1 | BATCH: 100/1054 | BATCH LOSS: 0.2148 | BATCH ACCURACY: 0.9375
EPOCH: 1/1 | BATCH: 101/1054 | BATCH LOSS: 0.2508 | BATCH ACCURACY: 0.9375
EPOCH: 1/1 | BATCH: 102/1054 | BATCH LOSS: 0.2596 | BATCH ACCURACY: 0.9219
EPOCH: 1/1 | BATCH: 103/1054 | BATCH LOSS: 0.1809 | BATCH ACCURACY: 0.9375
EPOCH: 1/1 | BATCH: 104/1054 | BATCH LOSS: 0.3136 | BATCH ACCURACY: 0.9219
EPOCH: 1/1 | BATCH: 105/1054 | BATCH LOSS: 0.3381 | BATCH ACCURACY: 0.9062
EPOCH: 1/1 | BATCH: 106/1054 | BATCH LOSS: 0.1416 | BATCH ACCURACY: 0.9531
EPOCH: 1/1 | BATCH: 107/1054 | BATCH LOSS: 0.3687 | BATCH ACCURACY: 0.8438
EPOCH: 1/1 | BATCH: 108/1054 | BATCH LOSS: 0.1481 | BATCH ACCURACY: 0.9844
EPOCH: 1/1 | BATCH: 109/1054 | BATCH LOSS: 0.1761 | BATCH ACCURACY: 0.9375
EPOCH: 1/1 | BATCH: 110/1054 | BATCH LOSS: 0.1598 | BATCH ACCURACY: 0.9531
EPOCH: 1/1 | BATCH: 111/1054 | BATCH LOSS: 0.2071 | BATCH ACCURACY: 0.9219
EPOCH: 1/1 | BATCH: 112/1054 | BATCH LOSS: 0.2664 | BATCH ACCURACY: 0.9219
EPOCH: 1/1 | BATCH: 113/1054 | BATCH LOSS: 0.3265 | BATCH ACCURACY: 0.8906
EPOCH: 1/1 | BATCH: 114/1054 | BATCH LOSS: 0.2387 | BATCH ACCURACY: 0.9062
EPOCH: 1/1 | BATCH: 115/1054 | BATCH LOSS: 0.2574 | BATCH ACCURACY: 0.9219
EPOCH: 1/1 | BATCH: 116/1054 | BATCH LOSS: 0.2810 | BATCH ACCURACY: 0.8750
EPOCH: 1/1 | BATCH: 117/1054 | BATCH LOSS: 0.1906 | BATCH ACCURACY: 0.9062
EPOCH: 1/1 | BATCH: 118/1054 | BATCH LOSS: 0.3646 | BATCH ACCURACY: 0.8438
EPOCH: 1/1 | BATCH: 119/1054 | BATCH LOSS: 0.1600 | BATCH ACCURACY: 0.9375
EPOCH: 1/1 | BATCH: 120/1054 | BATCH LOSS: 0.1496 | BATCH ACCURACY: 0.9688
EPOCH: 1/1 | BATCH: 121/1054 | BATCH LOSS: 0.5410 | BATCH ACCURACY: 0.7812
EPOCH: 1/1 | BATCH: 122/1054 | BATCH LOSS: 0.2419 | BATCH ACCURACY: 0.9219
EPOCH: 1/1 | BATCH: 123/1054 | BATCH LOSS: 0.2682 | BATCH ACCURACY: 0.9062
EPOCH: 1/1 | BATCH: 124/1054 | BATCH LOSS: 0.2633 | BATCH ACCURACY: 0.9375
EPOCH: 1/1 | BATCH: 125/1054 | BATCH LOSS: 0.5238 | BATCH ACCURACY: 0.8281
EPOCH: 1/1 | BATCH: 126/1054 | BATCH LOSS: 0.3269 | BATCH ACCURACY: 0.8438
EPOCH: 1/1 | BATCH: 127/1054 | BATCH LOSS: 0.2310 | BATCH ACCURACY: 0.9531
EPOCH: 1/1 | BATCH: 128/1054 | BATCH LOSS: 0.2510 | BATCH ACCURACY: 0.9062
EPOCH: 1/1 | BATCH: 129/1054 | BATCH LOSS: 0.2644 | BATCH ACCURACY: 0.8438
EPOCH: 1/1 | BATCH: 130/1054 | BATCH LOSS: 0.1217 | BATCH ACCURACY: 0.9531
EPOCH: 1/1 | BATCH: 131/1054 | BATCH LOSS: 0.0913 | BATCH ACCURACY: 0.9844
EPOCH: 1/1 | BATCH: 132/1054 | BATCH LOSS: 0.1464 | BATCH ACCURACY: 0.9688
EPOCH: 1/1 | BATCH: 133/1054 | BATCH LOSS: 0.1371 | BATCH ACCURACY: 0.9531
EPOCH: 1/1 | BATCH: 134/1054 | BATCH LOSS: 0.5398 | BATCH ACCURACY: 0.8750
EPOCH: 1/1 | BATCH: 135/1054 | BATCH LOSS: 0.2242 | BATCH ACCURACY: 0.9375
EPOCH: 1/1 | BATCH: 136/1054 | BATCH LOSS: 0.4730 | BATCH ACCURACY: 0.8281
EPOCH: 1/1 | BATCH: 137/1054 | BATCH LOSS: 0.2353 | BATCH ACCURACY: 0.9219
EPOCH: 1/1 | BATCH: 138/1054 | BATCH LOSS: 0.2558 | BATCH ACCURACY: 0.9688
EPOCH: 1/1 | BATCH: 139/1054 | BATCH LOSS: 0.2743 | BATCH ACCURACY: 0.9531
EPOCH: 1/1 | BATCH: 140/1054 | BATCH LOSS: 0.4205 | BATCH ACCURACY: 0.8125
EPOCH: 1/1 | BATCH: 141/1054 | BATCH LOSS: 0.3069 | BATCH ACCURACY: 0.9219
EPOCH: 1/1 | BATCH: 142/1054 | BATCH LOSS: 0.2761 | BATCH ACCURACY: 0.9062
EPOCH: 1/1 | BATCH: 143/1054 | BATCH LOSS: 0.1710 | BATCH ACCURACY: 0.9375
EPOCH: 1/1 | BATCH: 144/1054 | BATCH LOSS: 0.2570 | BATCH ACCURACY: 0.8594
EPOCH: 1/1 | BATCH: 145/1054 | BATCH LOSS: 0.2864 | BATCH ACCURACY: 0.8750
EPOCH: 1/1 | BATCH: 146/1054 | BATCH LOSS: 0.4060 | BATCH ACCURACY: 0.8125
EPOCH: 1/1 | BATCH: 147/1054 | BATCH LOSS: 0.0659 | BATCH ACCURACY: 0.9844
EPOCH: 1/1 | BATCH: 148/1054 | BATCH LOSS: 0.2794 | BATCH ACCURACY: 0.8906
EPOCH: 1/1 | BATCH: 149/1054 | BATCH LOSS: 0.4592 | BATCH ACCURACY: 0.8594
EPOCH: 1/1 | BATCH: 150/1054 | BATCH LOSS: 0.2512 | BATCH ACCURACY: 0.9375
EPOCH: 1/1 | BATCH: 151/1054 | BATCH LOSS: 0.3238 | BATCH ACCURACY: 0.8594
EPOCH: 1/1 | BATCH: 152/1054 | BATCH LOSS: 0.3700 | BATCH ACCURACY: 0.8594
EPOCH: 1/1 | BATCH: 153/1054 | BATCH LOSS: 0.2943 | BATCH ACCURACY: 0.8750
EPOCH: 1/1 | BATCH: 154/1054 | BATCH LOSS: 0.3036 | BATCH ACCURACY: 0.9062
EPOCH: 1/1 | BATCH: 155/1054 | BATCH LOSS: 0.2236 | BATCH ACCURACY: 0.9375
EPOCH: 1/1 | BATCH: 156/1054 | BATCH LOSS: 0.2474 | BATCH ACCURACY: 0.8750
EPOCH: 1/1 | BATCH: 157/1054 | BATCH LOSS: 0.1770 | BATCH ACCURACY: 0.9219
EPOCH: 1/1 | BATCH: 158/1054 | BATCH LOSS: 0.2818 | BATCH ACCURACY: 0.9062
EPOCH: 1/1 | BATCH: 159/1054 | BATCH LOSS: 0.0950 | BATCH ACCURACY: 0.9531
EPOCH: 1/1 | BATCH: 160/1054 | BATCH LOSS: 0.3315 | BATCH ACCURACY: 0.8750
EPOCH: 1/1 | BATCH: 161/1054 | BATCH LOSS: 0.1034 | BATCH ACCURACY: 0.9375
EPOCH: 1/1 | BATCH: 162/1054 | BATCH LOSS: 0.3337 | BATCH ACCURACY: 0.8906
EPOCH: 1/1 | BATCH: 163/1054 | BATCH LOSS: 0.1509 | BATCH ACCURACY: 0.9219
EPOCH: 1/1 | BATCH: 164/1054 | BATCH LOSS: 0.4520 | BATCH ACCURACY: 0.8750
EPOCH: 1/1 | BATCH: 165/1054 | BATCH LOSS: 0.2233 | BATCH ACCURACY: 0.9062
EPOCH: 1/1 | BATCH: 166/1054 | BATCH LOSS: 0.2935 | BATCH ACCURACY: 0.8594
EPOCH: 1/1 | BATCH: 167/1054 | BATCH LOSS: 0.3457 | BATCH ACCURACY: 0.8594
EPOCH: 1/1 | BATCH: 168/1054 | BATCH LOSS: 0.2967 | BATCH ACCURACY: 0.9531
EPOCH: 1/1 | BATCH: 169/1054 | BATCH LOSS: 0.2836 | BATCH ACCURACY: 0.9062
EPOCH: 1/1 | BATCH: 170/1054 | BATCH LOSS: 0.3177 | BATCH ACCURACY: 0.8750
EPOCH: 1/1 | BATCH: 171/1054 | BATCH LOSS: 0.2011 | BATCH ACCURACY: 0.9688
EPOCH: 1/1 | BATCH: 172/1054 | BATCH LOSS: 0.1627 | BATCH ACCURACY: 0.9219
EPOCH: 1/1 | BATCH: 173/1054 | BATCH LOSS: 0.1843 | BATCH ACCURACY: 0.9062
EPOCH: 1/1 | BATCH: 174/1054 | BATCH LOSS: 0.2487 | BATCH ACCURACY: 0.9375
EPOCH: 1/1 | BATCH: 175/1054 | BATCH LOSS: 0.2844 | BATCH ACCURACY: 0.9375
EPOCH: 1/1 | BATCH: 176/1054 | BATCH LOSS: 0.2517 | BATCH ACCURACY: 0.9219
EPOCH: 1/1 | BATCH: 177/1054 | BATCH LOSS: 0.2115 | BATCH ACCURACY: 0.9062
EPOCH: 1/1 | BATCH: 178/1054 | BATCH LOSS: 0.1413 | BATCH ACCURACY: 0.9375
EPOCH: 1/1 | BATCH: 179/1054 | BATCH LOSS: 0.3540 | BATCH ACCURACY: 0.8906
EPOCH: 1/1 | BATCH: 180/1054 | BATCH LOSS: 0.1827 | BATCH ACCURACY: 0.9375
EPOCH: 1/1 | BATCH: 181/1054 | BATCH LOSS: 0.2472 | BATCH ACCURACY: 0.8906
EPOCH: 1/1 | BATCH: 182/1054 | BATCH LOSS: 0.1901 | BATCH ACCURACY: 0.9219
EPOCH: 1/1 | BATCH: 183/1054 | BATCH LOSS: 0.1749 | BATCH ACCURACY: 0.9531
EPOCH: 1/1 | BATCH: 184/1054 | BATCH LOSS: 0.2736 | BATCH ACCURACY: 0.9062
EPOCH: 1/1 | BATCH: 185/1054 | BATCH LOSS: 0.2489 | BATCH ACCURACY: 0.9375
EPOCH: 1/1 | BATCH: 186/1054 | BATCH LOSS: 0.2250 | BATCH ACCURACY: 0.8906
EPOCH: 1/1 | BATCH: 187/1054 | BATCH LOSS: 0.2002 | BATCH ACCURACY: 0.9531
EPOCH: 1/1 | BATCH: 188/1054 | BATCH LOSS: 0.1790 | BATCH ACCURACY: 0.9219
EPOCH: 1/1 | BATCH: 189/1054 | BATCH LOSS: 0.2425 | BATCH ACCURACY: 0.9062
EPOCH: 1/1 | BATCH: 190/1054 | BATCH LOSS: 0.1267 | BATCH ACCURACY: 0.9531
EPOCH: 1/1 | BATCH: 191/1054 | BATCH LOSS: 0.1042 | BATCH ACCURACY: 0.9375
EPOCH: 1/1 | BATCH: 192/1054 | BATCH LOSS: 0.2107 | BATCH ACCURACY: 0.9219
EPOCH: 1/1 | BATCH: 193/1054 | BATCH LOSS: 0.2947 | BATCH ACCURACY: 0.9062
EPOCH: 1/1 | BATCH: 194/1054 | BATCH LOSS: 0.4190 | BATCH ACCURACY: 0.8906
EPOCH: 1/1 | BATCH: 195/1054 | BATCH LOSS: 0.2718 | BATCH ACCURACY: 0.9219
EPOCH: 1/1 | BATCH: 196/1054 | BATCH LOSS: 0.2070 | BATCH ACCURACY: 0.9219
EPOCH: 1/1 | BATCH: 197/1054 | BATCH LOSS: 0.2265 | BATCH ACCURACY: 0.9219
EPOCH: 1/1 | BATCH: 198/1054 | BATCH LOSS: 0.2238 | BATCH ACCURACY: 0.9531
EPOCH: 1/1 | BATCH: 199/1054 | BATCH LOSS: 0.1890 | BATCH ACCURACY: 0.9531
EPOCH: 1/1 | BATCH: 200/1054 | BATCH LOSS: 0.1562 | BATCH ACCURACY: 0.9531
EPOCH: 1/1 | BATCH: 201/1054 | BATCH LOSS: 0.1634 | BATCH ACCURACY: 0.9219
EPOCH: 1/1 | BATCH: 202/1054 | BATCH LOSS: 0.3124 | BATCH ACCURACY: 0.9219
EPOCH: 1/1 | BATCH: 203/1054 | BATCH LOSS: 0.2598 | BATCH ACCURACY: 0.9375
EPOCH: 1/1 | BATCH: 204/1054 | BATCH LOSS: 0.0852 | BATCH ACCURACY: 0.9531
EPOCH: 1/1 | BATCH: 205/1054 | BATCH LOSS: 0.1892 | BATCH ACCURACY: 0.9219
EPOCH: 1/1 | BATCH: 206/1054 | BATCH LOSS: 0.1614 | BATCH ACCURACY: 0.9062
EPOCH: 1/1 | BATCH: 207/1054 | BATCH LOSS: 0.2426 | BATCH ACCURACY: 0.9062
EPOCH: 1/1 | BATCH: 208/1054 | BATCH LOSS: 0.1253 | BATCH ACCURACY: 0.9531
EPOCH: 1/1 | BATCH: 209/1054 | BATCH LOSS: 0.0456 | BATCH ACCURACY: 1.0000
EPOCH: 1/1 | BATCH: 210/1054 | BATCH LOSS: 0.6482 | BATCH ACCURACY: 0.8438
EPOCH: 1/1 | BATCH: 211/1054 | BATCH LOSS: 0.2581 | BATCH ACCURACY: 0.9062
EPOCH: 1/1 | BATCH: 212/1054 | BATCH LOSS: 0.1869 | BATCH ACCURACY: 0.9375
EPOCH: 1/1 | BATCH: 213/1054 | BATCH LOSS: 0.3698 | BATCH ACCURACY: 0.8594
EPOCH: 1/1 | BATCH: 214/1054 | BATCH LOSS: 0.3733 | BATCH ACCURACY: 0.8906
EPOCH: 1/1 | BATCH: 215/1054 | BATCH LOSS: 0.2981 | BATCH ACCURACY: 0.9688
EPOCH: 1/1 | BATCH: 216/1054 | BATCH LOSS: 0.4732 | BATCH ACCURACY: 0.7812
EPOCH: 1/1 | BATCH: 217/1054 | BATCH LOSS: 0.2401 | BATCH ACCURACY: 0.9531
EPOCH: 1/1 | BATCH: 218/1054 | BATCH LOSS: 0.2220 | BATCH ACCURACY: 0.9062
EPOCH: 1/1 | BATCH: 219/1054 | BATCH LOSS: 0.0955 | BATCH ACCURACY: 0.9844
EPOCH: 1/1 | BATCH: 220/1054 | BATCH LOSS: 0.1375 | BATCH ACCURACY: 0.9375
EPOCH: 1/1 | BATCH: 221/1054 | BATCH LOSS: 0.3076 | BATCH ACCURACY: 0.9062
EPOCH: 1/1 | BATCH: 222/1054 | BATCH LOSS: 0.2719 | BATCH ACCURACY: 0.9375
EPOCH: 1/1 | BATCH: 223/1054 | BATCH LOSS: 0.2643 | BATCH ACCURACY: 0.9062
EPOCH: 1/1 | BATCH: 224/1054 | BATCH LOSS: 0.2343 | BATCH ACCURACY: 0.9375
EPOCH: 1/1 | BATCH: 225/1054 | BATCH LOSS: 0.3426 | BATCH ACCURACY: 0.8438
EPOCH: 1/1 | BATCH: 226/1054 | BATCH LOSS: 0.2751 | BATCH ACCURACY: 0.8750
EPOCH: 1/1 | BATCH: 227/1054 | BATCH LOSS: 0.2938 | BATCH ACCURACY: 0.8906
EPOCH: 1/1 | BATCH: 228/1054 | BATCH LOSS: 0.2226 | BATCH ACCURACY: 0.9219
EPOCH: 1/1 | BATCH: 229/1054 | BATCH LOSS: 0.2071 | BATCH ACCURACY: 0.9375
EPOCH: 1/1 | BATCH: 230/1054 | BATCH LOSS: 0.1967 | BATCH ACCURACY: 0.9375
EPOCH: 1/1 | BATCH: 231/1054 | BATCH LOSS: 0.2619 | BATCH ACCURACY: 0.8906
EPOCH: 1/1 | BATCH: 232/1054 | BATCH LOSS: 0.1904 | BATCH ACCURACY: 0.9531
EPOCH: 1/1 | BATCH: 233/1054 | BATCH LOSS: 0.0707 | BATCH ACCURACY: 0.9844
EPOCH: 1/1 | BATCH: 234/1054 | BATCH LOSS: 0.0856 | BATCH ACCURACY: 0.9531
EPOCH: 1/1 | BATCH: 235/1054 | BATCH LOSS: 0.0782 | BATCH ACCURACY: 0.9531
EPOCH: 1/1 | BATCH: 236/1054 | BATCH LOSS: 0.2702 | BATCH ACCURACY: 0.9375
EPOCH: 1/1 | BATCH: 237/1054 | BATCH LOSS: 0.5659 | BATCH ACCURACY: 0.8438
EPOCH: 1/1 | BATCH: 238/1054 | BATCH LOSS: 0.1908 | BATCH ACCURACY: 0.9375
EPOCH: 1/1 | BATCH: 239/1054 | BATCH LOSS: 0.2799 | BATCH ACCURACY: 0.8906
EPOCH: 1/1 | BATCH: 240/1054 | BATCH LOSS: 0.1050 | BATCH ACCURACY: 0.9844
EPOCH: 1/1 | BATCH: 241/1054 | BATCH LOSS: 0.2356 | BATCH ACCURACY: 0.8906
EPOCH: 1/1 | BATCH: 242/1054 | BATCH LOSS: 0.3293 | BATCH ACCURACY: 0.8594
EPOCH: 1/1 | BATCH: 243/1054 | BATCH LOSS: 0.2550 | BATCH ACCURACY: 0.9375
EPOCH: 1/1 | BATCH: 244/1054 | BATCH LOSS: 0.2867 | BATCH ACCURACY: 0.9219
EPOCH: 1/1 | BATCH: 245/1054 | BATCH LOSS: 0.2439 | BATCH ACCURACY: 0.9375
EPOCH: 1/1 | BATCH: 246/1054 | BATCH LOSS: 0.2048 | BATCH ACCURACY: 0.9531
EPOCH: 1/1 | BATCH: 247/1054 | BATCH LOSS: 0.1609 | BATCH ACCURACY: 0.9375
EPOCH: 1/1 | BATCH: 248/1054 | BATCH LOSS: 0.1505 | BATCH ACCURACY: 0.9531
EPOCH: 1/1 | BATCH: 249/1054 | BATCH LOSS: 0.1700 | BATCH ACCURACY: 0.9375
EPOCH: 1/1 | BATCH: 250/1054 | BATCH LOSS: 0.1069 | BATCH ACCURACY: 0.9531
EPOCH: 1/1 | BATCH: 251/1054 | BATCH LOSS: 0.3072 | BATCH ACCURACY: 0.9375
EPOCH: 1/1 | BATCH: 252/1054 | BATCH LOSS: 0.0970 | BATCH ACCURACY: 0.9531
EPOCH: 1/1 | BATCH: 253/1054 | BATCH LOSS: 0.1479 | BATCH ACCURACY: 0.9531
EPOCH: 1/1 | BATCH: 254/1054 | BATCH LOSS: 0.0914 | BATCH ACCURACY: 0.9531
EPOCH: 1/1 | BATCH: 255/1054 | BATCH LOSS: 0.1157 | BATCH ACCURACY: 0.9531
EPOCH: 1/1 | BATCH: 256/1054 | BATCH LOSS: 0.2852 | BATCH ACCURACY: 0.9219
EPOCH: 1/1 | BATCH: 257/1054 | BATCH LOSS: 0.1115 | BATCH ACCURACY: 0.9688
EPOCH: 1/1 | BATCH: 258/1054 | BATCH LOSS: 0.2648 | BATCH ACCURACY: 0.8906
EPOCH: 1/1 | BATCH: 259/1054 | BATCH LOSS: 0.1264 | BATCH ACCURACY: 0.9531
EPOCH: 1/1 | BATCH: 260/1054 | BATCH LOSS: 0.4044 | BATCH ACCURACY: 0.9219
EPOCH: 1/1 | BATCH: 261/1054 | BATCH LOSS: 0.1369 | BATCH ACCURACY: 0.9375
EPOCH: 1/1 | BATCH: 262/1054 | BATCH LOSS: 0.0846 | BATCH ACCURACY: 0.9688
EPOCH: 1/1 | BATCH: 263/1054 | BATCH LOSS: 0.2668 | BATCH ACCURACY: 0.8750
EPOCH: 1/1 | BATCH: 264/1054 | BATCH LOSS: 0.2034 | BATCH ACCURACY: 0.9531
EPOCH: 1/1 | BATCH: 265/1054 | BATCH LOSS: 0.2911 | BATCH ACCURACY: 0.8906
EPOCH: 1/1 | BATCH: 266/1054 | BATCH LOSS: 0.1409 | BATCH ACCURACY: 0.9531
EPOCH: 1/1 | BATCH: 267/1054 | BATCH LOSS: 0.1993 | BATCH ACCURACY: 0.9375
EPOCH: 1/1 | BATCH: 268/1054 | BATCH LOSS: 0.0847 | BATCH ACCURACY: 0.9844
EPOCH: 1/1 | BATCH: 269/1054 | BATCH LOSS: 0.2234 | BATCH ACCURACY: 0.9531
EPOCH: 1/1 | BATCH: 270/1054 | BATCH LOSS: 0.1881 | BATCH ACCURACY: 0.9219
EPOCH: 1/1 | BATCH: 271/1054 | BATCH LOSS: 0.2058 | BATCH ACCURACY: 0.9688
EPOCH: 1/1 | BATCH: 272/1054 | BATCH LOSS: 0.1956 | BATCH ACCURACY: 0.9375
EPOCH: 1/1 | BATCH: 273/1054 | BATCH LOSS: 0.0734 | BATCH ACCURACY: 0.9531
EPOCH: 1/1 | BATCH: 274/1054 | BATCH LOSS: 0.0838 | BATCH ACCURACY: 0.9531
EPOCH: 1/1 | BATCH: 275/1054 | BATCH LOSS: 0.1638 | BATCH ACCURACY: 0.9375
EPOCH: 1/1 | BATCH: 276/1054 | BATCH LOSS: 0.1080 | BATCH ACCURACY: 0.9531
EPOCH: 1/1 | BATCH: 277/1054 | BATCH LOSS: 0.3184 | BATCH ACCURACY: 0.9219
EPOCH: 1/1 | BATCH: 278/1054 | BATCH LOSS: 0.4487 | BATCH ACCURACY: 0.9375
EPOCH: 1/1 | BATCH: 279/1054 | BATCH LOSS: 0.1808 | BATCH ACCURACY: 0.9062
EPOCH: 1/1 | BATCH: 280/1054 | BATCH LOSS: 0.1483 | BATCH ACCURACY: 0.9531
EPOCH: 1/1 | BATCH: 281/1054 | BATCH LOSS: 0.2185 | BATCH ACCURACY: 0.9531
EPOCH: 1/1 | BATCH: 282/1054 | BATCH LOSS: 0.2457 | BATCH ACCURACY: 0.9375
EPOCH: 1/1 | BATCH: 283/1054 | BATCH LOSS: 0.2142 | BATCH ACCURACY: 0.9062
EPOCH: 1/1 | BATCH: 284/1054 | BATCH LOSS: 0.1714 | BATCH ACCURACY: 0.9219
EPOCH: 1/1 | BATCH: 285/1054 | BATCH LOSS: 0.2120 | BATCH ACCURACY: 0.9219
EPOCH: 1/1 | BATCH: 286/1054 | BATCH LOSS: 0.0918 | BATCH ACCURACY: 0.9688
EPOCH: 1/1 | BATCH: 287/1054 | BATCH LOSS: 0.1323 | BATCH ACCURACY: 0.9375
EPOCH: 1/1 | BATCH: 288/1054 | BATCH LOSS: 0.1895 | BATCH ACCURACY: 0.9219
EPOCH: 1/1 | BATCH: 289/1054 | BATCH LOSS: 0.0169 | BATCH ACCURACY: 1.0000
EPOCH: 1/1 | BATCH: 290/1054 | BATCH LOSS: 0.2095 | BATCH ACCURACY: 0.9531
EPOCH: 1/1 | BATCH: 291/1054 | BATCH LOSS: 0.1861 | BATCH ACCURACY: 0.9375
EPOCH: 1/1 | BATCH: 292/1054 | BATCH LOSS: 0.2467 | BATCH ACCURACY: 0.9375
EPOCH: 1/1 | BATCH: 293/1054 | BATCH LOSS: 0.2722 | BATCH ACCURACY: 0.8906
EPOCH: 1/1 | BATCH: 294/1054 | BATCH LOSS: 0.1550 | BATCH ACCURACY: 0.9375
EPOCH: 1/1 | BATCH: 295/1054 | BATCH LOSS: 0.2953 | BATCH ACCURACY: 0.9062
EPOCH: 1/1 | BATCH: 296/1054 | BATCH LOSS: 0.1727 | BATCH ACCURACY: 0.9531
EPOCH: 1/1 | BATCH: 297/1054 | BATCH LOSS: 0.2685 | BATCH ACCURACY: 0.8906
EPOCH: 1/1 | BATCH: 298/1054 | BATCH LOSS: 0.1794 | BATCH ACCURACY: 0.9375
EPOCH: 1/1 | BATCH: 299/1054 | BATCH LOSS: 0.2664 | BATCH ACCURACY: 0.9219
EPOCH: 1/1 | BATCH: 300/1054 | BATCH LOSS: 0.2409 | BATCH ACCURACY: 0.9062
EPOCH: 1/1 | BATCH: 301/1054 | BATCH LOSS: 0.1086 | BATCH ACCURACY: 0.9844
EPOCH: 1/1 | BATCH: 302/1054 | BATCH LOSS: 0.3692 | BATCH ACCURACY: 0.8438
EPOCH: 1/1 | BATCH: 303/1054 | BATCH LOSS: 0.1562 | BATCH ACCURACY: 0.9531
EPOCH: 1/1 | BATCH: 304/1054 | BATCH LOSS: 0.2406 | BATCH ACCURACY: 0.9219
EPOCH: 1/1 | BATCH: 305/1054 | BATCH LOSS: 0.1128 | BATCH ACCURACY: 0.9688
EPOCH: 1/1 | BATCH: 306/1054 | BATCH LOSS: 0.2614 | BATCH ACCURACY: 0.8906
EPOCH: 1/1 | BATCH: 307/1054 | BATCH LOSS: 0.1744 | BATCH ACCURACY: 0.9688
EPOCH: 1/1 | BATCH: 308/1054 | BATCH LOSS: 0.2076 | BATCH ACCURACY: 0.8906
EPOCH: 1/1 | BATCH: 309/1054 | BATCH LOSS: 0.2203 | BATCH ACCURACY: 0.9375
EPOCH: 1/1 | BATCH: 310/1054 | BATCH LOSS: 0.1774 | BATCH ACCURACY: 0.9531
EPOCH: 1/1 | BATCH: 311/1054 | BATCH LOSS: 0.1510 | BATCH ACCURACY: 0.9688
EPOCH: 1/1 | BATCH: 312/1054 | BATCH LOSS: 0.2356 | BATCH ACCURACY: 0.9219
EPOCH: 1/1 | BATCH: 313/1054 | BATCH LOSS: 0.1343 | BATCH ACCURACY: 0.9531
EPOCH: 1/1 | BATCH: 314/1054 | BATCH LOSS: 0.1013 | BATCH ACCURACY: 0.9688
EPOCH: 1/1 | BATCH: 315/1054 | BATCH LOSS: 0.1554 | BATCH ACCURACY: 0.9375
EPOCH: 1/1 | BATCH: 316/1054 | BATCH LOSS: 0.1159 | BATCH ACCURACY: 0.9531
EPOCH: 1/1 | BATCH: 317/1054 | BATCH LOSS: 0.1951 | BATCH ACCURACY: 0.9375
EPOCH: 1/1 | BATCH: 318/1054 | BATCH LOSS: 0.0931 | BATCH ACCURACY: 0.9844
EPOCH: 1/1 | BATCH: 319/1054 | BATCH LOSS: 0.3291 | BATCH ACCURACY: 0.9219
EPOCH: 1/1 | BATCH: 320/1054 | BATCH LOSS: 0.0471 | BATCH ACCURACY: 0.9844
EPOCH: 1/1 | BATCH: 321/1054 | BATCH LOSS: 0.1591 | BATCH ACCURACY: 0.8906
EPOCH: 1/1 | BATCH: 322/1054 | BATCH LOSS: 0.0777 | BATCH ACCURACY: 0.9688
EPOCH: 1/1 | BATCH: 323/1054 | BATCH LOSS: 0.2271 | BATCH ACCURACY: 0.9375
EPOCH: 1/1 | BATCH: 324/1054 | BATCH LOSS: 0.1329 | BATCH ACCURACY: 0.9531
EPOCH: 1/1 | BATCH: 325/1054 | BATCH LOSS: 0.1376 | BATCH ACCURACY: 0.9531
EPOCH: 1/1 | BATCH: 326/1054 | BATCH LOSS: 0.1128 | BATCH ACCURACY: 0.9688
EPOCH: 1/1 | BATCH: 327/1054 | BATCH LOSS: 0.1220 | BATCH ACCURACY: 0.9844
EPOCH: 1/1 | BATCH: 328/1054 | BATCH LOSS: 0.1130 | BATCH ACCURACY: 0.9688
EPOCH: 1/1 | BATCH: 329/1054 | BATCH LOSS: 0.2419 | BATCH ACCURACY: 0.8906
EPOCH: 1/1 | BATCH: 330/1054 | BATCH LOSS: 0.0402 | BATCH ACCURACY: 0.9844
EPOCH: 1/1 | BATCH: 331/1054 | BATCH LOSS: 0.1959 | BATCH ACCURACY: 0.9219
EPOCH: 1/1 | BATCH: 332/1054 | BATCH LOSS: 0.1785 | BATCH ACCURACY: 0.9375
EPOCH: 1/1 | BATCH: 333/1054 | BATCH LOSS: 0.1338 | BATCH ACCURACY: 0.9844
EPOCH: 1/1 | BATCH: 334/1054 | BATCH LOSS: 0.1941 | BATCH ACCURACY: 0.9219
EPOCH: 1/1 | BATCH: 335/1054 | BATCH LOSS: 0.0450 | BATCH ACCURACY: 1.0000
EPOCH: 1/1 | BATCH: 336/1054 | BATCH LOSS: 0.1301 | BATCH ACCURACY: 0.9531
EPOCH: 1/1 | BATCH: 337/1054 | BATCH LOSS: 0.1082 | BATCH ACCURACY: 0.9531
EPOCH: 1/1 | BATCH: 338/1054 | BATCH LOSS: 0.1121 | BATCH ACCURACY: 0.9531
EPOCH: 1/1 | BATCH: 339/1054 | BATCH LOSS: 0.1404 | BATCH ACCURACY: 0.9688
EPOCH: 1/1 | BATCH: 340/1054 | BATCH LOSS: 0.0660 | BATCH ACCURACY: 0.9688
EPOCH: 1/1 | BATCH: 341/1054 | BATCH LOSS: 0.1363 | BATCH ACCURACY: 0.9531
EPOCH: 1/1 | BATCH: 342/1054 | BATCH LOSS: 0.1438 | BATCH ACCURACY: 0.9688
EPOCH: 1/1 | BATCH: 343/1054 | BATCH LOSS: 0.1606 | BATCH ACCURACY: 0.9375
EPOCH: 1/1 | BATCH: 344/1054 | BATCH LOSS: 0.0982 | BATCH ACCURACY: 0.9688
EPOCH: 1/1 | BATCH: 345/1054 | BATCH LOSS: 0.2074 | BATCH ACCURACY: 0.9219
EPOCH: 1/1 | BATCH: 346/1054 | BATCH LOSS: 0.3456 | BATCH ACCURACY: 0.9062
EPOCH: 1/1 | BATCH: 347/1054 | BATCH LOSS: 0.2454 | BATCH ACCURACY: 0.9219
EPOCH: 1/1 | BATCH: 348/1054 | BATCH LOSS: 0.1210 | BATCH ACCURACY: 0.9844
EPOCH: 1/1 | BATCH: 349/1054 | BATCH LOSS: 0.1768 | BATCH ACCURACY: 0.9531
EPOCH: 1/1 | BATCH: 350/1054 | BATCH LOSS: 0.2236 | BATCH ACCURACY: 0.9062
EPOCH: 1/1 | BATCH: 351/1054 | BATCH LOSS: 0.1757 | BATCH ACCURACY: 0.9531
EPOCH: 1/1 | BATCH: 352/1054 | BATCH LOSS: 0.1088 | BATCH ACCURACY: 0.9688
EPOCH: 1/1 | BATCH: 353/1054 | BATCH LOSS: 0.0839 | BATCH ACCURACY: 0.9688
EPOCH: 1/1 | BATCH: 354/1054 | BATCH LOSS: 0.1061 | BATCH ACCURACY: 0.9531
EPOCH: 1/1 | BATCH: 355/1054 | BATCH LOSS: 0.2184 | BATCH ACCURACY: 0.9531
EPOCH: 1/1 | BATCH: 356/1054 | BATCH LOSS: 0.0415 | BATCH ACCURACY: 1.0000
EPOCH: 1/1 | BATCH: 357/1054 | BATCH LOSS: 0.3745 | BATCH ACCURACY: 0.8906
EPOCH: 1/1 | BATCH: 358/1054 | BATCH LOSS: 0.2266 | BATCH ACCURACY: 0.9688
EPOCH: 1/1 | BATCH: 359/1054 | BATCH LOSS: 0.0515 | BATCH ACCURACY: 0.9844
EPOCH: 1/1 | BATCH: 360/1054 | BATCH LOSS: 0.0478 | BATCH ACCURACY: 0.9844
EPOCH: 1/1 | BATCH: 361/1054 | BATCH LOSS: 0.2213 | BATCH ACCURACY: 0.9062
EPOCH: 1/1 | BATCH: 362/1054 | BATCH LOSS: 0.1677 | BATCH ACCURACY: 0.9219
EPOCH: 1/1 | BATCH: 363/1054 | BATCH LOSS: 0.1586 | BATCH ACCURACY: 0.9375
EPOCH: 1/1 | BATCH: 364/1054 | BATCH LOSS: 0.1455 | BATCH ACCURACY: 0.9062
EPOCH: 1/1 | BATCH: 365/1054 | BATCH LOSS: 0.2669 | BATCH ACCURACY: 0.9375
EPOCH: 1/1 | BATCH: 366/1054 | BATCH LOSS: 0.1041 | BATCH ACCURACY: 0.9688
EPOCH: 1/1 | BATCH: 367/1054 | BATCH LOSS: 0.0427 | BATCH ACCURACY: 1.0000
EPOCH: 1/1 | BATCH: 368/1054 | BATCH LOSS: 0.2347 | BATCH ACCURACY: 0.9062
EPOCH: 1/1 | BATCH: 369/1054 | BATCH LOSS: 0.1255 | BATCH ACCURACY: 0.9531
EPOCH: 1/1 | BATCH: 370/1054 | BATCH LOSS: 0.1472 | BATCH ACCURACY: 0.9688
EPOCH: 1/1 | BATCH: 371/1054 | BATCH LOSS: 0.1958 | BATCH ACCURACY: 0.9531
EPOCH: 1/1 | BATCH: 372/1054 | BATCH LOSS: 0.2308 | BATCH ACCURACY: 0.9062
EPOCH: 1/1 | BATCH: 373/1054 | BATCH LOSS: 0.1229 | BATCH ACCURACY: 0.9531
EPOCH: 1/1 | BATCH: 374/1054 | BATCH LOSS: 0.1896 | BATCH ACCURACY: 0.9375
EPOCH: 1/1 | BATCH: 375/1054 | BATCH LOSS: 0.3339 | BATCH ACCURACY: 0.8906
EPOCH: 1/1 | BATCH: 376/1054 | BATCH LOSS: 0.1031 | BATCH ACCURACY: 0.9844
EPOCH: 1/1 | BATCH: 377/1054 | BATCH LOSS: 0.3129 | BATCH ACCURACY: 0.8906
EPOCH: 1/1 | BATCH: 378/1054 | BATCH LOSS: 0.1415 | BATCH ACCURACY: 0.9531
EPOCH: 1/1 | BATCH: 379/1054 | BATCH LOSS: 0.0998 | BATCH ACCURACY: 0.9688
EPOCH: 1/1 | BATCH: 380/1054 | BATCH LOSS: 0.1458 | BATCH ACCURACY: 0.9531
EPOCH: 1/1 | BATCH: 381/1054 | BATCH LOSS: 0.0890 | BATCH ACCURACY: 0.9844
EPOCH: 1/1 | BATCH: 382/1054 | BATCH LOSS: 0.0876 | BATCH ACCURACY: 0.9688
EPOCH: 1/1 | BATCH: 383/1054 | BATCH LOSS: 0.0531 | BATCH ACCURACY: 0.9844
EPOCH: 1/1 | BATCH: 384/1054 | BATCH LOSS: 0.2739 | BATCH ACCURACY: 0.9219
EPOCH: 1/1 | BATCH: 385/1054 | BATCH LOSS: 0.1259 | BATCH ACCURACY: 0.9375
EPOCH: 1/1 | BATCH: 386/1054 | BATCH LOSS: 0.2562 | BATCH ACCURACY: 0.9062
EPOCH: 1/1 | BATCH: 387/1054 | BATCH LOSS: 0.1010 | BATCH ACCURACY: 0.9688
EPOCH: 1/1 | BATCH: 388/1054 | BATCH LOSS: 0.1617 | BATCH ACCURACY: 0.9375
EPOCH: 1/1 | BATCH: 389/1054 | BATCH LOSS: 0.0507 | BATCH ACCURACY: 1.0000
EPOCH: 1/1 | BATCH: 390/1054 | BATCH LOSS: 0.0732 | BATCH ACCURACY: 0.9844
EPOCH: 1/1 | BATCH: 391/1054 | BATCH LOSS: 0.1899 | BATCH ACCURACY: 0.9375
EPOCH: 1/1 | BATCH: 392/1054 | BATCH LOSS: 0.1242 | BATCH ACCURACY: 0.9531
EPOCH: 1/1 | BATCH: 393/1054 | BATCH LOSS: 0.1912 | BATCH ACCURACY: 0.9062
EPOCH: 1/1 | BATCH: 394/1054 | BATCH LOSS: 0.1067 | BATCH ACCURACY: 0.9844
EPOCH: 1/1 | BATCH: 395/1054 | BATCH LOSS: 0.1536 | BATCH ACCURACY: 0.9375
EPOCH: 1/1 | BATCH: 396/1054 | BATCH LOSS: 0.2003 | BATCH ACCURACY: 0.9531
EPOCH: 1/1 | BATCH: 397/1054 | BATCH LOSS: 0.1225 | BATCH ACCURACY: 0.9531
EPOCH: 1/1 | BATCH: 398/1054 | BATCH LOSS: 0.0754 | BATCH ACCURACY: 0.9688
EPOCH: 1/1 | BATCH: 399/1054 | BATCH LOSS: 0.1292 | BATCH ACCURACY: 0.9688
EPOCH: 1/1 | BATCH: 400/1054 | BATCH LOSS: 0.0486 | BATCH ACCURACY: 0.9844
EPOCH: 1/1 | BATCH: 401/1054 | BATCH LOSS: 0.1076 | BATCH ACCURACY: 0.9531
EPOCH: 1/1 | BATCH: 402/1054 | BATCH LOSS: 0.0516 | BATCH ACCURACY: 0.9844
EPOCH: 1/1 | BATCH: 403/1054 | BATCH LOSS: 0.2444 | BATCH ACCURACY: 0.9062
EPOCH: 1/1 | BATCH: 404/1054 | BATCH LOSS: 0.1692 | BATCH ACCURACY: 0.9375
EPOCH: 1/1 | BATCH: 405/1054 | BATCH LOSS: 0.0406 | BATCH ACCURACY: 1.0000
EPOCH: 1/1 | BATCH: 406/1054 | BATCH LOSS: 0.0635 | BATCH ACCURACY: 0.9688
EPOCH: 1/1 | BATCH: 407/1054 | BATCH LOSS: 0.2269 | BATCH ACCURACY: 0.9062
EPOCH: 1/1 | BATCH: 408/1054 | BATCH LOSS: 0.2404 | BATCH ACCURACY: 0.9375
EPOCH: 1/1 | BATCH: 409/1054 | BATCH LOSS: 0.1487 | BATCH ACCURACY: 0.9531
EPOCH: 1/1 | BATCH: 410/1054 | BATCH LOSS: 0.1075 | BATCH ACCURACY: 0.9688
EPOCH: 1/1 | BATCH: 411/1054 | BATCH LOSS: 0.0822 | BATCH ACCURACY: 0.9844
EPOCH: 1/1 | BATCH: 412/1054 | BATCH LOSS: 0.1410 | BATCH ACCURACY: 0.9688
EPOCH: 1/1 | BATCH: 413/1054 | BATCH LOSS: 0.1445 | BATCH ACCURACY: 0.9219
EPOCH: 1/1 | BATCH: 414/1054 | BATCH LOSS: 0.1544 | BATCH ACCURACY: 0.9688
EPOCH: 1/1 | BATCH: 415/1054 | BATCH LOSS: 0.1446 | BATCH ACCURACY: 0.9688
EPOCH: 1/1 | BATCH: 416/1054 | BATCH LOSS: 0.0624 | BATCH ACCURACY: 0.9844
EPOCH: 1/1 | BATCH: 417/1054 | BATCH LOSS: 0.1609 | BATCH ACCURACY: 0.9375
EPOCH: 1/1 | BATCH: 418/1054 | BATCH LOSS: 0.1998 | BATCH ACCURACY: 0.9688
EPOCH: 1/1 | BATCH: 419/1054 | BATCH LOSS: 0.0943 | BATCH ACCURACY: 0.9688
EPOCH: 1/1 | BATCH: 420/1054 | BATCH LOSS: 0.1626 | BATCH ACCURACY: 0.9531
EPOCH: 1/1 | BATCH: 421/1054 | BATCH LOSS: 0.0901 | BATCH ACCURACY: 0.9531
EPOCH: 1/1 | BATCH: 422/1054 | BATCH LOSS: 0.2918 | BATCH ACCURACY: 0.8906
EPOCH: 1/1 | BATCH: 423/1054 | BATCH LOSS: 0.1631 | BATCH ACCURACY: 0.9219
EPOCH: 1/1 | BATCH: 424/1054 | BATCH LOSS: 0.0754 | BATCH ACCURACY: 0.9844
EPOCH: 1/1 | BATCH: 425/1054 | BATCH LOSS: 0.1802 | BATCH ACCURACY: 0.9375
EPOCH: 1/1 | BATCH: 426/1054 | BATCH LOSS: 0.2126 | BATCH ACCURACY: 0.8750
EPOCH: 1/1 | BATCH: 427/1054 | BATCH LOSS: 0.1353 | BATCH ACCURACY: 0.9531
EPOCH: 1/1 | BATCH: 428/1054 | BATCH LOSS: 0.1452 | BATCH ACCURACY: 0.9375
EPOCH: 1/1 | BATCH: 429/1054 | BATCH LOSS: 0.2094 | BATCH ACCURACY: 0.9219
EPOCH: 1/1 | BATCH: 430/1054 | BATCH LOSS: 0.2269 | BATCH ACCURACY: 0.9062
EPOCH: 1/1 | BATCH: 431/1054 | BATCH LOSS: 0.2465 | BATCH ACCURACY: 0.8438
EPOCH: 1/1 | BATCH: 432/1054 | BATCH LOSS: 0.2063 | BATCH ACCURACY: 0.9219
EPOCH: 1/1 | BATCH: 433/1054 | BATCH LOSS: 0.2455 | BATCH ACCURACY: 0.9219
EPOCH: 1/1 | BATCH: 434/1054 | BATCH LOSS: 0.1183 | BATCH ACCURACY: 0.9688
EPOCH: 1/1 | BATCH: 435/1054 | BATCH LOSS: 0.2866 | BATCH ACCURACY: 0.8750
EPOCH: 1/1 | BATCH: 436/1054 | BATCH LOSS: 0.3289 | BATCH ACCURACY: 0.8906
EPOCH: 1/1 | BATCH: 437/1054 | BATCH LOSS: 0.0966 | BATCH ACCURACY: 0.9688
EPOCH: 1/1 | BATCH: 438/1054 | BATCH LOSS: 0.1302 | BATCH ACCURACY: 0.9375
EPOCH: 1/1 | BATCH: 439/1054 | BATCH LOSS: 0.1439 | BATCH ACCURACY: 0.9062
EPOCH: 1/1 | BATCH: 440/1054 | BATCH LOSS: 0.0500 | BATCH ACCURACY: 1.0000
EPOCH: 1/1 | BATCH: 441/1054 | BATCH LOSS: 0.0735 | BATCH ACCURACY: 0.9688
EPOCH: 1/1 | BATCH: 442/1054 | BATCH LOSS: 0.1437 | BATCH ACCURACY: 0.9688
EPOCH: 1/1 | BATCH: 443/1054 | BATCH LOSS: 0.1059 | BATCH ACCURACY: 0.9531
EPOCH: 1/1 | BATCH: 444/1054 | BATCH LOSS: 0.2941 | BATCH ACCURACY: 0.9375
EPOCH: 1/1 | BATCH: 445/1054 | BATCH LOSS: 0.0641 | BATCH ACCURACY: 0.9688
EPOCH: 1/1 | BATCH: 446/1054 | BATCH LOSS: 0.1009 | BATCH ACCURACY: 0.9844
EPOCH: 1/1 | BATCH: 447/1054 | BATCH LOSS: 0.1409 | BATCH ACCURACY: 0.9219
EPOCH: 1/1 | BATCH: 448/1054 | BATCH LOSS: 0.1662 | BATCH ACCURACY: 0.9219
EPOCH: 1/1 | BATCH: 449/1054 | BATCH LOSS: 0.2815 | BATCH ACCURACY: 0.9219
EPOCH: 1/1 | BATCH: 450/1054 | BATCH LOSS: 0.1343 | BATCH ACCURACY: 0.9531
EPOCH: 1/1 | BATCH: 451/1054 | BATCH LOSS: 0.1797 | BATCH ACCURACY: 0.9375
EPOCH: 1/1 | BATCH: 452/1054 | BATCH LOSS: 0.3279 | BATCH ACCURACY: 0.9062
EPOCH: 1/1 | BATCH: 453/1054 | BATCH LOSS: 0.1664 | BATCH ACCURACY: 0.9688
EPOCH: 1/1 | BATCH: 454/1054 | BATCH LOSS: 0.2625 | BATCH ACCURACY: 0.9062
EPOCH: 1/1 | BATCH: 455/1054 | BATCH LOSS: 0.2359 | BATCH ACCURACY: 0.9219
EPOCH: 1/1 | BATCH: 456/1054 | BATCH LOSS: 0.2309 | BATCH ACCURACY: 0.9531
EPOCH: 1/1 | BATCH: 457/1054 | BATCH LOSS: 0.1183 | BATCH ACCURACY: 0.9688
EPOCH: 1/1 | BATCH: 458/1054 | BATCH LOSS: 0.1196 | BATCH ACCURACY: 0.9688
EPOCH: 1/1 | BATCH: 459/1054 | BATCH LOSS: 0.1377 | BATCH ACCURACY: 0.9375
EPOCH: 1/1 | BATCH: 460/1054 | BATCH LOSS: 0.0877 | BATCH ACCURACY: 0.9844
EPOCH: 1/1 | BATCH: 461/1054 | BATCH LOSS: 0.2820 | BATCH ACCURACY: 0.9219
EPOCH: 1/1 | BATCH: 462/1054 | BATCH LOSS: 0.0839 | BATCH ACCURACY: 0.9844
EPOCH: 1/1 | BATCH: 463/1054 | BATCH LOSS: 0.0503 | BATCH ACCURACY: 0.9844
EPOCH: 1/1 | BATCH: 464/1054 | BATCH LOSS: 0.1724 | BATCH ACCURACY: 0.9531
EPOCH: 1/1 | BATCH: 465/1054 | BATCH LOSS: 0.1169 | BATCH ACCURACY: 0.9844
EPOCH: 1/1 | BATCH: 466/1054 | BATCH LOSS: 0.1732 | BATCH ACCURACY: 0.9375
EPOCH: 1/1 | BATCH: 467/1054 | BATCH LOSS: 0.1002 | BATCH ACCURACY: 0.9688
EPOCH: 1/1 | BATCH: 468/1054 | BATCH LOSS: 0.2593 | BATCH ACCURACY: 0.9375
EPOCH: 1/1 | BATCH: 469/1054 | BATCH LOSS: 0.1865 | BATCH ACCURACY: 0.9375
EPOCH: 1/1 | BATCH: 470/1054 | BATCH LOSS: 0.2111 | BATCH ACCURACY: 0.9219
EPOCH: 1/1 | BATCH: 471/1054 | BATCH LOSS: 0.1191 | BATCH ACCURACY: 0.9531
EPOCH: 1/1 | BATCH: 472/1054 | BATCH LOSS: 0.1133 | BATCH ACCURACY: 0.9531
EPOCH: 1/1 | BATCH: 473/1054 | BATCH LOSS: 0.0884 | BATCH ACCURACY: 1.0000
EPOCH: 1/1 | BATCH: 474/1054 | BATCH LOSS: 0.3062 | BATCH ACCURACY: 0.9062
EPOCH: 1/1 | BATCH: 475/1054 | BATCH LOSS: 0.1439 | BATCH ACCURACY: 0.9688
EPOCH: 1/1 | BATCH: 476/1054 | BATCH LOSS: 0.1655 | BATCH ACCURACY: 0.9531
EPOCH: 1/1 | BATCH: 477/1054 | BATCH LOSS: 0.1793 | BATCH ACCURACY: 0.9531
EPOCH: 1/1 | BATCH: 478/1054 | BATCH LOSS: 0.1915 | BATCH ACCURACY: 0.9688
EPOCH: 1/1 | BATCH: 479/1054 | BATCH LOSS: 0.1212 | BATCH ACCURACY: 0.9531
EPOCH: 1/1 | BATCH: 480/1054 | BATCH LOSS: 0.1371 | BATCH ACCURACY: 0.9688
EPOCH: 1/1 | BATCH: 481/1054 | BATCH LOSS: 0.1732 | BATCH ACCURACY: 0.9844
EPOCH: 1/1 | BATCH: 482/1054 | BATCH LOSS: 0.1378 | BATCH ACCURACY: 0.9375
EPOCH: 1/1 | BATCH: 483/1054 | BATCH LOSS: 0.0910 | BATCH ACCURACY: 0.9688
EPOCH: 1/1 | BATCH: 484/1054 | BATCH LOSS: 0.1308 | BATCH ACCURACY: 0.9844
EPOCH: 1/1 | BATCH: 485/1054 | BATCH LOSS: 0.1722 | BATCH ACCURACY: 0.9375
EPOCH: 1/1 | BATCH: 486/1054 | BATCH LOSS: 0.0940 | BATCH ACCURACY: 0.9688
EPOCH: 1/1 | BATCH: 487/1054 | BATCH LOSS: 0.1598 | BATCH ACCURACY: 0.9531
EPOCH: 1/1 | BATCH: 488/1054 | BATCH LOSS: 0.1976 | BATCH ACCURACY: 0.9375
EPOCH: 1/1 | BATCH: 489/1054 | BATCH LOSS: 0.1477 | BATCH ACCURACY: 0.9375
EPOCH: 1/1 | BATCH: 490/1054 | BATCH LOSS: 0.2567 | BATCH ACCURACY: 0.9219
EPOCH: 1/1 | BATCH: 491/1054 | BATCH LOSS: 0.0664 | BATCH ACCURACY: 0.9844
EPOCH: 1/1 | BATCH: 492/1054 | BATCH LOSS: 0.0729 | BATCH ACCURACY: 0.9844
EPOCH: 1/1 | BATCH: 493/1054 | BATCH LOSS: 0.0885 | BATCH ACCURACY: 0.9531
EPOCH: 1/1 | BATCH: 494/1054 | BATCH LOSS: 0.1178 | BATCH ACCURACY: 0.9688
EPOCH: 1/1 | BATCH: 495/1054 | BATCH LOSS: 0.0767 | BATCH ACCURACY: 0.9844
EPOCH: 1/1 | BATCH: 496/1054 | BATCH LOSS: 0.1492 | BATCH ACCURACY: 0.9531
EPOCH: 1/1 | BATCH: 497/1054 | BATCH LOSS: 0.1065 | BATCH ACCURACY: 0.9375
EPOCH: 1/1 | BATCH: 498/1054 | BATCH LOSS: 0.1995 | BATCH ACCURACY: 0.9531
EPOCH: 1/1 | BATCH: 499/1054 | BATCH LOSS: 0.1320 | BATCH ACCURACY: 0.9531
EPOCH: 1/1 | BATCH: 500/1054 | BATCH LOSS: 0.0683 | BATCH ACCURACY: 0.9844
EPOCH: 1/1 | BATCH: 501/1054 | BATCH LOSS: 0.0437 | BATCH ACCURACY: 1.0000
EPOCH: 1/1 | BATCH: 502/1054 | BATCH LOSS: 0.0561 | BATCH ACCURACY: 0.9844
EPOCH: 1/1 | BATCH: 503/1054 | BATCH LOSS: 0.0613 | BATCH ACCURACY: 0.9688
EPOCH: 1/1 | BATCH: 504/1054 | BATCH LOSS: 0.2824 | BATCH ACCURACY: 0.9062
EPOCH: 1/1 | BATCH: 505/1054 | BATCH LOSS: 0.0818 | BATCH ACCURACY: 0.9375
EPOCH: 1/1 | BATCH: 506/1054 | BATCH LOSS: 0.0883 | BATCH ACCURACY: 0.9531
EPOCH: 1/1 | BATCH: 507/1054 | BATCH LOSS: 0.0379 | BATCH ACCURACY: 0.9844
EPOCH: 1/1 | BATCH: 508/1054 | BATCH LOSS: 0.1786 | BATCH ACCURACY: 0.9531
EPOCH: 1/1 | BATCH: 509/1054 | BATCH LOSS: 0.2583 | BATCH ACCURACY: 0.9219
EPOCH: 1/1 | BATCH: 510/1054 | BATCH LOSS: 0.2199 | BATCH ACCURACY: 0.9531
EPOCH: 1/1 | BATCH: 511/1054 | BATCH LOSS: 0.1455 | BATCH ACCURACY: 0.9688
EPOCH: 1/1 | BATCH: 512/1054 | BATCH LOSS: 0.1248 | BATCH ACCURACY: 0.9844
EPOCH: 1/1 | BATCH: 513/1054 | BATCH LOSS: 0.1081 | BATCH ACCURACY: 0.9844
EPOCH: 1/1 | BATCH: 514/1054 | BATCH LOSS: 0.0883 | BATCH ACCURACY: 0.9844
EPOCH: 1/1 | BATCH: 515/1054 | BATCH LOSS: 0.1767 | BATCH ACCURACY: 0.9062
EPOCH: 1/1 | BATCH: 516/1054 | BATCH LOSS: 0.1147 | BATCH ACCURACY: 0.9531
EPOCH: 1/1 | BATCH: 517/1054 | BATCH LOSS: 0.0764 | BATCH ACCURACY: 0.9844
EPOCH: 1/1 | BATCH: 518/1054 | BATCH LOSS: 0.1476 | BATCH ACCURACY: 0.9219
EPOCH: 1/1 | BATCH: 519/1054 | BATCH LOSS: 0.0552 | BATCH ACCURACY: 0.9688
EPOCH: 1/1 | BATCH: 520/1054 | BATCH LOSS: 0.2061 | BATCH ACCURACY: 0.9375
EPOCH: 1/1 | BATCH: 521/1054 | BATCH LOSS: 0.0687 | BATCH ACCURACY: 0.9844
EPOCH: 1/1 | BATCH: 522/1054 | BATCH LOSS: 0.1702 | BATCH ACCURACY: 0.9531
EPOCH: 1/1 | BATCH: 523/1054 | BATCH LOSS: 0.1523 | BATCH ACCURACY: 0.9688
EPOCH: 1/1 | BATCH: 524/1054 | BATCH LOSS: 0.1406 | BATCH ACCURACY: 0.9531
EPOCH: 1/1 | BATCH: 525/1054 | BATCH LOSS: 0.0668 | BATCH ACCURACY: 0.9688
EPOCH: 1/1 | BATCH: 526/1054 | BATCH LOSS: 0.0586 | BATCH ACCURACY: 0.9688
EPOCH: 1/1 | BATCH: 527/1054 | BATCH LOSS: 0.0231 | BATCH ACCURACY: 1.0000
EPOCH: 1/1 | BATCH: 528/1054 | BATCH LOSS: 0.2326 | BATCH ACCURACY: 0.9375
EPOCH: 1/1 | BATCH: 529/1054 | BATCH LOSS: 0.0468 | BATCH ACCURACY: 0.9844
EPOCH: 1/1 | BATCH: 530/1054 | BATCH LOSS: 0.0897 | BATCH ACCURACY: 0.9688
EPOCH: 1/1 | BATCH: 531/1054 | BATCH LOSS: 0.0964 | BATCH ACCURACY: 0.9688
EPOCH: 1/1 | BATCH: 532/1054 | BATCH LOSS: 0.1810 | BATCH ACCURACY: 0.9531
EPOCH: 1/1 | BATCH: 533/1054 | BATCH LOSS: 0.0576 | BATCH ACCURACY: 0.9844
EPOCH: 1/1 | BATCH: 534/1054 | BATCH LOSS: 0.0465 | BATCH ACCURACY: 0.9844
EPOCH: 1/1 | BATCH: 535/1054 | BATCH LOSS: 0.0761 | BATCH ACCURACY: 0.9531
EPOCH: 1/1 | BATCH: 536/1054 | BATCH LOSS: 0.0620 | BATCH ACCURACY: 0.9844
EPOCH: 1/1 | BATCH: 537/1054 | BATCH LOSS: 0.1009 | BATCH ACCURACY: 0.9531
EPOCH: 1/1 | BATCH: 538/1054 | BATCH LOSS: 0.1032 | BATCH ACCURACY: 0.9531
EPOCH: 1/1 | BATCH: 539/1054 | BATCH LOSS: 0.1828 | BATCH ACCURACY: 0.9531
EPOCH: 1/1 | BATCH: 540/1054 | BATCH LOSS: 0.1490 | BATCH ACCURACY: 0.9531
EPOCH: 1/1 | BATCH: 541/1054 | BATCH LOSS: 0.2670 | BATCH ACCURACY: 0.8594
EPOCH: 1/1 | BATCH: 542/1054 | BATCH LOSS: 0.1912 | BATCH ACCURACY: 0.9531
EPOCH: 1/1 | BATCH: 543/1054 | BATCH LOSS: 0.1630 | BATCH ACCURACY: 0.9219
EPOCH: 1/1 | BATCH: 544/1054 | BATCH LOSS: 0.0842 | BATCH ACCURACY: 0.9844
EPOCH: 1/1 | BATCH: 545/1054 | BATCH LOSS: 0.1330 | BATCH ACCURACY: 0.9531
EPOCH: 1/1 | BATCH: 546/1054 | BATCH LOSS: 0.0901 | BATCH ACCURACY: 0.9688
EPOCH: 1/1 | BATCH: 547/1054 | BATCH LOSS: 0.1172 | BATCH ACCURACY: 0.9688
EPOCH: 1/1 | BATCH: 548/1054 | BATCH LOSS: 0.1189 | BATCH ACCURACY: 0.9688
EPOCH: 1/1 | BATCH: 549/1054 | BATCH LOSS: 0.1073 | BATCH ACCURACY: 0.9688
EPOCH: 1/1 | BATCH: 550/1054 | BATCH LOSS: 0.1277 | BATCH ACCURACY: 0.9375
EPOCH: 1/1 | BATCH: 551/1054 | BATCH LOSS: 0.2390 | BATCH ACCURACY: 0.9688
EPOCH: 1/1 | BATCH: 552/1054 | BATCH LOSS: 0.0165 | BATCH ACCURACY: 1.0000
EPOCH: 1/1 | BATCH: 553/1054 | BATCH LOSS: 0.1687 | BATCH ACCURACY: 0.9531
EPOCH: 1/1 | BATCH: 554/1054 | BATCH LOSS: 0.1200 | BATCH ACCURACY: 0.9688
EPOCH: 1/1 | BATCH: 555/1054 | BATCH LOSS: 0.2814 | BATCH ACCURACY: 0.9375
EPOCH: 1/1 | BATCH: 556/1054 | BATCH LOSS: 0.1078 | BATCH ACCURACY: 0.9375
EPOCH: 1/1 | BATCH: 557/1054 | BATCH LOSS: 0.1804 | BATCH ACCURACY: 0.9375
EPOCH: 1/1 | BATCH: 558/1054 | BATCH LOSS: 0.2471 | BATCH ACCURACY: 0.9062
EPOCH: 1/1 | BATCH: 559/1054 | BATCH LOSS: 0.1447 | BATCH ACCURACY: 0.9688
EPOCH: 1/1 | BATCH: 560/1054 | BATCH LOSS: 0.0680 | BATCH ACCURACY: 0.9844
EPOCH: 1/1 | BATCH: 561/1054 | BATCH LOSS: 0.1132 | BATCH ACCURACY: 0.9688
EPOCH: 1/1 | BATCH: 562/1054 | BATCH LOSS: 0.1131 | BATCH ACCURACY: 0.9688
EPOCH: 1/1 | BATCH: 563/1054 | BATCH LOSS: 0.3201 | BATCH ACCURACY: 0.9219
EPOCH: 1/1 | BATCH: 564/1054 | BATCH LOSS: 0.0654 | BATCH ACCURACY: 0.9688
EPOCH: 1/1 | BATCH: 565/1054 | BATCH LOSS: 0.0324 | BATCH ACCURACY: 1.0000
EPOCH: 1/1 | BATCH: 566/1054 | BATCH LOSS: 0.1318 | BATCH ACCURACY: 0.9375
EPOCH: 1/1 | BATCH: 567/1054 | BATCH LOSS: 0.1382 | BATCH ACCURACY: 0.9531
EPOCH: 1/1 | BATCH: 568/1054 | BATCH LOSS: 0.1279 | BATCH ACCURACY: 0.9531
EPOCH: 1/1 | BATCH: 569/1054 | BATCH LOSS: 0.2212 | BATCH ACCURACY: 0.9531
EPOCH: 1/1 | BATCH: 570/1054 | BATCH LOSS: 0.1496 | BATCH ACCURACY: 0.9531
EPOCH: 1/1 | BATCH: 571/1054 | BATCH LOSS: 0.0744 | BATCH ACCURACY: 0.9688
EPOCH: 1/1 | BATCH: 572/1054 | BATCH LOSS: 0.1232 | BATCH ACCURACY: 0.9531
EPOCH: 1/1 | BATCH: 573/1054 | BATCH LOSS: 0.1664 | BATCH ACCURACY: 0.9531
EPOCH: 1/1 | BATCH: 574/1054 | BATCH LOSS: 0.1381 | BATCH ACCURACY: 0.9375
EPOCH: 1/1 | BATCH: 575/1054 | BATCH LOSS: 0.0556 | BATCH ACCURACY: 0.9844
EPOCH: 1/1 | BATCH: 576/1054 | BATCH LOSS: 0.0615 | BATCH ACCURACY: 0.9844
EPOCH: 1/1 | BATCH: 577/1054 | BATCH LOSS: 0.1107 | BATCH ACCURACY: 0.9688
EPOCH: 1/1 | BATCH: 578/1054 | BATCH LOSS: 0.0336 | BATCH ACCURACY: 1.0000
EPOCH: 1/1 | BATCH: 579/1054 | BATCH LOSS: 0.1209 | BATCH ACCURACY: 0.9375
EPOCH: 1/1 | BATCH: 580/1054 | BATCH LOSS: 0.2645 | BATCH ACCURACY: 0.9375
EPOCH: 1/1 | BATCH: 581/1054 | BATCH LOSS: 0.2008 | BATCH ACCURACY: 0.9375
EPOCH: 1/1 | BATCH: 582/1054 | BATCH LOSS: 0.1522 | BATCH ACCURACY: 0.9375
EPOCH: 1/1 | BATCH: 583/1054 | BATCH LOSS: 0.0296 | BATCH ACCURACY: 1.0000
EPOCH: 1/1 | BATCH: 584/1054 | BATCH LOSS: 0.0795 | BATCH ACCURACY: 0.9688
EPOCH: 1/1 | BATCH: 585/1054 | BATCH LOSS: 0.1097 | BATCH ACCURACY: 0.9688
EPOCH: 1/1 | BATCH: 586/1054 | BATCH LOSS: 0.1157 | BATCH ACCURACY: 0.9531
EPOCH: 1/1 | BATCH: 587/1054 | BATCH LOSS: 0.1032 | BATCH ACCURACY: 0.9531
EPOCH: 1/1 | BATCH: 588/1054 | BATCH LOSS: 0.0747 | BATCH ACCURACY: 0.9844
EPOCH: 1/1 | BATCH: 589/1054 | BATCH LOSS: 0.1920 | BATCH ACCURACY: 0.9375
EPOCH: 1/1 | BATCH: 590/1054 | BATCH LOSS: 0.1650 | BATCH ACCURACY: 0.9531
EPOCH: 1/1 | BATCH: 591/1054 | BATCH LOSS: 0.0747 | BATCH ACCURACY: 0.9688
EPOCH: 1/1 | BATCH: 592/1054 | BATCH LOSS: 0.0503 | BATCH ACCURACY: 1.0000
EPOCH: 1/1 | BATCH: 593/1054 | BATCH LOSS: 0.0502 | BATCH ACCURACY: 0.9688
EPOCH: 1/1 | BATCH: 594/1054 | BATCH LOSS: 0.1381 | BATCH ACCURACY: 0.9219
EPOCH: 1/1 | BATCH: 595/1054 | BATCH LOSS: 0.0599 | BATCH ACCURACY: 0.9844
EPOCH: 1/1 | BATCH: 596/1054 | BATCH LOSS: 0.1638 | BATCH ACCURACY: 0.9062
EPOCH: 1/1 | BATCH: 597/1054 | BATCH LOSS: 0.1108 | BATCH ACCURACY: 0.9375
EPOCH: 1/1 | BATCH: 598/1054 | BATCH LOSS: 0.0586 | BATCH ACCURACY: 0.9688
EPOCH: 1/1 | BATCH: 599/1054 | BATCH LOSS: 0.0954 | BATCH ACCURACY: 0.9531
EPOCH: 1/1 | BATCH: 600/1054 | BATCH LOSS: 0.0801 | BATCH ACCURACY: 0.9688
EPOCH: 1/1 | BATCH: 601/1054 | BATCH LOSS: 0.0511 | BATCH ACCURACY: 0.9688
EPOCH: 1/1 | BATCH: 602/1054 | BATCH LOSS: 0.0554 | BATCH ACCURACY: 0.9844
EPOCH: 1/1 | BATCH: 603/1054 | BATCH LOSS: 0.0311 | BATCH ACCURACY: 1.0000
EPOCH: 1/1 | BATCH: 604/1054 | BATCH LOSS: 0.1317 | BATCH ACCURACY: 0.9844
EPOCH: 1/1 | BATCH: 605/1054 | BATCH LOSS: 0.0581 | BATCH ACCURACY: 0.9688
EPOCH: 1/1 | BATCH: 606/1054 | BATCH LOSS: 0.1258 | BATCH ACCURACY: 0.9219
EPOCH: 1/1 | BATCH: 607/1054 | BATCH LOSS: 0.3214 | BATCH ACCURACY: 0.9062
EPOCH: 1/1 | BATCH: 608/1054 | BATCH LOSS: 0.4065 | BATCH ACCURACY: 0.9375
EPOCH: 1/1 | BATCH: 609/1054 | BATCH LOSS: 0.1682 | BATCH ACCURACY: 0.9219
EPOCH: 1/1 | BATCH: 610/1054 | BATCH LOSS: 0.1661 | BATCH ACCURACY: 0.9688
EPOCH: 1/1 | BATCH: 611/1054 | BATCH LOSS: 0.0947 | BATCH ACCURACY: 0.9844
EPOCH: 1/1 | BATCH: 612/1054 | BATCH LOSS: 0.1712 | BATCH ACCURACY: 0.9531
EPOCH: 1/1 | BATCH: 613/1054 | BATCH LOSS: 0.1254 | BATCH ACCURACY: 0.9844
EPOCH: 1/1 | BATCH: 614/1054 | BATCH LOSS: 0.0778 | BATCH ACCURACY: 0.9844
EPOCH: 1/1 | BATCH: 615/1054 | BATCH LOSS: 0.0842 | BATCH ACCURACY: 0.9688
EPOCH: 1/1 | BATCH: 616/1054 | BATCH LOSS: 0.0717 | BATCH ACCURACY: 0.9531
EPOCH: 1/1 | BATCH: 617/1054 | BATCH LOSS: 0.2142 | BATCH ACCURACY: 0.9531
EPOCH: 1/1 | BATCH: 618/1054 | BATCH LOSS: 0.2482 | BATCH ACCURACY: 0.9219
EPOCH: 1/1 | BATCH: 619/1054 | BATCH LOSS: 0.1041 | BATCH ACCURACY: 0.9688
EPOCH: 1/1 | BATCH: 620/1054 | BATCH LOSS: 0.1216 | BATCH ACCURACY: 0.9688
EPOCH: 1/1 | BATCH: 621/1054 | BATCH LOSS: 0.0996 | BATCH ACCURACY: 0.9688
EPOCH: 1/1 | BATCH: 622/1054 | BATCH LOSS: 0.1571 | BATCH ACCURACY: 0.9375
EPOCH: 1/1 | BATCH: 623/1054 | BATCH LOSS: 0.2085 | BATCH ACCURACY: 0.9375
EPOCH: 1/1 | BATCH: 624/1054 | BATCH LOSS: 0.1009 | BATCH ACCURACY: 0.9531
EPOCH: 1/1 | BATCH: 625/1054 | BATCH LOSS: 0.1728 | BATCH ACCURACY: 0.8906
EPOCH: 1/1 | BATCH: 626/1054 | BATCH LOSS: 0.2705 | BATCH ACCURACY: 0.9375
EPOCH: 1/1 | BATCH: 627/1054 | BATCH LOSS: 0.1760 | BATCH ACCURACY: 0.9219
EPOCH: 1/1 | BATCH: 628/1054 | BATCH LOSS: 0.1005 | BATCH ACCURACY: 0.9844
EPOCH: 1/1 | BATCH: 629/1054 | BATCH LOSS: 0.0969 | BATCH ACCURACY: 0.9688
EPOCH: 1/1 | BATCH: 630/1054 | BATCH LOSS: 0.1466 | BATCH ACCURACY: 0.9844
EPOCH: 1/1 | BATCH: 631/1054 | BATCH LOSS: 0.0592 | BATCH ACCURACY: 1.0000
EPOCH: 1/1 | BATCH: 632/1054 | BATCH LOSS: 0.1004 | BATCH ACCURACY: 0.9688
EPOCH: 1/1 | BATCH: 633/1054 | BATCH LOSS: 0.1083 | BATCH ACCURACY: 0.9375
EPOCH: 1/1 | BATCH: 634/1054 | BATCH LOSS: 0.1277 | BATCH ACCURACY: 0.9531
EPOCH: 1/1 | BATCH: 635/1054 | BATCH LOSS: 0.0734 | BATCH ACCURACY: 0.9531
EPOCH: 1/1 | BATCH: 636/1054 | BATCH LOSS: 0.2379 | BATCH ACCURACY: 0.9375
EPOCH: 1/1 | BATCH: 637/1054 | BATCH LOSS: 0.2213 | BATCH ACCURACY: 0.8906
EPOCH: 1/1 | BATCH: 638/1054 | BATCH LOSS: 0.0643 | BATCH ACCURACY: 0.9531
EPOCH: 1/1 | BATCH: 639/1054 | BATCH LOSS: 0.0373 | BATCH ACCURACY: 1.0000
EPOCH: 1/1 | BATCH: 640/1054 | BATCH LOSS: 0.0816 | BATCH ACCURACY: 0.9688
EPOCH: 1/1 | BATCH: 641/1054 | BATCH LOSS: 0.0548 | BATCH ACCURACY: 0.9844
EPOCH: 1/1 | BATCH: 642/1054 | BATCH LOSS: 0.0739 | BATCH ACCURACY: 0.9688
EPOCH: 1/1 | BATCH: 643/1054 | BATCH LOSS: 0.2145 | BATCH ACCURACY: 0.9531
EPOCH: 1/1 | BATCH: 644/1054 | BATCH LOSS: 0.0490 | BATCH ACCURACY: 1.0000
EPOCH: 1/1 | BATCH: 645/1054 | BATCH LOSS: 0.1327 | BATCH ACCURACY: 0.9375
EPOCH: 1/1 | BATCH: 646/1054 | BATCH LOSS: 0.0648 | BATCH ACCURACY: 0.9844
EPOCH: 1/1 | BATCH: 647/1054 | BATCH LOSS: 0.0416 | BATCH ACCURACY: 0.9688
EPOCH: 1/1 | BATCH: 648/1054 | BATCH LOSS: 0.1512 | BATCH ACCURACY: 0.9531
EPOCH: 1/1 | BATCH: 649/1054 | BATCH LOSS: 0.2832 | BATCH ACCURACY: 0.9062
EPOCH: 1/1 | BATCH: 650/1054 | BATCH LOSS: 0.1034 | BATCH ACCURACY: 0.9375
EPOCH: 1/1 | BATCH: 651/1054 | BATCH LOSS: 0.0746 | BATCH ACCURACY: 0.9531
EPOCH: 1/1 | BATCH: 652/1054 | BATCH LOSS: 0.2301 | BATCH ACCURACY: 0.9062
EPOCH: 1/1 | BATCH: 653/1054 | BATCH LOSS: 0.2836 | BATCH ACCURACY: 0.9062
EPOCH: 1/1 | BATCH: 654/1054 | BATCH LOSS: 0.1038 | BATCH ACCURACY: 0.9531
EPOCH: 1/1 | BATCH: 655/1054 | BATCH LOSS: 0.1201 | BATCH ACCURACY: 0.9688
EPOCH: 1/1 | BATCH: 656/1054 | BATCH LOSS: 0.1424 | BATCH ACCURACY: 0.9688
EPOCH: 1/1 | BATCH: 657/1054 | BATCH LOSS: 0.1269 | BATCH ACCURACY: 0.9531
EPOCH: 1/1 | BATCH: 658/1054 | BATCH LOSS: 0.2354 | BATCH ACCURACY: 0.9531
EPOCH: 1/1 | BATCH: 659/1054 | BATCH LOSS: 0.0960 | BATCH ACCURACY: 0.9688
EPOCH: 1/1 | BATCH: 660/1054 | BATCH LOSS: 0.1699 | BATCH ACCURACY: 0.9375
EPOCH: 1/1 | BATCH: 661/1054 | BATCH LOSS: 0.2326 | BATCH ACCURACY: 0.9531
EPOCH: 1/1 | BATCH: 662/1054 | BATCH LOSS: 0.1731 | BATCH ACCURACY: 0.9375
EPOCH: 1/1 | BATCH: 663/1054 | BATCH LOSS: 0.1345 | BATCH ACCURACY: 0.9531
EPOCH: 1/1 | BATCH: 664/1054 | BATCH LOSS: 0.0700 | BATCH ACCURACY: 0.9844
EPOCH: 1/1 | BATCH: 665/1054 | BATCH LOSS: 0.2391 | BATCH ACCURACY: 0.9375
EPOCH: 1/1 | BATCH: 666/1054 | BATCH LOSS: 0.1604 | BATCH ACCURACY: 0.9531
EPOCH: 1/1 | BATCH: 667/1054 | BATCH LOSS: 0.0718 | BATCH ACCURACY: 0.9844
EPOCH: 1/1 | BATCH: 668/1054 | BATCH LOSS: 0.0433 | BATCH ACCURACY: 0.9844
EPOCH: 1/1 | BATCH: 669/1054 | BATCH LOSS: 0.1514 | BATCH ACCURACY: 0.9531
EPOCH: 1/1 | BATCH: 670/1054 | BATCH LOSS: 0.2778 | BATCH ACCURACY: 0.8906
EPOCH: 1/1 | BATCH: 671/1054 | BATCH LOSS: 0.1959 | BATCH ACCURACY: 0.9375
EPOCH: 1/1 | BATCH: 672/1054 | BATCH LOSS: 0.0972 | BATCH ACCURACY: 0.9688
EPOCH: 1/1 | BATCH: 673/1054 | BATCH LOSS: 0.1461 | BATCH ACCURACY: 0.9531
EPOCH: 1/1 | BATCH: 674/1054 | BATCH LOSS: 0.1432 | BATCH ACCURACY: 0.9531
EPOCH: 1/1 | BATCH: 675/1054 | BATCH LOSS: 0.1726 | BATCH ACCURACY: 0.9531
EPOCH: 1/1 | BATCH: 676/1054 | BATCH LOSS: 0.0895 | BATCH ACCURACY: 1.0000
EPOCH: 1/1 | BATCH: 677/1054 | BATCH LOSS: 0.1071 | BATCH ACCURACY: 0.9688
EPOCH: 1/1 | BATCH: 678/1054 | BATCH LOSS: 0.0836 | BATCH ACCURACY: 0.9531
EPOCH: 1/1 | BATCH: 679/1054 | BATCH LOSS: 0.3027 | BATCH ACCURACY: 0.8750
EPOCH: 1/1 | BATCH: 680/1054 | BATCH LOSS: 0.0388 | BATCH ACCURACY: 0.9688
EPOCH: 1/1 | BATCH: 681/1054 | BATCH LOSS: 0.2724 | BATCH ACCURACY: 0.9219
EPOCH: 1/1 | BATCH: 682/1054 | BATCH LOSS: 0.0441 | BATCH ACCURACY: 0.9844
EPOCH: 1/1 | BATCH: 683/1054 | BATCH LOSS: 0.0634 | BATCH ACCURACY: 0.9688
EPOCH: 1/1 | BATCH: 684/1054 | BATCH LOSS: 0.0906 | BATCH ACCURACY: 0.9531
EPOCH: 1/1 | BATCH: 685/1054 | BATCH LOSS: 0.1096 | BATCH ACCURACY: 0.9531
EPOCH: 1/1 | BATCH: 686/1054 | BATCH LOSS: 0.1053 | BATCH ACCURACY: 0.9688
EPOCH: 1/1 | BATCH: 687/1054 | BATCH LOSS: 0.1634 | BATCH ACCURACY: 0.9688
EPOCH: 1/1 | BATCH: 688/1054 | BATCH LOSS: 0.2296 | BATCH ACCURACY: 0.9219
EPOCH: 1/1 | BATCH: 689/1054 | BATCH LOSS: 0.0723 | BATCH ACCURACY: 0.9844
EPOCH: 1/1 | BATCH: 690/1054 | BATCH LOSS: 0.0707 | BATCH ACCURACY: 0.9688
EPOCH: 1/1 | BATCH: 691/1054 | BATCH LOSS: 0.1387 | BATCH ACCURACY: 0.9688
EPOCH: 1/1 | BATCH: 692/1054 | BATCH LOSS: 0.1150 | BATCH ACCURACY: 0.9688
EPOCH: 1/1 | BATCH: 693/1054 | BATCH LOSS: 0.1320 | BATCH ACCURACY: 0.9375
EPOCH: 1/1 | BATCH: 694/1054 | BATCH LOSS: 0.0816 | BATCH ACCURACY: 0.9688
EPOCH: 1/1 | BATCH: 695/1054 | BATCH LOSS: 0.1791 | BATCH ACCURACY: 0.9375
EPOCH: 1/1 | BATCH: 696/1054 | BATCH LOSS: 0.1153 | BATCH ACCURACY: 0.9688
EPOCH: 1/1 | BATCH: 697/1054 | BATCH LOSS: 0.1393 | BATCH ACCURACY: 0.9531
EPOCH: 1/1 | BATCH: 698/1054 | BATCH LOSS: 0.0232 | BATCH ACCURACY: 1.0000
EPOCH: 1/1 | BATCH: 699/1054 | BATCH LOSS: 0.0870 | BATCH ACCURACY: 0.9375
EPOCH: 1/1 | BATCH: 700/1054 | BATCH LOSS: 0.0941 | BATCH ACCURACY: 0.9688
EPOCH: 1/1 | BATCH: 701/1054 | BATCH LOSS: 0.1303 | BATCH ACCURACY: 0.9688
EPOCH: 1/1 | BATCH: 702/1054 | BATCH LOSS: 0.0789 | BATCH ACCURACY: 0.9375
EPOCH: 1/1 | BATCH: 703/1054 | BATCH LOSS: 0.0290 | BATCH ACCURACY: 1.0000
EPOCH: 1/1 | BATCH: 704/1054 | BATCH LOSS: 0.0347 | BATCH ACCURACY: 0.9844
EPOCH: 1/1 | BATCH: 705/1054 | BATCH LOSS: 0.1060 | BATCH ACCURACY: 0.9688
EPOCH: 1/1 | BATCH: 706/1054 | BATCH LOSS: 0.0306 | BATCH ACCURACY: 0.9844
EPOCH: 1/1 | BATCH: 707/1054 | BATCH LOSS: 0.1165 | BATCH ACCURACY: 0.9688
EPOCH: 1/1 | BATCH: 708/1054 | BATCH LOSS: 0.0964 | BATCH ACCURACY: 0.9375
EPOCH: 1/1 | BATCH: 709/1054 | BATCH LOSS: 0.0609 | BATCH ACCURACY: 0.9844
EPOCH: 1/1 | BATCH: 710/1054 | BATCH LOSS: 0.2882 | BATCH ACCURACY: 0.9219
EPOCH: 1/1 | BATCH: 711/1054 | BATCH LOSS: 0.0339 | BATCH ACCURACY: 1.0000
EPOCH: 1/1 | BATCH: 712/1054 | BATCH LOSS: 0.0686 | BATCH ACCURACY: 0.9844
EPOCH: 1/1 | BATCH: 713/1054 | BATCH LOSS: 0.2763 | BATCH ACCURACY: 0.9375
EPOCH: 1/1 | BATCH: 714/1054 | BATCH LOSS: 0.1483 | BATCH ACCURACY: 0.9531
EPOCH: 1/1 | BATCH: 715/1054 | BATCH LOSS: 0.1692 | BATCH ACCURACY: 0.9531
EPOCH: 1/1 | BATCH: 716/1054 | BATCH LOSS: 0.0284 | BATCH ACCURACY: 1.0000
EPOCH: 1/1 | BATCH: 717/1054 | BATCH LOSS: 0.0829 | BATCH ACCURACY: 0.9688
EPOCH: 1/1 | BATCH: 718/1054 | BATCH LOSS: 0.1118 | BATCH ACCURACY: 0.9688
EPOCH: 1/1 | BATCH: 719/1054 | BATCH LOSS: 0.1388 | BATCH ACCURACY: 0.9531
EPOCH: 1/1 | BATCH: 720/1054 | BATCH LOSS: 0.0607 | BATCH ACCURACY: 0.9844
EPOCH: 1/1 | BATCH: 721/1054 | BATCH LOSS: 0.1359 | BATCH ACCURACY: 0.9531
EPOCH: 1/1 | BATCH: 722/1054 | BATCH LOSS: 0.0666 | BATCH ACCURACY: 0.9844
EPOCH: 1/1 | BATCH: 723/1054 | BATCH LOSS: 0.1191 | BATCH ACCURACY: 0.9844
EPOCH: 1/1 | BATCH: 724/1054 | BATCH LOSS: 0.0350 | BATCH ACCURACY: 0.9844
EPOCH: 1/1 | BATCH: 725/1054 | BATCH LOSS: 0.0223 | BATCH ACCURACY: 1.0000
EPOCH: 1/1 | BATCH: 726/1054 | BATCH LOSS: 0.0504 | BATCH ACCURACY: 0.9688
EPOCH: 1/1 | BATCH: 727/1054 | BATCH LOSS: 0.1105 | BATCH ACCURACY: 0.9688
EPOCH: 1/1 | BATCH: 728/1054 | BATCH LOSS: 0.1377 | BATCH ACCURACY: 0.9688
EPOCH: 1/1 | BATCH: 729/1054 | BATCH LOSS: 0.3227 | BATCH ACCURACY: 0.9375
EPOCH: 1/1 | BATCH: 730/1054 | BATCH LOSS: 0.0142 | BATCH ACCURACY: 1.0000
EPOCH: 1/1 | BATCH: 731/1054 | BATCH LOSS: 0.1301 | BATCH ACCURACY: 0.9688
EPOCH: 1/1 | BATCH: 732/1054 | BATCH LOSS: 0.0378 | BATCH ACCURACY: 0.9844
EPOCH: 1/1 | BATCH: 733/1054 | BATCH LOSS: 0.2486 | BATCH ACCURACY: 0.9375
EPOCH: 1/1 | BATCH: 734/1054 | BATCH LOSS: 0.0599 | BATCH ACCURACY: 1.0000
EPOCH: 1/1 | BATCH: 735/1054 | BATCH LOSS: 0.0973 | BATCH ACCURACY: 0.9844
EPOCH: 1/1 | BATCH: 736/1054 | BATCH LOSS: 0.2599 | BATCH ACCURACY: 0.9062
EPOCH: 1/1 | BATCH: 737/1054 | BATCH LOSS: 0.0780 | BATCH ACCURACY: 0.9531
EPOCH: 1/1 | BATCH: 738/1054 | BATCH LOSS: 0.1039 | BATCH ACCURACY: 0.9844
EPOCH: 1/1 | BATCH: 739/1054 | BATCH LOSS: 0.1622 | BATCH ACCURACY: 0.9531
EPOCH: 1/1 | BATCH: 740/1054 | BATCH LOSS: 0.1109 | BATCH ACCURACY: 0.9688
EPOCH: 1/1 | BATCH: 741/1054 | BATCH LOSS: 0.1125 | BATCH ACCURACY: 0.9688
EPOCH: 1/1 | BATCH: 742/1054 | BATCH LOSS: 0.0615 | BATCH ACCURACY: 0.9844
EPOCH: 1/1 | BATCH: 743/1054 | BATCH LOSS: 0.0991 | BATCH ACCURACY: 0.9375
EPOCH: 1/1 | BATCH: 744/1054 | BATCH LOSS: 0.0557 | BATCH ACCURACY: 0.9844
EPOCH: 1/1 | BATCH: 745/1054 | BATCH LOSS: 0.0960 | BATCH ACCURACY: 0.9375
EPOCH: 1/1 | BATCH: 746/1054 | BATCH LOSS: 0.0934 | BATCH ACCURACY: 0.9688
EPOCH: 1/1 | BATCH: 747/1054 | BATCH LOSS: 0.0699 | BATCH ACCURACY: 0.9688
EPOCH: 1/1 | BATCH: 748/1054 | BATCH LOSS: 0.1113 | BATCH ACCURACY: 0.9688
EPOCH: 1/1 | BATCH: 749/1054 | BATCH LOSS: 0.2842 | BATCH ACCURACY: 0.9219
EPOCH: 1/1 | BATCH: 750/1054 | BATCH LOSS: 0.1413 | BATCH ACCURACY: 0.9688
EPOCH: 1/1 | BATCH: 751/1054 | BATCH LOSS: 0.1826 | BATCH ACCURACY: 0.9219
EPOCH: 1/1 | BATCH: 752/1054 | BATCH LOSS: 0.0998 | BATCH ACCURACY: 0.9688
EPOCH: 1/1 | BATCH: 753/1054 | BATCH LOSS: 0.0158 | BATCH ACCURACY: 1.0000
EPOCH: 1/1 | BATCH: 754/1054 | BATCH LOSS: 0.0448 | BATCH ACCURACY: 0.9844
EPOCH: 1/1 | BATCH: 755/1054 | BATCH LOSS: 0.1619 | BATCH ACCURACY: 0.9219
EPOCH: 1/1 | BATCH: 756/1054 | BATCH LOSS: 0.0704 | BATCH ACCURACY: 0.9844
EPOCH: 1/1 | BATCH: 757/1054 | BATCH LOSS: 0.0976 | BATCH ACCURACY: 0.9844
EPOCH: 1/1 | BATCH: 758/1054 | BATCH LOSS: 0.1473 | BATCH ACCURACY: 0.9062
EPOCH: 1/1 | BATCH: 759/1054 | BATCH LOSS: 0.0836 | BATCH ACCURACY: 0.9688
EPOCH: 1/1 | BATCH: 760/1054 | BATCH LOSS: 0.0925 | BATCH ACCURACY: 0.9844
EPOCH: 1/1 | BATCH: 761/1054 | BATCH LOSS: 0.1181 | BATCH ACCURACY: 0.9531
EPOCH: 1/1 | BATCH: 762/1054 | BATCH LOSS: 0.0986 | BATCH ACCURACY: 0.9688
EPOCH: 1/1 | BATCH: 763/1054 | BATCH LOSS: 0.0540 | BATCH ACCURACY: 0.9844
EPOCH: 1/1 | BATCH: 764/1054 | BATCH LOSS: 0.1954 | BATCH ACCURACY: 0.9531
EPOCH: 1/1 | BATCH: 765/1054 | BATCH LOSS: 0.1490 | BATCH ACCURACY: 0.9531
EPOCH: 1/1 | BATCH: 766/1054 | BATCH LOSS: 0.0413 | BATCH ACCURACY: 0.9844
EPOCH: 1/1 | BATCH: 767/1054 | BATCH LOSS: 0.0613 | BATCH ACCURACY: 0.9844
EPOCH: 1/1 | BATCH: 768/1054 | BATCH LOSS: 0.0285 | BATCH ACCURACY: 1.0000
EPOCH: 1/1 | BATCH: 769/1054 | BATCH LOSS: 0.0709 | BATCH ACCURACY: 0.9844
EPOCH: 1/1 | BATCH: 770/1054 | BATCH LOSS: 0.2459 | BATCH ACCURACY: 0.9219
EPOCH: 1/1 | BATCH: 771/1054 | BATCH LOSS: 0.0951 | BATCH ACCURACY: 0.9375
EPOCH: 1/1 | BATCH: 772/1054 | BATCH LOSS: 0.0915 | BATCH ACCURACY: 0.9531
EPOCH: 1/1 | BATCH: 773/1054 | BATCH LOSS: 0.2116 | BATCH ACCURACY: 0.9219
EPOCH: 1/1 | BATCH: 774/1054 | BATCH LOSS: 0.1367 | BATCH ACCURACY: 0.9219
EPOCH: 1/1 | BATCH: 775/1054 | BATCH LOSS: 0.2166 | BATCH ACCURACY: 0.9062
EPOCH: 1/1 | BATCH: 776/1054 | BATCH LOSS: 0.1398 | BATCH ACCURACY: 0.9531
EPOCH: 1/1 | BATCH: 777/1054 | BATCH LOSS: 0.1936 | BATCH ACCURACY: 0.9375
EPOCH: 1/1 | BATCH: 778/1054 | BATCH LOSS: 0.1194 | BATCH ACCURACY: 0.9531
EPOCH: 1/1 | BATCH: 779/1054 | BATCH LOSS: 0.1267 | BATCH ACCURACY: 0.9844
EPOCH: 1/1 | BATCH: 780/1054 | BATCH LOSS: 0.1088 | BATCH ACCURACY: 0.9531
EPOCH: 1/1 | BATCH: 781/1054 | BATCH LOSS: 0.1485 | BATCH ACCURACY: 0.9531
EPOCH: 1/1 | BATCH: 782/1054 | BATCH LOSS: 0.1255 | BATCH ACCURACY: 0.9531
EPOCH: 1/1 | BATCH: 783/1054 | BATCH LOSS: 0.2083 | BATCH ACCURACY: 0.9062
EPOCH: 1/1 | BATCH: 784/1054 | BATCH LOSS: 0.0743 | BATCH ACCURACY: 0.9688
EPOCH: 1/1 | BATCH: 785/1054 | BATCH LOSS: 0.2022 | BATCH ACCURACY: 0.9219
EPOCH: 1/1 | BATCH: 786/1054 | BATCH LOSS: 0.1288 | BATCH ACCURACY: 0.9531
EPOCH: 1/1 | BATCH: 787/1054 | BATCH LOSS: 0.1651 | BATCH ACCURACY: 0.9531
EPOCH: 1/1 | BATCH: 788/1054 | BATCH LOSS: 0.0528 | BATCH ACCURACY: 0.9844
EPOCH: 1/1 | BATCH: 789/1054 | BATCH LOSS: 0.2470 | BATCH ACCURACY: 0.9219
EPOCH: 1/1 | BATCH: 790/1054 | BATCH LOSS: 0.0441 | BATCH ACCURACY: 1.0000
EPOCH: 1/1 | BATCH: 791/1054 | BATCH LOSS: 0.1102 | BATCH ACCURACY: 0.9531
EPOCH: 1/1 | BATCH: 792/1054 | BATCH LOSS: 0.0320 | BATCH ACCURACY: 1.0000
EPOCH: 1/1 | BATCH: 793/1054 | BATCH LOSS: 0.1733 | BATCH ACCURACY: 0.9219
EPOCH: 1/1 | BATCH: 794/1054 | BATCH LOSS: 0.0333 | BATCH ACCURACY: 0.9844
EPOCH: 1/1 | BATCH: 795/1054 | BATCH LOSS: 0.0789 | BATCH ACCURACY: 0.9531
EPOCH: 1/1 | BATCH: 796/1054 | BATCH LOSS: 0.0322 | BATCH ACCURACY: 1.0000
EPOCH: 1/1 | BATCH: 797/1054 | BATCH LOSS: 0.0958 | BATCH ACCURACY: 0.9688
EPOCH: 1/1 | BATCH: 798/1054 | BATCH LOSS: 0.1845 | BATCH ACCURACY: 0.9688
EPOCH: 1/1 | BATCH: 799/1054 | BATCH LOSS: 0.0283 | BATCH ACCURACY: 1.0000
EPOCH: 1/1 | BATCH: 800/1054 | BATCH LOSS: 0.1416 | BATCH ACCURACY: 0.9531
EPOCH: 1/1 | BATCH: 801/1054 | BATCH LOSS: 0.1218 | BATCH ACCURACY: 0.9844
EPOCH: 1/1 | BATCH: 802/1054 | BATCH LOSS: 0.1347 | BATCH ACCURACY: 0.9531
EPOCH: 1/1 | BATCH: 803/1054 | BATCH LOSS: 0.0834 | BATCH ACCURACY: 0.9844
EPOCH: 1/1 | BATCH: 804/1054 | BATCH LOSS: 0.2327 | BATCH ACCURACY: 0.9375
EPOCH: 1/1 | BATCH: 805/1054 | BATCH LOSS: 0.0806 | BATCH ACCURACY: 0.9844
EPOCH: 1/1 | BATCH: 806/1054 | BATCH LOSS: 0.0517 | BATCH ACCURACY: 0.9844
EPOCH: 1/1 | BATCH: 807/1054 | BATCH LOSS: 0.0419 | BATCH ACCURACY: 1.0000
EPOCH: 1/1 | BATCH: 808/1054 | BATCH LOSS: 0.2132 | BATCH ACCURACY: 0.9219
EPOCH: 1/1 | BATCH: 809/1054 | BATCH LOSS: 0.0823 | BATCH ACCURACY: 0.9688
EPOCH: 1/1 | BATCH: 810/1054 | BATCH LOSS: 0.0932 | BATCH ACCURACY: 0.9688
EPOCH: 1/1 | BATCH: 811/1054 | BATCH LOSS: 0.0950 | BATCH ACCURACY: 0.9688
EPOCH: 1/1 | BATCH: 812/1054 | BATCH LOSS: 0.2221 | BATCH ACCURACY: 0.9375
EPOCH: 1/1 | BATCH: 813/1054 | BATCH LOSS: 0.1696 | BATCH ACCURACY: 0.9531
EPOCH: 1/1 | BATCH: 814/1054 | BATCH LOSS: 0.0606 | BATCH ACCURACY: 0.9844
EPOCH: 1/1 | BATCH: 815/1054 | BATCH LOSS: 0.1821 | BATCH ACCURACY: 0.9375
EPOCH: 1/1 | BATCH: 816/1054 | BATCH LOSS: 0.0637 | BATCH ACCURACY: 0.9844
EPOCH: 1/1 | BATCH: 817/1054 | BATCH LOSS: 0.0958 | BATCH ACCURACY: 0.9688
EPOCH: 1/1 | BATCH: 818/1054 | BATCH LOSS: 0.1048 | BATCH ACCURACY: 0.9688
EPOCH: 1/1 | BATCH: 819/1054 | BATCH LOSS: 0.0913 | BATCH ACCURACY: 0.9531
EPOCH: 1/1 | BATCH: 820/1054 | BATCH LOSS: 0.1448 | BATCH ACCURACY: 0.9531
EPOCH: 1/1 | BATCH: 821/1054 | BATCH LOSS: 0.0185 | BATCH ACCURACY: 1.0000
EPOCH: 1/1 | BATCH: 822/1054 | BATCH LOSS: 0.1443 | BATCH ACCURACY: 0.9375
EPOCH: 1/1 | BATCH: 823/1054 | BATCH LOSS: 0.1198 | BATCH ACCURACY: 0.9844
EPOCH: 1/1 | BATCH: 824/1054 | BATCH LOSS: 0.1366 | BATCH ACCURACY: 0.9375
EPOCH: 1/1 | BATCH: 825/1054 | BATCH LOSS: 0.0633 | BATCH ACCURACY: 0.9688
EPOCH: 1/1 | BATCH: 826/1054 | BATCH LOSS: 0.0478 | BATCH ACCURACY: 0.9688
EPOCH: 1/1 | BATCH: 827/1054 | BATCH LOSS: 0.0786 | BATCH ACCURACY: 0.9844
EPOCH: 1/1 | BATCH: 828/1054 | BATCH LOSS: 0.1542 | BATCH ACCURACY: 0.9688
EPOCH: 1/1 | BATCH: 829/1054 | BATCH LOSS: 0.2647 | BATCH ACCURACY: 0.9375
EPOCH: 1/1 | BATCH: 830/1054 | BATCH LOSS: 0.0487 | BATCH ACCURACY: 1.0000
EPOCH: 1/1 | BATCH: 831/1054 | BATCH LOSS: 0.0955 | BATCH ACCURACY: 0.9688
EPOCH: 1/1 | BATCH: 832/1054 | BATCH LOSS: 0.1590 | BATCH ACCURACY: 0.9375
EPOCH: 1/1 | BATCH: 833/1054 | BATCH LOSS: 0.1416 | BATCH ACCURACY: 0.9219
EPOCH: 1/1 | BATCH: 834/1054 | BATCH LOSS: 0.1340 | BATCH ACCURACY: 0.9688
EPOCH: 1/1 | BATCH: 835/1054 | BATCH LOSS: 0.0852 | BATCH ACCURACY: 0.9531
EPOCH: 1/1 | BATCH: 836/1054 | BATCH LOSS: 0.0591 | BATCH ACCURACY: 0.9844
EPOCH: 1/1 | BATCH: 837/1054 | BATCH LOSS: 0.0948 | BATCH ACCURACY: 0.9688
EPOCH: 1/1 | BATCH: 838/1054 | BATCH LOSS: 0.0349 | BATCH ACCURACY: 1.0000
EPOCH: 1/1 | BATCH: 839/1054 | BATCH LOSS: 0.0536 | BATCH ACCURACY: 0.9844
EPOCH: 1/1 | BATCH: 840/1054 | BATCH LOSS: 0.1932 | BATCH ACCURACY: 0.9531
EPOCH: 1/1 | BATCH: 841/1054 | BATCH LOSS: 0.2522 | BATCH ACCURACY: 0.9219
EPOCH: 1/1 | BATCH: 842/1054 | BATCH LOSS: 0.0178 | BATCH ACCURACY: 1.0000
EPOCH: 1/1 | BATCH: 843/1054 | BATCH LOSS: 0.1523 | BATCH ACCURACY: 0.9062
EPOCH: 1/1 | BATCH: 844/1054 | BATCH LOSS: 0.1219 | BATCH ACCURACY: 0.9688
EPOCH: 1/1 | BATCH: 845/1054 | BATCH LOSS: 0.0400 | BATCH ACCURACY: 0.9844
EPOCH: 1/1 | BATCH: 846/1054 | BATCH LOSS: 0.1928 | BATCH ACCURACY: 0.9219
EPOCH: 1/1 | BATCH: 847/1054 | BATCH LOSS: 0.0524 | BATCH ACCURACY: 1.0000
EPOCH: 1/1 | BATCH: 848/1054 | BATCH LOSS: 0.0877 | BATCH ACCURACY: 0.9844
EPOCH: 1/1 | BATCH: 849/1054 | BATCH LOSS: 0.1854 | BATCH ACCURACY: 0.9062
EPOCH: 1/1 | BATCH: 850/1054 | BATCH LOSS: 0.1128 | BATCH ACCURACY: 0.9844
EPOCH: 1/1 | BATCH: 851/1054 | BATCH LOSS: 0.1342 | BATCH ACCURACY: 0.9688
EPOCH: 1/1 | BATCH: 852/1054 | BATCH LOSS: 0.1164 | BATCH ACCURACY: 0.9688
EPOCH: 1/1 | BATCH: 853/1054 | BATCH LOSS: 0.0785 | BATCH ACCURACY: 0.9688
EPOCH: 1/1 | BATCH: 854/1054 | BATCH LOSS: 0.1860 | BATCH ACCURACY: 0.9375
EPOCH: 1/1 | BATCH: 855/1054 | BATCH LOSS: 0.1436 | BATCH ACCURACY: 0.9375
EPOCH: 1/1 | BATCH: 856/1054 | BATCH LOSS: 0.0291 | BATCH ACCURACY: 0.9844
EPOCH: 1/1 | BATCH: 857/1054 | BATCH LOSS: 0.2099 | BATCH ACCURACY: 0.9688
EPOCH: 1/1 | BATCH: 858/1054 | BATCH LOSS: 0.0315 | BATCH ACCURACY: 0.9844
EPOCH: 1/1 | BATCH: 859/1054 | BATCH LOSS: 0.1516 | BATCH ACCURACY: 0.9531
EPOCH: 1/1 | BATCH: 860/1054 | BATCH LOSS: 0.1367 | BATCH ACCURACY: 0.9531
EPOCH: 1/1 | BATCH: 861/1054 | BATCH LOSS: 0.1372 | BATCH ACCURACY: 0.9375
EPOCH: 1/1 | BATCH: 862/1054 | BATCH LOSS: 0.0519 | BATCH ACCURACY: 0.9688
EPOCH: 1/1 | BATCH: 863/1054 | BATCH LOSS: 0.0626 | BATCH ACCURACY: 0.9844
EPOCH: 1/1 | BATCH: 864/1054 | BATCH LOSS: 0.1328 | BATCH ACCURACY: 0.9531
EPOCH: 1/1 | BATCH: 865/1054 | BATCH LOSS: 0.1183 | BATCH ACCURACY: 0.9844
EPOCH: 1/1 | BATCH: 866/1054 | BATCH LOSS: 0.2301 | BATCH ACCURACY: 0.9219
EPOCH: 1/1 | BATCH: 867/1054 | BATCH LOSS: 0.1627 | BATCH ACCURACY: 0.9531
EPOCH: 1/1 | BATCH: 868/1054 | BATCH LOSS: 0.0627 | BATCH ACCURACY: 0.9844
EPOCH: 1/1 | BATCH: 869/1054 | BATCH LOSS: 0.0923 | BATCH ACCURACY: 0.9688
EPOCH: 1/1 | BATCH: 870/1054 | BATCH LOSS: 0.1369 | BATCH ACCURACY: 0.9219
EPOCH: 1/1 | BATCH: 871/1054 | BATCH LOSS: 0.0452 | BATCH ACCURACY: 1.0000
EPOCH: 1/1 | BATCH: 872/1054 | BATCH LOSS: 0.0871 | BATCH ACCURACY: 0.9531
EPOCH: 1/1 | BATCH: 873/1054 | BATCH LOSS: 0.1538 | BATCH ACCURACY: 0.9219
EPOCH: 1/1 | BATCH: 874/1054 | BATCH LOSS: 0.0799 | BATCH ACCURACY: 0.9688
EPOCH: 1/1 | BATCH: 875/1054 | BATCH LOSS: 0.0290 | BATCH ACCURACY: 0.9844
EPOCH: 1/1 | BATCH: 876/1054 | BATCH LOSS: 0.1047 | BATCH ACCURACY: 0.9375
EPOCH: 1/1 | BATCH: 877/1054 | BATCH LOSS: 0.5125 | BATCH ACCURACY: 0.8594
EPOCH: 1/1 | BATCH: 878/1054 | BATCH LOSS: 0.3470 | BATCH ACCURACY: 0.9062
EPOCH: 1/1 | BATCH: 879/1054 | BATCH LOSS: 0.0853 | BATCH ACCURACY: 0.9688
EPOCH: 1/1 | BATCH: 880/1054 | BATCH LOSS: 0.3482 | BATCH ACCURACY: 0.8750
EPOCH: 1/1 | BATCH: 881/1054 | BATCH LOSS: 0.1943 | BATCH ACCURACY: 0.9375
EPOCH: 1/1 | BATCH: 882/1054 | BATCH LOSS: 0.1948 | BATCH ACCURACY: 0.9688
EPOCH: 1/1 | BATCH: 883/1054 | BATCH LOSS: 0.2728 | BATCH ACCURACY: 0.8750
EPOCH: 1/1 | BATCH: 884/1054 | BATCH LOSS: 0.1596 | BATCH ACCURACY: 0.9531
EPOCH: 1/1 | BATCH: 885/1054 | BATCH LOSS: 0.1492 | BATCH ACCURACY: 0.9531
EPOCH: 1/1 | BATCH: 886/1054 | BATCH LOSS: 0.1164 | BATCH ACCURACY: 0.9688
EPOCH: 1/1 | BATCH: 887/1054 | BATCH LOSS: 0.0793 | BATCH ACCURACY: 0.9844
EPOCH: 1/1 | BATCH: 888/1054 | BATCH LOSS: 0.0670 | BATCH ACCURACY: 0.9688
EPOCH: 1/1 | BATCH: 889/1054 | BATCH LOSS: 0.1300 | BATCH ACCURACY: 0.9688
EPOCH: 1/1 | BATCH: 890/1054 | BATCH LOSS: 0.4239 | BATCH ACCURACY: 0.8906
EPOCH: 1/1 | BATCH: 891/1054 | BATCH LOSS: 0.0979 | BATCH ACCURACY: 0.9844
EPOCH: 1/1 | BATCH: 892/1054 | BATCH LOSS: 0.0265 | BATCH ACCURACY: 0.9844
EPOCH: 1/1 | BATCH: 893/1054 | BATCH LOSS: 0.0312 | BATCH ACCURACY: 1.0000
EPOCH: 1/1 | BATCH: 894/1054 | BATCH LOSS: 0.1223 | BATCH ACCURACY: 0.9375
EPOCH: 1/1 | BATCH: 895/1054 | BATCH LOSS: 0.0391 | BATCH ACCURACY: 0.9844
EPOCH: 1/1 | BATCH: 896/1054 | BATCH LOSS: 0.1668 | BATCH ACCURACY: 0.9219
EPOCH: 1/1 | BATCH: 897/1054 | BATCH LOSS: 0.0494 | BATCH ACCURACY: 0.9844
EPOCH: 1/1 | BATCH: 898/1054 | BATCH LOSS: 0.0358 | BATCH ACCURACY: 1.0000
EPOCH: 1/1 | BATCH: 899/1054 | BATCH LOSS: 0.1258 | BATCH ACCURACY: 0.9531
EPOCH: 1/1 | BATCH: 900/1054 | BATCH LOSS: 0.0203 | BATCH ACCURACY: 1.0000
EPOCH: 1/1 | BATCH: 901/1054 | BATCH LOSS: 0.0507 | BATCH ACCURACY: 0.9844
EPOCH: 1/1 | BATCH: 902/1054 | BATCH LOSS: 0.0922 | BATCH ACCURACY: 0.9688
EPOCH: 1/1 | BATCH: 903/1054 | BATCH LOSS: 0.2299 | BATCH ACCURACY: 0.9219
EPOCH: 1/1 | BATCH: 904/1054 | BATCH LOSS: 0.0692 | BATCH ACCURACY: 0.9844
EPOCH: 1/1 | BATCH: 905/1054 | BATCH LOSS: 0.0554 | BATCH ACCURACY: 0.9688
EPOCH: 1/1 | BATCH: 906/1054 | BATCH LOSS: 0.1133 | BATCH ACCURACY: 0.9375
EPOCH: 1/1 | BATCH: 907/1054 | BATCH LOSS: 0.0308 | BATCH ACCURACY: 1.0000
EPOCH: 1/1 | BATCH: 908/1054 | BATCH LOSS: 0.1253 | BATCH ACCURACY: 0.9375
EPOCH: 1/1 | BATCH: 909/1054 | BATCH LOSS: 0.1405 | BATCH ACCURACY: 0.9531
EPOCH: 1/1 | BATCH: 910/1054 | BATCH LOSS: 0.1114 | BATCH ACCURACY: 0.9531
EPOCH: 1/1 | BATCH: 911/1054 | BATCH LOSS: 0.1088 | BATCH ACCURACY: 0.9531
EPOCH: 1/1 | BATCH: 912/1054 | BATCH LOSS: 0.0965 | BATCH ACCURACY: 0.9531
EPOCH: 1/1 | BATCH: 913/1054 | BATCH LOSS: 0.1165 | BATCH ACCURACY: 0.9531
EPOCH: 1/1 | BATCH: 914/1054 | BATCH LOSS: 0.0511 | BATCH ACCURACY: 0.9844
EPOCH: 1/1 | BATCH: 915/1054 | BATCH LOSS: 0.1729 | BATCH ACCURACY: 0.9219
EPOCH: 1/1 | BATCH: 916/1054 | BATCH LOSS: 0.2868 | BATCH ACCURACY: 0.9531
EPOCH: 1/1 | BATCH: 917/1054 | BATCH LOSS: 0.2246 | BATCH ACCURACY: 0.9219
EPOCH: 1/1 | BATCH: 918/1054 | BATCH LOSS: 0.0483 | BATCH ACCURACY: 1.0000
EPOCH: 1/1 | BATCH: 919/1054 | BATCH LOSS: 0.2378 | BATCH ACCURACY: 0.9062
EPOCH: 1/1 | BATCH: 920/1054 | BATCH LOSS: 0.1160 | BATCH ACCURACY: 0.9531
EPOCH: 1/1 | BATCH: 921/1054 | BATCH LOSS: 0.0606 | BATCH ACCURACY: 1.0000
EPOCH: 1/1 | BATCH: 922/1054 | BATCH LOSS: 0.1410 | BATCH ACCURACY: 0.9375
EPOCH: 1/1 | BATCH: 923/1054 | BATCH LOSS: 0.0431 | BATCH ACCURACY: 1.0000
EPOCH: 1/1 | BATCH: 924/1054 | BATCH LOSS: 0.0817 | BATCH ACCURACY: 0.9688
EPOCH: 1/1 | BATCH: 925/1054 | BATCH LOSS: 0.1024 | BATCH ACCURACY: 0.9688
EPOCH: 1/1 | BATCH: 926/1054 | BATCH LOSS: 0.1201 | BATCH ACCURACY: 0.9688
EPOCH: 1/1 | BATCH: 927/1054 | BATCH LOSS: 0.0665 | BATCH ACCURACY: 0.9688
EPOCH: 1/1 | BATCH: 928/1054 | BATCH LOSS: 0.0676 | BATCH ACCURACY: 0.9531
EPOCH: 1/1 | BATCH: 929/1054 | BATCH LOSS: 0.0990 | BATCH ACCURACY: 0.9531
EPOCH: 1/1 | BATCH: 930/1054 | BATCH LOSS: 0.2109 | BATCH ACCURACY: 0.9531
EPOCH: 1/1 | BATCH: 931/1054 | BATCH LOSS: 0.1471 | BATCH ACCURACY: 0.9688
EPOCH: 1/1 | BATCH: 932/1054 | BATCH LOSS: 0.1421 | BATCH ACCURACY: 0.9531
EPOCH: 1/1 | BATCH: 933/1054 | BATCH LOSS: 0.0633 | BATCH ACCURACY: 0.9844
EPOCH: 1/1 | BATCH: 934/1054 | BATCH LOSS: 0.1450 | BATCH ACCURACY: 0.9375
EPOCH: 1/1 | BATCH: 935/1054 | BATCH LOSS: 0.1302 | BATCH ACCURACY: 0.9688
EPOCH: 1/1 | BATCH: 936/1054 | BATCH LOSS: 0.0221 | BATCH ACCURACY: 1.0000
EPOCH: 1/1 | BATCH: 937/1054 | BATCH LOSS: 0.1781 | BATCH ACCURACY: 0.9375
EPOCH: 1/1 | BATCH: 938/1054 | BATCH LOSS: 0.0173 | BATCH ACCURACY: 1.0000
EPOCH: 1/1 | BATCH: 939/1054 | BATCH LOSS: 0.0636 | BATCH ACCURACY: 0.9844
EPOCH: 1/1 | BATCH: 940/1054 | BATCH LOSS: 0.1191 | BATCH ACCURACY: 0.9375
EPOCH: 1/1 | BATCH: 941/1054 | BATCH LOSS: 0.0837 | BATCH ACCURACY: 0.9531
EPOCH: 1/1 | BATCH: 942/1054 | BATCH LOSS: 0.0982 | BATCH ACCURACY: 0.9844
EPOCH: 1/1 | BATCH: 943/1054 | BATCH LOSS: 0.0804 | BATCH ACCURACY: 0.9688
EPOCH: 1/1 | BATCH: 944/1054 | BATCH LOSS: 0.1412 | BATCH ACCURACY: 0.9688
EPOCH: 1/1 | BATCH: 945/1054 | BATCH LOSS: 0.2060 | BATCH ACCURACY: 0.9531
EPOCH: 1/1 | BATCH: 946/1054 | BATCH LOSS: 0.1256 | BATCH ACCURACY: 0.9531
EPOCH: 1/1 | BATCH: 947/1054 | BATCH LOSS: 0.1276 | BATCH ACCURACY: 0.9688
EPOCH: 1/1 | BATCH: 948/1054 | BATCH LOSS: 0.0359 | BATCH ACCURACY: 0.9844
EPOCH: 1/1 | BATCH: 949/1054 | BATCH LOSS: 0.1535 | BATCH ACCURACY: 0.9531
EPOCH: 1/1 | BATCH: 950/1054 | BATCH LOSS: 0.1361 | BATCH ACCURACY: 0.9531
EPOCH: 1/1 | BATCH: 951/1054 | BATCH LOSS: 0.0962 | BATCH ACCURACY: 0.9844
EPOCH: 1/1 | BATCH: 952/1054 | BATCH LOSS: 0.1658 | BATCH ACCURACY: 0.9375
EPOCH: 1/1 | BATCH: 953/1054 | BATCH LOSS: 0.1041 | BATCH ACCURACY: 0.9531
EPOCH: 1/1 | BATCH: 954/1054 | BATCH LOSS: 0.1309 | BATCH ACCURACY: 0.9375
EPOCH: 1/1 | BATCH: 955/1054 | BATCH LOSS: 0.1287 | BATCH ACCURACY: 0.9688
EPOCH: 1/1 | BATCH: 956/1054 | BATCH LOSS: 0.0797 | BATCH ACCURACY: 0.9688
EPOCH: 1/1 | BATCH: 957/1054 | BATCH LOSS: 0.0618 | BATCH ACCURACY: 0.9844
EPOCH: 1/1 | BATCH: 958/1054 | BATCH LOSS: 0.1296 | BATCH ACCURACY: 0.9531
EPOCH: 1/1 | BATCH: 959/1054 | BATCH LOSS: 0.0651 | BATCH ACCURACY: 0.9531
EPOCH: 1/1 | BATCH: 960/1054 | BATCH LOSS: 0.0409 | BATCH ACCURACY: 1.0000
EPOCH: 1/1 | BATCH: 961/1054 | BATCH LOSS: 0.0721 | BATCH ACCURACY: 0.9688
EPOCH: 1/1 | BATCH: 962/1054 | BATCH LOSS: 0.1156 | BATCH ACCURACY: 0.9531
EPOCH: 1/1 | BATCH: 963/1054 | BATCH LOSS: 0.0978 | BATCH ACCURACY: 0.9688
EPOCH: 1/1 | BATCH: 964/1054 | BATCH LOSS: 0.0798 | BATCH ACCURACY: 0.9688
EPOCH: 1/1 | BATCH: 965/1054 | BATCH LOSS: 0.0158 | BATCH ACCURACY: 1.0000
EPOCH: 1/1 | BATCH: 966/1054 | BATCH LOSS: 0.1677 | BATCH ACCURACY: 0.9219
EPOCH: 1/1 | BATCH: 967/1054 | BATCH LOSS: 0.1217 | BATCH ACCURACY: 0.9219
EPOCH: 1/1 | BATCH: 968/1054 | BATCH LOSS: 0.0169 | BATCH ACCURACY: 0.9844
EPOCH: 1/1 | BATCH: 969/1054 | BATCH LOSS: 0.1123 | BATCH ACCURACY: 0.9531
EPOCH: 1/1 | BATCH: 970/1054 | BATCH LOSS: 0.0434 | BATCH ACCURACY: 0.9844
EPOCH: 1/1 | BATCH: 971/1054 | BATCH LOSS: 0.0318 | BATCH ACCURACY: 0.9844
EPOCH: 1/1 | BATCH: 972/1054 | BATCH LOSS: 0.0859 | BATCH ACCURACY: 0.9531
EPOCH: 1/1 | BATCH: 973/1054 | BATCH LOSS: 0.0186 | BATCH ACCURACY: 1.0000
EPOCH: 1/1 | BATCH: 974/1054 | BATCH LOSS: 0.2805 | BATCH ACCURACY: 0.9375
EPOCH: 1/1 | BATCH: 975/1054 | BATCH LOSS: 0.1440 | BATCH ACCURACY: 0.9375
EPOCH: 1/1 | BATCH: 976/1054 | BATCH LOSS: 0.0531 | BATCH ACCURACY: 0.9844
EPOCH: 1/1 | BATCH: 977/1054 | BATCH LOSS: 0.0412 | BATCH ACCURACY: 0.9844
EPOCH: 1/1 | BATCH: 978/1054 | BATCH LOSS: 0.1840 | BATCH ACCURACY: 0.9219
EPOCH: 1/1 | BATCH: 979/1054 | BATCH LOSS: 0.0370 | BATCH ACCURACY: 1.0000
EPOCH: 1/1 | BATCH: 980/1054 | BATCH LOSS: 0.1016 | BATCH ACCURACY: 0.9375
EPOCH: 1/1 | BATCH: 981/1054 | BATCH LOSS: 0.0337 | BATCH ACCURACY: 1.0000
EPOCH: 1/1 | BATCH: 982/1054 | BATCH LOSS: 0.0956 | BATCH ACCURACY: 0.9844
EPOCH: 1/1 | BATCH: 983/1054 | BATCH LOSS: 0.1445 | BATCH ACCURACY: 0.9531
EPOCH: 1/1 | BATCH: 984/1054 | BATCH LOSS: 0.0888 | BATCH ACCURACY: 0.9688
EPOCH: 1/1 | BATCH: 985/1054 | BATCH LOSS: 0.0884 | BATCH ACCURACY: 0.9688
EPOCH: 1/1 | BATCH: 986/1054 | BATCH LOSS: 0.1301 | BATCH ACCURACY: 0.9375
EPOCH: 1/1 | BATCH: 987/1054 | BATCH LOSS: 0.0130 | BATCH ACCURACY: 1.0000
EPOCH: 1/1 | BATCH: 988/1054 | BATCH LOSS: 0.0787 | BATCH ACCURACY: 0.9688
EPOCH: 1/1 | BATCH: 989/1054 | BATCH LOSS: 0.0589 | BATCH ACCURACY: 0.9844
EPOCH: 1/1 | BATCH: 990/1054 | BATCH LOSS: 0.1459 | BATCH ACCURACY: 0.9375
EPOCH: 1/1 | BATCH: 991/1054 | BATCH LOSS: 0.0958 | BATCH ACCURACY: 0.9531
EPOCH: 1/1 | BATCH: 992/1054 | BATCH LOSS: 0.3231 | BATCH ACCURACY: 0.9062
EPOCH: 1/1 | BATCH: 993/1054 | BATCH LOSS: 0.0930 | BATCH ACCURACY: 0.9531
EPOCH: 1/1 | BATCH: 994/1054 | BATCH LOSS: 0.0385 | BATCH ACCURACY: 0.9844
EPOCH: 1/1 | BATCH: 995/1054 | BATCH LOSS: 0.0560 | BATCH ACCURACY: 0.9844
EPOCH: 1/1 | BATCH: 996/1054 | BATCH LOSS: 0.1025 | BATCH ACCURACY: 0.9688
EPOCH: 1/1 | BATCH: 997/1054 | BATCH LOSS: 0.0719 | BATCH ACCURACY: 0.9688
EPOCH: 1/1 | BATCH: 998/1054 | BATCH LOSS: 0.1904 | BATCH ACCURACY: 0.9688
EPOCH: 1/1 | BATCH: 999/1054 | BATCH LOSS: 0.2282 | BATCH ACCURACY: 0.8906
EPOCH: 1/1 | BATCH: 1000/1054 | BATCH LOSS: 0.0772 | BATCH ACCURACY: 0.9844
EPOCH: 1/1 | BATCH: 1001/1054 | BATCH LOSS: 0.1290 | BATCH ACCURACY: 0.9688
EPOCH: 1/1 | BATCH: 1002/1054 | BATCH LOSS: 0.1927 | BATCH ACCURACY: 0.9531
EPOCH: 1/1 | BATCH: 1003/1054 | BATCH LOSS: 0.0682 | BATCH ACCURACY: 0.9688
EPOCH: 1/1 | BATCH: 1004/1054 | BATCH LOSS: 0.1092 | BATCH ACCURACY: 0.9219
EPOCH: 1/1 | BATCH: 1005/1054 | BATCH LOSS: 0.1311 | BATCH ACCURACY: 0.9688
EPOCH: 1/1 | BATCH: 1006/1054 | BATCH LOSS: 0.0630 | BATCH ACCURACY: 0.9688
EPOCH: 1/1 | BATCH: 1007/1054 | BATCH LOSS: 0.1140 | BATCH ACCURACY: 0.9375
EPOCH: 1/1 | BATCH: 1008/1054 | BATCH LOSS: 0.1165 | BATCH ACCURACY: 0.9688
EPOCH: 1/1 | BATCH: 1009/1054 | BATCH LOSS: 0.1454 | BATCH ACCURACY: 0.9375
EPOCH: 1/1 | BATCH: 1010/1054 | BATCH LOSS: 0.0821 | BATCH ACCURACY: 0.9531
EPOCH: 1/1 | BATCH: 1011/1054 | BATCH LOSS: 0.1571 | BATCH ACCURACY: 0.9688
EPOCH: 1/1 | BATCH: 1012/1054 | BATCH LOSS: 0.0538 | BATCH ACCURACY: 0.9688
EPOCH: 1/1 | BATCH: 1013/1054 | BATCH LOSS: 0.2831 | BATCH ACCURACY: 0.9062
EPOCH: 1/1 | BATCH: 1014/1054 | BATCH LOSS: 0.0944 | BATCH ACCURACY: 0.9531
EPOCH: 1/1 | BATCH: 1015/1054 | BATCH LOSS: 0.1519 | BATCH ACCURACY: 0.9062
EPOCH: 1/1 | BATCH: 1016/1054 | BATCH LOSS: 0.1232 | BATCH ACCURACY: 0.9844
EPOCH: 1/1 | BATCH: 1017/1054 | BATCH LOSS: 0.0441 | BATCH ACCURACY: 1.0000
EPOCH: 1/1 | BATCH: 1018/1054 | BATCH LOSS: 0.0995 | BATCH ACCURACY: 0.9688
EPOCH: 1/1 | BATCH: 1019/1054 | BATCH LOSS: 0.0624 | BATCH ACCURACY: 0.9844
EPOCH: 1/1 | BATCH: 1020/1054 | BATCH LOSS: 0.0716 | BATCH ACCURACY: 0.9688
EPOCH: 1/1 | BATCH: 1021/1054 | BATCH LOSS: 0.1109 | BATCH ACCURACY: 0.9688
EPOCH: 1/1 | BATCH: 1022/1054 | BATCH LOSS: 0.2410 | BATCH ACCURACY: 0.8750
EPOCH: 1/1 | BATCH: 1023/1054 | BATCH LOSS: 0.1128 | BATCH ACCURACY: 0.9531
EPOCH: 1/1 | BATCH: 1024/1054 | BATCH LOSS: 0.0798 | BATCH ACCURACY: 0.9844
EPOCH: 1/1 | BATCH: 1025/1054 | BATCH LOSS: 0.0534 | BATCH ACCURACY: 0.9688
EPOCH: 1/1 | BATCH: 1026/1054 | BATCH LOSS: 0.2036 | BATCH ACCURACY: 0.9688
EPOCH: 1/1 | BATCH: 1027/1054 | BATCH LOSS: 0.0657 | BATCH ACCURACY: 0.9688
EPOCH: 1/1 | BATCH: 1028/1054 | BATCH LOSS: 0.0904 | BATCH ACCURACY: 0.9844
EPOCH: 1/1 | BATCH: 1029/1054 | BATCH LOSS: 0.0261 | BATCH ACCURACY: 1.0000
EPOCH: 1/1 | BATCH: 1030/1054 | BATCH LOSS: 0.0304 | BATCH ACCURACY: 1.0000
EPOCH: 1/1 | BATCH: 1031/1054 | BATCH LOSS: 0.0351 | BATCH ACCURACY: 1.0000
EPOCH: 1/1 | BATCH: 1032/1054 | BATCH LOSS: 0.0523 | BATCH ACCURACY: 0.9688
EPOCH: 1/1 | BATCH: 1033/1054 | BATCH LOSS: 0.0864 | BATCH ACCURACY: 0.9531
EPOCH: 1/1 | BATCH: 1034/1054 | BATCH LOSS: 0.0431 | BATCH ACCURACY: 0.9844
EPOCH: 1/1 | BATCH: 1035/1054 | BATCH LOSS: 0.1170 | BATCH ACCURACY: 0.9688
EPOCH: 1/1 | BATCH: 1036/1054 | BATCH LOSS: 0.1514 | BATCH ACCURACY: 0.9531
EPOCH: 1/1 | BATCH: 1037/1054 | BATCH LOSS: 0.3721 | BATCH ACCURACY: 0.9375
EPOCH: 1/1 | BATCH: 1038/1054 | BATCH LOSS: 0.0149 | BATCH ACCURACY: 1.0000
EPOCH: 1/1 | BATCH: 1039/1054 | BATCH LOSS: 0.1145 | BATCH ACCURACY: 0.9531
EPOCH: 1/1 | BATCH: 1040/1054 | BATCH LOSS: 0.0303 | BATCH ACCURACY: 0.9844
EPOCH: 1/1 | BATCH: 1041/1054 | BATCH LOSS: 0.1111 | BATCH ACCURACY: 0.9531
EPOCH: 1/1 | BATCH: 1042/1054 | BATCH LOSS: 0.0733 | BATCH ACCURACY: 0.9688
EPOCH: 1/1 | BATCH: 1043/1054 | BATCH LOSS: 0.1030 | BATCH ACCURACY: 0.9844
EPOCH: 1/1 | BATCH: 1044/1054 | BATCH LOSS: 0.1561 | BATCH ACCURACY: 0.9688
EPOCH: 1/1 | BATCH: 1045/1054 | BATCH LOSS: 0.0961 | BATCH ACCURACY: 0.9688
EPOCH: 1/1 | BATCH: 1046/1054 | BATCH LOSS: 0.1326 | BATCH ACCURACY: 0.9531
EPOCH: 1/1 | BATCH: 1047/1054 | BATCH LOSS: 0.0619 | BATCH ACCURACY: 0.9844
EPOCH: 1/1 | BATCH: 1048/1054 | BATCH LOSS: 0.1966 | BATCH ACCURACY: 0.8906
EPOCH: 1/1 | BATCH: 1049/1054 | BATCH LOSS: 0.1175 | BATCH ACCURACY: 0.9688
EPOCH: 1/1 | BATCH: 1050/1054 | BATCH LOSS: 0.0612 | BATCH ACCURACY: 0.9531
EPOCH: 1/1 | BATCH: 1051/1054 | BATCH LOSS: 0.1526 | BATCH ACCURACY: 0.9375
EPOCH: 1/1 | BATCH: 1052/1054 | BATCH LOSS: 0.0629 | BATCH ACCURACY: 0.9688
EPOCH: 1/1 | BATCH: 1053/1054 | BATCH LOSS: 0.1854 | BATCH ACCURACY: 0.9531
EPOCH: 1/1 | BATCH: 1054/1054 | BATCH LOSS: 0.1472 | BATCH ACCURACY: 0.9688
EPOCH: 1/1 | BATCH: 1055/1054 | BATCH LOSS: 0.1245 | BATCH ACCURACY: 0.6719
BATCH: 1/117
BATCH: 2/117
BATCH: 3/117
BATCH: 4/117
BATCH: 5/117
BATCH: 6/117
BATCH: 7/117
BATCH: 8/117
BATCH: 9/117
BATCH: 10/117
BATCH: 11/117
BATCH: 12/117
BATCH: 13/117
BATCH: 14/117
BATCH: 15/117
BATCH: 16/117
BATCH: 17/117
BATCH: 18/117
BATCH: 19/117
BATCH: 20/117
BATCH: 21/117
BATCH: 22/117
BATCH: 23/117
BATCH: 24/117
BATCH: 25/117
BATCH: 26/117
BATCH: 27/117
BATCH: 28/117
BATCH: 29/117
BATCH: 30/117
BATCH: 31/117
BATCH: 32/117
BATCH: 33/117
BATCH: 34/117
BATCH: 35/117
BATCH: 36/117
BATCH: 37/117
BATCH: 38/117
BATCH: 39/117
BATCH: 40/117
BATCH: 41/117
BATCH: 42/117
BATCH: 43/117
BATCH: 44/117
BATCH: 45/117
BATCH: 46/117
BATCH: 47/117
BATCH: 48/117
BATCH: 49/117
BATCH: 50/117
BATCH: 51/117
BATCH: 52/117
BATCH: 53/117
BATCH: 54/117
BATCH: 55/117
BATCH: 56/117
BATCH: 57/117
BATCH: 58/117
BATCH: 59/117
BATCH: 60/117
BATCH: 61/117
BATCH: 62/117
BATCH: 63/117
BATCH: 64/117
BATCH: 65/117
BATCH: 66/117
BATCH: 67/117
BATCH: 68/117
BATCH: 69/117
BATCH: 70/117
BATCH: 71/117
BATCH: 72/117
BATCH: 73/117
BATCH: 74/117
BATCH: 75/117
BATCH: 76/117
BATCH: 77/117
BATCH: 78/117
BATCH: 79/117
BATCH: 80/117
BATCH: 81/117
BATCH: 82/117
BATCH: 83/117
BATCH: 84/117
BATCH: 85/117
BATCH: 86/117
BATCH: 87/117
BATCH: 88/117
BATCH: 89/117
BATCH: 90/117
BATCH: 91/117
BATCH: 92/117
BATCH: 93/117
BATCH: 94/117
BATCH: 95/117
BATCH: 96/117
BATCH: 97/117
BATCH: 98/117
BATCH: 99/117
BATCH: 100/117
BATCH: 101/117
BATCH: 102/117
BATCH: 103/117
BATCH: 104/117
BATCH: 105/117
BATCH: 106/117
BATCH: 107/117
BATCH: 108/117
BATCH: 109/117
BATCH: 110/117
BATCH: 111/117
BATCH: 112/117
BATCH: 113/117
BATCH: 114/117
BATCH: 115/117
BATCH: 116/117
BATCH: 117/117
BATCH: 118/117
EPOCH: 1/1 | TRAIN LOSS: 0.0033 | TRAIN ACCURACY: 0.9236 | VALIDATION LOSS: 0.0013 | VALIDATION ACCURACY: 0.9711