2024-09-27 18:37:59,704 - INFO - Using device: mps
2024-09-27 18:38:00,103 - INFO -                                               review  sentiment
0  In 1974, the teenager Martha Moxley (Maggie Gr...          1
1  OK... so... I really like Kris Kristofferson a...          0
2  ***SPOILER*** Do not read this, if you think a...          0
2024-09-27 18:38:08,766 - INFO - Epoch: 0001/0003 | Batch 0000/2188 | Loss: 0.7044
2024-09-27 18:38:27,036 - INFO - Epoch: 0001/0003 | Batch 0010/2188 | Loss: 0.6777
2024-09-27 18:38:44,536 - INFO - Epoch: 0001/0003 | Batch 0020/2188 | Loss: 0.2921
2024-09-27 18:39:02,216 - INFO - Epoch: 0001/0003 | Batch 0030/2188 | Loss: 0.4389
2024-09-27 18:39:19,735 - INFO - Epoch: 0001/0003 | Batch 0040/2188 | Loss: 0.2626
2024-09-27 18:39:37,193 - INFO - Epoch: 0001/0003 | Batch 0050/2188 | Loss: 0.2367
2024-09-27 18:39:54,595 - INFO - Epoch: 0001/0003 | Batch 0060/2188 | Loss: 0.4929
2024-09-27 18:40:12,340 - INFO - Epoch: 0001/0003 | Batch 0070/2188 | Loss: 0.2415
2024-09-27 18:40:30,484 - INFO - Epoch: 0001/0003 | Batch 0080/2188 | Loss: 0.5569
2024-09-27 18:40:48,760 - INFO - Epoch: 0001/0003 | Batch 0090/2188 | Loss: 0.2276
2024-09-27 18:41:06,368 - INFO - Epoch: 0001/0003 | Batch 0100/2188 | Loss: 0.9757
2024-09-27 18:41:23,943 - INFO - Epoch: 0001/0003 | Batch 0110/2188 | Loss: 0.3310
2024-09-27 18:41:41,487 - INFO - Epoch: 0001/0003 | Batch 0120/2188 | Loss: 0.1078
2024-09-27 18:41:59,154 - INFO - Epoch: 0001/0003 | Batch 0130/2188 | Loss: 0.2029
2024-09-27 18:42:16,707 - INFO - Epoch: 0001/0003 | Batch 0140/2188 | Loss: 0.5544
2024-09-27 18:42:34,275 - INFO - Epoch: 0001/0003 | Batch 0150/2188 | Loss: 0.5376
2024-09-27 18:42:51,947 - INFO - Epoch: 0001/0003 | Batch 0160/2188 | Loss: 0.5797
2024-09-27 18:43:09,546 - INFO - Epoch: 0001/0003 | Batch 0170/2188 | Loss: 0.1836
2024-09-27 18:43:27,207 - INFO - Epoch: 0001/0003 | Batch 0180/2188 | Loss: 0.6269
2024-09-27 18:43:44,814 - INFO - Epoch: 0001/0003 | Batch 0190/2188 | Loss: 0.3848
2024-09-27 18:44:02,441 - INFO - Epoch: 0001/0003 | Batch 0200/2188 | Loss: 0.2513
2024-09-27 18:44:20,014 - INFO - Epoch: 0001/0003 | Batch 0210/2188 | Loss: 0.2085
2024-09-27 18:44:37,591 - INFO - Epoch: 0001/0003 | Batch 0220/2188 | Loss: 0.4291
2024-09-27 18:44:55,185 - INFO - Epoch: 0001/0003 | Batch 0230/2188 | Loss: 0.4270
2024-09-27 18:45:12,820 - INFO - Epoch: 0001/0003 | Batch 0240/2188 | Loss: 0.3815
2024-09-27 18:45:30,421 - INFO - Epoch: 0001/0003 | Batch 0250/2188 | Loss: 0.2886
2024-09-27 18:45:48,003 - INFO - Epoch: 0001/0003 | Batch 0260/2188 | Loss: 0.2130
2024-09-27 18:46:05,607 - INFO - Epoch: 0001/0003 | Batch 0270/2188 | Loss: 0.5215
2024-09-27 18:46:23,239 - INFO - Epoch: 0001/0003 | Batch 0280/2188 | Loss: 0.4957
2024-09-27 18:46:40,854 - INFO - Epoch: 0001/0003 | Batch 0290/2188 | Loss: 0.1092
2024-09-27 18:46:58,478 - INFO - Epoch: 0001/0003 | Batch 0300/2188 | Loss: 0.2598
2024-09-27 18:47:16,347 - INFO - Epoch: 0001/0003 | Batch 0310/2188 | Loss: 0.2221
2024-09-27 18:47:33,955 - INFO - Epoch: 0001/0003 | Batch 0320/2188 | Loss: 0.4085
2024-09-27 18:47:51,812 - INFO - Epoch: 0001/0003 | Batch 0330/2188 | Loss: 0.3096
2024-09-27 18:48:10,057 - INFO - Epoch: 0001/0003 | Batch 0340/2188 | Loss: 0.2338
2024-09-27 18:48:27,806 - INFO - Epoch: 0001/0003 | Batch 0350/2188 | Loss: 0.1809
2024-09-27 18:48:45,429 - INFO - Epoch: 0001/0003 | Batch 0360/2188 | Loss: 0.0515
2024-09-27 18:49:03,057 - INFO - Epoch: 0001/0003 | Batch 0370/2188 | Loss: 0.1990
2024-09-27 18:49:20,642 - INFO - Epoch: 0001/0003 | Batch 0380/2188 | Loss: 0.2866
2024-09-27 18:49:38,290 - INFO - Epoch: 0001/0003 | Batch 0390/2188 | Loss: 0.1779
2024-09-27 18:49:55,811 - INFO - Epoch: 0001/0003 | Batch 0400/2188 | Loss: 0.3436
2024-09-27 18:50:13,304 - INFO - Epoch: 0001/0003 | Batch 0410/2188 | Loss: 0.1266
2024-09-27 18:50:30,769 - INFO - Epoch: 0001/0003 | Batch 0420/2188 | Loss: 0.1274
2024-09-27 18:50:48,217 - INFO - Epoch: 0001/0003 | Batch 0430/2188 | Loss: 0.2904
2024-09-27 18:51:05,732 - INFO - Epoch: 0001/0003 | Batch 0440/2188 | Loss: 0.1917
2024-09-27 18:51:23,220 - INFO - Epoch: 0001/0003 | Batch 0450/2188 | Loss: 0.5810
2024-09-27 18:51:40,715 - INFO - Epoch: 0001/0003 | Batch 0460/2188 | Loss: 0.2695
2024-09-27 18:51:58,228 - INFO - Epoch: 0001/0003 | Batch 0470/2188 | Loss: 0.1456
2024-09-27 18:52:15,761 - INFO - Epoch: 0001/0003 | Batch 0480/2188 | Loss: 0.4679
2024-09-27 18:52:33,257 - INFO - Epoch: 0001/0003 | Batch 0490/2188 | Loss: 0.1895
2024-09-27 18:52:50,770 - INFO - Epoch: 0001/0003 | Batch 0500/2188 | Loss: 0.3054
2024-09-27 18:53:08,244 - INFO - Epoch: 0001/0003 | Batch 0510/2188 | Loss: 0.3705
2024-09-27 18:53:25,704 - INFO - Epoch: 0001/0003 | Batch 0520/2188 | Loss: 0.2854
2024-09-27 18:53:43,482 - INFO - Epoch: 0001/0003 | Batch 0530/2188 | Loss: 0.1309
2024-09-27 18:54:01,065 - INFO - Epoch: 0001/0003 | Batch 0540/2188 | Loss: 0.1061
2024-09-27 18:54:18,556 - INFO - Epoch: 0001/0003 | Batch 0550/2188 | Loss: 0.2890
2024-09-27 18:54:36,021 - INFO - Epoch: 0001/0003 | Batch 0560/2188 | Loss: 0.2730
2024-09-27 18:54:53,524 - INFO - Epoch: 0001/0003 | Batch 0570/2188 | Loss: 0.2222
2024-09-27 18:55:10,992 - INFO - Epoch: 0001/0003 | Batch 0580/2188 | Loss: 0.3195
2024-09-27 18:55:28,448 - INFO - Epoch: 0001/0003 | Batch 0590/2188 | Loss: 0.4315
2024-09-27 18:55:45,932 - INFO - Epoch: 0001/0003 | Batch 0600/2188 | Loss: 0.4147
2024-09-27 18:56:03,430 - INFO - Epoch: 0001/0003 | Batch 0610/2188 | Loss: 0.3368
2024-09-27 18:56:20,886 - INFO - Epoch: 0001/0003 | Batch 0620/2188 | Loss: 0.1775
2024-09-27 18:56:38,407 - INFO - Epoch: 0001/0003 | Batch 0630/2188 | Loss: 0.2840
2024-09-27 18:56:55,945 - INFO - Epoch: 0001/0003 | Batch 0640/2188 | Loss: 0.1463
2024-09-27 18:57:13,414 - INFO - Epoch: 0001/0003 | Batch 0650/2188 | Loss: 0.3152
2024-09-27 18:57:30,872 - INFO - Epoch: 0001/0003 | Batch 0660/2188 | Loss: 0.5178
2024-09-27 18:57:48,332 - INFO - Epoch: 0001/0003 | Batch 0670/2188 | Loss: 0.1320
2024-09-27 18:58:05,826 - INFO - Epoch: 0001/0003 | Batch 0680/2188 | Loss: 0.1640
2024-09-27 18:58:23,302 - INFO - Epoch: 0001/0003 | Batch 0690/2188 | Loss: 0.1609
2024-09-27 18:58:40,811 - INFO - Epoch: 0001/0003 | Batch 0700/2188 | Loss: 0.1619
2024-09-27 18:58:58,320 - INFO - Epoch: 0001/0003 | Batch 0710/2188 | Loss: 0.1747
2024-09-27 18:59:16,029 - INFO - Epoch: 0001/0003 | Batch 0720/2188 | Loss: 0.2288
2024-09-27 18:59:33,693 - INFO - Epoch: 0001/0003 | Batch 0730/2188 | Loss: 0.3800
2024-09-27 18:59:51,211 - INFO - Epoch: 0001/0003 | Batch 0740/2188 | Loss: 0.2582
2024-09-27 19:00:08,789 - INFO - Epoch: 0001/0003 | Batch 0750/2188 | Loss: 0.0375
2024-09-27 19:00:26,297 - INFO - Epoch: 0001/0003 | Batch 0760/2188 | Loss: 0.3580
2024-09-27 19:00:43,890 - INFO - Epoch: 0001/0003 | Batch 0770/2188 | Loss: 0.4005
2024-09-27 19:01:01,471 - INFO - Epoch: 0001/0003 | Batch 0780/2188 | Loss: 0.3908
2024-09-27 19:01:19,092 - INFO - Epoch: 0001/0003 | Batch 0790/2188 | Loss: 0.1953
2024-09-27 19:01:36,718 - INFO - Epoch: 0001/0003 | Batch 0800/2188 | Loss: 0.1070
2024-09-27 19:01:54,300 - INFO - Epoch: 0001/0003 | Batch 0810/2188 | Loss: 0.3078
2024-09-27 19:02:11,865 - INFO - Epoch: 0001/0003 | Batch 0820/2188 | Loss: 0.2030
2024-09-27 19:02:29,397 - INFO - Epoch: 0001/0003 | Batch 0830/2188 | Loss: 0.3529
2024-09-27 19:02:46,920 - INFO - Epoch: 0001/0003 | Batch 0840/2188 | Loss: 0.3158
2024-09-27 19:03:04,411 - INFO - Epoch: 0001/0003 | Batch 0850/2188 | Loss: 0.0966
2024-09-27 19:03:21,961 - INFO - Epoch: 0001/0003 | Batch 0860/2188 | Loss: 0.1373
2024-09-27 19:03:39,614 - INFO - Epoch: 0001/0003 | Batch 0870/2188 | Loss: 0.2084
2024-09-27 19:03:57,254 - INFO - Epoch: 0001/0003 | Batch 0880/2188 | Loss: 0.2289
2024-09-27 19:04:14,898 - INFO - Epoch: 0001/0003 | Batch 0890/2188 | Loss: 0.0644
2024-09-27 19:04:32,542 - INFO - Epoch: 0001/0003 | Batch 0900/2188 | Loss: 0.1498
2024-09-27 19:04:50,188 - INFO - Epoch: 0001/0003 | Batch 0910/2188 | Loss: 0.2426
2024-09-27 19:05:07,793 - INFO - Epoch: 0001/0003 | Batch 0920/2188 | Loss: 0.4639
2024-09-27 19:05:25,422 - INFO - Epoch: 0001/0003 | Batch 0930/2188 | Loss: 0.2247
2024-09-27 19:05:43,045 - INFO - Epoch: 0001/0003 | Batch 0940/2188 | Loss: 0.1058
2024-09-27 19:06:00,701 - INFO - Epoch: 0001/0003 | Batch 0950/2188 | Loss: 0.3089
2024-09-27 19:06:18,342 - INFO - Epoch: 0001/0003 | Batch 0960/2188 | Loss: 0.1467
2024-09-27 19:06:35,998 - INFO - Epoch: 0001/0003 | Batch 0970/2188 | Loss: 0.0666
2024-09-27 19:06:53,626 - INFO - Epoch: 0001/0003 | Batch 0980/2188 | Loss: 0.2788
2024-09-27 19:07:11,268 - INFO - Epoch: 0001/0003 | Batch 0990/2188 | Loss: 0.1236
2024-09-27 19:07:28,892 - INFO - Epoch: 0001/0003 | Batch 1000/2188 | Loss: 0.0602
2024-09-27 19:07:46,500 - INFO - Epoch: 0001/0003 | Batch 1010/2188 | Loss: 0.1151
2024-09-27 19:08:04,073 - INFO - Epoch: 0001/0003 | Batch 1020/2188 | Loss: 0.2445
2024-09-27 19:08:21,686 - INFO - Epoch: 0001/0003 | Batch 1030/2188 | Loss: 0.2003
2024-09-27 19:08:39,294 - INFO - Epoch: 0001/0003 | Batch 1040/2188 | Loss: 0.2026
2024-09-27 19:08:57,121 - INFO - Epoch: 0001/0003 | Batch 1050/2188 | Loss: 0.2549
2024-09-27 19:09:14,924 - INFO - Epoch: 0001/0003 | Batch 1060/2188 | Loss: 0.2965
2024-09-27 19:09:32,588 - INFO - Epoch: 0001/0003 | Batch 1070/2188 | Loss: 0.3564
2024-09-27 19:09:50,232 - INFO - Epoch: 0001/0003 | Batch 1080/2188 | Loss: 0.2360
2024-09-27 19:10:07,867 - INFO - Epoch: 0001/0003 | Batch 1090/2188 | Loss: 0.4631
2024-09-27 19:10:25,484 - INFO - Epoch: 0001/0003 | Batch 1100/2188 | Loss: 0.3609
2024-09-27 19:10:43,119 - INFO - Epoch: 0001/0003 | Batch 1110/2188 | Loss: 0.2160
2024-09-27 19:11:00,703 - INFO - Epoch: 0001/0003 | Batch 1120/2188 | Loss: 0.5388
2024-09-27 19:11:18,312 - INFO - Epoch: 0001/0003 | Batch 1130/2188 | Loss: 0.4351
2024-09-27 19:11:35,916 - INFO - Epoch: 0001/0003 | Batch 1140/2188 | Loss: 0.1699
2024-09-27 19:11:53,477 - INFO - Epoch: 0001/0003 | Batch 1150/2188 | Loss: 0.0901
2024-09-27 19:12:11,032 - INFO - Epoch: 0001/0003 | Batch 1160/2188 | Loss: 0.2670
2024-09-27 19:12:28,585 - INFO - Epoch: 0001/0003 | Batch 1170/2188 | Loss: 0.3284
2024-09-27 19:12:46,208 - INFO - Epoch: 0001/0003 | Batch 1180/2188 | Loss: 0.1095
2024-09-27 19:13:03,755 - INFO - Epoch: 0001/0003 | Batch 1190/2188 | Loss: 0.2680
2024-09-27 19:13:21,298 - INFO - Epoch: 0001/0003 | Batch 1200/2188 | Loss: 0.2359
2024-09-27 19:13:38,845 - INFO - Epoch: 0001/0003 | Batch 1210/2188 | Loss: 0.1900
2024-09-27 19:13:56,391 - INFO - Epoch: 0001/0003 | Batch 1220/2188 | Loss: 0.1467
2024-09-27 19:14:14,128 - INFO - Epoch: 0001/0003 | Batch 1230/2188 | Loss: 0.0374
2024-09-27 19:14:31,826 - INFO - Epoch: 0001/0003 | Batch 1240/2188 | Loss: 0.0107
2024-09-27 19:14:49,388 - INFO - Epoch: 0001/0003 | Batch 1250/2188 | Loss: 0.0265
2024-09-27 19:15:06,931 - INFO - Epoch: 0001/0003 | Batch 1260/2188 | Loss: 0.1710
2024-09-27 19:15:24,484 - INFO - Epoch: 0001/0003 | Batch 1270/2188 | Loss: 0.4314
2024-09-27 19:15:42,044 - INFO - Epoch: 0001/0003 | Batch 1280/2188 | Loss: 0.0624
2024-09-27 19:15:59,591 - INFO - Epoch: 0001/0003 | Batch 1290/2188 | Loss: 0.3321
2024-09-27 19:16:17,135 - INFO - Epoch: 0001/0003 | Batch 1300/2188 | Loss: 0.1304
2024-09-27 19:16:34,666 - INFO - Epoch: 0001/0003 | Batch 1310/2188 | Loss: 0.5424
2024-09-27 19:16:52,199 - INFO - Epoch: 0001/0003 | Batch 1320/2188 | Loss: 0.1248
2024-09-27 19:17:09,738 - INFO - Epoch: 0001/0003 | Batch 1330/2188 | Loss: 0.4010
2024-09-27 19:17:27,317 - INFO - Epoch: 0001/0003 | Batch 1340/2188 | Loss: 0.5224
2024-09-27 19:17:44,853 - INFO - Epoch: 0001/0003 | Batch 1350/2188 | Loss: 0.2150
2024-09-27 19:18:02,705 - INFO - Epoch: 0001/0003 | Batch 1360/2188 | Loss: 0.1339
2024-09-27 19:18:20,359 - INFO - Epoch: 0001/0003 | Batch 1370/2188 | Loss: 0.1844
2024-09-27 19:18:37,914 - INFO - Epoch: 0001/0003 | Batch 1380/2188 | Loss: 0.2302
2024-09-27 19:18:55,480 - INFO - Epoch: 0001/0003 | Batch 1390/2188 | Loss: 0.1582
2024-09-27 19:19:13,019 - INFO - Epoch: 0001/0003 | Batch 1400/2188 | Loss: 0.2149
2024-09-27 19:19:30,546 - INFO - Epoch: 0001/0003 | Batch 1410/2188 | Loss: 0.5657
2024-09-27 19:19:48,082 - INFO - Epoch: 0001/0003 | Batch 1420/2188 | Loss: 0.2240
2024-09-27 19:20:05,649 - INFO - Epoch: 0001/0003 | Batch 1430/2188 | Loss: 0.0921
2024-09-27 19:20:23,179 - INFO - Epoch: 0001/0003 | Batch 1440/2188 | Loss: 0.0886
2024-09-27 19:20:40,704 - INFO - Epoch: 0001/0003 | Batch 1450/2188 | Loss: 0.2421
2024-09-27 19:20:58,244 - INFO - Epoch: 0001/0003 | Batch 1460/2188 | Loss: 0.2171
2024-09-27 19:21:15,814 - INFO - Epoch: 0001/0003 | Batch 1470/2188 | Loss: 0.0848
2024-09-27 19:21:33,359 - INFO - Epoch: 0001/0003 | Batch 1480/2188 | Loss: 0.3331
2024-09-27 19:21:50,947 - INFO - Epoch: 0001/0003 | Batch 1490/2188 | Loss: 0.3125
2024-09-27 19:22:08,475 - INFO - Epoch: 0001/0003 | Batch 1500/2188 | Loss: 0.3228
2024-09-27 19:22:26,153 - INFO - Epoch: 0001/0003 | Batch 1510/2188 | Loss: 0.4156
2024-09-27 19:22:43,821 - INFO - Epoch: 0001/0003 | Batch 1520/2188 | Loss: 0.1627
2024-09-27 19:23:01,452 - INFO - Epoch: 0001/0003 | Batch 1530/2188 | Loss: 0.2759
2024-09-27 19:23:19,251 - INFO - Epoch: 0001/0003 | Batch 1540/2188 | Loss: 0.2596
2024-09-27 19:23:36,885 - INFO - Epoch: 0001/0003 | Batch 1550/2188 | Loss: 0.1992
2024-09-27 19:23:54,490 - INFO - Epoch: 0001/0003 | Batch 1560/2188 | Loss: 0.0584
2024-09-27 19:24:12,081 - INFO - Epoch: 0001/0003 | Batch 1570/2188 | Loss: 0.1579
2024-09-27 19:24:29,646 - INFO - Epoch: 0001/0003 | Batch 1580/2188 | Loss: 0.2086
2024-09-27 19:24:47,247 - INFO - Epoch: 0001/0003 | Batch 1590/2188 | Loss: 0.2090
2024-09-27 19:25:04,861 - INFO - Epoch: 0001/0003 | Batch 1600/2188 | Loss: 0.5387
2024-09-27 19:25:22,457 - INFO - Epoch: 0001/0003 | Batch 1610/2188 | Loss: 0.2606
2024-09-27 19:25:39,987 - INFO - Epoch: 0001/0003 | Batch 1620/2188 | Loss: 0.1163
2024-09-27 19:25:57,577 - INFO - Epoch: 0001/0003 | Batch 1630/2188 | Loss: 0.0789
2024-09-27 19:26:15,230 - INFO - Epoch: 0001/0003 | Batch 1640/2188 | Loss: 0.3431
2024-09-27 19:26:32,870 - INFO - Epoch: 0001/0003 | Batch 1650/2188 | Loss: 0.3127
2024-09-27 19:26:50,446 - INFO - Epoch: 0001/0003 | Batch 1660/2188 | Loss: 0.3332
2024-09-27 19:27:07,979 - INFO - Epoch: 0001/0003 | Batch 1670/2188 | Loss: 0.3981
2024-09-27 19:27:25,544 - INFO - Epoch: 0001/0003 | Batch 1680/2188 | Loss: 0.3248
2024-09-27 19:27:43,092 - INFO - Epoch: 0001/0003 | Batch 1690/2188 | Loss: 0.5411
2024-09-27 19:28:00,656 - INFO - Epoch: 0001/0003 | Batch 1700/2188 | Loss: 0.1762
2024-09-27 19:28:18,199 - INFO - Epoch: 0001/0003 | Batch 1710/2188 | Loss: 0.1943
2024-09-27 19:28:35,729 - INFO - Epoch: 0001/0003 | Batch 1720/2188 | Loss: 0.3036
2024-09-27 19:28:53,312 - INFO - Epoch: 0001/0003 | Batch 1730/2188 | Loss: 0.0291
2024-09-27 19:29:10,923 - INFO - Epoch: 0001/0003 | Batch 1740/2188 | Loss: 0.3279
2024-09-27 19:29:28,538 - INFO - Epoch: 0001/0003 | Batch 1750/2188 | Loss: 0.1054
2024-09-27 19:29:46,134 - INFO - Epoch: 0001/0003 | Batch 1760/2188 | Loss: 0.8042
2024-09-27 19:30:03,697 - INFO - Epoch: 0001/0003 | Batch 1770/2188 | Loss: 0.1206
2024-09-27 19:30:21,387 - INFO - Epoch: 0001/0003 | Batch 1780/2188 | Loss: 0.2043
2024-09-27 19:30:38,998 - INFO - Epoch: 0001/0003 | Batch 1790/2188 | Loss: 0.4948
2024-09-27 19:30:56,530 - INFO - Epoch: 0001/0003 | Batch 1800/2188 | Loss: 0.1178
2024-09-27 19:31:14,061 - INFO - Epoch: 0001/0003 | Batch 1810/2188 | Loss: 0.1268
2024-09-27 19:31:32,191 - INFO - Epoch: 0001/0003 | Batch 1820/2188 | Loss: 0.2221
2024-09-27 19:31:50,147 - INFO - Epoch: 0001/0003 | Batch 1830/2188 | Loss: 0.0871
2024-09-27 19:32:08,161 - INFO - Epoch: 0001/0003 | Batch 1840/2188 | Loss: 0.0274
2024-09-27 19:32:25,981 - INFO - Epoch: 0001/0003 | Batch 1850/2188 | Loss: 0.6691
2024-09-27 19:32:43,588 - INFO - Epoch: 0001/0003 | Batch 1860/2188 | Loss: 0.2362
2024-09-27 19:33:01,157 - INFO - Epoch: 0001/0003 | Batch 1870/2188 | Loss: 0.1293
2024-09-27 19:33:18,734 - INFO - Epoch: 0001/0003 | Batch 1880/2188 | Loss: 0.1303
2024-09-27 19:33:36,278 - INFO - Epoch: 0001/0003 | Batch 1890/2188 | Loss: 0.1008
2024-09-27 19:33:53,799 - INFO - Epoch: 0001/0003 | Batch 1900/2188 | Loss: 0.1568
2024-09-27 19:34:11,312 - INFO - Epoch: 0001/0003 | Batch 1910/2188 | Loss: 0.2639
2024-09-27 19:34:28,856 - INFO - Epoch: 0001/0003 | Batch 1920/2188 | Loss: 0.1508
2024-09-27 19:34:46,362 - INFO - Epoch: 0001/0003 | Batch 1930/2188 | Loss: 0.2039
2024-09-27 19:35:03,847 - INFO - Epoch: 0001/0003 | Batch 1940/2188 | Loss: 0.1074
2024-09-27 19:35:21,329 - INFO - Epoch: 0001/0003 | Batch 1950/2188 | Loss: 0.0699
2024-09-27 19:35:38,824 - INFO - Epoch: 0001/0003 | Batch 1960/2188 | Loss: 0.2690
2024-09-27 19:35:56,300 - INFO - Epoch: 0001/0003 | Batch 1970/2188 | Loss: 0.1011
2024-09-27 19:36:13,772 - INFO - Epoch: 0001/0003 | Batch 1980/2188 | Loss: 0.1757
2024-09-27 19:36:31,332 - INFO - Epoch: 0001/0003 | Batch 1990/2188 | Loss: 0.0469
2024-09-27 19:36:48,946 - INFO - Epoch: 0001/0003 | Batch 2000/2188 | Loss: 0.2000
2024-09-27 19:37:06,506 - INFO - Epoch: 0001/0003 | Batch 2010/2188 | Loss: 0.0334
2024-09-27 19:37:24,108 - INFO - Epoch: 0001/0003 | Batch 2020/2188 | Loss: 0.0358
2024-09-27 19:37:42,011 - INFO - Epoch: 0001/0003 | Batch 2030/2188 | Loss: 0.1578
2024-09-27 19:37:59,811 - INFO - Epoch: 0001/0003 | Batch 2040/2188 | Loss: 0.3403
2024-09-27 19:38:17,637 - INFO - Epoch: 0001/0003 | Batch 2050/2188 | Loss: 0.4572
2024-09-27 19:38:35,462 - INFO - Epoch: 0001/0003 | Batch 2060/2188 | Loss: 0.1343
2024-09-27 19:38:53,490 - INFO - Epoch: 0001/0003 | Batch 2070/2188 | Loss: 0.3942
2024-09-27 19:39:11,258 - INFO - Epoch: 0001/0003 | Batch 2080/2188 | Loss: 0.3544
2024-09-27 19:39:28,932 - INFO - Epoch: 0001/0003 | Batch 2090/2188 | Loss: 0.1260
2024-09-27 19:39:46,626 - INFO - Epoch: 0001/0003 | Batch 2100/2188 | Loss: 0.0834
2024-09-27 19:40:04,346 - INFO - Epoch: 0001/0003 | Batch 2110/2188 | Loss: 0.1426
2024-09-27 19:40:22,119 - INFO - Epoch: 0001/0003 | Batch 2120/2188 | Loss: 0.1361
2024-09-27 19:40:39,944 - INFO - Epoch: 0001/0003 | Batch 2130/2188 | Loss: 0.0471
2024-09-27 19:40:57,601 - INFO - Epoch: 0001/0003 | Batch 2140/2188 | Loss: 0.0749
2024-09-27 19:41:15,349 - INFO - Epoch: 0001/0003 | Batch 2150/2188 | Loss: 0.2774
2024-09-27 19:41:33,314 - INFO - Epoch: 0001/0003 | Batch 2160/2188 | Loss: 0.1642
2024-09-27 19:41:51,061 - INFO - Epoch: 0001/0003 | Batch 2170/2188 | Loss: 0.1203
2024-09-27 19:42:09,024 - INFO - Epoch: 0001/0003 | Batch 2180/2188 | Loss: 0.0608
2024-09-27 19:42:20,746 - INFO - Batch 000/2188
2024-09-27 19:42:26,253 - INFO - Batch 010/2188
2024-09-27 19:42:31,755 - INFO - Batch 020/2188
2024-09-27 19:42:37,281 - INFO - Batch 030/2188
2024-09-27 19:42:42,807 - INFO - Batch 040/2188
2024-09-27 19:42:48,315 - INFO - Batch 050/2188
2024-09-27 19:42:53,815 - INFO - Batch 060/2188
2024-09-27 19:42:59,328 - INFO - Batch 070/2188
2024-09-27 19:43:04,817 - INFO - Batch 080/2188
2024-09-27 19:43:10,314 - INFO - Batch 090/2188
2024-09-27 19:43:15,834 - INFO - Batch 100/2188
2024-09-27 19:43:21,437 - INFO - Batch 110/2188
2024-09-27 19:43:26,971 - INFO - Batch 120/2188
2024-09-27 19:43:32,507 - INFO - Batch 130/2188
2024-09-27 19:43:38,053 - INFO - Batch 140/2188
2024-09-27 19:43:43,578 - INFO - Batch 150/2188
2024-09-27 19:43:49,104 - INFO - Batch 160/2188
2024-09-27 19:43:54,711 - INFO - Batch 170/2188
2024-09-27 19:44:00,229 - INFO - Batch 180/2188
2024-09-27 19:44:05,775 - INFO - Batch 190/2188
2024-09-27 19:44:11,373 - INFO - Batch 200/2188
2024-09-27 19:44:16,778 - INFO - Batch 210/2188
2024-09-27 19:44:22,303 - INFO - Batch 220/2188
2024-09-27 19:44:27,859 - INFO - Batch 230/2188
2024-09-27 19:44:33,383 - INFO - Batch 240/2188
2024-09-27 19:44:38,892 - INFO - Batch 250/2188
2024-09-27 19:44:44,386 - INFO - Batch 260/2188
2024-09-27 19:44:49,869 - INFO - Batch 270/2188
2024-09-27 19:44:55,359 - INFO - Batch 280/2188
2024-09-27 19:45:00,837 - INFO - Batch 290/2188
2024-09-27 19:45:06,307 - INFO - Batch 300/2188
2024-09-27 19:45:11,783 - INFO - Batch 310/2188
2024-09-27 19:45:17,260 - INFO - Batch 320/2188
2024-09-27 19:45:22,756 - INFO - Batch 330/2188
2024-09-27 19:45:28,206 - INFO - Batch 340/2188
2024-09-27 19:45:33,679 - INFO - Batch 350/2188
2024-09-27 19:45:39,159 - INFO - Batch 360/2188
2024-09-27 19:45:44,622 - INFO - Batch 370/2188
2024-09-27 19:45:50,087 - INFO - Batch 380/2188
2024-09-27 19:45:55,543 - INFO - Batch 390/2188
2024-09-27 19:46:00,991 - INFO - Batch 400/2188
2024-09-27 19:46:06,444 - INFO - Batch 410/2188
2024-09-27 19:46:11,915 - INFO - Batch 420/2188
2024-09-27 19:46:17,365 - INFO - Batch 430/2188
2024-09-27 19:46:22,816 - INFO - Batch 440/2188
2024-09-27 19:46:28,277 - INFO - Batch 450/2188
2024-09-27 19:46:33,744 - INFO - Batch 460/2188
2024-09-27 19:46:39,217 - INFO - Batch 470/2188
2024-09-27 19:46:44,684 - INFO - Batch 480/2188
2024-09-27 19:46:50,148 - INFO - Batch 490/2188
2024-09-27 19:46:55,593 - INFO - Batch 500/2188
2024-09-27 19:47:01,075 - INFO - Batch 510/2188
2024-09-27 19:47:06,531 - INFO - Batch 520/2188
2024-09-27 19:47:11,984 - INFO - Batch 530/2188
2024-09-27 19:47:17,448 - INFO - Batch 540/2188
2024-09-27 19:47:22,900 - INFO - Batch 550/2188
2024-09-27 19:47:28,348 - INFO - Batch 560/2188
2024-09-27 19:47:33,802 - INFO - Batch 570/2188
2024-09-27 19:47:39,272 - INFO - Batch 580/2188
2024-09-27 19:47:44,734 - INFO - Batch 590/2188
2024-09-27 19:47:50,197 - INFO - Batch 600/2188
2024-09-27 19:47:55,641 - INFO - Batch 610/2188
2024-09-27 19:48:01,109 - INFO - Batch 620/2188
2024-09-27 19:48:06,560 - INFO - Batch 630/2188
2024-09-27 19:48:12,011 - INFO - Batch 640/2188
2024-09-27 19:48:17,470 - INFO - Batch 650/2188
2024-09-27 19:48:22,928 - INFO - Batch 660/2188
2024-09-27 19:48:28,394 - INFO - Batch 670/2188
2024-09-27 19:48:33,853 - INFO - Batch 680/2188
2024-09-27 19:48:39,337 - INFO - Batch 690/2188
2024-09-27 19:48:44,918 - INFO - Batch 700/2188
2024-09-27 19:48:50,422 - INFO - Batch 710/2188
2024-09-27 19:48:55,896 - INFO - Batch 720/2188
2024-09-27 19:49:01,398 - INFO - Batch 730/2188
2024-09-27 19:49:06,869 - INFO - Batch 740/2188
2024-09-27 19:49:12,324 - INFO - Batch 750/2188
2024-09-27 19:49:17,788 - INFO - Batch 760/2188
2024-09-27 19:49:23,244 - INFO - Batch 770/2188
2024-09-27 19:49:28,719 - INFO - Batch 780/2188
2024-09-27 19:49:34,194 - INFO - Batch 790/2188
2024-09-27 19:49:39,681 - INFO - Batch 800/2188
2024-09-27 19:49:45,152 - INFO - Batch 810/2188
2024-09-27 19:49:50,609 - INFO - Batch 820/2188
2024-09-27 19:49:56,088 - INFO - Batch 830/2188
2024-09-27 19:50:01,566 - INFO - Batch 840/2188
2024-09-27 19:50:07,059 - INFO - Batch 850/2188
2024-09-27 19:50:12,545 - INFO - Batch 860/2188
2024-09-27 19:50:18,018 - INFO - Batch 870/2188
2024-09-27 19:50:23,503 - INFO - Batch 880/2188
2024-09-27 19:50:28,967 - INFO - Batch 890/2188
2024-09-27 19:50:34,449 - INFO - Batch 900/2188
2024-09-27 19:50:39,933 - INFO - Batch 910/2188
2024-09-27 19:50:45,433 - INFO - Batch 920/2188
2024-09-27 19:50:50,900 - INFO - Batch 930/2188
2024-09-27 19:50:56,359 - INFO - Batch 940/2188
2024-09-27 19:51:01,847 - INFO - Batch 950/2188
2024-09-27 19:51:07,332 - INFO - Batch 960/2188
2024-09-27 19:51:12,819 - INFO - Batch 970/2188
2024-09-27 19:51:18,294 - INFO - Batch 980/2188
2024-09-27 19:51:23,762 - INFO - Batch 990/2188
2024-09-27 19:51:29,233 - INFO - Batch 1000/2188
2024-09-27 19:51:34,709 - INFO - Batch 1010/2188
2024-09-27 19:51:40,190 - INFO - Batch 1020/2188
2024-09-27 19:51:45,655 - INFO - Batch 1030/2188
2024-09-27 19:51:51,149 - INFO - Batch 1040/2188
2024-09-27 19:51:56,643 - INFO - Batch 1050/2188
2024-09-27 19:52:02,140 - INFO - Batch 1060/2188
2024-09-27 19:52:07,601 - INFO - Batch 1070/2188
2024-09-27 19:52:13,074 - INFO - Batch 1080/2188
2024-09-27 19:52:18,536 - INFO - Batch 1090/2188
2024-09-27 19:52:24,008 - INFO - Batch 1100/2188
2024-09-27 19:52:29,476 - INFO - Batch 1110/2188
2024-09-27 19:52:34,962 - INFO - Batch 1120/2188
2024-09-27 19:52:40,424 - INFO - Batch 1130/2188
2024-09-27 19:52:45,878 - INFO - Batch 1140/2188
2024-09-27 19:52:51,334 - INFO - Batch 1150/2188
2024-09-27 19:52:56,791 - INFO - Batch 1160/2188
2024-09-27 19:53:02,254 - INFO - Batch 1170/2188
2024-09-27 19:53:07,750 - INFO - Batch 1180/2188
2024-09-27 19:53:13,217 - INFO - Batch 1190/2188
2024-09-27 19:53:18,683 - INFO - Batch 1200/2188
2024-09-27 19:53:24,149 - INFO - Batch 1210/2188
2024-09-27 19:53:29,615 - INFO - Batch 1220/2188
2024-09-27 19:53:35,100 - INFO - Batch 1230/2188
2024-09-27 19:53:40,574 - INFO - Batch 1240/2188
2024-09-27 19:53:46,034 - INFO - Batch 1250/2188
2024-09-27 19:53:51,532 - INFO - Batch 1260/2188
2024-09-27 19:53:57,026 - INFO - Batch 1270/2188
2024-09-27 19:54:02,509 - INFO - Batch 1280/2188
2024-09-27 19:54:07,976 - INFO - Batch 1290/2188
2024-09-27 19:54:13,461 - INFO - Batch 1300/2188
2024-09-27 19:54:18,943 - INFO - Batch 1310/2188
2024-09-27 19:54:24,418 - INFO - Batch 1320/2188
2024-09-27 19:54:29,883 - INFO - Batch 1330/2188
2024-09-27 19:54:35,372 - INFO - Batch 1340/2188
2024-09-27 19:54:40,844 - INFO - Batch 1350/2188
2024-09-27 19:54:46,304 - INFO - Batch 1360/2188
2024-09-27 19:54:51,788 - INFO - Batch 1370/2188
2024-09-27 19:54:57,292 - INFO - Batch 1380/2188
2024-09-27 19:55:02,805 - INFO - Batch 1390/2188
2024-09-27 19:55:08,398 - INFO - Batch 1400/2188
2024-09-27 19:55:13,926 - INFO - Batch 1410/2188
2024-09-27 19:55:19,440 - INFO - Batch 1420/2188
2024-09-27 19:55:24,982 - INFO - Batch 1430/2188
2024-09-27 19:55:30,472 - INFO - Batch 1440/2188
2024-09-27 19:55:35,965 - INFO - Batch 1450/2188
2024-09-27 19:55:41,454 - INFO - Batch 1460/2188
2024-09-27 19:55:46,954 - INFO - Batch 1470/2188
2024-09-27 19:55:52,424 - INFO - Batch 1480/2188
2024-09-27 19:55:57,945 - INFO - Batch 1490/2188
2024-09-27 19:56:03,437 - INFO - Batch 1500/2188
2024-09-27 19:56:08,935 - INFO - Batch 1510/2188
2024-09-27 19:56:14,428 - INFO - Batch 1520/2188
2024-09-27 19:56:19,923 - INFO - Batch 1530/2188
2024-09-27 19:56:25,419 - INFO - Batch 1540/2188
2024-09-27 19:56:30,918 - INFO - Batch 1550/2188
2024-09-27 19:56:36,411 - INFO - Batch 1560/2188
2024-09-27 19:56:41,892 - INFO - Batch 1570/2188
2024-09-27 19:56:47,360 - INFO - Batch 1580/2188
2024-09-27 19:56:52,814 - INFO - Batch 1590/2188
2024-09-27 19:56:58,261 - INFO - Batch 1600/2188
2024-09-27 19:57:03,721 - INFO - Batch 1610/2188
2024-09-27 19:57:09,170 - INFO - Batch 1620/2188
2024-09-27 19:57:14,643 - INFO - Batch 1630/2188
2024-09-27 19:57:20,125 - INFO - Batch 1640/2188
2024-09-27 19:57:25,594 - INFO - Batch 1650/2188
2024-09-27 19:57:31,052 - INFO - Batch 1660/2188
2024-09-27 19:57:36,519 - INFO - Batch 1670/2188
2024-09-27 19:57:41,987 - INFO - Batch 1680/2188
2024-09-27 19:57:47,455 - INFO - Batch 1690/2188
2024-09-27 19:57:52,903 - INFO - Batch 1700/2188
2024-09-27 19:57:58,355 - INFO - Batch 1710/2188
2024-09-27 19:58:03,811 - INFO - Batch 1720/2188
2024-09-27 19:58:09,288 - INFO - Batch 1730/2188
2024-09-27 19:58:14,785 - INFO - Batch 1740/2188
2024-09-27 19:58:20,327 - INFO - Batch 1750/2188
2024-09-27 19:58:25,826 - INFO - Batch 1760/2188
2024-09-27 19:58:31,324 - INFO - Batch 1770/2188
2024-09-27 19:58:36,830 - INFO - Batch 1780/2188
2024-09-27 19:58:42,344 - INFO - Batch 1790/2188
2024-09-27 19:58:47,837 - INFO - Batch 1800/2188
2024-09-27 19:58:53,345 - INFO - Batch 1810/2188
2024-09-27 19:58:58,841 - INFO - Batch 1820/2188
2024-09-27 19:59:04,333 - INFO - Batch 1830/2188
2024-09-27 19:59:09,820 - INFO - Batch 1840/2188
2024-09-27 19:59:15,317 - INFO - Batch 1850/2188
2024-09-27 19:59:20,799 - INFO - Batch 1860/2188
2024-09-27 19:59:26,280 - INFO - Batch 1870/2188
2024-09-27 19:59:31,783 - INFO - Batch 1880/2188
2024-09-27 19:59:37,285 - INFO - Batch 1890/2188
2024-09-27 19:59:42,791 - INFO - Batch 1900/2188
2024-09-27 19:59:48,281 - INFO - Batch 1910/2188
2024-09-27 19:59:53,771 - INFO - Batch 1920/2188
2024-09-27 19:59:59,275 - INFO - Batch 1930/2188
2024-09-27 20:00:04,766 - INFO - Batch 1940/2188
2024-09-27 20:00:10,264 - INFO - Batch 1950/2188
2024-09-27 20:00:15,751 - INFO - Batch 1960/2188
2024-09-27 20:00:21,272 - INFO - Batch 1970/2188
2024-09-27 20:00:26,765 - INFO - Batch 1980/2188
2024-09-27 20:00:32,255 - INFO - Batch 1990/2188
2024-09-27 20:00:37,748 - INFO - Batch 2000/2188
2024-09-27 20:00:43,235 - INFO - Batch 2010/2188
2024-09-27 20:00:48,740 - INFO - Batch 2020/2188
2024-09-27 20:00:54,212 - INFO - Batch 2030/2188
2024-09-27 20:00:59,685 - INFO - Batch 2040/2188
2024-09-27 20:01:05,180 - INFO - Batch 2050/2188
2024-09-27 20:01:10,716 - INFO - Batch 2060/2188
2024-09-27 20:01:16,240 - INFO - Batch 2070/2188
2024-09-27 20:01:21,722 - INFO - Batch 2080/2188
2024-09-27 20:01:27,218 - INFO - Batch 2090/2188
2024-09-27 20:01:32,709 - INFO - Batch 2100/2188
2024-09-27 20:01:38,239 - INFO - Batch 2110/2188
2024-09-27 20:01:43,733 - INFO - Batch 2120/2188
2024-09-27 20:01:49,237 - INFO - Batch 2130/2188
2024-09-27 20:01:54,749 - INFO - Batch 2140/2188
2024-09-27 20:02:00,268 - INFO - Batch 2150/2188
2024-09-27 20:02:05,899 - INFO - Batch 2160/2188
2024-09-27 20:02:11,449 - INFO - Batch 2170/2188
2024-09-27 20:02:16,998 - INFO - Batch 2180/2188
2024-09-27 20:02:21,295 - INFO - Train acc: 96.35
2024-09-27 20:02:21,305 - INFO - Batch 000/313
2024-09-27 20:02:26,806 - INFO - Batch 010/313
2024-09-27 20:02:32,293 - INFO - Batch 020/313
2024-09-27 20:02:37,806 - INFO - Batch 030/313
2024-09-27 20:02:43,291 - INFO - Batch 040/313
2024-09-27 20:02:48,782 - INFO - Batch 050/313
2024-09-27 20:02:54,261 - INFO - Batch 060/313
2024-09-27 20:02:59,727 - INFO - Batch 070/313
2024-09-27 20:03:05,196 - INFO - Batch 080/313
2024-09-27 20:03:10,672 - INFO - Batch 090/313
2024-09-27 20:03:16,141 - INFO - Batch 100/313
2024-09-27 20:03:21,611 - INFO - Batch 110/313
2024-09-27 20:03:27,078 - INFO - Batch 120/313
2024-09-27 20:03:32,545 - INFO - Batch 130/313
2024-09-27 20:03:38,036 - INFO - Batch 140/313
2024-09-27 20:03:43,537 - INFO - Batch 150/313
2024-09-27 20:03:49,022 - INFO - Batch 160/313
2024-09-27 20:03:54,500 - INFO - Batch 170/313
2024-09-27 20:03:59,986 - INFO - Batch 180/313
2024-09-27 20:04:05,487 - INFO - Batch 190/313
2024-09-27 20:04:10,965 - INFO - Batch 200/313
2024-09-27 20:04:16,439 - INFO - Batch 210/313
2024-09-27 20:04:21,920 - INFO - Batch 220/313
2024-09-27 20:04:27,398 - INFO - Batch 230/313
2024-09-27 20:04:32,879 - INFO - Batch 240/313
2024-09-27 20:04:38,378 - INFO - Batch 250/313
2024-09-27 20:04:43,931 - INFO - Batch 260/313
2024-09-27 20:04:49,425 - INFO - Batch 270/313
2024-09-27 20:04:54,943 - INFO - Batch 280/313
2024-09-27 20:05:00,426 - INFO - Batch 290/313
2024-09-27 20:05:05,919 - INFO - Batch 300/313
2024-09-27 20:05:11,410 - INFO - Batch 310/313
2024-09-27 20:05:12,780 - INFO - Valid acc: 91.76
2024-09-27 20:05:12,780 - INFO - Time elapsed: 87.10 min
2024-09-27 20:05:14,884 - INFO - Epoch: 0002/0003 | Batch 0000/2188 | Loss: 0.0300
2024-09-27 20:05:32,589 - INFO - Epoch: 0002/0003 | Batch 0010/2188 | Loss: 0.0964
2024-09-27 20:05:50,267 - INFO - Epoch: 0002/0003 | Batch 0020/2188 | Loss: 0.1082
2024-09-27 20:06:07,923 - INFO - Epoch: 0002/0003 | Batch 0030/2188 | Loss: 0.5315
2024-09-27 20:06:25,586 - INFO - Epoch: 0002/0003 | Batch 0040/2188 | Loss: 0.2437
2024-09-27 20:06:43,262 - INFO - Epoch: 0002/0003 | Batch 0050/2188 | Loss: 0.1295
2024-09-27 20:07:00,961 - INFO - Epoch: 0002/0003 | Batch 0060/2188 | Loss: 0.0557
2024-09-27 20:07:18,620 - INFO - Epoch: 0002/0003 | Batch 0070/2188 | Loss: 0.0171
2024-09-27 20:07:36,273 - INFO - Epoch: 0002/0003 | Batch 0080/2188 | Loss: 0.1249
2024-09-27 20:07:53,912 - INFO - Epoch: 0002/0003 | Batch 0090/2188 | Loss: 0.3119
2024-09-27 20:08:11,589 - INFO - Epoch: 0002/0003 | Batch 0100/2188 | Loss: 0.0621
2024-09-27 20:08:29,233 - INFO - Epoch: 0002/0003 | Batch 0110/2188 | Loss: 0.3971
2024-09-27 20:08:46,881 - INFO - Epoch: 0002/0003 | Batch 0120/2188 | Loss: 0.2332
2024-09-27 20:09:04,474 - INFO - Epoch: 0002/0003 | Batch 0130/2188 | Loss: 0.0849
2024-09-27 20:09:22,084 - INFO - Epoch: 0002/0003 | Batch 0140/2188 | Loss: 0.1889
2024-09-27 20:09:39,694 - INFO - Epoch: 0002/0003 | Batch 0150/2188 | Loss: 0.4024
2024-09-27 20:09:57,285 - INFO - Epoch: 0002/0003 | Batch 0160/2188 | Loss: 0.0202
2024-09-27 20:10:14,866 - INFO - Epoch: 0002/0003 | Batch 0170/2188 | Loss: 0.0856
2024-09-27 20:10:32,439 - INFO - Epoch: 0002/0003 | Batch 0180/2188 | Loss: 0.2774
2024-09-27 20:10:50,054 - INFO - Epoch: 0002/0003 | Batch 0190/2188 | Loss: 0.1577
2024-09-27 20:11:07,708 - INFO - Epoch: 0002/0003 | Batch 0200/2188 | Loss: 0.0964
2024-09-27 20:11:25,382 - INFO - Epoch: 0002/0003 | Batch 0210/2188 | Loss: 0.0292
2024-09-27 20:11:43,097 - INFO - Epoch: 0002/0003 | Batch 0220/2188 | Loss: 0.0113
2024-09-27 20:12:01,701 - INFO - Epoch: 0002/0003 | Batch 0230/2188 | Loss: 0.1301
2024-09-27 20:12:19,694 - INFO - Epoch: 0002/0003 | Batch 0240/2188 | Loss: 0.0063
2024-09-27 20:12:37,687 - INFO - Epoch: 0002/0003 | Batch 0250/2188 | Loss: 0.1244
2024-09-27 20:12:55,457 - INFO - Epoch: 0002/0003 | Batch 0260/2188 | Loss: 0.0317
2024-09-27 20:13:13,233 - INFO - Epoch: 0002/0003 | Batch 0270/2188 | Loss: 0.2031
2024-09-27 20:13:30,960 - INFO - Epoch: 0002/0003 | Batch 0280/2188 | Loss: 0.0482
2024-09-27 20:13:48,732 - INFO - Epoch: 0002/0003 | Batch 0290/2188 | Loss: 0.0904
2024-09-27 20:14:06,443 - INFO - Epoch: 0002/0003 | Batch 0300/2188 | Loss: 0.3804
2024-09-27 20:14:24,259 - INFO - Epoch: 0002/0003 | Batch 0310/2188 | Loss: 0.0575
2024-09-27 20:14:42,003 - INFO - Epoch: 0002/0003 | Batch 0320/2188 | Loss: 0.1149
2024-09-27 20:14:59,696 - INFO - Epoch: 0002/0003 | Batch 0330/2188 | Loss: 0.4052
2024-09-27 20:15:17,341 - INFO - Epoch: 0002/0003 | Batch 0340/2188 | Loss: 0.0367
2024-09-27 20:15:35,004 - INFO - Epoch: 0002/0003 | Batch 0350/2188 | Loss: 0.2460
2024-09-27 20:15:52,788 - INFO - Epoch: 0002/0003 | Batch 0360/2188 | Loss: 0.1842
2024-09-27 20:16:10,487 - INFO - Epoch: 0002/0003 | Batch 0370/2188 | Loss: 0.2100
2024-09-27 20:16:28,245 - INFO - Epoch: 0002/0003 | Batch 0380/2188 | Loss: 0.1525
2024-09-27 20:16:45,964 - INFO - Epoch: 0002/0003 | Batch 0390/2188 | Loss: 0.0362
2024-09-27 20:17:03,550 - INFO - Epoch: 0002/0003 | Batch 0400/2188 | Loss: 0.0699
2024-09-27 20:17:21,164 - INFO - Epoch: 0002/0003 | Batch 0410/2188 | Loss: 0.1006
2024-09-27 20:17:38,795 - INFO - Epoch: 0002/0003 | Batch 0420/2188 | Loss: 0.1081
2024-09-27 20:17:56,483 - INFO - Epoch: 0002/0003 | Batch 0430/2188 | Loss: 0.0066
2024-09-27 20:18:14,074 - INFO - Epoch: 0002/0003 | Batch 0440/2188 | Loss: 0.1746
2024-09-27 20:18:31,887 - INFO - Epoch: 0002/0003 | Batch 0450/2188 | Loss: 0.0697
2024-09-27 20:18:49,923 - INFO - Epoch: 0002/0003 | Batch 0460/2188 | Loss: 0.1752
2024-09-27 20:19:07,713 - INFO - Epoch: 0002/0003 | Batch 0470/2188 | Loss: 0.1391
2024-09-27 20:19:25,445 - INFO - Epoch: 0002/0003 | Batch 0480/2188 | Loss: 0.1802
2024-09-27 20:19:43,298 - INFO - Epoch: 0002/0003 | Batch 0490/2188 | Loss: 0.2856
2024-09-27 20:20:01,001 - INFO - Epoch: 0002/0003 | Batch 0500/2188 | Loss: 0.0472
2024-09-27 20:20:18,598 - INFO - Epoch: 0002/0003 | Batch 0510/2188 | Loss: 0.1064
2024-09-27 20:20:36,280 - INFO - Epoch: 0002/0003 | Batch 0520/2188 | Loss: 0.0063
2024-09-27 20:20:54,014 - INFO - Epoch: 0002/0003 | Batch 0530/2188 | Loss: 0.0249
2024-09-27 20:21:11,833 - INFO - Epoch: 0002/0003 | Batch 0540/2188 | Loss: 0.2485
2024-09-27 20:21:29,619 - INFO - Epoch: 0002/0003 | Batch 0550/2188 | Loss: 0.1270
2024-09-27 20:21:47,436 - INFO - Epoch: 0002/0003 | Batch 0560/2188 | Loss: 0.2733
2024-09-27 20:22:05,193 - INFO - Epoch: 0002/0003 | Batch 0570/2188 | Loss: 0.0312
2024-09-27 20:22:23,035 - INFO - Epoch: 0002/0003 | Batch 0580/2188 | Loss: 0.0557
2024-09-27 20:22:40,782 - INFO - Epoch: 0002/0003 | Batch 0590/2188 | Loss: 0.1976
2024-09-27 20:22:58,412 - INFO - Epoch: 0002/0003 | Batch 0600/2188 | Loss: 0.0404
2024-09-27 20:23:15,968 - INFO - Epoch: 0002/0003 | Batch 0610/2188 | Loss: 0.0139
2024-09-27 20:23:33,499 - INFO - Epoch: 0002/0003 | Batch 0620/2188 | Loss: 0.0816
2024-09-27 20:23:51,118 - INFO - Epoch: 0002/0003 | Batch 0630/2188 | Loss: 0.4445
2024-09-27 20:24:08,704 - INFO - Epoch: 0002/0003 | Batch 0640/2188 | Loss: 0.0463
2024-09-27 20:24:26,318 - INFO - Epoch: 0002/0003 | Batch 0650/2188 | Loss: 0.1236
2024-09-27 20:24:43,952 - INFO - Epoch: 0002/0003 | Batch 0660/2188 | Loss: 0.1888
2024-09-27 20:25:01,549 - INFO - Epoch: 0002/0003 | Batch 0670/2188 | Loss: 0.0321
2024-09-27 20:25:19,052 - INFO - Epoch: 0002/0003 | Batch 0680/2188 | Loss: 0.0289
2024-09-27 20:25:36,596 - INFO - Epoch: 0002/0003 | Batch 0690/2188 | Loss: 0.0185
2024-09-27 20:25:54,140 - INFO - Epoch: 0002/0003 | Batch 0700/2188 | Loss: 0.0517
2024-09-27 20:26:11,724 - INFO - Epoch: 0002/0003 | Batch 0710/2188 | Loss: 0.1994
2024-09-27 20:26:29,283 - INFO - Epoch: 0002/0003 | Batch 0720/2188 | Loss: 0.0704
2024-09-27 20:26:46,768 - INFO - Epoch: 0002/0003 | Batch 0730/2188 | Loss: 0.0275
2024-09-27 20:27:04,356 - INFO - Epoch: 0002/0003 | Batch 0740/2188 | Loss: 0.0766
2024-09-27 20:27:21,901 - INFO - Epoch: 0002/0003 | Batch 0750/2188 | Loss: 0.0097
2024-09-27 20:27:39,522 - INFO - Epoch: 0002/0003 | Batch 0760/2188 | Loss: 0.2448
2024-09-27 20:27:57,309 - INFO - Epoch: 0002/0003 | Batch 0770/2188 | Loss: 0.0577
2024-09-27 20:28:15,127 - INFO - Epoch: 0002/0003 | Batch 0780/2188 | Loss: 0.0253
2024-09-27 20:28:32,725 - INFO - Epoch: 0002/0003 | Batch 0790/2188 | Loss: 0.2102
2024-09-27 20:28:50,347 - INFO - Epoch: 0002/0003 | Batch 0800/2188 | Loss: 0.1567
2024-09-27 20:29:07,947 - INFO - Epoch: 0002/0003 | Batch 0810/2188 | Loss: 0.0089
2024-09-27 20:29:25,549 - INFO - Epoch: 0002/0003 | Batch 0820/2188 | Loss: 0.0231
2024-09-27 20:29:43,043 - INFO - Epoch: 0002/0003 | Batch 0830/2188 | Loss: 0.0482
2024-09-27 20:30:00,602 - INFO - Epoch: 0002/0003 | Batch 0840/2188 | Loss: 0.0664
2024-09-27 20:30:18,219 - INFO - Epoch: 0002/0003 | Batch 0850/2188 | Loss: 0.0840
2024-09-27 20:30:35,767 - INFO - Epoch: 0002/0003 | Batch 0860/2188 | Loss: 0.1174
2024-09-27 20:30:53,336 - INFO - Epoch: 0002/0003 | Batch 0870/2188 | Loss: 0.0228
2024-09-27 20:31:10,816 - INFO - Epoch: 0002/0003 | Batch 0880/2188 | Loss: 0.2014
2024-09-27 20:31:28,284 - INFO - Epoch: 0002/0003 | Batch 0890/2188 | Loss: 0.0629
2024-09-27 20:31:45,875 - INFO - Epoch: 0002/0003 | Batch 0900/2188 | Loss: 0.3002
2024-09-27 20:32:03,457 - INFO - Epoch: 0002/0003 | Batch 0910/2188 | Loss: 0.0887
2024-09-27 20:32:20,974 - INFO - Epoch: 0002/0003 | Batch 0920/2188 | Loss: 0.2792
2024-09-27 20:32:38,668 - INFO - Epoch: 0002/0003 | Batch 0930/2188 | Loss: 0.3725
2024-09-27 20:32:56,291 - INFO - Epoch: 0002/0003 | Batch 0940/2188 | Loss: 0.2136
2024-09-27 20:33:13,978 - INFO - Epoch: 0002/0003 | Batch 0950/2188 | Loss: 0.1820
2024-09-27 20:33:31,703 - INFO - Epoch: 0002/0003 | Batch 0960/2188 | Loss: 0.1218
2024-09-27 20:33:49,428 - INFO - Epoch: 0002/0003 | Batch 0970/2188 | Loss: 0.0817
2024-09-27 20:34:07,159 - INFO - Epoch: 0002/0003 | Batch 0980/2188 | Loss: 0.3923
2024-09-27 20:34:24,769 - INFO - Epoch: 0002/0003 | Batch 0990/2188 | Loss: 0.0195
2024-09-27 20:34:42,684 - INFO - Epoch: 0002/0003 | Batch 1000/2188 | Loss: 0.0768
2024-09-27 20:35:00,476 - INFO - Epoch: 0002/0003 | Batch 1010/2188 | Loss: 0.0831
2024-09-27 20:35:18,088 - INFO - Epoch: 0002/0003 | Batch 1020/2188 | Loss: 0.0445
2024-09-27 20:35:35,604 - INFO - Epoch: 0002/0003 | Batch 1030/2188 | Loss: 0.1144
2024-09-27 20:35:53,256 - INFO - Epoch: 0002/0003 | Batch 1040/2188 | Loss: 0.0586
2024-09-27 20:36:10,951 - INFO - Epoch: 0002/0003 | Batch 1050/2188 | Loss: 0.0525
2024-09-27 20:36:28,576 - INFO - Epoch: 0002/0003 | Batch 1060/2188 | Loss: 0.0355
2024-09-27 20:36:46,258 - INFO - Epoch: 0002/0003 | Batch 1070/2188 | Loss: 0.3566
2024-09-27 20:37:03,934 - INFO - Epoch: 0002/0003 | Batch 1080/2188 | Loss: 0.1066
2024-09-27 20:37:21,578 - INFO - Epoch: 0002/0003 | Batch 1090/2188 | Loss: 0.0830
2024-09-27 20:37:39,205 - INFO - Epoch: 0002/0003 | Batch 1100/2188 | Loss: 0.0739
2024-09-27 20:37:56,739 - INFO - Epoch: 0002/0003 | Batch 1110/2188 | Loss: 0.1508
2024-09-27 20:38:14,270 - INFO - Epoch: 0002/0003 | Batch 1120/2188 | Loss: 0.2209
2024-09-27 20:38:31,901 - INFO - Epoch: 0002/0003 | Batch 1130/2188 | Loss: 0.1455
2024-09-27 20:38:49,593 - INFO - Epoch: 0002/0003 | Batch 1140/2188 | Loss: 0.1742
2024-09-27 20:39:07,204 - INFO - Epoch: 0002/0003 | Batch 1150/2188 | Loss: 0.3389
2024-09-27 20:39:24,804 - INFO - Epoch: 0002/0003 | Batch 1160/2188 | Loss: 0.0668
2024-09-27 20:39:42,371 - INFO - Epoch: 0002/0003 | Batch 1170/2188 | Loss: 0.1414
2024-09-27 20:40:00,052 - INFO - Epoch: 0002/0003 | Batch 1180/2188 | Loss: 0.4329
2024-09-27 20:40:17,711 - INFO - Epoch: 0002/0003 | Batch 1190/2188 | Loss: 0.0547
2024-09-27 20:40:35,403 - INFO - Epoch: 0002/0003 | Batch 1200/2188 | Loss: 0.0865
2024-09-27 20:40:53,058 - INFO - Epoch: 0002/0003 | Batch 1210/2188 | Loss: 0.0629
2024-09-27 20:41:10,718 - INFO - Epoch: 0002/0003 | Batch 1220/2188 | Loss: 0.0882
2024-09-27 20:41:28,328 - INFO - Epoch: 0002/0003 | Batch 1230/2188 | Loss: 0.0847
2024-09-27 20:41:46,019 - INFO - Epoch: 0002/0003 | Batch 1240/2188 | Loss: 0.1033
2024-09-27 20:42:03,723 - INFO - Epoch: 0002/0003 | Batch 1250/2188 | Loss: 0.1429
2024-09-27 20:42:21,402 - INFO - Epoch: 0002/0003 | Batch 1260/2188 | Loss: 0.1071
2024-09-27 20:42:39,109 - INFO - Epoch: 0002/0003 | Batch 1270/2188 | Loss: 0.0291
2024-09-27 20:42:56,846 - INFO - Epoch: 0002/0003 | Batch 1280/2188 | Loss: 0.1035
2024-09-27 20:43:14,536 - INFO - Epoch: 0002/0003 | Batch 1290/2188 | Loss: 0.1204
2024-09-27 20:43:32,340 - INFO - Epoch: 0002/0003 | Batch 1300/2188 | Loss: 0.1630
2024-09-27 20:43:50,478 - INFO - Epoch: 0002/0003 | Batch 1310/2188 | Loss: 0.2575
2024-09-27 20:44:08,301 - INFO - Epoch: 0002/0003 | Batch 1320/2188 | Loss: 0.1839
2024-09-27 20:44:26,070 - INFO - Epoch: 0002/0003 | Batch 1330/2188 | Loss: 0.1074
2024-09-27 20:44:43,820 - INFO - Epoch: 0002/0003 | Batch 1340/2188 | Loss: 0.1873
2024-09-27 20:45:01,552 - INFO - Epoch: 0002/0003 | Batch 1350/2188 | Loss: 0.0188
2024-09-27 20:45:19,338 - INFO - Epoch: 0002/0003 | Batch 1360/2188 | Loss: 0.2679
2024-09-27 20:45:37,083 - INFO - Epoch: 0002/0003 | Batch 1370/2188 | Loss: 0.0676
2024-09-27 20:45:54,864 - INFO - Epoch: 0002/0003 | Batch 1380/2188 | Loss: 0.0369
2024-09-27 20:46:12,595 - INFO - Epoch: 0002/0003 | Batch 1390/2188 | Loss: 0.0152
2024-09-27 20:46:30,368 - INFO - Epoch: 0002/0003 | Batch 1400/2188 | Loss: 0.2373
2024-09-27 20:46:48,160 - INFO - Epoch: 0002/0003 | Batch 1410/2188 | Loss: 0.2054
2024-09-27 20:47:05,949 - INFO - Epoch: 0002/0003 | Batch 1420/2188 | Loss: 0.1757
2024-09-27 20:47:23,736 - INFO - Epoch: 0002/0003 | Batch 1430/2188 | Loss: 0.0320
2024-09-27 20:47:41,538 - INFO - Epoch: 0002/0003 | Batch 1440/2188 | Loss: 0.1053
2024-09-27 20:47:59,296 - INFO - Epoch: 0002/0003 | Batch 1450/2188 | Loss: 0.2976
2024-09-27 20:48:17,004 - INFO - Epoch: 0002/0003 | Batch 1460/2188 | Loss: 0.3090
2024-09-27 20:48:34,770 - INFO - Epoch: 0002/0003 | Batch 1470/2188 | Loss: 0.2934
2024-09-27 20:48:52,495 - INFO - Epoch: 0002/0003 | Batch 1480/2188 | Loss: 0.1209
2024-09-27 20:49:10,612 - INFO - Epoch: 0002/0003 | Batch 1490/2188 | Loss: 0.1554
2024-09-27 20:49:28,440 - INFO - Epoch: 0002/0003 | Batch 1500/2188 | Loss: 0.0817
2024-09-27 20:49:46,233 - INFO - Epoch: 0002/0003 | Batch 1510/2188 | Loss: 0.0609
2024-09-27 20:50:03,884 - INFO - Epoch: 0002/0003 | Batch 1520/2188 | Loss: 0.2336
2024-09-27 20:50:21,576 - INFO - Epoch: 0002/0003 | Batch 1530/2188 | Loss: 0.0480
2024-09-27 20:50:39,281 - INFO - Epoch: 0002/0003 | Batch 1540/2188 | Loss: 0.4026
2024-09-27 20:50:56,996 - INFO - Epoch: 0002/0003 | Batch 1550/2188 | Loss: 0.0921
2024-09-27 20:51:14,729 - INFO - Epoch: 0002/0003 | Batch 1560/2188 | Loss: 0.1027
2024-09-27 20:51:32,471 - INFO - Epoch: 0002/0003 | Batch 1570/2188 | Loss: 0.0836
2024-09-27 20:51:50,311 - INFO - Epoch: 0002/0003 | Batch 1580/2188 | Loss: 0.0922
2024-09-27 20:52:08,028 - INFO - Epoch: 0002/0003 | Batch 1590/2188 | Loss: 0.0441
2024-09-27 20:52:25,663 - INFO - Epoch: 0002/0003 | Batch 1600/2188 | Loss: 0.0360
2024-09-27 20:52:43,404 - INFO - Epoch: 0002/0003 | Batch 1610/2188 | Loss: 0.2758
2024-09-27 20:53:01,103 - INFO - Epoch: 0002/0003 | Batch 1620/2188 | Loss: 0.2096
2024-09-27 20:53:18,803 - INFO - Epoch: 0002/0003 | Batch 1630/2188 | Loss: 0.0146
2024-09-27 20:53:36,535 - INFO - Epoch: 0002/0003 | Batch 1640/2188 | Loss: 0.0281
2024-09-27 20:53:54,300 - INFO - Epoch: 0002/0003 | Batch 1650/2188 | Loss: 0.2808
2024-09-27 20:54:12,421 - INFO - Epoch: 0002/0003 | Batch 1660/2188 | Loss: 0.1161
2024-09-27 20:54:30,205 - INFO - Epoch: 0002/0003 | Batch 1670/2188 | Loss: 0.0443
2024-09-27 20:54:47,935 - INFO - Epoch: 0002/0003 | Batch 1680/2188 | Loss: 0.0525
2024-09-27 20:55:05,632 - INFO - Epoch: 0002/0003 | Batch 1690/2188 | Loss: 0.0981
2024-09-27 20:55:23,263 - INFO - Epoch: 0002/0003 | Batch 1700/2188 | Loss: 0.2426
2024-09-27 20:55:40,997 - INFO - Epoch: 0002/0003 | Batch 1710/2188 | Loss: 0.0438
2024-09-27 20:55:58,708 - INFO - Epoch: 0002/0003 | Batch 1720/2188 | Loss: 0.2408
2024-09-27 20:56:16,330 - INFO - Epoch: 0002/0003 | Batch 1730/2188 | Loss: 0.0839
2024-09-27 20:56:33,990 - INFO - Epoch: 0002/0003 | Batch 1740/2188 | Loss: 0.0338
2024-09-27 20:56:51,682 - INFO - Epoch: 0002/0003 | Batch 1750/2188 | Loss: 0.2260
2024-09-27 20:57:09,312 - INFO - Epoch: 0002/0003 | Batch 1760/2188 | Loss: 0.0509
2024-09-27 20:57:26,968 - INFO - Epoch: 0002/0003 | Batch 1770/2188 | Loss: 0.1960
2024-09-27 20:57:44,610 - INFO - Epoch: 0002/0003 | Batch 1780/2188 | Loss: 0.4732
2024-09-27 20:58:02,369 - INFO - Epoch: 0002/0003 | Batch 1790/2188 | Loss: 0.1113
2024-09-27 20:58:20,196 - INFO - Epoch: 0002/0003 | Batch 1800/2188 | Loss: 0.1211
2024-09-27 20:58:37,881 - INFO - Epoch: 0002/0003 | Batch 1810/2188 | Loss: 0.0977
2024-09-27 20:58:56,178 - INFO - Epoch: 0002/0003 | Batch 1820/2188 | Loss: 0.0801
2024-09-27 20:59:13,867 - INFO - Epoch: 0002/0003 | Batch 1830/2188 | Loss: 0.0338
2024-09-27 20:59:31,730 - INFO - Epoch: 0002/0003 | Batch 1840/2188 | Loss: 0.0165
2024-09-27 20:59:49,523 - INFO - Epoch: 0002/0003 | Batch 1850/2188 | Loss: 0.5840
2024-09-27 21:00:07,470 - INFO - Epoch: 0002/0003 | Batch 1860/2188 | Loss: 0.1375
2024-09-27 21:00:25,152 - INFO - Epoch: 0002/0003 | Batch 1870/2188 | Loss: 0.0614
2024-09-27 21:00:42,806 - INFO - Epoch: 0002/0003 | Batch 1880/2188 | Loss: 0.1124
2024-09-27 21:01:00,528 - INFO - Epoch: 0002/0003 | Batch 1890/2188 | Loss: 0.0786
2024-09-27 21:01:18,235 - INFO - Epoch: 0002/0003 | Batch 1900/2188 | Loss: 0.1999
2024-09-27 21:01:35,840 - INFO - Epoch: 0002/0003 | Batch 1910/2188 | Loss: 0.3466
2024-09-27 21:01:53,461 - INFO - Epoch: 0002/0003 | Batch 1920/2188 | Loss: 0.1749
2024-09-27 21:02:11,013 - INFO - Epoch: 0002/0003 | Batch 1930/2188 | Loss: 0.0954
2024-09-27 21:02:28,596 - INFO - Epoch: 0002/0003 | Batch 1940/2188 | Loss: 0.3619
2024-09-27 21:02:46,207 - INFO - Epoch: 0002/0003 | Batch 1950/2188 | Loss: 0.1140
2024-09-27 21:03:03,740 - INFO - Epoch: 0002/0003 | Batch 1960/2188 | Loss: 0.0382
2024-09-27 21:03:21,414 - INFO - Epoch: 0002/0003 | Batch 1970/2188 | Loss: 0.0304
2024-09-27 21:03:39,392 - INFO - Epoch: 0002/0003 | Batch 1980/2188 | Loss: 0.0135
2024-09-27 21:03:57,475 - INFO - Epoch: 0002/0003 | Batch 1990/2188 | Loss: 0.1444
2024-09-27 21:04:15,654 - INFO - Epoch: 0002/0003 | Batch 2000/2188 | Loss: 0.1387
2024-09-27 21:04:33,627 - INFO - Epoch: 0002/0003 | Batch 2010/2188 | Loss: 0.1647
2024-09-27 21:04:51,419 - INFO - Epoch: 0002/0003 | Batch 2020/2188 | Loss: 0.1822
2024-09-27 21:05:09,502 - INFO - Epoch: 0002/0003 | Batch 2030/2188 | Loss: 0.0221
2024-09-27 21:05:27,569 - INFO - Epoch: 0002/0003 | Batch 2040/2188 | Loss: 0.0514
2024-09-27 21:05:45,338 - INFO - Epoch: 0002/0003 | Batch 2050/2188 | Loss: 0.1606
2024-09-27 21:06:02,919 - INFO - Epoch: 0002/0003 | Batch 2060/2188 | Loss: 0.1731
2024-09-27 21:06:20,518 - INFO - Epoch: 0002/0003 | Batch 2070/2188 | Loss: 0.0570
2024-09-27 21:06:38,152 - INFO - Epoch: 0002/0003 | Batch 2080/2188 | Loss: 0.0217
2024-09-27 21:06:55,830 - INFO - Epoch: 0002/0003 | Batch 2090/2188 | Loss: 0.3974
2024-09-27 21:07:13,512 - INFO - Epoch: 0002/0003 | Batch 2100/2188 | Loss: 0.3928
2024-09-27 21:07:31,187 - INFO - Epoch: 0002/0003 | Batch 2110/2188 | Loss: 0.1550
2024-09-27 21:07:48,840 - INFO - Epoch: 0002/0003 | Batch 2120/2188 | Loss: 0.3135
2024-09-27 21:08:06,505 - INFO - Epoch: 0002/0003 | Batch 2130/2188 | Loss: 0.0080
2024-09-27 21:08:24,116 - INFO - Epoch: 0002/0003 | Batch 2140/2188 | Loss: 0.1143
2024-09-27 21:08:41,765 - INFO - Epoch: 0002/0003 | Batch 2150/2188 | Loss: 0.0138
2024-09-27 21:08:59,409 - INFO - Epoch: 0002/0003 | Batch 2160/2188 | Loss: 0.0085
2024-09-27 21:09:17,158 - INFO - Epoch: 0002/0003 | Batch 2170/2188 | Loss: 0.2997
2024-09-27 21:09:35,057 - INFO - Epoch: 0002/0003 | Batch 2180/2188 | Loss: 0.2934
2024-09-27 21:09:46,673 - INFO - Batch 000/2188
2024-09-27 21:09:52,200 - INFO - Batch 010/2188
2024-09-27 21:09:57,705 - INFO - Batch 020/2188
2024-09-27 21:10:03,221 - INFO - Batch 030/2188
2024-09-27 21:10:08,740 - INFO - Batch 040/2188
2024-09-27 21:10:14,262 - INFO - Batch 050/2188
2024-09-27 21:10:19,793 - INFO - Batch 060/2188
2024-09-27 21:10:25,314 - INFO - Batch 070/2188
2024-09-27 21:10:30,864 - INFO - Batch 080/2188
2024-09-27 21:10:36,362 - INFO - Batch 090/2188
2024-09-27 21:10:41,876 - INFO - Batch 100/2188
2024-09-27 21:10:47,445 - INFO - Batch 110/2188
2024-09-27 21:10:53,020 - INFO - Batch 120/2188
2024-09-27 21:10:58,558 - INFO - Batch 130/2188
2024-09-27 21:11:04,077 - INFO - Batch 140/2188
2024-09-27 21:11:09,594 - INFO - Batch 150/2188
2024-09-27 21:11:15,111 - INFO - Batch 160/2188
2024-09-27 21:11:20,656 - INFO - Batch 170/2188
2024-09-27 21:11:26,182 - INFO - Batch 180/2188
2024-09-27 21:11:31,693 - INFO - Batch 190/2188
2024-09-27 21:11:37,184 - INFO - Batch 200/2188
2024-09-27 21:11:42,674 - INFO - Batch 210/2188
2024-09-27 21:11:48,168 - INFO - Batch 220/2188
2024-09-27 21:11:53,650 - INFO - Batch 230/2188
2024-09-27 21:11:59,137 - INFO - Batch 240/2188
2024-09-27 21:12:04,657 - INFO - Batch 250/2188
2024-09-27 21:12:10,148 - INFO - Batch 260/2188
2024-09-27 21:12:15,652 - INFO - Batch 270/2188
2024-09-27 21:12:21,138 - INFO - Batch 280/2188
2024-09-27 21:12:26,636 - INFO - Batch 290/2188
2024-09-27 21:12:32,125 - INFO - Batch 300/2188
2024-09-27 21:12:37,611 - INFO - Batch 310/2188
2024-09-27 21:12:43,105 - INFO - Batch 320/2188
2024-09-27 21:12:48,593 - INFO - Batch 330/2188
2024-09-27 21:12:54,075 - INFO - Batch 340/2188
2024-09-27 21:12:59,566 - INFO - Batch 350/2188
2024-09-27 21:13:05,047 - INFO - Batch 360/2188
2024-09-27 21:13:10,573 - INFO - Batch 370/2188
2024-09-27 21:13:16,083 - INFO - Batch 380/2188
2024-09-27 21:13:21,599 - INFO - Batch 390/2188
2024-09-27 21:13:27,114 - INFO - Batch 400/2188
2024-09-27 21:13:32,637 - INFO - Batch 410/2188
2024-09-27 21:13:38,162 - INFO - Batch 420/2188
2024-09-27 21:13:43,690 - INFO - Batch 430/2188
2024-09-27 21:13:49,205 - INFO - Batch 440/2188
2024-09-27 21:13:54,710 - INFO - Batch 450/2188
2024-09-27 21:14:00,227 - INFO - Batch 460/2188
2024-09-27 21:14:05,760 - INFO - Batch 470/2188
2024-09-27 21:14:11,272 - INFO - Batch 480/2188
2024-09-27 21:14:16,779 - INFO - Batch 490/2188
2024-09-27 21:14:22,291 - INFO - Batch 500/2188
2024-09-27 21:14:27,801 - INFO - Batch 510/2188
2024-09-27 21:14:33,346 - INFO - Batch 520/2188
2024-09-27 21:14:39,034 - INFO - Batch 530/2188
2024-09-27 21:14:44,642 - INFO - Batch 540/2188
2024-09-27 21:14:50,254 - INFO - Batch 550/2188
2024-09-27 21:14:55,792 - INFO - Batch 560/2188
2024-09-27 21:15:01,329 - INFO - Batch 570/2188
2024-09-27 21:15:06,861 - INFO - Batch 580/2188
2024-09-27 21:15:12,340 - INFO - Batch 590/2188
2024-09-27 21:15:17,845 - INFO - Batch 600/2188
2024-09-27 21:15:23,380 - INFO - Batch 610/2188
2024-09-27 21:15:28,882 - INFO - Batch 620/2188
2024-09-27 21:15:34,418 - INFO - Batch 630/2188
2024-09-27 21:15:39,943 - INFO - Batch 640/2188
2024-09-27 21:15:45,454 - INFO - Batch 650/2188
2024-09-27 21:15:50,966 - INFO - Batch 660/2188
2024-09-27 21:15:56,494 - INFO - Batch 670/2188
2024-09-27 21:16:02,069 - INFO - Batch 680/2188
2024-09-27 21:16:07,589 - INFO - Batch 690/2188
2024-09-27 21:16:13,136 - INFO - Batch 700/2188
2024-09-27 21:16:18,677 - INFO - Batch 710/2188
2024-09-27 21:16:24,258 - INFO - Batch 720/2188
2024-09-27 21:16:29,813 - INFO - Batch 730/2188
2024-09-27 21:16:35,328 - INFO - Batch 740/2188
2024-09-27 21:16:40,863 - INFO - Batch 750/2188
2024-09-27 21:16:46,367 - INFO - Batch 760/2188
2024-09-27 21:16:51,840 - INFO - Batch 770/2188
2024-09-27 21:16:57,402 - INFO - Batch 780/2188
2024-09-27 21:17:02,896 - INFO - Batch 790/2188
2024-09-27 21:17:08,389 - INFO - Batch 800/2188
2024-09-27 21:17:13,886 - INFO - Batch 810/2188
2024-09-27 21:17:19,349 - INFO - Batch 820/2188
2024-09-27 21:17:24,850 - INFO - Batch 830/2188
2024-09-27 21:17:30,338 - INFO - Batch 840/2188
2024-09-27 21:17:35,839 - INFO - Batch 850/2188
2024-09-27 21:17:41,340 - INFO - Batch 860/2188
2024-09-27 21:17:46,830 - INFO - Batch 870/2188
2024-09-27 21:17:52,331 - INFO - Batch 880/2188
2024-09-27 21:17:57,835 - INFO - Batch 890/2188
2024-09-27 21:18:03,319 - INFO - Batch 900/2188
2024-09-27 21:18:08,820 - INFO - Batch 910/2188
2024-09-27 21:18:14,342 - INFO - Batch 920/2188
2024-09-27 21:18:19,848 - INFO - Batch 930/2188
2024-09-27 21:18:25,347 - INFO - Batch 940/2188
2024-09-27 21:18:30,869 - INFO - Batch 950/2188
2024-09-27 21:18:36,348 - INFO - Batch 960/2188
2024-09-27 21:18:41,840 - INFO - Batch 970/2188
2024-09-27 21:18:47,369 - INFO - Batch 980/2188
2024-09-27 21:18:52,917 - INFO - Batch 990/2188
2024-09-27 21:18:58,399 - INFO - Batch 1000/2188
2024-09-27 21:19:03,890 - INFO - Batch 1010/2188
2024-09-27 21:19:09,407 - INFO - Batch 1020/2188
2024-09-27 21:19:14,889 - INFO - Batch 1030/2188
2024-09-27 21:19:20,364 - INFO - Batch 1040/2188
2024-09-27 21:19:25,828 - INFO - Batch 1050/2188
2024-09-27 21:19:31,319 - INFO - Batch 1060/2188
2024-09-27 21:19:36,788 - INFO - Batch 1070/2188
2024-09-27 21:19:42,267 - INFO - Batch 1080/2188
2024-09-27 21:19:47,731 - INFO - Batch 1090/2188
2024-09-27 21:19:53,200 - INFO - Batch 1100/2188
2024-09-27 21:19:58,644 - INFO - Batch 1110/2188
2024-09-27 21:20:04,092 - INFO - Batch 1120/2188
2024-09-27 21:20:09,543 - INFO - Batch 1130/2188
2024-09-27 21:20:14,988 - INFO - Batch 1140/2188
2024-09-27 21:20:20,427 - INFO - Batch 1150/2188
2024-09-27 21:20:25,867 - INFO - Batch 1160/2188
2024-09-27 21:20:31,355 - INFO - Batch 1170/2188
2024-09-27 21:20:36,876 - INFO - Batch 1180/2188
2024-09-27 21:20:42,391 - INFO - Batch 1190/2188
2024-09-27 21:20:48,015 - INFO - Batch 1200/2188
2024-09-27 21:20:53,593 - INFO - Batch 1210/2188
2024-09-27 21:20:59,161 - INFO - Batch 1220/2188
2024-09-27 21:21:04,703 - INFO - Batch 1230/2188
2024-09-27 21:21:10,280 - INFO - Batch 1240/2188
2024-09-27 21:21:15,734 - INFO - Batch 1250/2188
2024-09-27 21:21:21,425 - INFO - Batch 1260/2188
2024-09-27 21:21:27,026 - INFO - Batch 1270/2188
2024-09-27 21:21:32,520 - INFO - Batch 1280/2188
2024-09-27 21:21:38,014 - INFO - Batch 1290/2188
2024-09-27 21:21:43,503 - INFO - Batch 1300/2188
2024-09-27 21:21:49,006 - INFO - Batch 1310/2188
2024-09-27 21:21:54,491 - INFO - Batch 1320/2188
2024-09-27 21:21:59,975 - INFO - Batch 1330/2188
2024-09-27 21:22:05,450 - INFO - Batch 1340/2188
2024-09-27 21:22:10,924 - INFO - Batch 1350/2188
2024-09-27 21:22:16,403 - INFO - Batch 1360/2188
2024-09-27 21:22:21,888 - INFO - Batch 1370/2188
2024-09-27 21:22:27,389 - INFO - Batch 1380/2188
2024-09-27 21:22:32,876 - INFO - Batch 1390/2188
2024-09-27 21:22:38,406 - INFO - Batch 1400/2188
2024-09-27 21:22:43,901 - INFO - Batch 1410/2188
2024-09-27 21:22:49,391 - INFO - Batch 1420/2188
2024-09-27 21:22:54,901 - INFO - Batch 1430/2188
2024-09-27 21:23:00,414 - INFO - Batch 1440/2188
2024-09-27 21:23:05,931 - INFO - Batch 1450/2188
2024-09-27 21:23:11,399 - INFO - Batch 1460/2188
2024-09-27 21:23:16,877 - INFO - Batch 1470/2188
2024-09-27 21:23:22,372 - INFO - Batch 1480/2188
2024-09-27 21:23:27,860 - INFO - Batch 1490/2188
2024-09-27 21:23:33,360 - INFO - Batch 1500/2188
2024-09-27 21:23:38,869 - INFO - Batch 1510/2188
2024-09-27 21:23:44,356 - INFO - Batch 1520/2188
2024-09-27 21:23:49,847 - INFO - Batch 1530/2188
2024-09-27 21:23:55,373 - INFO - Batch 1540/2188
2024-09-27 21:24:00,870 - INFO - Batch 1550/2188
2024-09-27 21:24:06,427 - INFO - Batch 1560/2188
2024-09-27 21:24:11,899 - INFO - Batch 1570/2188
2024-09-27 21:24:17,443 - INFO - Batch 1580/2188
2024-09-27 21:24:22,933 - INFO - Batch 1590/2188
2024-09-27 21:24:28,398 - INFO - Batch 1600/2188
2024-09-27 21:24:33,875 - INFO - Batch 1610/2188
2024-09-27 21:24:39,396 - INFO - Batch 1620/2188
2024-09-27 21:24:44,866 - INFO - Batch 1630/2188
2024-09-27 21:24:50,348 - INFO - Batch 1640/2188
2024-09-27 21:24:55,871 - INFO - Batch 1650/2188
2024-09-27 21:25:01,367 - INFO - Batch 1660/2188
2024-09-27 21:25:06,886 - INFO - Batch 1670/2188
2024-09-27 21:25:12,369 - INFO - Batch 1680/2188
2024-09-27 21:25:17,844 - INFO - Batch 1690/2188
2024-09-27 21:25:23,314 - INFO - Batch 1700/2188
2024-09-27 21:25:29,105 - INFO - Batch 1710/2188
2024-09-27 21:25:34,537 - INFO - Batch 1720/2188
2024-09-27 21:25:39,952 - INFO - Batch 1730/2188
2024-09-27 21:25:45,411 - INFO - Batch 1740/2188
2024-09-27 21:25:50,820 - INFO - Batch 1750/2188
2024-09-27 21:25:56,220 - INFO - Batch 1760/2188
2024-09-27 21:26:02,024 - INFO - Batch 1770/2188
2024-09-27 21:26:07,538 - INFO - Batch 1780/2188
2024-09-27 21:26:13,015 - INFO - Batch 1790/2188
2024-09-27 21:26:18,475 - INFO - Batch 1800/2188
2024-09-27 21:26:23,929 - INFO - Batch 1810/2188
2024-09-27 21:26:29,412 - INFO - Batch 1820/2188
2024-09-27 21:26:34,934 - INFO - Batch 1830/2188
2024-09-27 21:26:40,452 - INFO - Batch 1840/2188
2024-09-27 21:26:45,938 - INFO - Batch 1850/2188
2024-09-27 21:26:51,463 - INFO - Batch 1860/2188
2024-09-27 21:26:57,008 - INFO - Batch 1870/2188
2024-09-27 21:27:02,572 - INFO - Batch 1880/2188
2024-09-27 21:27:08,065 - INFO - Batch 1890/2188
2024-09-27 21:27:13,556 - INFO - Batch 1900/2188
2024-09-27 21:27:19,052 - INFO - Batch 1910/2188
2024-09-27 21:27:24,538 - INFO - Batch 1920/2188
2024-09-27 21:27:30,027 - INFO - Batch 1930/2188
2024-09-27 21:27:35,535 - INFO - Batch 1940/2188
2024-09-27 21:27:41,029 - INFO - Batch 1950/2188
2024-09-27 21:27:46,557 - INFO - Batch 1960/2188
2024-09-27 21:27:52,025 - INFO - Batch 1970/2188
2024-09-27 21:27:57,472 - INFO - Batch 1980/2188
2024-09-27 21:28:02,921 - INFO - Batch 1990/2188
2024-09-27 21:28:08,369 - INFO - Batch 2000/2188
2024-09-27 21:28:13,825 - INFO - Batch 2010/2188
2024-09-27 21:28:19,362 - INFO - Batch 2020/2188
2024-09-27 21:28:24,847 - INFO - Batch 2030/2188
2024-09-27 21:28:30,335 - INFO - Batch 2040/2188
2024-09-27 21:28:35,825 - INFO - Batch 2050/2188
2024-09-27 21:28:41,321 - INFO - Batch 2060/2188
2024-09-27 21:28:46,822 - INFO - Batch 2070/2188
2024-09-27 21:28:52,326 - INFO - Batch 2080/2188
2024-09-27 21:28:57,814 - INFO - Batch 2090/2188
2024-09-27 21:29:03,305 - INFO - Batch 2100/2188
2024-09-27 21:29:08,810 - INFO - Batch 2110/2188
2024-09-27 21:29:14,305 - INFO - Batch 2120/2188
2024-09-27 21:29:19,802 - INFO - Batch 2130/2188
2024-09-27 21:29:25,302 - INFO - Batch 2140/2188
2024-09-27 21:29:30,819 - INFO - Batch 2150/2188
2024-09-27 21:29:36,331 - INFO - Batch 2160/2188
2024-09-27 21:29:41,855 - INFO - Batch 2170/2188
2024-09-27 21:29:47,369 - INFO - Batch 2180/2188
2024-09-27 21:29:51,712 - INFO - Train acc: 98.82
2024-09-27 21:29:51,738 - INFO - Batch 000/313
2024-09-27 21:29:57,247 - INFO - Batch 010/313
2024-09-27 21:30:02,773 - INFO - Batch 020/313
2024-09-27 21:30:08,289 - INFO - Batch 030/313
2024-09-27 21:30:13,828 - INFO - Batch 040/313
2024-09-27 21:30:19,340 - INFO - Batch 050/313
2024-09-27 21:30:24,871 - INFO - Batch 060/313
2024-09-27 21:30:30,418 - INFO - Batch 070/313
2024-09-27 21:30:35,936 - INFO - Batch 080/313
2024-09-27 21:30:41,451 - INFO - Batch 090/313
2024-09-27 21:30:46,989 - INFO - Batch 100/313
2024-09-27 21:30:52,501 - INFO - Batch 110/313
2024-09-27 21:30:58,030 - INFO - Batch 120/313
2024-09-27 21:31:03,514 - INFO - Batch 130/313
2024-09-27 21:31:09,006 - INFO - Batch 140/313
2024-09-27 21:31:14,560 - INFO - Batch 150/313
2024-09-27 21:31:20,057 - INFO - Batch 160/313
2024-09-27 21:31:25,554 - INFO - Batch 170/313
2024-09-27 21:31:31,044 - INFO - Batch 180/313
2024-09-27 21:31:36,542 - INFO - Batch 190/313
2024-09-27 21:31:42,034 - INFO - Batch 200/313
2024-09-27 21:31:47,529 - INFO - Batch 210/313
2024-09-27 21:31:53,012 - INFO - Batch 220/313
2024-09-27 21:31:58,507 - INFO - Batch 230/313
2024-09-27 21:32:03,997 - INFO - Batch 240/313
2024-09-27 21:32:09,505 - INFO - Batch 250/313
2024-09-27 21:32:15,017 - INFO - Batch 260/313
2024-09-27 21:32:20,546 - INFO - Batch 270/313
2024-09-27 21:32:26,076 - INFO - Batch 280/313
2024-09-27 21:32:31,592 - INFO - Batch 290/313
2024-09-27 21:32:37,098 - INFO - Batch 300/313
2024-09-27 21:32:42,617 - INFO - Batch 310/313
2024-09-27 21:32:44,173 - INFO - Valid acc: 92.90
2024-09-27 21:32:44,173 - INFO - Time elapsed: 174.62 min
2024-09-27 21:32:46,097 - INFO - Epoch: 0003/0003 | Batch 0000/2188 | Loss: 0.0634
2024-09-27 21:33:03,857 - INFO - Epoch: 0003/0003 | Batch 0010/2188 | Loss: 0.2689
2024-09-27 21:33:21,588 - INFO - Epoch: 0003/0003 | Batch 0020/2188 | Loss: 0.0219
2024-09-27 21:33:39,311 - INFO - Epoch: 0003/0003 | Batch 0030/2188 | Loss: 0.0087
2024-09-27 21:33:57,031 - INFO - Epoch: 0003/0003 | Batch 0040/2188 | Loss: 0.0030
2024-09-27 21:34:14,775 - INFO - Epoch: 0003/0003 | Batch 0050/2188 | Loss: 0.0043
2024-09-27 21:34:32,578 - INFO - Epoch: 0003/0003 | Batch 0060/2188 | Loss: 0.0385
2024-09-27 21:34:50,321 - INFO - Epoch: 0003/0003 | Batch 0070/2188 | Loss: 0.1404
2024-09-27 21:35:08,038 - INFO - Epoch: 0003/0003 | Batch 0080/2188 | Loss: 0.0418
2024-09-27 21:35:25,755 - INFO - Epoch: 0003/0003 | Batch 0090/2188 | Loss: 0.0032
2024-09-27 21:35:43,470 - INFO - Epoch: 0003/0003 | Batch 0100/2188 | Loss: 0.0076
2024-09-27 21:36:01,183 - INFO - Epoch: 0003/0003 | Batch 0110/2188 | Loss: 0.1731
2024-09-27 21:36:18,889 - INFO - Epoch: 0003/0003 | Batch 0120/2188 | Loss: 0.0069
2024-09-27 21:36:36,570 - INFO - Epoch: 0003/0003 | Batch 0130/2188 | Loss: 0.0134
2024-09-27 21:36:54,270 - INFO - Epoch: 0003/0003 | Batch 0140/2188 | Loss: 0.0102
2024-09-27 21:37:11,922 - INFO - Epoch: 0003/0003 | Batch 0150/2188 | Loss: 0.0032
2024-09-27 21:37:29,670 - INFO - Epoch: 0003/0003 | Batch 0160/2188 | Loss: 0.1883
2024-09-27 21:37:47,454 - INFO - Epoch: 0003/0003 | Batch 0170/2188 | Loss: 0.0874
2024-09-27 21:38:05,461 - INFO - Epoch: 0003/0003 | Batch 0180/2188 | Loss: 0.0107
2024-09-27 21:38:23,269 - INFO - Epoch: 0003/0003 | Batch 0190/2188 | Loss: 0.0525
2024-09-27 21:38:41,067 - INFO - Epoch: 0003/0003 | Batch 0200/2188 | Loss: 0.0061
2024-09-27 21:38:58,810 - INFO - Epoch: 0003/0003 | Batch 0210/2188 | Loss: 0.0052
2024-09-27 21:39:16,445 - INFO - Epoch: 0003/0003 | Batch 0220/2188 | Loss: 0.0008
2024-09-27 21:39:34,148 - INFO - Epoch: 0003/0003 | Batch 0230/2188 | Loss: 0.0031
2024-09-27 21:39:52,096 - INFO - Epoch: 0003/0003 | Batch 0240/2188 | Loss: 0.0021
2024-09-27 21:40:09,920 - INFO - Epoch: 0003/0003 | Batch 0250/2188 | Loss: 0.0126
2024-09-27 21:40:27,679 - INFO - Epoch: 0003/0003 | Batch 0260/2188 | Loss: 0.0815
2024-09-27 21:40:45,457 - INFO - Epoch: 0003/0003 | Batch 0270/2188 | Loss: 0.0456
2024-09-27 21:41:03,244 - INFO - Epoch: 0003/0003 | Batch 0280/2188 | Loss: 0.0008
2024-09-27 21:41:21,001 - INFO - Epoch: 0003/0003 | Batch 0290/2188 | Loss: 0.0032
2024-09-27 21:41:38,776 - INFO - Epoch: 0003/0003 | Batch 0300/2188 | Loss: 0.0699
2024-09-27 21:41:56,543 - INFO - Epoch: 0003/0003 | Batch 0310/2188 | Loss: 0.0186
2024-09-27 21:42:14,305 - INFO - Epoch: 0003/0003 | Batch 0320/2188 | Loss: 0.0568
2024-09-27 21:42:32,068 - INFO - Epoch: 0003/0003 | Batch 0330/2188 | Loss: 0.0171
2024-09-27 21:42:49,816 - INFO - Epoch: 0003/0003 | Batch 0340/2188 | Loss: 0.0102
2024-09-27 21:43:07,506 - INFO - Epoch: 0003/0003 | Batch 0350/2188 | Loss: 0.0966
2024-09-27 21:43:25,107 - INFO - Epoch: 0003/0003 | Batch 0360/2188 | Loss: 0.0020
2024-09-27 21:43:42,806 - INFO - Epoch: 0003/0003 | Batch 0370/2188 | Loss: 0.0080
2024-09-27 21:44:00,401 - INFO - Epoch: 0003/0003 | Batch 0380/2188 | Loss: 0.2404
2024-09-27 21:44:18,000 - INFO - Epoch: 0003/0003 | Batch 0390/2188 | Loss: 0.0670
2024-09-27 21:44:35,665 - INFO - Epoch: 0003/0003 | Batch 0400/2188 | Loss: 0.0373
2024-09-27 21:44:53,361 - INFO - Epoch: 0003/0003 | Batch 0410/2188 | Loss: 0.2550
2024-09-27 21:45:10,983 - INFO - Epoch: 0003/0003 | Batch 0420/2188 | Loss: 0.0013
2024-09-27 21:45:29,045 - INFO - Epoch: 0003/0003 | Batch 0430/2188 | Loss: 0.0459
2024-09-27 21:45:47,092 - INFO - Epoch: 0003/0003 | Batch 0440/2188 | Loss: 0.0292
2024-09-27 21:46:05,020 - INFO - Epoch: 0003/0003 | Batch 0450/2188 | Loss: 0.0156
2024-09-27 21:46:23,104 - INFO - Epoch: 0003/0003 | Batch 0460/2188 | Loss: 0.0304
2024-09-27 21:46:41,079 - INFO - Epoch: 0003/0003 | Batch 0470/2188 | Loss: 0.0335
2024-09-27 21:46:59,067 - INFO - Epoch: 0003/0003 | Batch 0480/2188 | Loss: 0.0199
2024-09-27 21:47:16,951 - INFO - Epoch: 0003/0003 | Batch 0490/2188 | Loss: 0.1324
2024-09-27 21:47:34,813 - INFO - Epoch: 0003/0003 | Batch 0500/2188 | Loss: 0.0014
2024-09-27 21:47:52,882 - INFO - Epoch: 0003/0003 | Batch 0510/2188 | Loss: 0.0147
2024-09-27 21:48:10,316 - INFO - Epoch: 0003/0003 | Batch 0520/2188 | Loss: 0.1482
2024-09-27 21:48:27,753 - INFO - Epoch: 0003/0003 | Batch 0530/2188 | Loss: 0.0075
2024-09-27 21:48:45,287 - INFO - Epoch: 0003/0003 | Batch 0540/2188 | Loss: 0.0434
2024-09-27 21:49:02,819 - INFO - Epoch: 0003/0003 | Batch 0550/2188 | Loss: 0.0373
2024-09-27 21:49:20,475 - INFO - Epoch: 0003/0003 | Batch 0560/2188 | Loss: 0.0172
2024-09-27 21:49:38,877 - INFO - Epoch: 0003/0003 | Batch 0570/2188 | Loss: 0.0711
2024-09-27 21:49:56,529 - INFO - Epoch: 0003/0003 | Batch 0580/2188 | Loss: 0.0032
2024-09-27 21:50:14,037 - INFO - Epoch: 0003/0003 | Batch 0590/2188 | Loss: 0.5017
2024-09-27 21:50:31,419 - INFO - Epoch: 0003/0003 | Batch 0600/2188 | Loss: 0.2018
2024-09-27 21:50:48,876 - INFO - Epoch: 0003/0003 | Batch 0610/2188 | Loss: 0.2351
2024-09-27 21:51:06,420 - INFO - Epoch: 0003/0003 | Batch 0620/2188 | Loss: 0.0160
2024-09-27 21:51:23,770 - INFO - Epoch: 0003/0003 | Batch 0630/2188 | Loss: 0.0473
2024-09-27 21:51:41,194 - INFO - Epoch: 0003/0003 | Batch 0640/2188 | Loss: 0.0151
2024-09-27 21:51:58,545 - INFO - Epoch: 0003/0003 | Batch 0650/2188 | Loss: 0.0172
2024-09-27 21:52:15,920 - INFO - Epoch: 0003/0003 | Batch 0660/2188 | Loss: 0.0037
2024-09-27 21:52:33,207 - INFO - Epoch: 0003/0003 | Batch 0670/2188 | Loss: 0.0467
2024-09-27 21:52:50,582 - INFO - Epoch: 0003/0003 | Batch 0680/2188 | Loss: 0.0636
2024-09-27 21:53:07,957 - INFO - Epoch: 0003/0003 | Batch 0690/2188 | Loss: 0.0634
2024-09-27 21:53:25,369 - INFO - Epoch: 0003/0003 | Batch 0700/2188 | Loss: 0.0029
2024-09-27 21:53:42,682 - INFO - Epoch: 0003/0003 | Batch 0710/2188 | Loss: 0.0134
2024-09-27 21:54:00,219 - INFO - Epoch: 0003/0003 | Batch 0720/2188 | Loss: 0.1497
2024-09-27 21:54:17,565 - INFO - Epoch: 0003/0003 | Batch 0730/2188 | Loss: 0.0316
2024-09-27 21:54:34,975 - INFO - Epoch: 0003/0003 | Batch 0740/2188 | Loss: 0.0618
2024-09-27 21:54:52,291 - INFO - Epoch: 0003/0003 | Batch 0750/2188 | Loss: 0.0433
2024-09-27 21:55:09,699 - INFO - Epoch: 0003/0003 | Batch 0760/2188 | Loss: 0.0089
2024-09-27 21:55:27,109 - INFO - Epoch: 0003/0003 | Batch 0770/2188 | Loss: 0.0057
2024-09-27 21:55:44,583 - INFO - Epoch: 0003/0003 | Batch 0780/2188 | Loss: 0.0779
2024-09-27 21:56:02,252 - INFO - Epoch: 0003/0003 | Batch 0790/2188 | Loss: 0.0077
2024-09-27 21:56:19,769 - INFO - Epoch: 0003/0003 | Batch 0800/2188 | Loss: 0.0086
2024-09-27 21:56:37,135 - INFO - Epoch: 0003/0003 | Batch 0810/2188 | Loss: 0.0061
2024-09-27 21:56:54,614 - INFO - Epoch: 0003/0003 | Batch 0820/2188 | Loss: 0.0121
2024-09-27 21:57:12,334 - INFO - Epoch: 0003/0003 | Batch 0830/2188 | Loss: 0.0027
2024-09-27 21:57:29,699 - INFO - Epoch: 0003/0003 | Batch 0840/2188 | Loss: 0.1020
2024-09-27 21:57:47,332 - INFO - Epoch: 0003/0003 | Batch 0850/2188 | Loss: 0.1715
2024-09-27 21:58:04,671 - INFO - Epoch: 0003/0003 | Batch 0860/2188 | Loss: 0.0023
2024-09-27 21:58:22,053 - INFO - Epoch: 0003/0003 | Batch 0870/2188 | Loss: 0.0017
2024-09-27 21:58:39,451 - INFO - Epoch: 0003/0003 | Batch 0880/2188 | Loss: 0.0309
2024-09-27 21:58:57,099 - INFO - Epoch: 0003/0003 | Batch 0890/2188 | Loss: 0.0506
2024-09-27 21:59:14,506 - INFO - Epoch: 0003/0003 | Batch 0900/2188 | Loss: 0.0214
2024-09-27 21:59:32,045 - INFO - Epoch: 0003/0003 | Batch 0910/2188 | Loss: 0.0021
2024-09-27 21:59:49,460 - INFO - Epoch: 0003/0003 | Batch 0920/2188 | Loss: 0.0230
2024-09-27 22:00:07,322 - INFO - Epoch: 0003/0003 | Batch 0930/2188 | Loss: 0.0107
2024-09-27 22:00:24,889 - INFO - Epoch: 0003/0003 | Batch 0940/2188 | Loss: 0.0333
2024-09-27 22:00:42,465 - INFO - Epoch: 0003/0003 | Batch 0950/2188 | Loss: 0.0893
2024-09-27 22:00:59,967 - INFO - Epoch: 0003/0003 | Batch 0960/2188 | Loss: 0.0026
2024-09-27 22:01:17,460 - INFO - Epoch: 0003/0003 | Batch 0970/2188 | Loss: 0.0121
2024-09-27 22:01:34,992 - INFO - Epoch: 0003/0003 | Batch 0980/2188 | Loss: 0.1560
2024-09-27 22:01:52,533 - INFO - Epoch: 0003/0003 | Batch 0990/2188 | Loss: 0.0241
2024-09-27 22:02:10,089 - INFO - Epoch: 0003/0003 | Batch 1000/2188 | Loss: 0.1336
2024-09-27 22:02:27,572 - INFO - Epoch: 0003/0003 | Batch 1010/2188 | Loss: 0.1094
2024-09-27 22:02:45,049 - INFO - Epoch: 0003/0003 | Batch 1020/2188 | Loss: 0.0224
2024-09-27 22:03:02,594 - INFO - Epoch: 0003/0003 | Batch 1030/2188 | Loss: 0.1497
2024-09-27 22:03:20,160 - INFO - Epoch: 0003/0003 | Batch 1040/2188 | Loss: 0.2865
2024-09-27 22:03:37,721 - INFO - Epoch: 0003/0003 | Batch 1050/2188 | Loss: 0.0067
2024-09-27 22:03:55,662 - INFO - Epoch: 0003/0003 | Batch 1060/2188 | Loss: 0.0186
2024-09-27 22:04:13,504 - INFO - Epoch: 0003/0003 | Batch 1070/2188 | Loss: 0.0513
2024-09-27 22:04:31,552 - INFO - Epoch: 0003/0003 | Batch 1080/2188 | Loss: 0.2137
2024-09-27 22:04:49,464 - INFO - Epoch: 0003/0003 | Batch 1090/2188 | Loss: 0.0103
2024-09-27 22:05:07,046 - INFO - Epoch: 0003/0003 | Batch 1100/2188 | Loss: 0.1417
2024-09-27 22:05:24,613 - INFO - Epoch: 0003/0003 | Batch 1110/2188 | Loss: 0.3851
2024-09-27 22:05:42,163 - INFO - Epoch: 0003/0003 | Batch 1120/2188 | Loss: 0.0761
2024-09-27 22:05:59,972 - INFO - Epoch: 0003/0003 | Batch 1130/2188 | Loss: 0.0453
2024-09-27 22:06:17,452 - INFO - Epoch: 0003/0003 | Batch 1140/2188 | Loss: 0.0118
2024-09-27 22:06:34,936 - INFO - Epoch: 0003/0003 | Batch 1150/2188 | Loss: 0.0955
2024-09-27 22:06:52,404 - INFO - Epoch: 0003/0003 | Batch 1160/2188 | Loss: 0.0233
2024-09-27 22:07:09,891 - INFO - Epoch: 0003/0003 | Batch 1170/2188 | Loss: 0.0234
2024-09-27 22:07:27,330 - INFO - Epoch: 0003/0003 | Batch 1180/2188 | Loss: 0.0065
2024-09-27 22:07:44,777 - INFO - Epoch: 0003/0003 | Batch 1190/2188 | Loss: 0.0034
2024-09-27 22:08:02,135 - INFO - Epoch: 0003/0003 | Batch 1200/2188 | Loss: 0.0838
2024-09-27 22:08:19,463 - INFO - Epoch: 0003/0003 | Batch 1210/2188 | Loss: 0.0087
2024-09-27 22:08:36,988 - INFO - Epoch: 0003/0003 | Batch 1220/2188 | Loss: 0.0060
2024-09-27 22:08:54,423 - INFO - Epoch: 0003/0003 | Batch 1230/2188 | Loss: 0.0188
2024-09-27 22:09:11,791 - INFO - Epoch: 0003/0003 | Batch 1240/2188 | Loss: 0.1481
2024-09-27 22:09:29,243 - INFO - Epoch: 0003/0003 | Batch 1250/2188 | Loss: 0.2153
2024-09-27 22:09:46,743 - INFO - Epoch: 0003/0003 | Batch 1260/2188 | Loss: 0.0189
2024-09-27 22:10:04,172 - INFO - Epoch: 0003/0003 | Batch 1270/2188 | Loss: 0.0717
2024-09-27 22:10:21,705 - INFO - Epoch: 0003/0003 | Batch 1280/2188 | Loss: 0.0051
2024-09-27 22:10:39,269 - INFO - Epoch: 0003/0003 | Batch 1290/2188 | Loss: 0.0100
2024-09-27 22:10:56,747 - INFO - Epoch: 0003/0003 | Batch 1300/2188 | Loss: 0.0556
2024-09-27 22:11:14,251 - INFO - Epoch: 0003/0003 | Batch 1310/2188 | Loss: 0.0800
2024-09-27 22:11:31,823 - INFO - Epoch: 0003/0003 | Batch 1320/2188 | Loss: 0.0262
2024-09-27 22:11:49,412 - INFO - Epoch: 0003/0003 | Batch 1330/2188 | Loss: 0.0166
2024-09-27 22:12:06,955 - INFO - Epoch: 0003/0003 | Batch 1340/2188 | Loss: 0.0095
2024-09-27 22:12:24,505 - INFO - Epoch: 0003/0003 | Batch 1350/2188 | Loss: 0.0141
2024-09-27 22:12:41,891 - INFO - Epoch: 0003/0003 | Batch 1360/2188 | Loss: 0.0096
2024-09-27 22:12:59,476 - INFO - Epoch: 0003/0003 | Batch 1370/2188 | Loss: 0.0521
2024-09-27 22:13:17,080 - INFO - Epoch: 0003/0003 | Batch 1380/2188 | Loss: 0.0110
2024-09-27 22:13:34,490 - INFO - Epoch: 0003/0003 | Batch 1390/2188 | Loss: 0.0286
2024-09-27 22:13:51,918 - INFO - Epoch: 0003/0003 | Batch 1400/2188 | Loss: 0.1150
2024-09-27 22:14:10,069 - INFO - Epoch: 0003/0003 | Batch 1410/2188 | Loss: 0.0431
2024-09-27 22:14:27,828 - INFO - Epoch: 0003/0003 | Batch 1420/2188 | Loss: 0.0089
2024-09-27 22:14:45,312 - INFO - Epoch: 0003/0003 | Batch 1430/2188 | Loss: 0.0619
2024-09-27 22:15:02,872 - INFO - Epoch: 0003/0003 | Batch 1440/2188 | Loss: 0.1756
2024-09-27 22:15:20,578 - INFO - Epoch: 0003/0003 | Batch 1450/2188 | Loss: 0.0862
2024-09-27 22:15:38,232 - INFO - Epoch: 0003/0003 | Batch 1460/2188 | Loss: 0.0093
2024-09-27 22:15:55,653 - INFO - Epoch: 0003/0003 | Batch 1470/2188 | Loss: 0.0094
2024-09-27 22:16:13,280 - INFO - Epoch: 0003/0003 | Batch 1480/2188 | Loss: 0.0201
2024-09-27 22:16:30,877 - INFO - Epoch: 0003/0003 | Batch 1490/2188 | Loss: 0.0186
2024-09-27 22:16:48,582 - INFO - Epoch: 0003/0003 | Batch 1500/2188 | Loss: 0.0558
2024-09-27 22:17:06,358 - INFO - Epoch: 0003/0003 | Batch 1510/2188 | Loss: 0.1541
2024-09-27 22:17:23,911 - INFO - Epoch: 0003/0003 | Batch 1520/2188 | Loss: 0.0374
2024-09-27 22:17:41,629 - INFO - Epoch: 0003/0003 | Batch 1530/2188 | Loss: 0.0128
2024-09-27 22:17:59,277 - INFO - Epoch: 0003/0003 | Batch 1540/2188 | Loss: 0.2232
2024-09-27 22:18:16,929 - INFO - Epoch: 0003/0003 | Batch 1550/2188 | Loss: 0.2906
2024-09-27 22:18:34,564 - INFO - Epoch: 0003/0003 | Batch 1560/2188 | Loss: 0.0495
2024-09-27 22:18:52,186 - INFO - Epoch: 0003/0003 | Batch 1570/2188 | Loss: 0.0159
2024-09-27 22:19:09,796 - INFO - Epoch: 0003/0003 | Batch 1580/2188 | Loss: 0.0294
2024-09-27 22:19:27,465 - INFO - Epoch: 0003/0003 | Batch 1590/2188 | Loss: 0.2518
2024-09-27 22:19:44,870 - INFO - Epoch: 0003/0003 | Batch 1600/2188 | Loss: 0.0227
2024-09-27 22:20:02,499 - INFO - Epoch: 0003/0003 | Batch 1610/2188 | Loss: 0.0014
2024-09-27 22:20:19,913 - INFO - Epoch: 0003/0003 | Batch 1620/2188 | Loss: 0.7557
2024-09-27 22:20:38,064 - INFO - Epoch: 0003/0003 | Batch 1630/2188 | Loss: 0.0622
2024-09-27 22:20:55,729 - INFO - Epoch: 0003/0003 | Batch 1640/2188 | Loss: 0.4108
2024-09-27 22:21:13,397 - INFO - Epoch: 0003/0003 | Batch 1650/2188 | Loss: 0.4147
2024-09-27 22:21:30,969 - INFO - Epoch: 0003/0003 | Batch 1660/2188 | Loss: 0.0889
2024-09-27 22:21:48,522 - INFO - Epoch: 0003/0003 | Batch 1670/2188 | Loss: 0.0282
2024-09-27 22:22:06,174 - INFO - Epoch: 0003/0003 | Batch 1680/2188 | Loss: 0.0117
2024-09-27 22:22:23,729 - INFO - Epoch: 0003/0003 | Batch 1690/2188 | Loss: 0.0217
2024-09-27 22:22:41,410 - INFO - Epoch: 0003/0003 | Batch 1700/2188 | Loss: 0.0603
2024-09-27 22:22:59,562 - INFO - Epoch: 0003/0003 | Batch 1710/2188 | Loss: 0.0031
2024-09-27 22:23:17,581 - INFO - Epoch: 0003/0003 | Batch 1720/2188 | Loss: 0.0407
2024-09-27 22:23:35,620 - INFO - Epoch: 0003/0003 | Batch 1730/2188 | Loss: 0.0966
2024-09-27 22:23:53,651 - INFO - Epoch: 0003/0003 | Batch 1740/2188 | Loss: 0.0358
2024-09-27 22:24:11,755 - INFO - Epoch: 0003/0003 | Batch 1750/2188 | Loss: 0.0322
2024-09-27 22:24:29,899 - INFO - Epoch: 0003/0003 | Batch 1760/2188 | Loss: 0.0024
2024-09-27 22:24:48,012 - INFO - Epoch: 0003/0003 | Batch 1770/2188 | Loss: 0.1217
2024-09-27 22:25:05,944 - INFO - Epoch: 0003/0003 | Batch 1780/2188 | Loss: 0.3736
2024-09-27 22:25:23,791 - INFO - Epoch: 0003/0003 | Batch 1790/2188 | Loss: 0.1241
2024-09-27 22:25:41,618 - INFO - Epoch: 0003/0003 | Batch 1800/2188 | Loss: 0.0335
2024-09-27 22:25:59,430 - INFO - Epoch: 0003/0003 | Batch 1810/2188 | Loss: 0.1064
2024-09-27 22:26:17,270 - INFO - Epoch: 0003/0003 | Batch 1820/2188 | Loss: 0.0381
2024-09-27 22:26:35,079 - INFO - Epoch: 0003/0003 | Batch 1830/2188 | Loss: 0.0119
2024-09-27 22:26:52,946 - INFO - Epoch: 0003/0003 | Batch 1840/2188 | Loss: 0.0211
2024-09-27 22:27:10,724 - INFO - Epoch: 0003/0003 | Batch 1850/2188 | Loss: 0.1616
2024-09-27 22:27:28,582 - INFO - Epoch: 0003/0003 | Batch 1860/2188 | Loss: 0.0353
2024-09-27 22:27:46,348 - INFO - Epoch: 0003/0003 | Batch 1870/2188 | Loss: 0.0161
2024-09-27 22:28:04,353 - INFO - Epoch: 0003/0003 | Batch 1880/2188 | Loss: 0.3838
2024-09-27 22:28:22,176 - INFO - Epoch: 0003/0003 | Batch 1890/2188 | Loss: 0.0130
2024-09-27 22:28:40,165 - INFO - Epoch: 0003/0003 | Batch 1900/2188 | Loss: 0.0077
2024-09-27 22:28:58,202 - INFO - Epoch: 0003/0003 | Batch 1910/2188 | Loss: 0.0386
2024-09-27 22:29:16,350 - INFO - Epoch: 0003/0003 | Batch 1920/2188 | Loss: 0.0057
2024-09-27 22:29:34,334 - INFO - Epoch: 0003/0003 | Batch 1930/2188 | Loss: 0.2242
2024-09-27 22:29:52,295 - INFO - Epoch: 0003/0003 | Batch 1940/2188 | Loss: 0.1069
2024-09-27 22:30:10,221 - INFO - Epoch: 0003/0003 | Batch 1950/2188 | Loss: 0.0424
2024-09-27 22:30:28,038 - INFO - Epoch: 0003/0003 | Batch 1960/2188 | Loss: 0.0230
2024-09-27 22:30:45,816 - INFO - Epoch: 0003/0003 | Batch 1970/2188 | Loss: 0.0038
2024-09-27 22:31:03,745 - INFO - Epoch: 0003/0003 | Batch 1980/2188 | Loss: 0.0499
2024-09-27 22:31:21,596 - INFO - Epoch: 0003/0003 | Batch 1990/2188 | Loss: 0.0505
2024-09-27 22:31:39,550 - INFO - Epoch: 0003/0003 | Batch 2000/2188 | Loss: 0.2181
2024-09-27 22:31:57,393 - INFO - Epoch: 0003/0003 | Batch 2010/2188 | Loss: 0.0075
2024-09-27 22:32:15,239 - INFO - Epoch: 0003/0003 | Batch 2020/2188 | Loss: 0.0267
2024-09-27 22:32:33,091 - INFO - Epoch: 0003/0003 | Batch 2030/2188 | Loss: 0.1084
2024-09-27 22:32:50,974 - INFO - Epoch: 0003/0003 | Batch 2040/2188 | Loss: 0.1360
2024-09-27 22:33:08,816 - INFO - Epoch: 0003/0003 | Batch 2050/2188 | Loss: 0.0129
2024-09-27 22:33:26,543 - INFO - Epoch: 0003/0003 | Batch 2060/2188 | Loss: 0.0031
2024-09-27 22:33:44,320 - INFO - Epoch: 0003/0003 | Batch 2070/2188 | Loss: 0.0579
2024-09-27 22:34:02,232 - INFO - Epoch: 0003/0003 | Batch 2080/2188 | Loss: 0.0564
2024-09-27 22:34:20,051 - INFO - Epoch: 0003/0003 | Batch 2090/2188 | Loss: 0.1386
2024-09-27 22:34:37,882 - INFO - Epoch: 0003/0003 | Batch 2100/2188 | Loss: 0.0584
2024-09-27 22:34:55,729 - INFO - Epoch: 0003/0003 | Batch 2110/2188 | Loss: 0.0126
2024-09-27 22:35:13,617 - INFO - Epoch: 0003/0003 | Batch 2120/2188 | Loss: 0.0264
2024-09-27 22:35:31,633 - INFO - Epoch: 0003/0003 | Batch 2130/2188 | Loss: 0.0298
2024-09-27 22:35:49,569 - INFO - Epoch: 0003/0003 | Batch 2140/2188 | Loss: 0.0360
2024-09-27 22:36:07,605 - INFO - Epoch: 0003/0003 | Batch 2150/2188 | Loss: 0.0213
2024-09-27 22:36:25,589 - INFO - Epoch: 0003/0003 | Batch 2160/2188 | Loss: 0.0166
2024-09-27 22:36:44,014 - INFO - Epoch: 0003/0003 | Batch 2170/2188 | Loss: 0.0032
2024-09-27 22:37:02,302 - INFO - Epoch: 0003/0003 | Batch 2180/2188 | Loss: 0.0119
2024-09-27 22:37:14,411 - INFO - Batch 000/2188
2024-09-27 22:37:20,575 - INFO - Batch 010/2188
2024-09-27 22:37:26,173 - INFO - Batch 020/2188
2024-09-27 22:37:31,926 - INFO - Batch 030/2188
2024-09-27 22:37:37,611 - INFO - Batch 040/2188
2024-09-27 22:37:43,133 - INFO - Batch 050/2188
2024-09-27 22:37:48,645 - INFO - Batch 060/2188
2024-09-27 22:37:54,154 - INFO - Batch 070/2188
2024-09-27 22:37:59,672 - INFO - Batch 080/2188
2024-09-27 22:38:05,197 - INFO - Batch 090/2188
2024-09-27 22:38:10,736 - INFO - Batch 100/2188
2024-09-27 22:38:16,286 - INFO - Batch 110/2188
2024-09-27 22:38:21,818 - INFO - Batch 120/2188
2024-09-27 22:38:27,352 - INFO - Batch 130/2188
2024-09-27 22:38:32,892 - INFO - Batch 140/2188
2024-09-27 22:38:38,452 - INFO - Batch 150/2188
2024-09-27 22:38:43,952 - INFO - Batch 160/2188
2024-09-27 22:38:49,452 - INFO - Batch 170/2188
2024-09-27 22:38:54,953 - INFO - Batch 180/2188
2024-09-27 22:39:00,453 - INFO - Batch 190/2188
2024-09-27 22:39:05,954 - INFO - Batch 200/2188
2024-09-27 22:39:11,453 - INFO - Batch 210/2188
2024-09-27 22:39:16,950 - INFO - Batch 220/2188
2024-09-27 22:39:22,449 - INFO - Batch 230/2188
2024-09-27 22:39:27,955 - INFO - Batch 240/2188
2024-09-27 22:39:33,459 - INFO - Batch 250/2188
2024-09-27 22:39:38,970 - INFO - Batch 260/2188
2024-09-27 22:39:44,473 - INFO - Batch 270/2188
2024-09-27 22:39:49,969 - INFO - Batch 280/2188
2024-09-27 22:39:55,468 - INFO - Batch 290/2188
2024-09-27 22:40:00,969 - INFO - Batch 300/2188
2024-09-27 22:40:06,497 - INFO - Batch 310/2188
2024-09-27 22:40:11,995 - INFO - Batch 320/2188
2024-09-27 22:40:17,495 - INFO - Batch 330/2188
2024-09-27 22:40:22,997 - INFO - Batch 340/2188
2024-09-27 22:40:28,764 - INFO - Batch 350/2188
2024-09-27 22:40:34,431 - INFO - Batch 360/2188
2024-09-27 22:40:39,940 - INFO - Batch 370/2188
2024-09-27 22:40:45,443 - INFO - Batch 380/2188
2024-09-27 22:40:50,942 - INFO - Batch 390/2188
2024-09-27 22:40:56,437 - INFO - Batch 400/2188
2024-09-27 22:41:01,939 - INFO - Batch 410/2188
2024-09-27 22:41:07,435 - INFO - Batch 420/2188
2024-09-27 22:41:12,935 - INFO - Batch 430/2188
2024-09-27 22:41:18,433 - INFO - Batch 440/2188
2024-09-27 22:41:23,928 - INFO - Batch 450/2188
2024-09-27 22:41:29,432 - INFO - Batch 460/2188
2024-09-27 22:41:34,927 - INFO - Batch 470/2188
2024-09-27 22:41:40,436 - INFO - Batch 480/2188
2024-09-27 22:41:45,944 - INFO - Batch 490/2188
2024-09-27 22:41:51,451 - INFO - Batch 500/2188
2024-09-27 22:41:56,950 - INFO - Batch 510/2188
2024-09-27 22:42:02,453 - INFO - Batch 520/2188
2024-09-27 22:42:07,951 - INFO - Batch 530/2188
2024-09-27 22:42:13,461 - INFO - Batch 540/2188
2024-09-27 22:42:18,961 - INFO - Batch 550/2188
2024-09-27 22:42:24,453 - INFO - Batch 560/2188
2024-09-27 22:42:29,952 - INFO - Batch 570/2188
2024-09-27 22:42:35,452 - INFO - Batch 580/2188
2024-09-27 22:42:40,955 - INFO - Batch 590/2188
2024-09-27 22:42:46,449 - INFO - Batch 600/2188
2024-09-27 22:42:51,947 - INFO - Batch 610/2188
2024-09-27 22:42:57,441 - INFO - Batch 620/2188
2024-09-27 22:43:02,946 - INFO - Batch 630/2188
2024-09-27 22:43:08,447 - INFO - Batch 640/2188
2024-09-27 22:43:13,957 - INFO - Batch 650/2188
2024-09-27 22:43:19,496 - INFO - Batch 660/2188
2024-09-27 22:43:25,011 - INFO - Batch 670/2188
2024-09-27 22:43:30,543 - INFO - Batch 680/2188
2024-09-27 22:43:36,052 - INFO - Batch 690/2188
2024-09-27 22:43:41,632 - INFO - Batch 700/2188
2024-09-27 22:43:47,219 - INFO - Batch 710/2188
2024-09-27 22:43:52,781 - INFO - Batch 720/2188
2024-09-27 22:43:58,398 - INFO - Batch 730/2188
2024-09-27 22:44:04,044 - INFO - Batch 740/2188
2024-09-27 22:44:09,562 - INFO - Batch 750/2188
2024-09-27 22:44:15,072 - INFO - Batch 760/2188
2024-09-27 22:44:20,613 - INFO - Batch 770/2188
2024-09-27 22:44:26,345 - INFO - Batch 780/2188
2024-09-27 22:44:31,887 - INFO - Batch 790/2188
2024-09-27 22:44:37,363 - INFO - Batch 800/2188
2024-09-27 22:44:42,888 - INFO - Batch 810/2188
2024-09-27 22:44:48,379 - INFO - Batch 820/2188
2024-09-27 22:44:53,862 - INFO - Batch 830/2188
2024-09-27 22:44:59,364 - INFO - Batch 840/2188
2024-09-27 22:45:04,861 - INFO - Batch 850/2188
2024-09-27 22:45:10,330 - INFO - Batch 860/2188
2024-09-27 22:45:15,798 - INFO - Batch 870/2188
2024-09-27 22:45:21,266 - INFO - Batch 880/2188
2024-09-27 22:45:26,730 - INFO - Batch 890/2188
2024-09-27 22:45:32,202 - INFO - Batch 900/2188
2024-09-27 22:45:37,669 - INFO - Batch 910/2188
2024-09-27 22:45:43,140 - INFO - Batch 920/2188
2024-09-27 22:45:48,615 - INFO - Batch 930/2188
2024-09-27 22:45:54,216 - INFO - Batch 940/2188
2024-09-27 22:45:59,764 - INFO - Batch 950/2188
2024-09-27 22:46:05,263 - INFO - Batch 960/2188
2024-09-27 22:46:10,746 - INFO - Batch 970/2188
2024-09-27 22:46:16,246 - INFO - Batch 980/2188
2024-09-27 22:46:21,713 - INFO - Batch 990/2188
2024-09-27 22:46:27,184 - INFO - Batch 1000/2188
2024-09-27 22:46:32,652 - INFO - Batch 1010/2188
2024-09-27 22:46:38,127 - INFO - Batch 1020/2188
2024-09-27 22:46:43,600 - INFO - Batch 1030/2188
2024-09-27 22:46:49,067 - INFO - Batch 1040/2188
2024-09-27 22:46:54,538 - INFO - Batch 1050/2188
2024-09-27 22:47:00,013 - INFO - Batch 1060/2188
2024-09-27 22:47:05,481 - INFO - Batch 1070/2188
2024-09-27 22:47:10,992 - INFO - Batch 1080/2188
2024-09-27 22:47:16,683 - INFO - Batch 1090/2188
2024-09-27 22:47:22,186 - INFO - Batch 1100/2188
2024-09-27 22:47:27,689 - INFO - Batch 1110/2188
2024-09-27 22:47:33,239 - INFO - Batch 1120/2188
2024-09-27 22:47:38,709 - INFO - Batch 1130/2188
2024-09-27 22:47:44,232 - INFO - Batch 1140/2188
2024-09-27 22:47:49,729 - INFO - Batch 1150/2188
2024-09-27 22:47:55,200 - INFO - Batch 1160/2188
2024-09-27 22:48:00,694 - INFO - Batch 1170/2188
2024-09-27 22:48:06,180 - INFO - Batch 1180/2188
2024-09-27 22:48:11,671 - INFO - Batch 1190/2188
2024-09-27 22:48:17,167 - INFO - Batch 1200/2188
2024-09-27 22:48:22,644 - INFO - Batch 1210/2188
2024-09-27 22:48:28,113 - INFO - Batch 1220/2188
2024-09-27 22:48:33,586 - INFO - Batch 1230/2188
2024-09-27 22:48:39,058 - INFO - Batch 1240/2188
2024-09-27 22:48:44,508 - INFO - Batch 1250/2188
2024-09-27 22:48:49,956 - INFO - Batch 1260/2188
2024-09-27 22:48:55,409 - INFO - Batch 1270/2188
2024-09-27 22:49:00,878 - INFO - Batch 1280/2188
2024-09-27 22:49:06,338 - INFO - Batch 1290/2188
2024-09-27 22:49:11,817 - INFO - Batch 1300/2188
2024-09-27 22:49:17,281 - INFO - Batch 1310/2188
2024-09-27 22:49:22,733 - INFO - Batch 1320/2188
2024-09-27 22:49:28,198 - INFO - Batch 1330/2188
2024-09-27 22:49:33,660 - INFO - Batch 1340/2188
2024-09-27 22:49:39,122 - INFO - Batch 1350/2188
2024-09-27 22:49:44,584 - INFO - Batch 1360/2188
2024-09-27 22:49:50,052 - INFO - Batch 1370/2188
2024-09-27 22:49:55,518 - INFO - Batch 1380/2188
2024-09-27 22:50:00,982 - INFO - Batch 1390/2188
2024-09-27 22:50:06,444 - INFO - Batch 1400/2188
2024-09-27 22:50:11,906 - INFO - Batch 1410/2188
2024-09-27 22:50:17,375 - INFO - Batch 1420/2188
2024-09-27 22:50:22,838 - INFO - Batch 1430/2188
2024-09-27 22:50:28,297 - INFO - Batch 1440/2188
2024-09-27 22:50:33,757 - INFO - Batch 1450/2188
2024-09-27 22:50:39,227 - INFO - Batch 1460/2188
2024-09-27 22:50:44,688 - INFO - Batch 1470/2188
2024-09-27 22:50:50,151 - INFO - Batch 1480/2188
2024-09-27 22:50:55,611 - INFO - Batch 1490/2188
2024-09-27 22:51:01,080 - INFO - Batch 1500/2188
2024-09-27 22:51:06,543 - INFO - Batch 1510/2188
2024-09-27 22:51:12,001 - INFO - Batch 1520/2188
2024-09-27 22:51:17,468 - INFO - Batch 1530/2188
2024-09-27 22:51:23,083 - INFO - Batch 1540/2188
2024-09-27 22:51:28,655 - INFO - Batch 1550/2188
2024-09-27 22:51:34,126 - INFO - Batch 1560/2188
2024-09-27 22:51:39,592 - INFO - Batch 1570/2188
2024-09-27 22:51:45,060 - INFO - Batch 1580/2188
2024-09-27 22:51:50,520 - INFO - Batch 1590/2188
2024-09-27 22:51:55,980 - INFO - Batch 1600/2188
2024-09-27 22:52:01,438 - INFO - Batch 1610/2188
2024-09-27 22:52:06,912 - INFO - Batch 1620/2188
2024-09-27 22:52:12,382 - INFO - Batch 1630/2188
2024-09-27 22:52:17,855 - INFO - Batch 1640/2188
2024-09-27 22:52:23,316 - INFO - Batch 1650/2188
2024-09-27 22:52:28,783 - INFO - Batch 1660/2188
2024-09-27 22:52:34,253 - INFO - Batch 1670/2188
2024-09-27 22:52:39,720 - INFO - Batch 1680/2188
2024-09-27 22:52:45,208 - INFO - Batch 1690/2188
2024-09-27 22:52:50,673 - INFO - Batch 1700/2188
2024-09-27 22:52:56,137 - INFO - Batch 1710/2188
2024-09-27 22:53:01,605 - INFO - Batch 1720/2188
2024-09-27 22:53:07,074 - INFO - Batch 1730/2188
2024-09-27 22:53:12,543 - INFO - Batch 1740/2188
2024-09-27 22:53:18,008 - INFO - Batch 1750/2188
2024-09-27 22:53:23,466 - INFO - Batch 1760/2188
2024-09-27 22:53:28,928 - INFO - Batch 1770/2188
2024-09-27 22:53:34,395 - INFO - Batch 1780/2188
2024-09-27 22:53:39,855 - INFO - Batch 1790/2188
2024-09-27 22:53:45,322 - INFO - Batch 1800/2188
2024-09-27 22:53:50,799 - INFO - Batch 1810/2188
2024-09-27 22:53:56,268 - INFO - Batch 1820/2188
2024-09-27 22:54:01,735 - INFO - Batch 1830/2188
2024-09-27 22:54:07,201 - INFO - Batch 1840/2188
2024-09-27 22:54:12,662 - INFO - Batch 1850/2188
2024-09-27 22:54:18,121 - INFO - Batch 1860/2188
2024-09-27 22:54:23,578 - INFO - Batch 1870/2188
2024-09-27 22:54:29,029 - INFO - Batch 1880/2188
2024-09-27 22:54:34,494 - INFO - Batch 1890/2188
2024-09-27 22:54:39,955 - INFO - Batch 1900/2188
2024-09-27 22:54:45,424 - INFO - Batch 1910/2188
2024-09-27 22:54:50,892 - INFO - Batch 1920/2188
2024-09-27 22:54:56,362 - INFO - Batch 1930/2188
2024-09-27 22:55:01,836 - INFO - Batch 1940/2188
2024-09-27 22:55:07,313 - INFO - Batch 1950/2188
2024-09-27 22:55:12,778 - INFO - Batch 1960/2188
2024-09-27 22:55:18,275 - INFO - Batch 1970/2188
2024-09-27 22:55:23,719 - INFO - Batch 1980/2188
2024-09-27 22:55:29,183 - INFO - Batch 1990/2188
2024-09-27 22:55:34,656 - INFO - Batch 2000/2188
2024-09-27 22:55:40,133 - INFO - Batch 2010/2188
2024-09-27 22:55:45,685 - INFO - Batch 2020/2188
2024-09-27 22:55:51,242 - INFO - Batch 2030/2188
2024-09-27 22:55:56,759 - INFO - Batch 2040/2188
2024-09-27 22:56:02,248 - INFO - Batch 2050/2188
2024-09-27 22:56:07,774 - INFO - Batch 2060/2188
2024-09-27 22:56:13,238 - INFO - Batch 2070/2188
2024-09-27 22:56:18,710 - INFO - Batch 2080/2188
2024-09-27 22:56:24,184 - INFO - Batch 2090/2188
2024-09-27 22:56:29,659 - INFO - Batch 2100/2188
2024-09-27 22:56:35,136 - INFO - Batch 2110/2188
2024-09-27 22:56:40,613 - INFO - Batch 2120/2188
2024-09-27 22:56:46,102 - INFO - Batch 2130/2188
2024-09-27 22:56:51,577 - INFO - Batch 2140/2188
2024-09-27 22:56:57,045 - INFO - Batch 2150/2188
2024-09-27 22:57:02,511 - INFO - Batch 2160/2188
2024-09-27 22:57:07,978 - INFO - Batch 2170/2188
2024-09-27 22:57:13,443 - INFO - Batch 2180/2188
2024-09-27 22:57:17,706 - INFO - Train acc: 99.48
2024-09-27 22:57:17,718 - INFO - Batch 000/313
2024-09-27 22:57:23,167 - INFO - Batch 010/313
2024-09-27 22:57:28,615 - INFO - Batch 020/313
2024-09-27 22:57:34,073 - INFO - Batch 030/313
2024-09-27 22:57:39,525 - INFO - Batch 040/313
2024-09-27 22:57:44,974 - INFO - Batch 050/313
2024-09-27 22:57:50,441 - INFO - Batch 060/313
2024-09-27 22:57:55,906 - INFO - Batch 070/313
2024-09-27 22:58:01,372 - INFO - Batch 080/313
2024-09-27 22:58:06,847 - INFO - Batch 090/313
2024-09-27 22:58:12,308 - INFO - Batch 100/313
2024-09-27 22:58:17,771 - INFO - Batch 110/313
2024-09-27 22:58:23,236 - INFO - Batch 120/313
2024-09-27 22:58:28,701 - INFO - Batch 130/313
2024-09-27 22:58:34,168 - INFO - Batch 140/313
2024-09-27 22:58:39,635 - INFO - Batch 150/313
2024-09-27 22:58:45,096 - INFO - Batch 160/313
2024-09-27 22:58:50,562 - INFO - Batch 170/313
2024-09-27 22:58:56,019 - INFO - Batch 180/313
2024-09-27 22:59:01,472 - INFO - Batch 190/313
2024-09-27 22:59:06,943 - INFO - Batch 200/313
2024-09-27 22:59:12,408 - INFO - Batch 210/313
2024-09-27 22:59:17,873 - INFO - Batch 220/313
2024-09-27 22:59:23,335 - INFO - Batch 230/313
2024-09-27 22:59:28,797 - INFO - Batch 240/313
2024-09-27 22:59:34,266 - INFO - Batch 250/313
2024-09-27 22:59:39,737 - INFO - Batch 260/313
2024-09-27 22:59:45,204 - INFO - Batch 270/313
2024-09-27 22:59:50,670 - INFO - Batch 280/313
2024-09-27 22:59:56,135 - INFO - Batch 290/313
2024-09-27 23:00:01,595 - INFO - Batch 300/313
2024-09-27 23:00:07,053 - INFO - Batch 310/313
2024-09-27 23:00:08,413 - INFO - Valid acc: 92.26
2024-09-27 23:00:08,413 - INFO - Time elapsed: 262.03 min
2024-09-27 23:00:08,413 - INFO - Total Training Time: 262.03 min
2024-09-27 23:00:08,446 - INFO - Batch 000/625
2024-09-27 23:00:13,877 - INFO - Batch 010/625
2024-09-27 23:00:19,340 - INFO - Batch 020/625
2024-09-27 23:00:24,876 - INFO - Batch 030/625
2024-09-27 23:00:30,366 - INFO - Batch 040/625
2024-09-27 23:00:35,850 - INFO - Batch 050/625
2024-09-27 23:00:41,322 - INFO - Batch 060/625
2024-09-27 23:00:46,791 - INFO - Batch 070/625
2024-09-27 23:00:52,256 - INFO - Batch 080/625
2024-09-27 23:00:57,729 - INFO - Batch 090/625
2024-09-27 23:01:03,198 - INFO - Batch 100/625
2024-09-27 23:01:08,744 - INFO - Batch 110/625
2024-09-27 23:01:14,237 - INFO - Batch 120/625
2024-09-27 23:01:19,698 - INFO - Batch 130/625
2024-09-27 23:01:25,193 - INFO - Batch 140/625
2024-09-27 23:01:30,638 - INFO - Batch 150/625
2024-09-27 23:01:36,101 - INFO - Batch 160/625
2024-09-27 23:01:41,634 - INFO - Batch 170/625
2024-09-27 23:01:47,150 - INFO - Batch 180/625
2024-09-27 23:01:52,653 - INFO - Batch 190/625
2024-09-27 23:01:58,156 - INFO - Batch 200/625
2024-09-27 23:02:03,692 - INFO - Batch 210/625
2024-09-27 23:02:09,175 - INFO - Batch 220/625
2024-09-27 23:02:14,639 - INFO - Batch 230/625
2024-09-27 23:02:20,106 - INFO - Batch 240/625
2024-09-27 23:02:25,576 - INFO - Batch 250/625
2024-09-27 23:02:31,039 - INFO - Batch 260/625
2024-09-27 23:02:36,495 - INFO - Batch 270/625
2024-09-27 23:02:41,951 - INFO - Batch 280/625
2024-09-27 23:02:47,444 - INFO - Batch 290/625
2024-09-27 23:02:52,910 - INFO - Batch 300/625
2024-09-27 23:02:58,363 - INFO - Batch 310/625
2024-09-27 23:03:03,817 - INFO - Batch 320/625
2024-09-27 23:03:09,270 - INFO - Batch 330/625
2024-09-27 23:03:14,724 - INFO - Batch 340/625
2024-09-27 23:03:20,174 - INFO - Batch 350/625
2024-09-27 23:03:25,625 - INFO - Batch 360/625
2024-09-27 23:03:31,084 - INFO - Batch 370/625
2024-09-27 23:03:36,547 - INFO - Batch 380/625
2024-09-27 23:03:42,008 - INFO - Batch 390/625
2024-09-27 23:03:47,464 - INFO - Batch 400/625
2024-09-27 23:03:52,913 - INFO - Batch 410/625
2024-09-27 23:03:58,366 - INFO - Batch 420/625
2024-09-27 23:04:03,817 - INFO - Batch 430/625
2024-09-27 23:04:09,268 - INFO - Batch 440/625
2024-09-27 23:04:14,717 - INFO - Batch 450/625
2024-09-27 23:04:20,166 - INFO - Batch 460/625
2024-09-27 23:04:25,620 - INFO - Batch 470/625
2024-09-27 23:04:31,073 - INFO - Batch 480/625
2024-09-27 23:04:36,538 - INFO - Batch 490/625
2024-09-27 23:04:42,150 - INFO - Batch 500/625
2024-09-27 23:04:47,673 - INFO - Batch 510/625
2024-09-27 23:04:53,163 - INFO - Batch 520/625
2024-09-27 23:04:58,669 - INFO - Batch 530/625
2024-09-27 23:05:04,144 - INFO - Batch 540/625
2024-09-27 23:05:09,619 - INFO - Batch 550/625
2024-09-27 23:05:15,098 - INFO - Batch 560/625
2024-09-27 23:05:20,569 - INFO - Batch 570/625
2024-09-27 23:05:26,044 - INFO - Batch 580/625
2024-09-27 23:05:31,501 - INFO - Batch 590/625
2024-09-27 23:05:36,967 - INFO - Batch 600/625
2024-09-27 23:05:42,438 - INFO - Batch 610/625
2024-09-27 23:05:47,903 - INFO - Batch 620/625
2024-09-27 23:05:50,629 - INFO - Test accuracy: 92.64%
